[2025-09-02T16:57:14.603+0530] {processor.py:186} INFO - Started process (PID=26266) to work on /Users/parthmac/Desktop/Projects/Flight Data Engineering/flight-env/lib/python3.12/site-packages/airflow/example_dags/plugins/event_listener.py
[2025-09-02T16:57:14.603+0530] {processor.py:914} INFO - Processing file /Users/parthmac/Desktop/Projects/Flight Data Engineering/flight-env/lib/python3.12/site-packages/airflow/example_dags/plugins/event_listener.py for tasks to queue
[2025-09-02T16:57:14.603+0530] {logging_mixin.py:190} INFO - [2025-09-02T16:57:14.603+0530] {dagbag.py:588} INFO - Filling up the DagBag from /Users/parthmac/Desktop/Projects/Flight Data Engineering/flight-env/lib/python3.12/site-packages/airflow/example_dags/plugins/event_listener.py
[2025-09-02T16:57:14.604+0530] {processor.py:927} WARNING - No viable dags retrieved from /Users/parthmac/Desktop/Projects/Flight Data Engineering/flight-env/lib/python3.12/site-packages/airflow/example_dags/plugins/event_listener.py
[2025-09-02T16:57:14.626+0530] {processor.py:208} INFO - Processing /Users/parthmac/Desktop/Projects/Flight Data Engineering/flight-env/lib/python3.12/site-packages/airflow/example_dags/plugins/event_listener.py took 0.024 seconds
[2025-09-02T16:58:46.202+0530] {processor.py:186} INFO - Started process (PID=26392) to work on /Users/parthmac/Desktop/Projects/Flight Data Engineering/flight-env/lib/python3.12/site-packages/airflow/example_dags/plugins/event_listener.py
[2025-09-02T16:58:46.203+0530] {processor.py:914} INFO - Processing file /Users/parthmac/Desktop/Projects/Flight Data Engineering/flight-env/lib/python3.12/site-packages/airflow/example_dags/plugins/event_listener.py for tasks to queue
[2025-09-02T16:58:46.203+0530] {logging_mixin.py:190} INFO - [2025-09-02T16:58:46.203+0530] {dagbag.py:588} INFO - Filling up the DagBag from /Users/parthmac/Desktop/Projects/Flight Data Engineering/flight-env/lib/python3.12/site-packages/airflow/example_dags/plugins/event_listener.py
[2025-09-02T16:58:46.203+0530] {processor.py:927} WARNING - No viable dags retrieved from /Users/parthmac/Desktop/Projects/Flight Data Engineering/flight-env/lib/python3.12/site-packages/airflow/example_dags/plugins/event_listener.py
[2025-09-02T16:58:46.226+0530] {processor.py:208} INFO - Processing /Users/parthmac/Desktop/Projects/Flight Data Engineering/flight-env/lib/python3.12/site-packages/airflow/example_dags/plugins/event_listener.py took 0.025 seconds
[2025-09-02T16:59:44.273+0530] {processor.py:186} INFO - Started process (PID=26467) to work on /Users/parthmac/Desktop/Projects/Flight Data Engineering/flight-env/lib/python3.12/site-packages/airflow/example_dags/plugins/event_listener.py
[2025-09-02T16:59:44.274+0530] {processor.py:914} INFO - Processing file /Users/parthmac/Desktop/Projects/Flight Data Engineering/flight-env/lib/python3.12/site-packages/airflow/example_dags/plugins/event_listener.py for tasks to queue
[2025-09-02T16:59:44.274+0530] {logging_mixin.py:190} INFO - [2025-09-02T16:59:44.274+0530] {dagbag.py:588} INFO - Filling up the DagBag from /Users/parthmac/Desktop/Projects/Flight Data Engineering/flight-env/lib/python3.12/site-packages/airflow/example_dags/plugins/event_listener.py
[2025-09-02T16:59:44.275+0530] {processor.py:927} WARNING - No viable dags retrieved from /Users/parthmac/Desktop/Projects/Flight Data Engineering/flight-env/lib/python3.12/site-packages/airflow/example_dags/plugins/event_listener.py
[2025-09-02T16:59:44.298+0530] {processor.py:208} INFO - Processing /Users/parthmac/Desktop/Projects/Flight Data Engineering/flight-env/lib/python3.12/site-packages/airflow/example_dags/plugins/event_listener.py took 0.026 seconds
[2025-09-02T17:05:09.350+0530] {processor.py:186} INFO - Started process (PID=27574) to work on /Users/parthmac/Desktop/Projects/Flight Data Engineering/flight-env/lib/python3.12/site-packages/airflow/example_dags/plugins/event_listener.py
[2025-09-02T17:05:09.351+0530] {processor.py:914} INFO - Processing file /Users/parthmac/Desktop/Projects/Flight Data Engineering/flight-env/lib/python3.12/site-packages/airflow/example_dags/plugins/event_listener.py for tasks to queue
[2025-09-02T17:05:09.351+0530] {logging_mixin.py:190} INFO - [2025-09-02T17:05:09.351+0530] {dagbag.py:588} INFO - Filling up the DagBag from /Users/parthmac/Desktop/Projects/Flight Data Engineering/flight-env/lib/python3.12/site-packages/airflow/example_dags/plugins/event_listener.py
[2025-09-02T17:05:09.351+0530] {processor.py:927} WARNING - No viable dags retrieved from /Users/parthmac/Desktop/Projects/Flight Data Engineering/flight-env/lib/python3.12/site-packages/airflow/example_dags/plugins/event_listener.py
[2025-09-02T17:05:09.373+0530] {processor.py:208} INFO - Processing /Users/parthmac/Desktop/Projects/Flight Data Engineering/flight-env/lib/python3.12/site-packages/airflow/example_dags/plugins/event_listener.py took 0.024 seconds
[2025-09-02T17:06:34.010+0530] {processor.py:186} INFO - Started process (PID=27654) to work on /Users/parthmac/Desktop/Projects/Flight Data Engineering/flight-env/lib/python3.12/site-packages/airflow/example_dags/plugins/event_listener.py
[2025-09-02T17:06:34.010+0530] {processor.py:914} INFO - Processing file /Users/parthmac/Desktop/Projects/Flight Data Engineering/flight-env/lib/python3.12/site-packages/airflow/example_dags/plugins/event_listener.py for tasks to queue
[2025-09-02T17:06:34.011+0530] {logging_mixin.py:190} INFO - [2025-09-02T17:06:34.011+0530] {dagbag.py:588} INFO - Filling up the DagBag from /Users/parthmac/Desktop/Projects/Flight Data Engineering/flight-env/lib/python3.12/site-packages/airflow/example_dags/plugins/event_listener.py
[2025-09-02T17:06:34.011+0530] {processor.py:927} WARNING - No viable dags retrieved from /Users/parthmac/Desktop/Projects/Flight Data Engineering/flight-env/lib/python3.12/site-packages/airflow/example_dags/plugins/event_listener.py
[2025-09-02T17:06:34.033+0530] {processor.py:208} INFO - Processing /Users/parthmac/Desktop/Projects/Flight Data Engineering/flight-env/lib/python3.12/site-packages/airflow/example_dags/plugins/event_listener.py took 0.024 seconds
[2025-09-02T17:07:28.399+0530] {processor.py:186} INFO - Started process (PID=27714) to work on /Users/parthmac/Desktop/Projects/Flight Data Engineering/flight-env/lib/python3.12/site-packages/airflow/example_dags/plugins/event_listener.py
[2025-09-02T17:07:28.400+0530] {processor.py:914} INFO - Processing file /Users/parthmac/Desktop/Projects/Flight Data Engineering/flight-env/lib/python3.12/site-packages/airflow/example_dags/plugins/event_listener.py for tasks to queue
[2025-09-02T17:07:28.400+0530] {logging_mixin.py:190} INFO - [2025-09-02T17:07:28.400+0530] {dagbag.py:588} INFO - Filling up the DagBag from /Users/parthmac/Desktop/Projects/Flight Data Engineering/flight-env/lib/python3.12/site-packages/airflow/example_dags/plugins/event_listener.py
[2025-09-02T17:07:28.401+0530] {processor.py:927} WARNING - No viable dags retrieved from /Users/parthmac/Desktop/Projects/Flight Data Engineering/flight-env/lib/python3.12/site-packages/airflow/example_dags/plugins/event_listener.py
[2025-09-02T17:07:28.423+0530] {processor.py:208} INFO - Processing /Users/parthmac/Desktop/Projects/Flight Data Engineering/flight-env/lib/python3.12/site-packages/airflow/example_dags/plugins/event_listener.py took 0.025 seconds
[2025-09-02T17:42:07.440+0530] {processor.py:186} INFO - Started process (PID=31573) to work on /Users/parthmac/Desktop/Projects/Flight Data Engineering/flight-env/lib/python3.12/site-packages/airflow/example_dags/plugins/event_listener.py
[2025-09-02T17:42:07.440+0530] {processor.py:914} INFO - Processing file /Users/parthmac/Desktop/Projects/Flight Data Engineering/flight-env/lib/python3.12/site-packages/airflow/example_dags/plugins/event_listener.py for tasks to queue
[2025-09-02T17:42:07.441+0530] {logging_mixin.py:190} INFO - [2025-09-02T17:42:07.440+0530] {dagbag.py:588} INFO - Filling up the DagBag from /Users/parthmac/Desktop/Projects/Flight Data Engineering/flight-env/lib/python3.12/site-packages/airflow/example_dags/plugins/event_listener.py
[2025-09-02T17:42:07.441+0530] {processor.py:927} WARNING - No viable dags retrieved from /Users/parthmac/Desktop/Projects/Flight Data Engineering/flight-env/lib/python3.12/site-packages/airflow/example_dags/plugins/event_listener.py
[2025-09-02T17:42:07.463+0530] {processor.py:208} INFO - Processing /Users/parthmac/Desktop/Projects/Flight Data Engineering/flight-env/lib/python3.12/site-packages/airflow/example_dags/plugins/event_listener.py took 0.024 seconds
[2025-09-02T17:43:31.198+0530] {processor.py:186} INFO - Started process (PID=31729) to work on /Users/parthmac/Desktop/Projects/Flight Data Engineering/flight-env/lib/python3.12/site-packages/airflow/example_dags/plugins/event_listener.py
[2025-09-02T17:43:31.198+0530] {processor.py:914} INFO - Processing file /Users/parthmac/Desktop/Projects/Flight Data Engineering/flight-env/lib/python3.12/site-packages/airflow/example_dags/plugins/event_listener.py for tasks to queue
[2025-09-02T17:43:31.198+0530] {logging_mixin.py:190} INFO - [2025-09-02T17:43:31.198+0530] {dagbag.py:588} INFO - Filling up the DagBag from /Users/parthmac/Desktop/Projects/Flight Data Engineering/flight-env/lib/python3.12/site-packages/airflow/example_dags/plugins/event_listener.py
[2025-09-02T17:43:31.199+0530] {processor.py:927} WARNING - No viable dags retrieved from /Users/parthmac/Desktop/Projects/Flight Data Engineering/flight-env/lib/python3.12/site-packages/airflow/example_dags/plugins/event_listener.py
[2025-09-02T17:43:31.221+0530] {processor.py:208} INFO - Processing /Users/parthmac/Desktop/Projects/Flight Data Engineering/flight-env/lib/python3.12/site-packages/airflow/example_dags/plugins/event_listener.py took 0.024 seconds
[2025-09-02T17:46:31.750+0530] {processor.py:186} INFO - Started process (PID=32565) to work on /Users/parthmac/Desktop/Projects/Flight Data Engineering/flight-env/lib/python3.12/site-packages/airflow/example_dags/plugins/event_listener.py
[2025-09-02T17:46:31.750+0530] {processor.py:914} INFO - Processing file /Users/parthmac/Desktop/Projects/Flight Data Engineering/flight-env/lib/python3.12/site-packages/airflow/example_dags/plugins/event_listener.py for tasks to queue
[2025-09-02T17:46:31.750+0530] {logging_mixin.py:190} INFO - [2025-09-02T17:46:31.750+0530] {dagbag.py:588} INFO - Filling up the DagBag from /Users/parthmac/Desktop/Projects/Flight Data Engineering/flight-env/lib/python3.12/site-packages/airflow/example_dags/plugins/event_listener.py
[2025-09-02T17:46:31.751+0530] {processor.py:927} WARNING - No viable dags retrieved from /Users/parthmac/Desktop/Projects/Flight Data Engineering/flight-env/lib/python3.12/site-packages/airflow/example_dags/plugins/event_listener.py
[2025-09-02T17:46:31.772+0530] {processor.py:208} INFO - Processing /Users/parthmac/Desktop/Projects/Flight Data Engineering/flight-env/lib/python3.12/site-packages/airflow/example_dags/plugins/event_listener.py took 0.023 seconds
[2025-09-02T17:47:56.864+0530] {processor.py:186} INFO - Started process (PID=32678) to work on /Users/parthmac/Desktop/Projects/Flight Data Engineering/flight-env/lib/python3.12/site-packages/airflow/example_dags/plugins/event_listener.py
[2025-09-02T17:47:56.864+0530] {processor.py:914} INFO - Processing file /Users/parthmac/Desktop/Projects/Flight Data Engineering/flight-env/lib/python3.12/site-packages/airflow/example_dags/plugins/event_listener.py for tasks to queue
[2025-09-02T17:47:56.865+0530] {logging_mixin.py:190} INFO - [2025-09-02T17:47:56.865+0530] {dagbag.py:588} INFO - Filling up the DagBag from /Users/parthmac/Desktop/Projects/Flight Data Engineering/flight-env/lib/python3.12/site-packages/airflow/example_dags/plugins/event_listener.py
[2025-09-02T17:47:56.865+0530] {processor.py:927} WARNING - No viable dags retrieved from /Users/parthmac/Desktop/Projects/Flight Data Engineering/flight-env/lib/python3.12/site-packages/airflow/example_dags/plugins/event_listener.py
[2025-09-02T17:47:56.888+0530] {processor.py:208} INFO - Processing /Users/parthmac/Desktop/Projects/Flight Data Engineering/flight-env/lib/python3.12/site-packages/airflow/example_dags/plugins/event_listener.py took 0.025 seconds
[2025-09-02T17:48:49.754+0530] {processor.py:186} INFO - Started process (PID=32734) to work on /Users/parthmac/Desktop/Projects/Flight Data Engineering/flight-env/lib/python3.12/site-packages/airflow/example_dags/plugins/event_listener.py
[2025-09-02T17:48:49.755+0530] {processor.py:914} INFO - Processing file /Users/parthmac/Desktop/Projects/Flight Data Engineering/flight-env/lib/python3.12/site-packages/airflow/example_dags/plugins/event_listener.py for tasks to queue
[2025-09-02T17:48:49.755+0530] {logging_mixin.py:190} INFO - [2025-09-02T17:48:49.755+0530] {dagbag.py:588} INFO - Filling up the DagBag from /Users/parthmac/Desktop/Projects/Flight Data Engineering/flight-env/lib/python3.12/site-packages/airflow/example_dags/plugins/event_listener.py
[2025-09-02T17:48:49.755+0530] {processor.py:927} WARNING - No viable dags retrieved from /Users/parthmac/Desktop/Projects/Flight Data Engineering/flight-env/lib/python3.12/site-packages/airflow/example_dags/plugins/event_listener.py
[2025-09-02T17:48:49.779+0530] {processor.py:208} INFO - Processing /Users/parthmac/Desktop/Projects/Flight Data Engineering/flight-env/lib/python3.12/site-packages/airflow/example_dags/plugins/event_listener.py took 0.026 seconds
[2025-09-02T17:49:44.689+0530] {processor.py:186} INFO - Started process (PID=32778) to work on /Users/parthmac/Desktop/Projects/Flight Data Engineering/flight-env/lib/python3.12/site-packages/airflow/example_dags/plugins/event_listener.py
[2025-09-02T17:49:44.689+0530] {processor.py:914} INFO - Processing file /Users/parthmac/Desktop/Projects/Flight Data Engineering/flight-env/lib/python3.12/site-packages/airflow/example_dags/plugins/event_listener.py for tasks to queue
[2025-09-02T17:49:44.689+0530] {logging_mixin.py:190} INFO - [2025-09-02T17:49:44.689+0530] {dagbag.py:588} INFO - Filling up the DagBag from /Users/parthmac/Desktop/Projects/Flight Data Engineering/flight-env/lib/python3.12/site-packages/airflow/example_dags/plugins/event_listener.py
[2025-09-02T17:49:44.690+0530] {processor.py:927} WARNING - No viable dags retrieved from /Users/parthmac/Desktop/Projects/Flight Data Engineering/flight-env/lib/python3.12/site-packages/airflow/example_dags/plugins/event_listener.py
[2025-09-02T17:49:44.712+0530] {processor.py:208} INFO - Processing /Users/parthmac/Desktop/Projects/Flight Data Engineering/flight-env/lib/python3.12/site-packages/airflow/example_dags/plugins/event_listener.py took 0.024 seconds
[2025-09-02T17:50:35.500+0530] {processor.py:186} INFO - Started process (PID=33175) to work on /Users/parthmac/Desktop/Projects/Flight Data Engineering/flight-env/lib/python3.12/site-packages/airflow/example_dags/plugins/event_listener.py
[2025-09-02T17:50:35.500+0530] {processor.py:914} INFO - Processing file /Users/parthmac/Desktop/Projects/Flight Data Engineering/flight-env/lib/python3.12/site-packages/airflow/example_dags/plugins/event_listener.py for tasks to queue
[2025-09-02T17:50:35.500+0530] {logging_mixin.py:190} INFO - [2025-09-02T17:50:35.500+0530] {dagbag.py:588} INFO - Filling up the DagBag from /Users/parthmac/Desktop/Projects/Flight Data Engineering/flight-env/lib/python3.12/site-packages/airflow/example_dags/plugins/event_listener.py
[2025-09-02T17:50:35.501+0530] {processor.py:927} WARNING - No viable dags retrieved from /Users/parthmac/Desktop/Projects/Flight Data Engineering/flight-env/lib/python3.12/site-packages/airflow/example_dags/plugins/event_listener.py
[2025-09-02T17:50:35.524+0530] {processor.py:208} INFO - Processing /Users/parthmac/Desktop/Projects/Flight Data Engineering/flight-env/lib/python3.12/site-packages/airflow/example_dags/plugins/event_listener.py took 0.025 seconds
[2025-09-02T17:51:26.854+0530] {processor.py:186} INFO - Started process (PID=33220) to work on /Users/parthmac/Desktop/Projects/Flight Data Engineering/flight-env/lib/python3.12/site-packages/airflow/example_dags/plugins/event_listener.py
[2025-09-02T17:51:26.855+0530] {processor.py:914} INFO - Processing file /Users/parthmac/Desktop/Projects/Flight Data Engineering/flight-env/lib/python3.12/site-packages/airflow/example_dags/plugins/event_listener.py for tasks to queue
[2025-09-02T17:51:26.855+0530] {logging_mixin.py:190} INFO - [2025-09-02T17:51:26.855+0530] {dagbag.py:588} INFO - Filling up the DagBag from /Users/parthmac/Desktop/Projects/Flight Data Engineering/flight-env/lib/python3.12/site-packages/airflow/example_dags/plugins/event_listener.py
[2025-09-02T17:51:26.855+0530] {processor.py:927} WARNING - No viable dags retrieved from /Users/parthmac/Desktop/Projects/Flight Data Engineering/flight-env/lib/python3.12/site-packages/airflow/example_dags/plugins/event_listener.py
[2025-09-02T17:51:26.877+0530] {processor.py:208} INFO - Processing /Users/parthmac/Desktop/Projects/Flight Data Engineering/flight-env/lib/python3.12/site-packages/airflow/example_dags/plugins/event_listener.py took 0.024 seconds
[2025-09-02T17:54:10.792+0530] {processor.py:186} INFO - Started process (PID=34717) to work on /Users/parthmac/Desktop/Projects/Flight Data Engineering/flight-env/lib/python3.12/site-packages/airflow/example_dags/plugins/event_listener.py
[2025-09-02T17:54:10.792+0530] {processor.py:914} INFO - Processing file /Users/parthmac/Desktop/Projects/Flight Data Engineering/flight-env/lib/python3.12/site-packages/airflow/example_dags/plugins/event_listener.py for tasks to queue
[2025-09-02T17:54:10.793+0530] {logging_mixin.py:190} INFO - [2025-09-02T17:54:10.792+0530] {dagbag.py:588} INFO - Filling up the DagBag from /Users/parthmac/Desktop/Projects/Flight Data Engineering/flight-env/lib/python3.12/site-packages/airflow/example_dags/plugins/event_listener.py
[2025-09-02T17:54:10.793+0530] {processor.py:927} WARNING - No viable dags retrieved from /Users/parthmac/Desktop/Projects/Flight Data Engineering/flight-env/lib/python3.12/site-packages/airflow/example_dags/plugins/event_listener.py
[2025-09-02T17:54:10.816+0530] {processor.py:208} INFO - Processing /Users/parthmac/Desktop/Projects/Flight Data Engineering/flight-env/lib/python3.12/site-packages/airflow/example_dags/plugins/event_listener.py took 0.025 seconds
