[2025-09-02T16:57:11.789+0530] {processor.py:186} INFO - Started process (PID=26262) to work on /Users/parthmac/Desktop/Projects/Flight Data Engineering/flight-env/lib/python3.12/site-packages/airflow/example_dags/plugins/workday.py
[2025-09-02T16:57:11.789+0530] {processor.py:914} INFO - Processing file /Users/parthmac/Desktop/Projects/Flight Data Engineering/flight-env/lib/python3.12/site-packages/airflow/example_dags/plugins/workday.py for tasks to queue
[2025-09-02T16:57:11.790+0530] {logging_mixin.py:190} INFO - [2025-09-02T16:57:11.790+0530] {dagbag.py:588} INFO - Filling up the DagBag from /Users/parthmac/Desktop/Projects/Flight Data Engineering/flight-env/lib/python3.12/site-packages/airflow/example_dags/plugins/workday.py
[2025-09-02T16:57:11.998+0530] {processor.py:927} WARNING - No viable dags retrieved from /Users/parthmac/Desktop/Projects/Flight Data Engineering/flight-env/lib/python3.12/site-packages/airflow/example_dags/plugins/workday.py
[2025-09-02T16:57:12.022+0530] {processor.py:208} INFO - Processing /Users/parthmac/Desktop/Projects/Flight Data Engineering/flight-env/lib/python3.12/site-packages/airflow/example_dags/plugins/workday.py took 0.234 seconds
[2025-09-02T16:58:43.367+0530] {processor.py:186} INFO - Started process (PID=26390) to work on /Users/parthmac/Desktop/Projects/Flight Data Engineering/flight-env/lib/python3.12/site-packages/airflow/example_dags/plugins/workday.py
[2025-09-02T16:58:43.368+0530] {processor.py:914} INFO - Processing file /Users/parthmac/Desktop/Projects/Flight Data Engineering/flight-env/lib/python3.12/site-packages/airflow/example_dags/plugins/workday.py for tasks to queue
[2025-09-02T16:58:43.368+0530] {logging_mixin.py:190} INFO - [2025-09-02T16:58:43.368+0530] {dagbag.py:588} INFO - Filling up the DagBag from /Users/parthmac/Desktop/Projects/Flight Data Engineering/flight-env/lib/python3.12/site-packages/airflow/example_dags/plugins/workday.py
[2025-09-02T16:58:43.561+0530] {processor.py:927} WARNING - No viable dags retrieved from /Users/parthmac/Desktop/Projects/Flight Data Engineering/flight-env/lib/python3.12/site-packages/airflow/example_dags/plugins/workday.py
[2025-09-02T16:58:43.584+0530] {processor.py:208} INFO - Processing /Users/parthmac/Desktop/Projects/Flight Data Engineering/flight-env/lib/python3.12/site-packages/airflow/example_dags/plugins/workday.py took 0.218 seconds
[2025-09-02T16:59:41.568+0530] {processor.py:186} INFO - Started process (PID=26464) to work on /Users/parthmac/Desktop/Projects/Flight Data Engineering/flight-env/lib/python3.12/site-packages/airflow/example_dags/plugins/workday.py
[2025-09-02T16:59:41.569+0530] {processor.py:914} INFO - Processing file /Users/parthmac/Desktop/Projects/Flight Data Engineering/flight-env/lib/python3.12/site-packages/airflow/example_dags/plugins/workday.py for tasks to queue
[2025-09-02T16:59:41.570+0530] {logging_mixin.py:190} INFO - [2025-09-02T16:59:41.569+0530] {dagbag.py:588} INFO - Filling up the DagBag from /Users/parthmac/Desktop/Projects/Flight Data Engineering/flight-env/lib/python3.12/site-packages/airflow/example_dags/plugins/workday.py
[2025-09-02T16:59:41.800+0530] {processor.py:927} WARNING - No viable dags retrieved from /Users/parthmac/Desktop/Projects/Flight Data Engineering/flight-env/lib/python3.12/site-packages/airflow/example_dags/plugins/workday.py
[2025-09-02T16:59:41.824+0530] {processor.py:208} INFO - Processing /Users/parthmac/Desktop/Projects/Flight Data Engineering/flight-env/lib/python3.12/site-packages/airflow/example_dags/plugins/workday.py took 0.257 seconds
[2025-09-02T17:05:06.481+0530] {processor.py:186} INFO - Started process (PID=27569) to work on /Users/parthmac/Desktop/Projects/Flight Data Engineering/flight-env/lib/python3.12/site-packages/airflow/example_dags/plugins/workday.py
[2025-09-02T17:05:06.482+0530] {processor.py:914} INFO - Processing file /Users/parthmac/Desktop/Projects/Flight Data Engineering/flight-env/lib/python3.12/site-packages/airflow/example_dags/plugins/workday.py for tasks to queue
[2025-09-02T17:05:06.482+0530] {logging_mixin.py:190} INFO - [2025-09-02T17:05:06.482+0530] {dagbag.py:588} INFO - Filling up the DagBag from /Users/parthmac/Desktop/Projects/Flight Data Engineering/flight-env/lib/python3.12/site-packages/airflow/example_dags/plugins/workday.py
[2025-09-02T17:05:06.677+0530] {processor.py:927} WARNING - No viable dags retrieved from /Users/parthmac/Desktop/Projects/Flight Data Engineering/flight-env/lib/python3.12/site-packages/airflow/example_dags/plugins/workday.py
[2025-09-02T17:05:06.700+0530] {processor.py:208} INFO - Processing /Users/parthmac/Desktop/Projects/Flight Data Engineering/flight-env/lib/python3.12/site-packages/airflow/example_dags/plugins/workday.py took 0.220 seconds
[2025-09-02T17:06:30.598+0530] {processor.py:186} INFO - Started process (PID=27651) to work on /Users/parthmac/Desktop/Projects/Flight Data Engineering/flight-env/lib/python3.12/site-packages/airflow/example_dags/plugins/workday.py
[2025-09-02T17:06:30.599+0530] {processor.py:914} INFO - Processing file /Users/parthmac/Desktop/Projects/Flight Data Engineering/flight-env/lib/python3.12/site-packages/airflow/example_dags/plugins/workday.py for tasks to queue
[2025-09-02T17:06:30.599+0530] {logging_mixin.py:190} INFO - [2025-09-02T17:06:30.599+0530] {dagbag.py:588} INFO - Filling up the DagBag from /Users/parthmac/Desktop/Projects/Flight Data Engineering/flight-env/lib/python3.12/site-packages/airflow/example_dags/plugins/workday.py
[2025-09-02T17:06:30.790+0530] {processor.py:927} WARNING - No viable dags retrieved from /Users/parthmac/Desktop/Projects/Flight Data Engineering/flight-env/lib/python3.12/site-packages/airflow/example_dags/plugins/workday.py
[2025-09-02T17:06:30.813+0530] {processor.py:208} INFO - Processing /Users/parthmac/Desktop/Projects/Flight Data Engineering/flight-env/lib/python3.12/site-packages/airflow/example_dags/plugins/workday.py took 0.216 seconds
[2025-09-02T17:07:24.965+0530] {processor.py:186} INFO - Started process (PID=27712) to work on /Users/parthmac/Desktop/Projects/Flight Data Engineering/flight-env/lib/python3.12/site-packages/airflow/example_dags/plugins/workday.py
[2025-09-02T17:07:24.966+0530] {processor.py:914} INFO - Processing file /Users/parthmac/Desktop/Projects/Flight Data Engineering/flight-env/lib/python3.12/site-packages/airflow/example_dags/plugins/workday.py for tasks to queue
[2025-09-02T17:07:24.967+0530] {logging_mixin.py:190} INFO - [2025-09-02T17:07:24.967+0530] {dagbag.py:588} INFO - Filling up the DagBag from /Users/parthmac/Desktop/Projects/Flight Data Engineering/flight-env/lib/python3.12/site-packages/airflow/example_dags/plugins/workday.py
[2025-09-02T17:07:25.175+0530] {processor.py:927} WARNING - No viable dags retrieved from /Users/parthmac/Desktop/Projects/Flight Data Engineering/flight-env/lib/python3.12/site-packages/airflow/example_dags/plugins/workday.py
[2025-09-02T17:07:25.198+0530] {processor.py:208} INFO - Processing /Users/parthmac/Desktop/Projects/Flight Data Engineering/flight-env/lib/python3.12/site-packages/airflow/example_dags/plugins/workday.py took 0.234 seconds
[2025-09-02T17:42:04.023+0530] {processor.py:186} INFO - Started process (PID=31529) to work on /Users/parthmac/Desktop/Projects/Flight Data Engineering/flight-env/lib/python3.12/site-packages/airflow/example_dags/plugins/workday.py
[2025-09-02T17:42:04.024+0530] {processor.py:914} INFO - Processing file /Users/parthmac/Desktop/Projects/Flight Data Engineering/flight-env/lib/python3.12/site-packages/airflow/example_dags/plugins/workday.py for tasks to queue
[2025-09-02T17:42:04.024+0530] {logging_mixin.py:190} INFO - [2025-09-02T17:42:04.024+0530] {dagbag.py:588} INFO - Filling up the DagBag from /Users/parthmac/Desktop/Projects/Flight Data Engineering/flight-env/lib/python3.12/site-packages/airflow/example_dags/plugins/workday.py
[2025-09-02T17:42:04.227+0530] {processor.py:927} WARNING - No viable dags retrieved from /Users/parthmac/Desktop/Projects/Flight Data Engineering/flight-env/lib/python3.12/site-packages/airflow/example_dags/plugins/workday.py
[2025-09-02T17:42:04.250+0530] {processor.py:208} INFO - Processing /Users/parthmac/Desktop/Projects/Flight Data Engineering/flight-env/lib/python3.12/site-packages/airflow/example_dags/plugins/workday.py took 0.228 seconds
[2025-09-02T17:43:27.777+0530] {processor.py:186} INFO - Started process (PID=31726) to work on /Users/parthmac/Desktop/Projects/Flight Data Engineering/flight-env/lib/python3.12/site-packages/airflow/example_dags/plugins/workday.py
[2025-09-02T17:43:27.777+0530] {processor.py:914} INFO - Processing file /Users/parthmac/Desktop/Projects/Flight Data Engineering/flight-env/lib/python3.12/site-packages/airflow/example_dags/plugins/workday.py for tasks to queue
[2025-09-02T17:43:27.778+0530] {logging_mixin.py:190} INFO - [2025-09-02T17:43:27.777+0530] {dagbag.py:588} INFO - Filling up the DagBag from /Users/parthmac/Desktop/Projects/Flight Data Engineering/flight-env/lib/python3.12/site-packages/airflow/example_dags/plugins/workday.py
[2025-09-02T17:43:27.974+0530] {processor.py:927} WARNING - No viable dags retrieved from /Users/parthmac/Desktop/Projects/Flight Data Engineering/flight-env/lib/python3.12/site-packages/airflow/example_dags/plugins/workday.py
[2025-09-02T17:43:27.997+0530] {processor.py:208} INFO - Processing /Users/parthmac/Desktop/Projects/Flight Data Engineering/flight-env/lib/python3.12/site-packages/airflow/example_dags/plugins/workday.py took 0.221 seconds
[2025-09-02T17:46:28.321+0530] {processor.py:186} INFO - Started process (PID=32560) to work on /Users/parthmac/Desktop/Projects/Flight Data Engineering/flight-env/lib/python3.12/site-packages/airflow/example_dags/plugins/workday.py
[2025-09-02T17:46:28.322+0530] {processor.py:914} INFO - Processing file /Users/parthmac/Desktop/Projects/Flight Data Engineering/flight-env/lib/python3.12/site-packages/airflow/example_dags/plugins/workday.py for tasks to queue
[2025-09-02T17:46:28.322+0530] {logging_mixin.py:190} INFO - [2025-09-02T17:46:28.322+0530] {dagbag.py:588} INFO - Filling up the DagBag from /Users/parthmac/Desktop/Projects/Flight Data Engineering/flight-env/lib/python3.12/site-packages/airflow/example_dags/plugins/workday.py
[2025-09-02T17:46:28.519+0530] {processor.py:927} WARNING - No viable dags retrieved from /Users/parthmac/Desktop/Projects/Flight Data Engineering/flight-env/lib/python3.12/site-packages/airflow/example_dags/plugins/workday.py
[2025-09-02T17:46:28.542+0530] {processor.py:208} INFO - Processing /Users/parthmac/Desktop/Projects/Flight Data Engineering/flight-env/lib/python3.12/site-packages/airflow/example_dags/plugins/workday.py took 0.222 seconds
[2025-09-02T17:47:53.784+0530] {processor.py:186} INFO - Started process (PID=32676) to work on /Users/parthmac/Desktop/Projects/Flight Data Engineering/flight-env/lib/python3.12/site-packages/airflow/example_dags/plugins/workday.py
[2025-09-02T17:47:53.784+0530] {processor.py:914} INFO - Processing file /Users/parthmac/Desktop/Projects/Flight Data Engineering/flight-env/lib/python3.12/site-packages/airflow/example_dags/plugins/workday.py for tasks to queue
[2025-09-02T17:47:53.785+0530] {logging_mixin.py:190} INFO - [2025-09-02T17:47:53.785+0530] {dagbag.py:588} INFO - Filling up the DagBag from /Users/parthmac/Desktop/Projects/Flight Data Engineering/flight-env/lib/python3.12/site-packages/airflow/example_dags/plugins/workday.py
[2025-09-02T17:47:53.989+0530] {processor.py:927} WARNING - No viable dags retrieved from /Users/parthmac/Desktop/Projects/Flight Data Engineering/flight-env/lib/python3.12/site-packages/airflow/example_dags/plugins/workday.py
[2025-09-02T17:47:54.013+0530] {processor.py:208} INFO - Processing /Users/parthmac/Desktop/Projects/Flight Data Engineering/flight-env/lib/python3.12/site-packages/airflow/example_dags/plugins/workday.py took 0.230 seconds
[2025-09-02T17:48:46.291+0530] {processor.py:186} INFO - Started process (PID=32732) to work on /Users/parthmac/Desktop/Projects/Flight Data Engineering/flight-env/lib/python3.12/site-packages/airflow/example_dags/plugins/workday.py
[2025-09-02T17:48:46.292+0530] {processor.py:914} INFO - Processing file /Users/parthmac/Desktop/Projects/Flight Data Engineering/flight-env/lib/python3.12/site-packages/airflow/example_dags/plugins/workday.py for tasks to queue
[2025-09-02T17:48:46.292+0530] {logging_mixin.py:190} INFO - [2025-09-02T17:48:46.292+0530] {dagbag.py:588} INFO - Filling up the DagBag from /Users/parthmac/Desktop/Projects/Flight Data Engineering/flight-env/lib/python3.12/site-packages/airflow/example_dags/plugins/workday.py
[2025-09-02T17:48:46.496+0530] {processor.py:927} WARNING - No viable dags retrieved from /Users/parthmac/Desktop/Projects/Flight Data Engineering/flight-env/lib/python3.12/site-packages/airflow/example_dags/plugins/workday.py
[2025-09-02T17:48:46.520+0530] {processor.py:208} INFO - Processing /Users/parthmac/Desktop/Projects/Flight Data Engineering/flight-env/lib/python3.12/site-packages/airflow/example_dags/plugins/workday.py took 0.230 seconds
[2025-09-02T17:49:41.267+0530] {processor.py:186} INFO - Started process (PID=32776) to work on /Users/parthmac/Desktop/Projects/Flight Data Engineering/flight-env/lib/python3.12/site-packages/airflow/example_dags/plugins/workday.py
[2025-09-02T17:49:41.267+0530] {processor.py:914} INFO - Processing file /Users/parthmac/Desktop/Projects/Flight Data Engineering/flight-env/lib/python3.12/site-packages/airflow/example_dags/plugins/workday.py for tasks to queue
[2025-09-02T17:49:41.268+0530] {logging_mixin.py:190} INFO - [2025-09-02T17:49:41.268+0530] {dagbag.py:588} INFO - Filling up the DagBag from /Users/parthmac/Desktop/Projects/Flight Data Engineering/flight-env/lib/python3.12/site-packages/airflow/example_dags/plugins/workday.py
[2025-09-02T17:49:41.466+0530] {processor.py:927} WARNING - No viable dags retrieved from /Users/parthmac/Desktop/Projects/Flight Data Engineering/flight-env/lib/python3.12/site-packages/airflow/example_dags/plugins/workday.py
[2025-09-02T17:49:41.490+0530] {processor.py:208} INFO - Processing /Users/parthmac/Desktop/Projects/Flight Data Engineering/flight-env/lib/python3.12/site-packages/airflow/example_dags/plugins/workday.py took 0.223 seconds
[2025-09-02T17:50:32.315+0530] {processor.py:186} INFO - Started process (PID=33173) to work on /Users/parthmac/Desktop/Projects/Flight Data Engineering/flight-env/lib/python3.12/site-packages/airflow/example_dags/plugins/workday.py
[2025-09-02T17:50:32.315+0530] {processor.py:914} INFO - Processing file /Users/parthmac/Desktop/Projects/Flight Data Engineering/flight-env/lib/python3.12/site-packages/airflow/example_dags/plugins/workday.py for tasks to queue
[2025-09-02T17:50:32.315+0530] {logging_mixin.py:190} INFO - [2025-09-02T17:50:32.315+0530] {dagbag.py:588} INFO - Filling up the DagBag from /Users/parthmac/Desktop/Projects/Flight Data Engineering/flight-env/lib/python3.12/site-packages/airflow/example_dags/plugins/workday.py
[2025-09-02T17:50:32.516+0530] {processor.py:927} WARNING - No viable dags retrieved from /Users/parthmac/Desktop/Projects/Flight Data Engineering/flight-env/lib/python3.12/site-packages/airflow/example_dags/plugins/workday.py
[2025-09-02T17:50:32.540+0530] {processor.py:208} INFO - Processing /Users/parthmac/Desktop/Projects/Flight Data Engineering/flight-env/lib/python3.12/site-packages/airflow/example_dags/plugins/workday.py took 0.226 seconds
[2025-09-02T17:51:23.420+0530] {processor.py:186} INFO - Started process (PID=33215) to work on /Users/parthmac/Desktop/Projects/Flight Data Engineering/flight-env/lib/python3.12/site-packages/airflow/example_dags/plugins/workday.py
[2025-09-02T17:51:23.420+0530] {processor.py:914} INFO - Processing file /Users/parthmac/Desktop/Projects/Flight Data Engineering/flight-env/lib/python3.12/site-packages/airflow/example_dags/plugins/workday.py for tasks to queue
[2025-09-02T17:51:23.421+0530] {logging_mixin.py:190} INFO - [2025-09-02T17:51:23.421+0530] {dagbag.py:588} INFO - Filling up the DagBag from /Users/parthmac/Desktop/Projects/Flight Data Engineering/flight-env/lib/python3.12/site-packages/airflow/example_dags/plugins/workday.py
[2025-09-02T17:51:23.615+0530] {processor.py:927} WARNING - No viable dags retrieved from /Users/parthmac/Desktop/Projects/Flight Data Engineering/flight-env/lib/python3.12/site-packages/airflow/example_dags/plugins/workday.py
[2025-09-02T17:51:23.638+0530] {processor.py:208} INFO - Processing /Users/parthmac/Desktop/Projects/Flight Data Engineering/flight-env/lib/python3.12/site-packages/airflow/example_dags/plugins/workday.py took 0.219 seconds
[2025-09-02T17:54:08.327+0530] {processor.py:186} INFO - Started process (PID=34711) to work on /Users/parthmac/Desktop/Projects/Flight Data Engineering/flight-env/lib/python3.12/site-packages/airflow/example_dags/plugins/workday.py
[2025-09-02T17:54:08.328+0530] {processor.py:914} INFO - Processing file /Users/parthmac/Desktop/Projects/Flight Data Engineering/flight-env/lib/python3.12/site-packages/airflow/example_dags/plugins/workday.py for tasks to queue
[2025-09-02T17:54:08.329+0530] {logging_mixin.py:190} INFO - [2025-09-02T17:54:08.329+0530] {dagbag.py:588} INFO - Filling up the DagBag from /Users/parthmac/Desktop/Projects/Flight Data Engineering/flight-env/lib/python3.12/site-packages/airflow/example_dags/plugins/workday.py
[2025-09-02T17:54:08.525+0530] {processor.py:927} WARNING - No viable dags retrieved from /Users/parthmac/Desktop/Projects/Flight Data Engineering/flight-env/lib/python3.12/site-packages/airflow/example_dags/plugins/workday.py
[2025-09-02T17:54:08.548+0530] {processor.py:208} INFO - Processing /Users/parthmac/Desktop/Projects/Flight Data Engineering/flight-env/lib/python3.12/site-packages/airflow/example_dags/plugins/workday.py took 0.222 seconds
