[2025-09-02T17:52:48.910+0530] {local_task_job_runner.py:123} INFO - ::group::Pre task execution logs
[2025-09-02T17:52:48.913+0530] {taskinstance.py:2612} INFO - Dependencies all met for dep_context=non-requeueable deps ti=<TaskInstance: flight_pipeline_dag.transform_flight_delay manual__2025-09-02T12:20:01+00:00 [queued]>
[2025-09-02T17:52:48.914+0530] {taskinstance.py:2612} INFO - Dependencies all met for dep_context=requeueable deps ti=<TaskInstance: flight_pipeline_dag.transform_flight_delay manual__2025-09-02T12:20:01+00:00 [queued]>
[2025-09-02T17:52:48.914+0530] {taskinstance.py:2865} INFO - Starting attempt 1 of 2
[2025-09-02T17:52:48.917+0530] {taskinstance.py:2888} INFO - Executing <Task(PapermillOperator): transform_flight_delay> on 2025-09-02 12:20:01+00:00
[2025-09-02T17:52:48.922+0530] {standard_task_runner.py:104} INFO - Running: ['airflow', 'tasks', 'run', 'flight_pipeline_dag', 'transform_flight_delay', 'manual__2025-09-02T12:20:01+00:00', '--job-id', '15', '--raw', '--subdir', 'DAGS_FOLDER/flight_etl_dag.py', '--cfg-path', '/var/folders/kk/d6w7_wpx76q43_lgsgr3g6x40000gn/T/tmpcjixsxar']
[2025-09-02T17:52:48.922+0530] {logging_mixin.py:190} WARNING - /Users/parthmac/Desktop/Projects/Flight Data Engineering/flight-env/lib/python3.12/site-packages/airflow/task/task_runner/standard_task_runner.py:70 DeprecationWarning: This process (pid=33877) is multi-threaded, use of fork() may lead to deadlocks in the child.
[2025-09-02T17:52:48.922+0530] {standard_task_runner.py:72} INFO - Started process 33880 to run task
[2025-09-02T17:52:48.922+0530] {standard_task_runner.py:105} INFO - Job 15: Subtask transform_flight_delay
[2025-09-02T17:52:48.935+0530] {task_command.py:467} INFO - Running <TaskInstance: flight_pipeline_dag.transform_flight_delay manual__2025-09-02T12:20:01+00:00 [running]> on host parths-macbook-air.local
[2025-09-02T17:52:48.949+0530] {taskinstance.py:3131} INFO - Exporting env vars: AIRFLOW_CTX_DAG_EMAIL='noemail@example.com' AIRFLOW_CTX_DAG_OWNER='airflow' AIRFLOW_CTX_DAG_ID='flight_pipeline_dag' AIRFLOW_CTX_TASK_ID='transform_flight_delay' AIRFLOW_CTX_EXECUTION_DATE='2025-09-02T12:20:01+00:00' AIRFLOW_CTX_TRY_NUMBER='1' AIRFLOW_CTX_DAG_RUN_ID='manual__2025-09-02T12:20:01+00:00'
[2025-09-02T17:52:48.951+0530] {logging_mixin.py:190} INFO - Task instance is in running state
[2025-09-02T17:52:48.951+0530] {logging_mixin.py:190} INFO -  Previous state of the Task instance: queued
[2025-09-02T17:52:48.951+0530] {logging_mixin.py:190} INFO - Current task name:transform_flight_delay state:running start_date:2025-09-02 12:22:48.913315+00:00
[2025-09-02T17:52:48.951+0530] {logging_mixin.py:190} INFO - Dag name:flight_pipeline_dag and current dag run status:running
[2025-09-02T17:52:48.951+0530] {taskinstance.py:731} INFO - ::endgroup::
[2025-09-02T17:52:48.952+0530] {execute.py:83} INFO - Input Notebook:  /Users/parthmac/Desktop/Projects/Flight Data Engineering/transformation for use cases/Flight_Delay_Predictor.ipynb
[2025-09-02T17:52:48.952+0530] {execute.py:84} INFO - Output Notebook: /Users/parthmac/Desktop/Projects/Flight Data Engineering/transformation for use cases/out_Flight_Delay_Predictor.ipynb
[2025-09-02T17:52:49.544+0530] {clientwrap.py:44} INFO - Executing notebook with kernel: python3
[2025-09-02T17:53:10.679+0530] {taskinstance.py:340} INFO - ::group::Post task execution logs
[2025-09-02T17:53:10.680+0530] {taskinstance.py:352} INFO - Marking task as SUCCESS. dag_id=flight_pipeline_dag, task_id=transform_flight_delay, run_id=manual__2025-09-02T12:20:01+00:00, execution_date=20250902T122001, start_date=20250902T122248, end_date=20250902T122310
[2025-09-02T17:53:10.682+0530] {logging_mixin.py:190} INFO - Task instance in success state
[2025-09-02T17:53:10.682+0530] {logging_mixin.py:190} INFO -  Previous state of the Task instance: running
[2025-09-02T17:53:10.682+0530] {logging_mixin.py:190} INFO - Dag name:flight_pipeline_dag queued_at:2025-09-02 12:20:01.411893+00:00
[2025-09-02T17:53:10.682+0530] {logging_mixin.py:190} INFO - Task hostname:parths-macbook-air.local operator:PapermillOperator
[2025-09-02T17:53:10.694+0530] {local_task_job_runner.py:266} INFO - Task exited with return code 0
[2025-09-02T17:53:10.698+0530] {taskinstance.py:3900} INFO - 0 downstream tasks scheduled from follow-on schedule check
[2025-09-02T17:53:10.698+0530] {local_task_job_runner.py:245} INFO - ::endgroup::
