[2025-09-02T16:58:14.733+0530] {processor.py:186} INFO - Started process (PID=26369) to work on /Users/parthmac/Desktop/Projects/Flight Data Engineering/flight-env/lib/python3.12/site-packages/airflow/example_dags/example_external_task_marker_dag.py
[2025-09-02T16:58:14.733+0530] {processor.py:914} INFO - Processing file /Users/parthmac/Desktop/Projects/Flight Data Engineering/flight-env/lib/python3.12/site-packages/airflow/example_dags/example_external_task_marker_dag.py for tasks to queue
[2025-09-02T16:58:14.734+0530] {logging_mixin.py:190} INFO - [2025-09-02T16:58:14.733+0530] {dagbag.py:588} INFO - Filling up the DagBag from /Users/parthmac/Desktop/Projects/Flight Data Engineering/flight-env/lib/python3.12/site-packages/airflow/example_dags/example_external_task_marker_dag.py
[2025-09-02T16:58:14.737+0530] {processor.py:925} INFO - DAG(s) 'example_external_task_marker_parent', 'example_external_task_marker_child' retrieved from /Users/parthmac/Desktop/Projects/Flight Data Engineering/flight-env/lib/python3.12/site-packages/airflow/example_dags/example_external_task_marker_dag.py
[2025-09-02T16:58:14.786+0530] {logging_mixin.py:190} INFO - [2025-09-02T16:58:14.785+0530] {override.py:1900} INFO - Created Permission View: can read on DAG:example_external_task_marker_parent
[2025-09-02T16:58:14.788+0530] {logging_mixin.py:190} INFO - [2025-09-02T16:58:14.788+0530] {override.py:1900} INFO - Created Permission View: can delete on DAG:example_external_task_marker_parent
[2025-09-02T16:58:14.789+0530] {logging_mixin.py:190} INFO - [2025-09-02T16:58:14.789+0530] {override.py:1900} INFO - Created Permission View: can edit on DAG:example_external_task_marker_parent
[2025-09-02T16:58:14.791+0530] {logging_mixin.py:190} INFO - [2025-09-02T16:58:14.791+0530] {override.py:1900} INFO - Created Permission View: can read on DAG Run:example_external_task_marker_parent
[2025-09-02T16:58:14.792+0530] {logging_mixin.py:190} INFO - [2025-09-02T16:58:14.792+0530] {override.py:1900} INFO - Created Permission View: can create on DAG Run:example_external_task_marker_parent
[2025-09-02T16:58:14.793+0530] {logging_mixin.py:190} INFO - [2025-09-02T16:58:14.793+0530] {override.py:1900} INFO - Created Permission View: menu access on DAG Run:example_external_task_marker_parent
[2025-09-02T16:58:14.795+0530] {logging_mixin.py:190} INFO - [2025-09-02T16:58:14.795+0530] {override.py:1900} INFO - Created Permission View: can delete on DAG Run:example_external_task_marker_parent
[2025-09-02T16:58:15.006+0530] {logging_mixin.py:190} INFO - [2025-09-02T16:58:15.006+0530] {override.py:1900} INFO - Created Permission View: can read on DAG:example_external_task_marker_child
[2025-09-02T16:58:15.007+0530] {logging_mixin.py:190} INFO - [2025-09-02T16:58:15.007+0530] {override.py:1900} INFO - Created Permission View: can delete on DAG:example_external_task_marker_child
[2025-09-02T16:58:15.009+0530] {logging_mixin.py:190} INFO - [2025-09-02T16:58:15.009+0530] {override.py:1900} INFO - Created Permission View: can edit on DAG:example_external_task_marker_child
[2025-09-02T16:58:15.011+0530] {logging_mixin.py:190} INFO - [2025-09-02T16:58:15.011+0530] {override.py:1900} INFO - Created Permission View: can read on DAG Run:example_external_task_marker_child
[2025-09-02T16:58:15.012+0530] {logging_mixin.py:190} INFO - [2025-09-02T16:58:15.012+0530] {override.py:1900} INFO - Created Permission View: can create on DAG Run:example_external_task_marker_child
[2025-09-02T16:58:15.013+0530] {logging_mixin.py:190} INFO - [2025-09-02T16:58:15.013+0530] {override.py:1900} INFO - Created Permission View: menu access on DAG Run:example_external_task_marker_child
[2025-09-02T16:58:15.014+0530] {logging_mixin.py:190} INFO - [2025-09-02T16:58:15.014+0530] {override.py:1900} INFO - Created Permission View: can delete on DAG Run:example_external_task_marker_child
[2025-09-02T16:58:15.014+0530] {logging_mixin.py:190} INFO - [2025-09-02T16:58:15.014+0530] {dag.py:3239} INFO - Sync 2 DAGs
[2025-09-02T16:58:15.018+0530] {logging_mixin.py:190} INFO - [2025-09-02T16:58:15.018+0530] {dag.py:3262} INFO - Creating ORM DAG for example_external_task_marker_parent
[2025-09-02T16:58:15.018+0530] {logging_mixin.py:190} INFO - [2025-09-02T16:58:15.018+0530] {dag.py:3262} INFO - Creating ORM DAG for example_external_task_marker_child
[2025-09-02T16:58:15.018+0530] {logging_mixin.py:190} INFO - [2025-09-02T16:58:15.018+0530] {dag.py:4180} INFO - Setting next_dagrun for example_external_task_marker_child to None, run_after=None
[2025-09-02T16:58:15.018+0530] {logging_mixin.py:190} INFO - [2025-09-02T16:58:15.018+0530] {dag.py:4180} INFO - Setting next_dagrun for example_external_task_marker_parent to None, run_after=None
[2025-09-02T16:58:15.022+0530] {processor.py:208} INFO - Processing /Users/parthmac/Desktop/Projects/Flight Data Engineering/flight-env/lib/python3.12/site-packages/airflow/example_dags/example_external_task_marker_dag.py took 0.290 seconds
[2025-09-02T17:06:03.636+0530] {processor.py:186} INFO - Started process (PID=27631) to work on /Users/parthmac/Desktop/Projects/Flight Data Engineering/flight-env/lib/python3.12/site-packages/airflow/example_dags/example_external_task_marker_dag.py
[2025-09-02T17:06:03.637+0530] {processor.py:914} INFO - Processing file /Users/parthmac/Desktop/Projects/Flight Data Engineering/flight-env/lib/python3.12/site-packages/airflow/example_dags/example_external_task_marker_dag.py for tasks to queue
[2025-09-02T17:06:03.638+0530] {logging_mixin.py:190} INFO - [2025-09-02T17:06:03.638+0530] {dagbag.py:588} INFO - Filling up the DagBag from /Users/parthmac/Desktop/Projects/Flight Data Engineering/flight-env/lib/python3.12/site-packages/airflow/example_dags/example_external_task_marker_dag.py
[2025-09-02T17:06:03.641+0530] {processor.py:925} INFO - DAG(s) 'example_external_task_marker_parent', 'example_external_task_marker_child' retrieved from /Users/parthmac/Desktop/Projects/Flight Data Engineering/flight-env/lib/python3.12/site-packages/airflow/example_dags/example_external_task_marker_dag.py
[2025-09-02T17:06:03.858+0530] {logging_mixin.py:190} INFO - [2025-09-02T17:06:03.858+0530] {dag.py:3239} INFO - Sync 2 DAGs
[2025-09-02T17:06:03.862+0530] {logging_mixin.py:190} INFO - [2025-09-02T17:06:03.862+0530] {dag.py:4180} INFO - Setting next_dagrun for example_external_task_marker_child to None, run_after=None
[2025-09-02T17:06:03.862+0530] {logging_mixin.py:190} INFO - [2025-09-02T17:06:03.862+0530] {dag.py:4180} INFO - Setting next_dagrun for example_external_task_marker_parent to None, run_after=None
[2025-09-02T17:06:03.867+0530] {processor.py:208} INFO - Processing /Users/parthmac/Desktop/Projects/Flight Data Engineering/flight-env/lib/python3.12/site-packages/airflow/example_dags/example_external_task_marker_dag.py took 0.231 seconds
[2025-09-02T17:07:51.564+0530] {processor.py:186} INFO - Started process (PID=27761) to work on /Users/parthmac/Desktop/Projects/Flight Data Engineering/flight-env/lib/python3.12/site-packages/airflow/example_dags/example_external_task_marker_dag.py
[2025-09-02T17:07:51.565+0530] {processor.py:914} INFO - Processing file /Users/parthmac/Desktop/Projects/Flight Data Engineering/flight-env/lib/python3.12/site-packages/airflow/example_dags/example_external_task_marker_dag.py for tasks to queue
[2025-09-02T17:07:51.565+0530] {logging_mixin.py:190} INFO - [2025-09-02T17:07:51.565+0530] {dagbag.py:588} INFO - Filling up the DagBag from /Users/parthmac/Desktop/Projects/Flight Data Engineering/flight-env/lib/python3.12/site-packages/airflow/example_dags/example_external_task_marker_dag.py
[2025-09-02T17:07:51.569+0530] {processor.py:925} INFO - DAG(s) 'example_external_task_marker_child', 'example_external_task_marker_parent' retrieved from /Users/parthmac/Desktop/Projects/Flight Data Engineering/flight-env/lib/python3.12/site-packages/airflow/example_dags/example_external_task_marker_dag.py
[2025-09-02T17:07:51.792+0530] {logging_mixin.py:190} INFO - [2025-09-02T17:07:51.792+0530] {dag.py:3239} INFO - Sync 2 DAGs
[2025-09-02T17:07:51.795+0530] {logging_mixin.py:190} INFO - [2025-09-02T17:07:51.795+0530] {dag.py:4180} INFO - Setting next_dagrun for example_external_task_marker_child to None, run_after=None
[2025-09-02T17:07:51.796+0530] {logging_mixin.py:190} INFO - [2025-09-02T17:07:51.796+0530] {dag.py:4180} INFO - Setting next_dagrun for example_external_task_marker_parent to None, run_after=None
[2025-09-02T17:07:51.801+0530] {processor.py:208} INFO - Processing /Users/parthmac/Desktop/Projects/Flight Data Engineering/flight-env/lib/python3.12/site-packages/airflow/example_dags/example_external_task_marker_dag.py took 0.237 seconds
[2025-09-02T17:43:00.820+0530] {processor.py:186} INFO - Started process (PID=31696) to work on /Users/parthmac/Desktop/Projects/Flight Data Engineering/flight-env/lib/python3.12/site-packages/airflow/example_dags/example_external_task_marker_dag.py
[2025-09-02T17:43:00.820+0530] {processor.py:914} INFO - Processing file /Users/parthmac/Desktop/Projects/Flight Data Engineering/flight-env/lib/python3.12/site-packages/airflow/example_dags/example_external_task_marker_dag.py for tasks to queue
[2025-09-02T17:43:00.821+0530] {logging_mixin.py:190} INFO - [2025-09-02T17:43:00.821+0530] {dagbag.py:588} INFO - Filling up the DagBag from /Users/parthmac/Desktop/Projects/Flight Data Engineering/flight-env/lib/python3.12/site-packages/airflow/example_dags/example_external_task_marker_dag.py
[2025-09-02T17:43:00.824+0530] {processor.py:925} INFO - DAG(s) 'example_external_task_marker_parent', 'example_external_task_marker_child' retrieved from /Users/parthmac/Desktop/Projects/Flight Data Engineering/flight-env/lib/python3.12/site-packages/airflow/example_dags/example_external_task_marker_dag.py
[2025-09-02T17:43:01.046+0530] {logging_mixin.py:190} INFO - [2025-09-02T17:43:01.046+0530] {dag.py:3239} INFO - Sync 2 DAGs
[2025-09-02T17:43:01.049+0530] {logging_mixin.py:190} INFO - [2025-09-02T17:43:01.049+0530] {dag.py:4180} INFO - Setting next_dagrun for example_external_task_marker_child to None, run_after=None
[2025-09-02T17:43:01.050+0530] {logging_mixin.py:190} INFO - [2025-09-02T17:43:01.050+0530] {dag.py:4180} INFO - Setting next_dagrun for example_external_task_marker_parent to None, run_after=None
[2025-09-02T17:43:01.055+0530] {processor.py:208} INFO - Processing /Users/parthmac/Desktop/Projects/Flight Data Engineering/flight-env/lib/python3.12/site-packages/airflow/example_dags/example_external_task_marker_dag.py took 0.235 seconds
[2025-09-02T17:47:25.821+0530] {processor.py:186} INFO - Started process (PID=32651) to work on /Users/parthmac/Desktop/Projects/Flight Data Engineering/flight-env/lib/python3.12/site-packages/airflow/example_dags/example_external_task_marker_dag.py
[2025-09-02T17:47:25.821+0530] {processor.py:914} INFO - Processing file /Users/parthmac/Desktop/Projects/Flight Data Engineering/flight-env/lib/python3.12/site-packages/airflow/example_dags/example_external_task_marker_dag.py for tasks to queue
[2025-09-02T17:47:25.821+0530] {logging_mixin.py:190} INFO - [2025-09-02T17:47:25.821+0530] {dagbag.py:588} INFO - Filling up the DagBag from /Users/parthmac/Desktop/Projects/Flight Data Engineering/flight-env/lib/python3.12/site-packages/airflow/example_dags/example_external_task_marker_dag.py
[2025-09-02T17:47:25.825+0530] {processor.py:925} INFO - DAG(s) 'example_external_task_marker_parent', 'example_external_task_marker_child' retrieved from /Users/parthmac/Desktop/Projects/Flight Data Engineering/flight-env/lib/python3.12/site-packages/airflow/example_dags/example_external_task_marker_dag.py
[2025-09-02T17:47:26.047+0530] {logging_mixin.py:190} INFO - [2025-09-02T17:47:26.047+0530] {dag.py:3239} INFO - Sync 2 DAGs
[2025-09-02T17:47:26.051+0530] {logging_mixin.py:190} INFO - [2025-09-02T17:47:26.051+0530] {dag.py:4180} INFO - Setting next_dagrun for example_external_task_marker_child to None, run_after=None
[2025-09-02T17:47:26.052+0530] {logging_mixin.py:190} INFO - [2025-09-02T17:47:26.051+0530] {dag.py:4180} INFO - Setting next_dagrun for example_external_task_marker_parent to None, run_after=None
[2025-09-02T17:47:26.056+0530] {processor.py:208} INFO - Processing /Users/parthmac/Desktop/Projects/Flight Data Engineering/flight-env/lib/python3.12/site-packages/airflow/example_dags/example_external_task_marker_dag.py took 0.236 seconds
[2025-09-02T17:49:13.471+0530] {processor.py:186} INFO - Started process (PID=32754) to work on /Users/parthmac/Desktop/Projects/Flight Data Engineering/flight-env/lib/python3.12/site-packages/airflow/example_dags/example_external_task_marker_dag.py
[2025-09-02T17:49:13.471+0530] {processor.py:914} INFO - Processing file /Users/parthmac/Desktop/Projects/Flight Data Engineering/flight-env/lib/python3.12/site-packages/airflow/example_dags/example_external_task_marker_dag.py for tasks to queue
[2025-09-02T17:49:13.471+0530] {logging_mixin.py:190} INFO - [2025-09-02T17:49:13.471+0530] {dagbag.py:588} INFO - Filling up the DagBag from /Users/parthmac/Desktop/Projects/Flight Data Engineering/flight-env/lib/python3.12/site-packages/airflow/example_dags/example_external_task_marker_dag.py
[2025-09-02T17:49:13.475+0530] {processor.py:925} INFO - DAG(s) 'example_external_task_marker_parent', 'example_external_task_marker_child' retrieved from /Users/parthmac/Desktop/Projects/Flight Data Engineering/flight-env/lib/python3.12/site-packages/airflow/example_dags/example_external_task_marker_dag.py
[2025-09-02T17:49:13.707+0530] {logging_mixin.py:190} INFO - [2025-09-02T17:49:13.707+0530] {dag.py:3239} INFO - Sync 2 DAGs
[2025-09-02T17:49:13.710+0530] {logging_mixin.py:190} INFO - [2025-09-02T17:49:13.710+0530] {dag.py:4180} INFO - Setting next_dagrun for example_external_task_marker_child to None, run_after=None
[2025-09-02T17:49:13.711+0530] {logging_mixin.py:190} INFO - [2025-09-02T17:49:13.711+0530] {dag.py:4180} INFO - Setting next_dagrun for example_external_task_marker_parent to None, run_after=None
[2025-09-02T17:49:13.716+0530] {processor.py:208} INFO - Processing /Users/parthmac/Desktop/Projects/Flight Data Engineering/flight-env/lib/python3.12/site-packages/airflow/example_dags/example_external_task_marker_dag.py took 0.246 seconds
[2025-09-02T17:50:55.616+0530] {processor.py:186} INFO - Started process (PID=33190) to work on /Users/parthmac/Desktop/Projects/Flight Data Engineering/flight-env/lib/python3.12/site-packages/airflow/example_dags/example_external_task_marker_dag.py
[2025-09-02T17:50:55.616+0530] {processor.py:914} INFO - Processing file /Users/parthmac/Desktop/Projects/Flight Data Engineering/flight-env/lib/python3.12/site-packages/airflow/example_dags/example_external_task_marker_dag.py for tasks to queue
[2025-09-02T17:50:55.616+0530] {logging_mixin.py:190} INFO - [2025-09-02T17:50:55.616+0530] {dagbag.py:588} INFO - Filling up the DagBag from /Users/parthmac/Desktop/Projects/Flight Data Engineering/flight-env/lib/python3.12/site-packages/airflow/example_dags/example_external_task_marker_dag.py
[2025-09-02T17:50:55.620+0530] {processor.py:925} INFO - DAG(s) 'example_external_task_marker_parent', 'example_external_task_marker_child' retrieved from /Users/parthmac/Desktop/Projects/Flight Data Engineering/flight-env/lib/python3.12/site-packages/airflow/example_dags/example_external_task_marker_dag.py
[2025-09-02T17:50:55.838+0530] {logging_mixin.py:190} INFO - [2025-09-02T17:50:55.838+0530] {dag.py:3239} INFO - Sync 2 DAGs
[2025-09-02T17:50:55.841+0530] {logging_mixin.py:190} INFO - [2025-09-02T17:50:55.841+0530] {dag.py:4180} INFO - Setting next_dagrun for example_external_task_marker_child to None, run_after=None
[2025-09-02T17:50:55.842+0530] {logging_mixin.py:190} INFO - [2025-09-02T17:50:55.842+0530] {dag.py:4180} INFO - Setting next_dagrun for example_external_task_marker_parent to None, run_after=None
[2025-09-02T17:50:55.846+0530] {processor.py:208} INFO - Processing /Users/parthmac/Desktop/Projects/Flight Data Engineering/flight-env/lib/python3.12/site-packages/airflow/example_dags/example_external_task_marker_dag.py took 0.232 seconds
