[2025-09-02T16:58:00.914+0530] {processor.py:186} INFO - Started process (PID=26359) to work on /Users/parthmac/Desktop/Projects/Flight Data Engineering/flight-env/lib/python3.12/site-packages/airflow/example_dags/example_params_trigger_ui.py
[2025-09-02T16:58:00.914+0530] {processor.py:914} INFO - Processing file /Users/parthmac/Desktop/Projects/Flight Data Engineering/flight-env/lib/python3.12/site-packages/airflow/example_dags/example_params_trigger_ui.py for tasks to queue
[2025-09-02T16:58:00.914+0530] {logging_mixin.py:190} INFO - [2025-09-02T16:58:00.914+0530] {dagbag.py:588} INFO - Filling up the DagBag from /Users/parthmac/Desktop/Projects/Flight Data Engineering/flight-env/lib/python3.12/site-packages/airflow/example_dags/example_params_trigger_ui.py
[2025-09-02T16:58:00.927+0530] {processor.py:925} INFO - DAG(s) 'example_params_trigger_ui' retrieved from /Users/parthmac/Desktop/Projects/Flight Data Engineering/flight-env/lib/python3.12/site-packages/airflow/example_dags/example_params_trigger_ui.py
[2025-09-02T16:58:00.997+0530] {logging_mixin.py:190} INFO - [2025-09-02T16:58:00.997+0530] {override.py:1900} INFO - Created Permission View: can delete on DAG:example_params_trigger_ui
[2025-09-02T16:58:00.999+0530] {logging_mixin.py:190} INFO - [2025-09-02T16:58:00.999+0530] {override.py:1900} INFO - Created Permission View: can read on DAG:example_params_trigger_ui
[2025-09-02T16:58:01.000+0530] {logging_mixin.py:190} INFO - [2025-09-02T16:58:01.000+0530] {override.py:1900} INFO - Created Permission View: can edit on DAG:example_params_trigger_ui
[2025-09-02T16:58:01.003+0530] {logging_mixin.py:190} INFO - [2025-09-02T16:58:01.002+0530] {override.py:1900} INFO - Created Permission View: can delete on DAG Run:example_params_trigger_ui
[2025-09-02T16:58:01.004+0530] {logging_mixin.py:190} INFO - [2025-09-02T16:58:01.004+0530] {override.py:1900} INFO - Created Permission View: can read on DAG Run:example_params_trigger_ui
[2025-09-02T16:58:01.005+0530] {logging_mixin.py:190} INFO - [2025-09-02T16:58:01.005+0530] {override.py:1900} INFO - Created Permission View: menu access on DAG Run:example_params_trigger_ui
[2025-09-02T16:58:01.006+0530] {logging_mixin.py:190} INFO - [2025-09-02T16:58:01.006+0530] {override.py:1900} INFO - Created Permission View: can create on DAG Run:example_params_trigger_ui
[2025-09-02T16:58:01.006+0530] {logging_mixin.py:190} INFO - [2025-09-02T16:58:01.006+0530] {dag.py:3239} INFO - Sync 1 DAGs
[2025-09-02T16:58:01.009+0530] {logging_mixin.py:190} INFO - [2025-09-02T16:58:01.009+0530] {dag.py:3262} INFO - Creating ORM DAG for example_params_trigger_ui
[2025-09-02T16:58:01.009+0530] {logging_mixin.py:190} INFO - [2025-09-02T16:58:01.009+0530] {dag.py:4180} INFO - Setting next_dagrun for example_params_trigger_ui to None, run_after=None
[2025-09-02T16:58:01.013+0530] {processor.py:208} INFO - Processing /Users/parthmac/Desktop/Projects/Flight Data Engineering/flight-env/lib/python3.12/site-packages/airflow/example_dags/example_params_trigger_ui.py took 0.100 seconds
[2025-09-02T16:59:29.319+0530] {processor.py:186} INFO - Started process (PID=26438) to work on /Users/parthmac/Desktop/Projects/Flight Data Engineering/flight-env/lib/python3.12/site-packages/airflow/example_dags/example_params_trigger_ui.py
[2025-09-02T16:59:29.319+0530] {processor.py:914} INFO - Processing file /Users/parthmac/Desktop/Projects/Flight Data Engineering/flight-env/lib/python3.12/site-packages/airflow/example_dags/example_params_trigger_ui.py for tasks to queue
[2025-09-02T16:59:29.320+0530] {logging_mixin.py:190} INFO - [2025-09-02T16:59:29.320+0530] {dagbag.py:588} INFO - Filling up the DagBag from /Users/parthmac/Desktop/Projects/Flight Data Engineering/flight-env/lib/python3.12/site-packages/airflow/example_dags/example_params_trigger_ui.py
[2025-09-02T16:59:29.333+0530] {processor.py:925} INFO - DAG(s) 'example_params_trigger_ui' retrieved from /Users/parthmac/Desktop/Projects/Flight Data Engineering/flight-env/lib/python3.12/site-packages/airflow/example_dags/example_params_trigger_ui.py
[2025-09-02T16:59:29.365+0530] {logging_mixin.py:190} INFO - [2025-09-02T16:59:29.365+0530] {dag.py:3239} INFO - Sync 1 DAGs
[2025-09-02T16:59:29.368+0530] {logging_mixin.py:190} INFO - [2025-09-02T16:59:29.368+0530] {dag.py:4180} INFO - Setting next_dagrun for example_params_trigger_ui to None, run_after=None
[2025-09-02T16:59:29.373+0530] {processor.py:208} INFO - Processing /Users/parthmac/Desktop/Projects/Flight Data Engineering/flight-env/lib/python3.12/site-packages/airflow/example_dags/example_params_trigger_ui.py took 0.055 seconds
[2025-09-02T17:05:52.411+0530] {processor.py:186} INFO - Started process (PID=27620) to work on /Users/parthmac/Desktop/Projects/Flight Data Engineering/flight-env/lib/python3.12/site-packages/airflow/example_dags/example_params_trigger_ui.py
[2025-09-02T17:05:52.412+0530] {processor.py:914} INFO - Processing file /Users/parthmac/Desktop/Projects/Flight Data Engineering/flight-env/lib/python3.12/site-packages/airflow/example_dags/example_params_trigger_ui.py for tasks to queue
[2025-09-02T17:05:52.413+0530] {logging_mixin.py:190} INFO - [2025-09-02T17:05:52.412+0530] {dagbag.py:588} INFO - Filling up the DagBag from /Users/parthmac/Desktop/Projects/Flight Data Engineering/flight-env/lib/python3.12/site-packages/airflow/example_dags/example_params_trigger_ui.py
[2025-09-02T17:05:52.424+0530] {processor.py:925} INFO - DAG(s) 'example_params_trigger_ui' retrieved from /Users/parthmac/Desktop/Projects/Flight Data Engineering/flight-env/lib/python3.12/site-packages/airflow/example_dags/example_params_trigger_ui.py
[2025-09-02T17:05:52.453+0530] {logging_mixin.py:190} INFO - [2025-09-02T17:05:52.453+0530] {dag.py:3239} INFO - Sync 1 DAGs
[2025-09-02T17:05:52.456+0530] {logging_mixin.py:190} INFO - [2025-09-02T17:05:52.456+0530] {dag.py:4180} INFO - Setting next_dagrun for example_params_trigger_ui to None, run_after=None
[2025-09-02T17:05:52.461+0530] {processor.py:208} INFO - Processing /Users/parthmac/Desktop/Projects/Flight Data Engineering/flight-env/lib/python3.12/site-packages/airflow/example_dags/example_params_trigger_ui.py took 0.050 seconds
[2025-09-02T17:07:15.979+0530] {processor.py:186} INFO - Started process (PID=27701) to work on /Users/parthmac/Desktop/Projects/Flight Data Engineering/flight-env/lib/python3.12/site-packages/airflow/example_dags/example_params_trigger_ui.py
[2025-09-02T17:07:15.980+0530] {processor.py:914} INFO - Processing file /Users/parthmac/Desktop/Projects/Flight Data Engineering/flight-env/lib/python3.12/site-packages/airflow/example_dags/example_params_trigger_ui.py for tasks to queue
[2025-09-02T17:07:15.981+0530] {logging_mixin.py:190} INFO - [2025-09-02T17:07:15.981+0530] {dagbag.py:588} INFO - Filling up the DagBag from /Users/parthmac/Desktop/Projects/Flight Data Engineering/flight-env/lib/python3.12/site-packages/airflow/example_dags/example_params_trigger_ui.py
[2025-09-02T17:07:15.993+0530] {processor.py:925} INFO - DAG(s) 'example_params_trigger_ui' retrieved from /Users/parthmac/Desktop/Projects/Flight Data Engineering/flight-env/lib/python3.12/site-packages/airflow/example_dags/example_params_trigger_ui.py
[2025-09-02T17:07:16.023+0530] {logging_mixin.py:190} INFO - [2025-09-02T17:07:16.022+0530] {dag.py:3239} INFO - Sync 1 DAGs
[2025-09-02T17:07:16.025+0530] {logging_mixin.py:190} INFO - [2025-09-02T17:07:16.025+0530] {dag.py:4180} INFO - Setting next_dagrun for example_params_trigger_ui to None, run_after=None
[2025-09-02T17:07:16.030+0530] {processor.py:208} INFO - Processing /Users/parthmac/Desktop/Projects/Flight Data Engineering/flight-env/lib/python3.12/site-packages/airflow/example_dags/example_params_trigger_ui.py took 0.052 seconds
[2025-09-02T17:42:49.988+0530] {processor.py:186} INFO - Started process (PID=31682) to work on /Users/parthmac/Desktop/Projects/Flight Data Engineering/flight-env/lib/python3.12/site-packages/airflow/example_dags/example_params_trigger_ui.py
[2025-09-02T17:42:49.988+0530] {processor.py:914} INFO - Processing file /Users/parthmac/Desktop/Projects/Flight Data Engineering/flight-env/lib/python3.12/site-packages/airflow/example_dags/example_params_trigger_ui.py for tasks to queue
[2025-09-02T17:42:49.989+0530] {logging_mixin.py:190} INFO - [2025-09-02T17:42:49.989+0530] {dagbag.py:588} INFO - Filling up the DagBag from /Users/parthmac/Desktop/Projects/Flight Data Engineering/flight-env/lib/python3.12/site-packages/airflow/example_dags/example_params_trigger_ui.py
[2025-09-02T17:42:50.000+0530] {processor.py:925} INFO - DAG(s) 'example_params_trigger_ui' retrieved from /Users/parthmac/Desktop/Projects/Flight Data Engineering/flight-env/lib/python3.12/site-packages/airflow/example_dags/example_params_trigger_ui.py
[2025-09-02T17:42:50.030+0530] {logging_mixin.py:190} INFO - [2025-09-02T17:42:50.030+0530] {dag.py:3239} INFO - Sync 1 DAGs
[2025-09-02T17:42:50.033+0530] {logging_mixin.py:190} INFO - [2025-09-02T17:42:50.032+0530] {dag.py:4180} INFO - Setting next_dagrun for example_params_trigger_ui to None, run_after=None
[2025-09-02T17:42:50.037+0530] {processor.py:208} INFO - Processing /Users/parthmac/Desktop/Projects/Flight Data Engineering/flight-env/lib/python3.12/site-packages/airflow/example_dags/example_params_trigger_ui.py took 0.050 seconds
[2025-09-02T17:47:13.650+0530] {processor.py:186} INFO - Started process (PID=32638) to work on /Users/parthmac/Desktop/Projects/Flight Data Engineering/flight-env/lib/python3.12/site-packages/airflow/example_dags/example_params_trigger_ui.py
[2025-09-02T17:47:13.651+0530] {processor.py:914} INFO - Processing file /Users/parthmac/Desktop/Projects/Flight Data Engineering/flight-env/lib/python3.12/site-packages/airflow/example_dags/example_params_trigger_ui.py for tasks to queue
[2025-09-02T17:47:13.651+0530] {logging_mixin.py:190} INFO - [2025-09-02T17:47:13.651+0530] {dagbag.py:588} INFO - Filling up the DagBag from /Users/parthmac/Desktop/Projects/Flight Data Engineering/flight-env/lib/python3.12/site-packages/airflow/example_dags/example_params_trigger_ui.py
[2025-09-02T17:47:13.663+0530] {processor.py:925} INFO - DAG(s) 'example_params_trigger_ui' retrieved from /Users/parthmac/Desktop/Projects/Flight Data Engineering/flight-env/lib/python3.12/site-packages/airflow/example_dags/example_params_trigger_ui.py
[2025-09-02T17:47:13.692+0530] {logging_mixin.py:190} INFO - [2025-09-02T17:47:13.692+0530] {dag.py:3239} INFO - Sync 1 DAGs
[2025-09-02T17:47:13.695+0530] {logging_mixin.py:190} INFO - [2025-09-02T17:47:13.694+0530] {dag.py:4180} INFO - Setting next_dagrun for example_params_trigger_ui to None, run_after=None
[2025-09-02T17:47:13.699+0530] {processor.py:208} INFO - Processing /Users/parthmac/Desktop/Projects/Flight Data Engineering/flight-env/lib/python3.12/site-packages/airflow/example_dags/example_params_trigger_ui.py took 0.050 seconds
[2025-09-02T17:48:37.255+0530] {processor.py:186} INFO - Started process (PID=32724) to work on /Users/parthmac/Desktop/Projects/Flight Data Engineering/flight-env/lib/python3.12/site-packages/airflow/example_dags/example_params_trigger_ui.py
[2025-09-02T17:48:37.255+0530] {processor.py:914} INFO - Processing file /Users/parthmac/Desktop/Projects/Flight Data Engineering/flight-env/lib/python3.12/site-packages/airflow/example_dags/example_params_trigger_ui.py for tasks to queue
[2025-09-02T17:48:37.255+0530] {logging_mixin.py:190} INFO - [2025-09-02T17:48:37.255+0530] {dagbag.py:588} INFO - Filling up the DagBag from /Users/parthmac/Desktop/Projects/Flight Data Engineering/flight-env/lib/python3.12/site-packages/airflow/example_dags/example_params_trigger_ui.py
[2025-09-02T17:48:37.268+0530] {processor.py:925} INFO - DAG(s) 'example_params_trigger_ui' retrieved from /Users/parthmac/Desktop/Projects/Flight Data Engineering/flight-env/lib/python3.12/site-packages/airflow/example_dags/example_params_trigger_ui.py
[2025-09-02T17:48:37.297+0530] {logging_mixin.py:190} INFO - [2025-09-02T17:48:37.297+0530] {dag.py:3239} INFO - Sync 1 DAGs
[2025-09-02T17:48:37.300+0530] {logging_mixin.py:190} INFO - [2025-09-02T17:48:37.300+0530] {dag.py:4180} INFO - Setting next_dagrun for example_params_trigger_ui to None, run_after=None
[2025-09-02T17:48:37.305+0530] {processor.py:208} INFO - Processing /Users/parthmac/Desktop/Projects/Flight Data Engineering/flight-env/lib/python3.12/site-packages/airflow/example_dags/example_params_trigger_ui.py took 0.051 seconds
[2025-09-02T17:50:24.867+0530] {processor.py:186} INFO - Started process (PID=33163) to work on /Users/parthmac/Desktop/Projects/Flight Data Engineering/flight-env/lib/python3.12/site-packages/airflow/example_dags/example_params_trigger_ui.py
[2025-09-02T17:50:24.868+0530] {processor.py:914} INFO - Processing file /Users/parthmac/Desktop/Projects/Flight Data Engineering/flight-env/lib/python3.12/site-packages/airflow/example_dags/example_params_trigger_ui.py for tasks to queue
[2025-09-02T17:50:24.868+0530] {logging_mixin.py:190} INFO - [2025-09-02T17:50:24.868+0530] {dagbag.py:588} INFO - Filling up the DagBag from /Users/parthmac/Desktop/Projects/Flight Data Engineering/flight-env/lib/python3.12/site-packages/airflow/example_dags/example_params_trigger_ui.py
[2025-09-02T17:50:24.881+0530] {processor.py:925} INFO - DAG(s) 'example_params_trigger_ui' retrieved from /Users/parthmac/Desktop/Projects/Flight Data Engineering/flight-env/lib/python3.12/site-packages/airflow/example_dags/example_params_trigger_ui.py
[2025-09-02T17:50:24.913+0530] {logging_mixin.py:190} INFO - [2025-09-02T17:50:24.913+0530] {dag.py:3239} INFO - Sync 1 DAGs
[2025-09-02T17:50:24.916+0530] {logging_mixin.py:190} INFO - [2025-09-02T17:50:24.916+0530] {dag.py:4180} INFO - Setting next_dagrun for example_params_trigger_ui to None, run_after=None
[2025-09-02T17:50:24.922+0530] {processor.py:208} INFO - Processing /Users/parthmac/Desktop/Projects/Flight Data Engineering/flight-env/lib/python3.12/site-packages/airflow/example_dags/example_params_trigger_ui.py took 0.055 seconds
