[2025-09-02T16:58:38.828+0530] {processor.py:186} INFO - Started process (PID=26387) to work on /Users/parthmac/Desktop/Projects/Flight Data Engineering/flight-env/lib/python3.12/site-packages/airflow/example_dags/example_bash_operator.py
[2025-09-02T16:58:38.828+0530] {processor.py:914} INFO - Processing file /Users/parthmac/Desktop/Projects/Flight Data Engineering/flight-env/lib/python3.12/site-packages/airflow/example_dags/example_bash_operator.py for tasks to queue
[2025-09-02T16:58:38.828+0530] {logging_mixin.py:190} INFO - [2025-09-02T16:58:38.828+0530] {dagbag.py:588} INFO - Filling up the DagBag from /Users/parthmac/Desktop/Projects/Flight Data Engineering/flight-env/lib/python3.12/site-packages/airflow/example_dags/example_bash_operator.py
[2025-09-02T16:58:38.832+0530] {processor.py:925} INFO - DAG(s) 'example_bash_operator' retrieved from /Users/parthmac/Desktop/Projects/Flight Data Engineering/flight-env/lib/python3.12/site-packages/airflow/example_dags/example_bash_operator.py
[2025-09-02T16:58:38.883+0530] {logging_mixin.py:190} INFO - [2025-09-02T16:58:38.883+0530] {override.py:1900} INFO - Created Permission View: can edit on DAG:example_bash_operator
[2025-09-02T16:58:38.885+0530] {logging_mixin.py:190} INFO - [2025-09-02T16:58:38.885+0530] {override.py:1900} INFO - Created Permission View: can read on DAG:example_bash_operator
[2025-09-02T16:58:38.887+0530] {logging_mixin.py:190} INFO - [2025-09-02T16:58:38.887+0530] {override.py:1900} INFO - Created Permission View: can delete on DAG:example_bash_operator
[2025-09-02T16:58:38.889+0530] {logging_mixin.py:190} INFO - [2025-09-02T16:58:38.888+0530] {override.py:1900} INFO - Created Permission View: menu access on DAG Run:example_bash_operator
[2025-09-02T16:58:38.890+0530] {logging_mixin.py:190} INFO - [2025-09-02T16:58:38.890+0530] {override.py:1900} INFO - Created Permission View: can delete on DAG Run:example_bash_operator
[2025-09-02T16:58:38.891+0530] {logging_mixin.py:190} INFO - [2025-09-02T16:58:38.891+0530] {override.py:1900} INFO - Created Permission View: can read on DAG Run:example_bash_operator
[2025-09-02T16:58:38.892+0530] {logging_mixin.py:190} INFO - [2025-09-02T16:58:38.892+0530] {override.py:1900} INFO - Created Permission View: can create on DAG Run:example_bash_operator
[2025-09-02T16:58:38.892+0530] {logging_mixin.py:190} INFO - [2025-09-02T16:58:38.892+0530] {dag.py:3239} INFO - Sync 1 DAGs
[2025-09-02T16:58:38.914+0530] {logging_mixin.py:190} INFO - [2025-09-02T16:58:38.914+0530] {dag.py:3262} INFO - Creating ORM DAG for example_bash_operator
[2025-09-02T16:58:38.917+0530] {logging_mixin.py:190} INFO - [2025-09-02T16:58:38.917+0530] {dag.py:4180} INFO - Setting next_dagrun for example_bash_operator to 2025-09-01 00:00:00+00:00, run_after=2025-09-02 00:00:00+00:00
[2025-09-02T16:58:38.921+0530] {processor.py:208} INFO - Processing /Users/parthmac/Desktop/Projects/Flight Data Engineering/flight-env/lib/python3.12/site-packages/airflow/example_dags/example_bash_operator.py took 0.094 seconds
[2025-09-02T17:06:25.720+0530] {processor.py:186} INFO - Started process (PID=27648) to work on /Users/parthmac/Desktop/Projects/Flight Data Engineering/flight-env/lib/python3.12/site-packages/airflow/example_dags/example_bash_operator.py
[2025-09-02T17:06:25.721+0530] {processor.py:914} INFO - Processing file /Users/parthmac/Desktop/Projects/Flight Data Engineering/flight-env/lib/python3.12/site-packages/airflow/example_dags/example_bash_operator.py for tasks to queue
[2025-09-02T17:06:25.722+0530] {logging_mixin.py:190} INFO - [2025-09-02T17:06:25.722+0530] {dagbag.py:588} INFO - Filling up the DagBag from /Users/parthmac/Desktop/Projects/Flight Data Engineering/flight-env/lib/python3.12/site-packages/airflow/example_dags/example_bash_operator.py
[2025-09-02T17:06:25.725+0530] {processor.py:925} INFO - DAG(s) 'example_bash_operator' retrieved from /Users/parthmac/Desktop/Projects/Flight Data Engineering/flight-env/lib/python3.12/site-packages/airflow/example_dags/example_bash_operator.py
[2025-09-02T17:06:25.751+0530] {logging_mixin.py:190} INFO - [2025-09-02T17:06:25.751+0530] {dag.py:3239} INFO - Sync 1 DAGs
[2025-09-02T17:06:25.756+0530] {logging_mixin.py:190} INFO - [2025-09-02T17:06:25.755+0530] {dag.py:4180} INFO - Setting next_dagrun for example_bash_operator to 2025-09-01 00:00:00+00:00, run_after=2025-09-02 00:00:00+00:00
[2025-09-02T17:06:25.760+0530] {processor.py:208} INFO - Processing /Users/parthmac/Desktop/Projects/Flight Data Engineering/flight-env/lib/python3.12/site-packages/airflow/example_dags/example_bash_operator.py took 0.041 seconds
[2025-09-02T17:43:22.156+0530] {processor.py:186} INFO - Started process (PID=31718) to work on /Users/parthmac/Desktop/Projects/Flight Data Engineering/flight-env/lib/python3.12/site-packages/airflow/example_dags/example_bash_operator.py
[2025-09-02T17:43:22.157+0530] {processor.py:914} INFO - Processing file /Users/parthmac/Desktop/Projects/Flight Data Engineering/flight-env/lib/python3.12/site-packages/airflow/example_dags/example_bash_operator.py for tasks to queue
[2025-09-02T17:43:22.158+0530] {logging_mixin.py:190} INFO - [2025-09-02T17:43:22.158+0530] {dagbag.py:588} INFO - Filling up the DagBag from /Users/parthmac/Desktop/Projects/Flight Data Engineering/flight-env/lib/python3.12/site-packages/airflow/example_dags/example_bash_operator.py
[2025-09-02T17:43:22.161+0530] {processor.py:925} INFO - DAG(s) 'example_bash_operator' retrieved from /Users/parthmac/Desktop/Projects/Flight Data Engineering/flight-env/lib/python3.12/site-packages/airflow/example_dags/example_bash_operator.py
[2025-09-02T17:43:22.187+0530] {logging_mixin.py:190} INFO - [2025-09-02T17:43:22.187+0530] {dag.py:3239} INFO - Sync 1 DAGs
[2025-09-02T17:43:22.192+0530] {logging_mixin.py:190} INFO - [2025-09-02T17:43:22.192+0530] {dag.py:4180} INFO - Setting next_dagrun for example_bash_operator to 2025-09-01 00:00:00+00:00, run_after=2025-09-02 00:00:00+00:00
[2025-09-02T17:43:22.197+0530] {processor.py:208} INFO - Processing /Users/parthmac/Desktop/Projects/Flight Data Engineering/flight-env/lib/python3.12/site-packages/airflow/example_dags/example_bash_operator.py took 0.041 seconds
[2025-09-02T17:47:46.906+0530] {processor.py:186} INFO - Started process (PID=32670) to work on /Users/parthmac/Desktop/Projects/Flight Data Engineering/flight-env/lib/python3.12/site-packages/airflow/example_dags/example_bash_operator.py
[2025-09-02T17:47:46.907+0530] {processor.py:914} INFO - Processing file /Users/parthmac/Desktop/Projects/Flight Data Engineering/flight-env/lib/python3.12/site-packages/airflow/example_dags/example_bash_operator.py for tasks to queue
[2025-09-02T17:47:46.907+0530] {logging_mixin.py:190} INFO - [2025-09-02T17:47:46.907+0530] {dagbag.py:588} INFO - Filling up the DagBag from /Users/parthmac/Desktop/Projects/Flight Data Engineering/flight-env/lib/python3.12/site-packages/airflow/example_dags/example_bash_operator.py
[2025-09-02T17:47:46.910+0530] {processor.py:925} INFO - DAG(s) 'example_bash_operator' retrieved from /Users/parthmac/Desktop/Projects/Flight Data Engineering/flight-env/lib/python3.12/site-packages/airflow/example_dags/example_bash_operator.py
[2025-09-02T17:47:46.939+0530] {logging_mixin.py:190} INFO - [2025-09-02T17:47:46.939+0530] {dag.py:3239} INFO - Sync 1 DAGs
[2025-09-02T17:47:46.944+0530] {logging_mixin.py:190} INFO - [2025-09-02T17:47:46.944+0530] {dag.py:4180} INFO - Setting next_dagrun for example_bash_operator to 2025-09-01 00:00:00+00:00, run_after=2025-09-02 00:00:00+00:00
[2025-09-02T17:47:46.949+0530] {processor.py:208} INFO - Processing /Users/parthmac/Desktop/Projects/Flight Data Engineering/flight-env/lib/python3.12/site-packages/airflow/example_dags/example_bash_operator.py took 0.044 seconds
[2025-09-02T17:49:34.436+0530] {processor.py:186} INFO - Started process (PID=32770) to work on /Users/parthmac/Desktop/Projects/Flight Data Engineering/flight-env/lib/python3.12/site-packages/airflow/example_dags/example_bash_operator.py
[2025-09-02T17:49:34.436+0530] {processor.py:914} INFO - Processing file /Users/parthmac/Desktop/Projects/Flight Data Engineering/flight-env/lib/python3.12/site-packages/airflow/example_dags/example_bash_operator.py for tasks to queue
[2025-09-02T17:49:34.436+0530] {logging_mixin.py:190} INFO - [2025-09-02T17:49:34.436+0530] {dagbag.py:588} INFO - Filling up the DagBag from /Users/parthmac/Desktop/Projects/Flight Data Engineering/flight-env/lib/python3.12/site-packages/airflow/example_dags/example_bash_operator.py
[2025-09-02T17:49:34.440+0530] {processor.py:925} INFO - DAG(s) 'example_bash_operator' retrieved from /Users/parthmac/Desktop/Projects/Flight Data Engineering/flight-env/lib/python3.12/site-packages/airflow/example_dags/example_bash_operator.py
[2025-09-02T17:49:34.467+0530] {logging_mixin.py:190} INFO - [2025-09-02T17:49:34.467+0530] {dag.py:3239} INFO - Sync 1 DAGs
[2025-09-02T17:49:34.472+0530] {logging_mixin.py:190} INFO - [2025-09-02T17:49:34.472+0530] {dag.py:4180} INFO - Setting next_dagrun for example_bash_operator to 2025-09-01 00:00:00+00:00, run_after=2025-09-02 00:00:00+00:00
[2025-09-02T17:49:34.477+0530] {processor.py:208} INFO - Processing /Users/parthmac/Desktop/Projects/Flight Data Engineering/flight-env/lib/python3.12/site-packages/airflow/example_dags/example_bash_operator.py took 0.042 seconds
[2025-09-02T17:51:17.614+0530] {processor.py:186} INFO - Started process (PID=33207) to work on /Users/parthmac/Desktop/Projects/Flight Data Engineering/flight-env/lib/python3.12/site-packages/airflow/example_dags/example_bash_operator.py
[2025-09-02T17:51:17.615+0530] {processor.py:914} INFO - Processing file /Users/parthmac/Desktop/Projects/Flight Data Engineering/flight-env/lib/python3.12/site-packages/airflow/example_dags/example_bash_operator.py for tasks to queue
[2025-09-02T17:51:17.615+0530] {logging_mixin.py:190} INFO - [2025-09-02T17:51:17.615+0530] {dagbag.py:588} INFO - Filling up the DagBag from /Users/parthmac/Desktop/Projects/Flight Data Engineering/flight-env/lib/python3.12/site-packages/airflow/example_dags/example_bash_operator.py
[2025-09-02T17:51:17.618+0530] {processor.py:925} INFO - DAG(s) 'example_bash_operator' retrieved from /Users/parthmac/Desktop/Projects/Flight Data Engineering/flight-env/lib/python3.12/site-packages/airflow/example_dags/example_bash_operator.py
[2025-09-02T17:51:17.645+0530] {logging_mixin.py:190} INFO - [2025-09-02T17:51:17.645+0530] {dag.py:3239} INFO - Sync 1 DAGs
[2025-09-02T17:51:17.650+0530] {logging_mixin.py:190} INFO - [2025-09-02T17:51:17.650+0530] {dag.py:4180} INFO - Setting next_dagrun for example_bash_operator to 2025-09-01 00:00:00+00:00, run_after=2025-09-02 00:00:00+00:00
[2025-09-02T17:51:17.654+0530] {processor.py:208} INFO - Processing /Users/parthmac/Desktop/Projects/Flight Data Engineering/flight-env/lib/python3.12/site-packages/airflow/example_dags/example_bash_operator.py took 0.041 seconds
