[2025-09-02T16:57:40.121+0530] {processor.py:186} INFO - Started process (PID=26343) to work on /Users/parthmac/Desktop/Projects/Flight Data Engineering/flight-env/lib/python3.12/site-packages/airflow/example_dags/example_sla_dag.py
[2025-09-02T16:57:40.121+0530] {processor.py:914} INFO - Processing file /Users/parthmac/Desktop/Projects/Flight Data Engineering/flight-env/lib/python3.12/site-packages/airflow/example_dags/example_sla_dag.py for tasks to queue
[2025-09-02T16:57:40.122+0530] {logging_mixin.py:190} INFO - [2025-09-02T16:57:40.122+0530] {dagbag.py:588} INFO - Filling up the DagBag from /Users/parthmac/Desktop/Projects/Flight Data Engineering/flight-env/lib/python3.12/site-packages/airflow/example_dags/example_sla_dag.py
[2025-09-02T16:57:40.133+0530] {processor.py:925} INFO - DAG(s) 'example_sla_dag' retrieved from /Users/parthmac/Desktop/Projects/Flight Data Engineering/flight-env/lib/python3.12/site-packages/airflow/example_dags/example_sla_dag.py
[2025-09-02T16:57:40.199+0530] {logging_mixin.py:190} INFO - [2025-09-02T16:57:40.198+0530] {override.py:1900} INFO - Created Permission View: can delete on DAG:example_sla_dag
[2025-09-02T16:57:40.201+0530] {logging_mixin.py:190} INFO - [2025-09-02T16:57:40.201+0530] {override.py:1900} INFO - Created Permission View: can edit on DAG:example_sla_dag
[2025-09-02T16:57:40.202+0530] {logging_mixin.py:190} INFO - [2025-09-02T16:57:40.202+0530] {override.py:1900} INFO - Created Permission View: can read on DAG:example_sla_dag
[2025-09-02T16:57:40.204+0530] {logging_mixin.py:190} INFO - [2025-09-02T16:57:40.204+0530] {override.py:1900} INFO - Created Permission View: menu access on DAG Run:example_sla_dag
[2025-09-02T16:57:40.205+0530] {logging_mixin.py:190} INFO - [2025-09-02T16:57:40.205+0530] {override.py:1900} INFO - Created Permission View: can delete on DAG Run:example_sla_dag
[2025-09-02T16:57:40.207+0530] {logging_mixin.py:190} INFO - [2025-09-02T16:57:40.207+0530] {override.py:1900} INFO - Created Permission View: can read on DAG Run:example_sla_dag
[2025-09-02T16:57:40.208+0530] {logging_mixin.py:190} INFO - [2025-09-02T16:57:40.208+0530] {override.py:1900} INFO - Created Permission View: can create on DAG Run:example_sla_dag
[2025-09-02T16:57:40.208+0530] {logging_mixin.py:190} INFO - [2025-09-02T16:57:40.208+0530] {dag.py:3239} INFO - Sync 1 DAGs
[2025-09-02T16:57:40.211+0530] {logging_mixin.py:190} INFO - [2025-09-02T16:57:40.211+0530] {dag.py:3262} INFO - Creating ORM DAG for example_sla_dag
[2025-09-02T16:57:40.214+0530] {logging_mixin.py:190} INFO - [2025-09-02T16:57:40.214+0530] {dag.py:4180} INFO - Setting next_dagrun for example_sla_dag to 2025-09-02 11:24:00+00:00, run_after=2025-09-02 11:26:00+00:00
[2025-09-02T16:57:40.217+0530] {processor.py:208} INFO - Processing /Users/parthmac/Desktop/Projects/Flight Data Engineering/flight-env/lib/python3.12/site-packages/airflow/example_dags/example_sla_dag.py took 0.097 seconds
[2025-09-02T16:59:10.309+0530] {processor.py:186} INFO - Started process (PID=26416) to work on /Users/parthmac/Desktop/Projects/Flight Data Engineering/flight-env/lib/python3.12/site-packages/airflow/example_dags/example_sla_dag.py
[2025-09-02T16:59:10.310+0530] {processor.py:914} INFO - Processing file /Users/parthmac/Desktop/Projects/Flight Data Engineering/flight-env/lib/python3.12/site-packages/airflow/example_dags/example_sla_dag.py for tasks to queue
[2025-09-02T16:59:10.310+0530] {logging_mixin.py:190} INFO - [2025-09-02T16:59:10.310+0530] {dagbag.py:588} INFO - Filling up the DagBag from /Users/parthmac/Desktop/Projects/Flight Data Engineering/flight-env/lib/python3.12/site-packages/airflow/example_dags/example_sla_dag.py
[2025-09-02T16:59:10.322+0530] {processor.py:925} INFO - DAG(s) 'example_sla_dag' retrieved from /Users/parthmac/Desktop/Projects/Flight Data Engineering/flight-env/lib/python3.12/site-packages/airflow/example_dags/example_sla_dag.py
[2025-09-02T16:59:10.346+0530] {logging_mixin.py:190} INFO - [2025-09-02T16:59:10.345+0530] {dag.py:3239} INFO - Sync 1 DAGs
[2025-09-02T16:59:10.351+0530] {logging_mixin.py:190} INFO - [2025-09-02T16:59:10.351+0530] {dag.py:4180} INFO - Setting next_dagrun for example_sla_dag to 2025-09-02 11:26:00+00:00, run_after=2025-09-02 11:28:00+00:00
[2025-09-02T16:59:10.356+0530] {processor.py:208} INFO - Processing /Users/parthmac/Desktop/Projects/Flight Data Engineering/flight-env/lib/python3.12/site-packages/airflow/example_dags/example_sla_dag.py took 0.047 seconds
[2025-09-02T17:05:34.349+0530] {processor.py:186} INFO - Started process (PID=27593) to work on /Users/parthmac/Desktop/Projects/Flight Data Engineering/flight-env/lib/python3.12/site-packages/airflow/example_dags/example_sla_dag.py
[2025-09-02T17:05:34.350+0530] {processor.py:914} INFO - Processing file /Users/parthmac/Desktop/Projects/Flight Data Engineering/flight-env/lib/python3.12/site-packages/airflow/example_dags/example_sla_dag.py for tasks to queue
[2025-09-02T17:05:34.350+0530] {logging_mixin.py:190} INFO - [2025-09-02T17:05:34.350+0530] {dagbag.py:588} INFO - Filling up the DagBag from /Users/parthmac/Desktop/Projects/Flight Data Engineering/flight-env/lib/python3.12/site-packages/airflow/example_dags/example_sla_dag.py
[2025-09-02T17:05:34.361+0530] {processor.py:925} INFO - DAG(s) 'example_sla_dag' retrieved from /Users/parthmac/Desktop/Projects/Flight Data Engineering/flight-env/lib/python3.12/site-packages/airflow/example_dags/example_sla_dag.py
[2025-09-02T17:05:34.385+0530] {logging_mixin.py:190} INFO - [2025-09-02T17:05:34.385+0530] {dag.py:3239} INFO - Sync 1 DAGs
[2025-09-02T17:05:34.390+0530] {logging_mixin.py:190} INFO - [2025-09-02T17:05:34.390+0530] {dag.py:4180} INFO - Setting next_dagrun for example_sla_dag to 2025-09-02 11:32:00+00:00, run_after=2025-09-02 11:34:00+00:00
[2025-09-02T17:05:34.395+0530] {processor.py:208} INFO - Processing /Users/parthmac/Desktop/Projects/Flight Data Engineering/flight-env/lib/python3.12/site-packages/airflow/example_dags/example_sla_dag.py took 0.047 seconds
[2025-09-02T17:06:58.889+0530] {processor.py:186} INFO - Started process (PID=27680) to work on /Users/parthmac/Desktop/Projects/Flight Data Engineering/flight-env/lib/python3.12/site-packages/airflow/example_dags/example_sla_dag.py
[2025-09-02T17:06:58.890+0530] {processor.py:914} INFO - Processing file /Users/parthmac/Desktop/Projects/Flight Data Engineering/flight-env/lib/python3.12/site-packages/airflow/example_dags/example_sla_dag.py for tasks to queue
[2025-09-02T17:06:58.890+0530] {logging_mixin.py:190} INFO - [2025-09-02T17:06:58.890+0530] {dagbag.py:588} INFO - Filling up the DagBag from /Users/parthmac/Desktop/Projects/Flight Data Engineering/flight-env/lib/python3.12/site-packages/airflow/example_dags/example_sla_dag.py
[2025-09-02T17:06:58.902+0530] {processor.py:925} INFO - DAG(s) 'example_sla_dag' retrieved from /Users/parthmac/Desktop/Projects/Flight Data Engineering/flight-env/lib/python3.12/site-packages/airflow/example_dags/example_sla_dag.py
[2025-09-02T17:06:58.925+0530] {logging_mixin.py:190} INFO - [2025-09-02T17:06:58.925+0530] {dag.py:3239} INFO - Sync 1 DAGs
[2025-09-02T17:06:58.931+0530] {logging_mixin.py:190} INFO - [2025-09-02T17:06:58.931+0530] {dag.py:4180} INFO - Setting next_dagrun for example_sla_dag to 2025-09-02 11:34:00+00:00, run_after=2025-09-02 11:36:00+00:00
[2025-09-02T17:06:58.935+0530] {processor.py:208} INFO - Processing /Users/parthmac/Desktop/Projects/Flight Data Engineering/flight-env/lib/python3.12/site-packages/airflow/example_dags/example_sla_dag.py took 0.047 seconds
[2025-09-02T17:42:30.645+0530] {processor.py:186} INFO - Started process (PID=31607) to work on /Users/parthmac/Desktop/Projects/Flight Data Engineering/flight-env/lib/python3.12/site-packages/airflow/example_dags/example_sla_dag.py
[2025-09-02T17:42:30.645+0530] {processor.py:914} INFO - Processing file /Users/parthmac/Desktop/Projects/Flight Data Engineering/flight-env/lib/python3.12/site-packages/airflow/example_dags/example_sla_dag.py for tasks to queue
[2025-09-02T17:42:30.645+0530] {logging_mixin.py:190} INFO - [2025-09-02T17:42:30.645+0530] {dagbag.py:588} INFO - Filling up the DagBag from /Users/parthmac/Desktop/Projects/Flight Data Engineering/flight-env/lib/python3.12/site-packages/airflow/example_dags/example_sla_dag.py
[2025-09-02T17:42:30.658+0530] {processor.py:925} INFO - DAG(s) 'example_sla_dag' retrieved from /Users/parthmac/Desktop/Projects/Flight Data Engineering/flight-env/lib/python3.12/site-packages/airflow/example_dags/example_sla_dag.py
[2025-09-02T17:42:30.683+0530] {logging_mixin.py:190} INFO - [2025-09-02T17:42:30.683+0530] {dag.py:3239} INFO - Sync 1 DAGs
[2025-09-02T17:42:30.689+0530] {logging_mixin.py:190} INFO - [2025-09-02T17:42:30.689+0530] {dag.py:4180} INFO - Setting next_dagrun for example_sla_dag to 2025-09-02 12:10:00+00:00, run_after=2025-09-02 12:12:00+00:00
[2025-09-02T17:42:30.694+0530] {processor.py:208} INFO - Processing /Users/parthmac/Desktop/Projects/Flight Data Engineering/flight-env/lib/python3.12/site-packages/airflow/example_dags/example_sla_dag.py took 0.050 seconds
[2025-09-02T17:43:56.143+0530] {processor.py:186} INFO - Started process (PID=31745) to work on /Users/parthmac/Desktop/Projects/Flight Data Engineering/flight-env/lib/python3.12/site-packages/airflow/example_dags/example_sla_dag.py
[2025-09-02T17:43:56.143+0530] {processor.py:914} INFO - Processing file /Users/parthmac/Desktop/Projects/Flight Data Engineering/flight-env/lib/python3.12/site-packages/airflow/example_dags/example_sla_dag.py for tasks to queue
[2025-09-02T17:43:56.143+0530] {logging_mixin.py:190} INFO - [2025-09-02T17:43:56.143+0530] {dagbag.py:588} INFO - Filling up the DagBag from /Users/parthmac/Desktop/Projects/Flight Data Engineering/flight-env/lib/python3.12/site-packages/airflow/example_dags/example_sla_dag.py
[2025-09-02T17:43:56.155+0530] {processor.py:925} INFO - DAG(s) 'example_sla_dag' retrieved from /Users/parthmac/Desktop/Projects/Flight Data Engineering/flight-env/lib/python3.12/site-packages/airflow/example_dags/example_sla_dag.py
[2025-09-02T17:43:56.179+0530] {logging_mixin.py:190} INFO - [2025-09-02T17:43:56.179+0530] {dag.py:3239} INFO - Sync 1 DAGs
[2025-09-02T17:43:56.184+0530] {logging_mixin.py:190} INFO - [2025-09-02T17:43:56.184+0530] {dag.py:4180} INFO - Setting next_dagrun for example_sla_dag to 2025-09-02 12:10:00+00:00, run_after=2025-09-02 12:12:00+00:00
[2025-09-02T17:43:56.188+0530] {processor.py:208} INFO - Processing /Users/parthmac/Desktop/Projects/Flight Data Engineering/flight-env/lib/python3.12/site-packages/airflow/example_dags/example_sla_dag.py took 0.047 seconds
[2025-09-02T17:46:55.600+0530] {processor.py:186} INFO - Started process (PID=32584) to work on /Users/parthmac/Desktop/Projects/Flight Data Engineering/flight-env/lib/python3.12/site-packages/airflow/example_dags/example_sla_dag.py
[2025-09-02T17:46:55.600+0530] {processor.py:914} INFO - Processing file /Users/parthmac/Desktop/Projects/Flight Data Engineering/flight-env/lib/python3.12/site-packages/airflow/example_dags/example_sla_dag.py for tasks to queue
[2025-09-02T17:46:55.601+0530] {logging_mixin.py:190} INFO - [2025-09-02T17:46:55.601+0530] {dagbag.py:588} INFO - Filling up the DagBag from /Users/parthmac/Desktop/Projects/Flight Data Engineering/flight-env/lib/python3.12/site-packages/airflow/example_dags/example_sla_dag.py
[2025-09-02T17:46:55.612+0530] {processor.py:925} INFO - DAG(s) 'example_sla_dag' retrieved from /Users/parthmac/Desktop/Projects/Flight Data Engineering/flight-env/lib/python3.12/site-packages/airflow/example_dags/example_sla_dag.py
[2025-09-02T17:46:55.635+0530] {logging_mixin.py:190} INFO - [2025-09-02T17:46:55.635+0530] {dag.py:3239} INFO - Sync 1 DAGs
[2025-09-02T17:46:55.640+0530] {logging_mixin.py:190} INFO - [2025-09-02T17:46:55.640+0530] {dag.py:4180} INFO - Setting next_dagrun for example_sla_dag to 2025-09-02 12:14:00+00:00, run_after=2025-09-02 12:16:00+00:00
[2025-09-02T17:46:55.644+0530] {processor.py:208} INFO - Processing /Users/parthmac/Desktop/Projects/Flight Data Engineering/flight-env/lib/python3.12/site-packages/airflow/example_dags/example_sla_dag.py took 0.045 seconds
[2025-09-02T17:48:20.653+0530] {processor.py:186} INFO - Started process (PID=32711) to work on /Users/parthmac/Desktop/Projects/Flight Data Engineering/flight-env/lib/python3.12/site-packages/airflow/example_dags/example_sla_dag.py
[2025-09-02T17:48:20.653+0530] {processor.py:914} INFO - Processing file /Users/parthmac/Desktop/Projects/Flight Data Engineering/flight-env/lib/python3.12/site-packages/airflow/example_dags/example_sla_dag.py for tasks to queue
[2025-09-02T17:48:20.653+0530] {logging_mixin.py:190} INFO - [2025-09-02T17:48:20.653+0530] {dagbag.py:588} INFO - Filling up the DagBag from /Users/parthmac/Desktop/Projects/Flight Data Engineering/flight-env/lib/python3.12/site-packages/airflow/example_dags/example_sla_dag.py
[2025-09-02T17:48:20.665+0530] {processor.py:925} INFO - DAG(s) 'example_sla_dag' retrieved from /Users/parthmac/Desktop/Projects/Flight Data Engineering/flight-env/lib/python3.12/site-packages/airflow/example_dags/example_sla_dag.py
[2025-09-02T17:48:20.690+0530] {logging_mixin.py:190} INFO - [2025-09-02T17:48:20.690+0530] {dag.py:3239} INFO - Sync 1 DAGs
[2025-09-02T17:48:20.695+0530] {logging_mixin.py:190} INFO - [2025-09-02T17:48:20.695+0530] {dag.py:4180} INFO - Setting next_dagrun for example_sla_dag to 2025-09-02 12:16:00+00:00, run_after=2025-09-02 12:18:00+00:00
[2025-09-02T17:48:20.700+0530] {processor.py:208} INFO - Processing /Users/parthmac/Desktop/Projects/Flight Data Engineering/flight-env/lib/python3.12/site-packages/airflow/example_dags/example_sla_dag.py took 0.048 seconds
[2025-09-02T17:50:08.508+0530] {processor.py:186} INFO - Started process (PID=33138) to work on /Users/parthmac/Desktop/Projects/Flight Data Engineering/flight-env/lib/python3.12/site-packages/airflow/example_dags/example_sla_dag.py
[2025-09-02T17:50:08.508+0530] {processor.py:914} INFO - Processing file /Users/parthmac/Desktop/Projects/Flight Data Engineering/flight-env/lib/python3.12/site-packages/airflow/example_dags/example_sla_dag.py for tasks to queue
[2025-09-02T17:50:08.509+0530] {logging_mixin.py:190} INFO - [2025-09-02T17:50:08.509+0530] {dagbag.py:588} INFO - Filling up the DagBag from /Users/parthmac/Desktop/Projects/Flight Data Engineering/flight-env/lib/python3.12/site-packages/airflow/example_dags/example_sla_dag.py
[2025-09-02T17:50:08.520+0530] {processor.py:925} INFO - DAG(s) 'example_sla_dag' retrieved from /Users/parthmac/Desktop/Projects/Flight Data Engineering/flight-env/lib/python3.12/site-packages/airflow/example_dags/example_sla_dag.py
[2025-09-02T17:50:08.545+0530] {logging_mixin.py:190} INFO - [2025-09-02T17:50:08.545+0530] {dag.py:3239} INFO - Sync 1 DAGs
[2025-09-02T17:50:08.550+0530] {logging_mixin.py:190} INFO - [2025-09-02T17:50:08.550+0530] {dag.py:4180} INFO - Setting next_dagrun for example_sla_dag to 2025-09-02 12:18:00+00:00, run_after=2025-09-02 12:20:00+00:00
[2025-09-02T17:50:08.555+0530] {processor.py:208} INFO - Processing /Users/parthmac/Desktop/Projects/Flight Data Engineering/flight-env/lib/python3.12/site-packages/airflow/example_dags/example_sla_dag.py took 0.048 seconds
[2025-09-02T17:54:36.268+0530] {processor.py:186} INFO - Started process (PID=34772) to work on /Users/parthmac/Desktop/Projects/Flight Data Engineering/flight-env/lib/python3.12/site-packages/airflow/example_dags/example_sla_dag.py
[2025-09-02T17:54:36.269+0530] {processor.py:914} INFO - Processing file /Users/parthmac/Desktop/Projects/Flight Data Engineering/flight-env/lib/python3.12/site-packages/airflow/example_dags/example_sla_dag.py for tasks to queue
[2025-09-02T17:54:36.269+0530] {logging_mixin.py:190} INFO - [2025-09-02T17:54:36.269+0530] {dagbag.py:588} INFO - Filling up the DagBag from /Users/parthmac/Desktop/Projects/Flight Data Engineering/flight-env/lib/python3.12/site-packages/airflow/example_dags/example_sla_dag.py
[2025-09-02T17:54:36.284+0530] {processor.py:925} INFO - DAG(s) 'example_sla_dag' retrieved from /Users/parthmac/Desktop/Projects/Flight Data Engineering/flight-env/lib/python3.12/site-packages/airflow/example_dags/example_sla_dag.py
[2025-09-02T17:54:36.309+0530] {logging_mixin.py:190} INFO - [2025-09-02T17:54:36.308+0530] {dag.py:3239} INFO - Sync 1 DAGs
[2025-09-02T17:54:36.314+0530] {logging_mixin.py:190} INFO - [2025-09-02T17:54:36.314+0530] {dag.py:4180} INFO - Setting next_dagrun for example_sla_dag to 2025-09-02 12:22:00+00:00, run_after=2025-09-02 12:24:00+00:00
[2025-09-02T17:54:36.319+0530] {processor.py:208} INFO - Processing /Users/parthmac/Desktop/Projects/Flight Data Engineering/flight-env/lib/python3.12/site-packages/airflow/example_dags/example_sla_dag.py took 0.052 seconds
