[2025-09-02T16:57:27.737+0530] {processor.py:186} INFO - Started process (PID=26320) to work on /Users/parthmac/Desktop/Projects/Flight Data Engineering/flight-env/lib/python3.12/site-packages/airflow/example_dags/example_workday_timetable.py
[2025-09-02T16:57:27.737+0530] {processor.py:914} INFO - Processing file /Users/parthmac/Desktop/Projects/Flight Data Engineering/flight-env/lib/python3.12/site-packages/airflow/example_dags/example_workday_timetable.py for tasks to queue
[2025-09-02T16:57:27.737+0530] {logging_mixin.py:190} INFO - [2025-09-02T16:57:27.737+0530] {dagbag.py:588} INFO - Filling up the DagBag from /Users/parthmac/Desktop/Projects/Flight Data Engineering/flight-env/lib/python3.12/site-packages/airflow/example_dags/example_workday_timetable.py
[2025-09-02T16:57:27.932+0530] {processor.py:925} INFO - DAG(s) 'example_workday_timetable' retrieved from /Users/parthmac/Desktop/Projects/Flight Data Engineering/flight-env/lib/python3.12/site-packages/airflow/example_dags/example_workday_timetable.py
[2025-09-02T16:57:27.985+0530] {logging_mixin.py:190} INFO - [2025-09-02T16:57:27.985+0530] {override.py:1900} INFO - Created Permission View: can delete on DAG:example_workday_timetable
[2025-09-02T16:57:27.988+0530] {logging_mixin.py:190} INFO - [2025-09-02T16:57:27.988+0530] {override.py:1900} INFO - Created Permission View: can read on DAG:example_workday_timetable
[2025-09-02T16:57:27.989+0530] {logging_mixin.py:190} INFO - [2025-09-02T16:57:27.989+0530] {override.py:1900} INFO - Created Permission View: can edit on DAG:example_workday_timetable
[2025-09-02T16:57:27.991+0530] {logging_mixin.py:190} INFO - [2025-09-02T16:57:27.991+0530] {override.py:1900} INFO - Created Permission View: can read on DAG Run:example_workday_timetable
[2025-09-02T16:57:27.992+0530] {logging_mixin.py:190} INFO - [2025-09-02T16:57:27.992+0530] {override.py:1900} INFO - Created Permission View: menu access on DAG Run:example_workday_timetable
[2025-09-02T16:57:27.994+0530] {logging_mixin.py:190} INFO - [2025-09-02T16:57:27.994+0530] {override.py:1900} INFO - Created Permission View: can create on DAG Run:example_workday_timetable
[2025-09-02T16:57:27.995+0530] {logging_mixin.py:190} INFO - [2025-09-02T16:57:27.995+0530] {override.py:1900} INFO - Created Permission View: can delete on DAG Run:example_workday_timetable
[2025-09-02T16:57:27.995+0530] {logging_mixin.py:190} INFO - [2025-09-02T16:57:27.995+0530] {dag.py:3239} INFO - Sync 1 DAGs
[2025-09-02T16:57:27.998+0530] {logging_mixin.py:190} INFO - [2025-09-02T16:57:27.998+0530] {dag.py:3262} INFO - Creating ORM DAG for example_workday_timetable
[2025-09-02T16:57:28.011+0530] {logging_mixin.py:190} INFO - [2025-09-02T16:57:28.010+0530] {dag.py:4180} INFO - Setting next_dagrun for example_workday_timetable to 2021-01-04 00:00:00+00:00, run_after=2021-01-05 00:00:00+00:00
[2025-09-02T16:57:28.015+0530] {processor.py:208} INFO - Processing /Users/parthmac/Desktop/Projects/Flight Data Engineering/flight-env/lib/python3.12/site-packages/airflow/example_dags/example_workday_timetable.py took 0.279 seconds
[2025-09-02T16:58:59.012+0530] {processor.py:186} INFO - Started process (PID=26405) to work on /Users/parthmac/Desktop/Projects/Flight Data Engineering/flight-env/lib/python3.12/site-packages/airflow/example_dags/example_workday_timetable.py
[2025-09-02T16:58:59.013+0530] {processor.py:914} INFO - Processing file /Users/parthmac/Desktop/Projects/Flight Data Engineering/flight-env/lib/python3.12/site-packages/airflow/example_dags/example_workday_timetable.py for tasks to queue
[2025-09-02T16:58:59.013+0530] {logging_mixin.py:190} INFO - [2025-09-02T16:58:59.013+0530] {dagbag.py:588} INFO - Filling up the DagBag from /Users/parthmac/Desktop/Projects/Flight Data Engineering/flight-env/lib/python3.12/site-packages/airflow/example_dags/example_workday_timetable.py
[2025-09-02T16:58:59.203+0530] {processor.py:925} INFO - DAG(s) 'example_workday_timetable' retrieved from /Users/parthmac/Desktop/Projects/Flight Data Engineering/flight-env/lib/python3.12/site-packages/airflow/example_dags/example_workday_timetable.py
[2025-09-02T16:58:59.232+0530] {logging_mixin.py:190} INFO - [2025-09-02T16:58:59.232+0530] {dag.py:3239} INFO - Sync 1 DAGs
[2025-09-02T16:58:59.244+0530] {logging_mixin.py:190} INFO - [2025-09-02T16:58:59.244+0530] {dag.py:4180} INFO - Setting next_dagrun for example_workday_timetable to 2021-01-04 00:00:00+00:00, run_after=2021-01-05 00:00:00+00:00
[2025-09-02T16:58:59.249+0530] {processor.py:208} INFO - Processing /Users/parthmac/Desktop/Projects/Flight Data Engineering/flight-env/lib/python3.12/site-packages/airflow/example_dags/example_workday_timetable.py took 0.238 seconds
[2025-09-02T17:05:22.405+0530] {processor.py:186} INFO - Started process (PID=27585) to work on /Users/parthmac/Desktop/Projects/Flight Data Engineering/flight-env/lib/python3.12/site-packages/airflow/example_dags/example_workday_timetable.py
[2025-09-02T17:05:22.406+0530] {processor.py:914} INFO - Processing file /Users/parthmac/Desktop/Projects/Flight Data Engineering/flight-env/lib/python3.12/site-packages/airflow/example_dags/example_workday_timetable.py for tasks to queue
[2025-09-02T17:05:22.407+0530] {logging_mixin.py:190} INFO - [2025-09-02T17:05:22.407+0530] {dagbag.py:588} INFO - Filling up the DagBag from /Users/parthmac/Desktop/Projects/Flight Data Engineering/flight-env/lib/python3.12/site-packages/airflow/example_dags/example_workday_timetable.py
[2025-09-02T17:05:22.596+0530] {processor.py:925} INFO - DAG(s) 'example_workday_timetable' retrieved from /Users/parthmac/Desktop/Projects/Flight Data Engineering/flight-env/lib/python3.12/site-packages/airflow/example_dags/example_workday_timetable.py
[2025-09-02T17:05:22.626+0530] {logging_mixin.py:190} INFO - [2025-09-02T17:05:22.626+0530] {dag.py:3239} INFO - Sync 1 DAGs
[2025-09-02T17:05:22.637+0530] {logging_mixin.py:190} INFO - [2025-09-02T17:05:22.637+0530] {dag.py:4180} INFO - Setting next_dagrun for example_workday_timetable to 2021-01-04 00:00:00+00:00, run_after=2021-01-05 00:00:00+00:00
[2025-09-02T17:05:22.642+0530] {processor.py:208} INFO - Processing /Users/parthmac/Desktop/Projects/Flight Data Engineering/flight-env/lib/python3.12/site-packages/airflow/example_dags/example_workday_timetable.py took 0.237 seconds
[2025-09-02T17:06:46.894+0530] {processor.py:186} INFO - Started process (PID=27665) to work on /Users/parthmac/Desktop/Projects/Flight Data Engineering/flight-env/lib/python3.12/site-packages/airflow/example_dags/example_workday_timetable.py
[2025-09-02T17:06:46.895+0530] {processor.py:914} INFO - Processing file /Users/parthmac/Desktop/Projects/Flight Data Engineering/flight-env/lib/python3.12/site-packages/airflow/example_dags/example_workday_timetable.py for tasks to queue
[2025-09-02T17:06:46.895+0530] {logging_mixin.py:190} INFO - [2025-09-02T17:06:46.895+0530] {dagbag.py:588} INFO - Filling up the DagBag from /Users/parthmac/Desktop/Projects/Flight Data Engineering/flight-env/lib/python3.12/site-packages/airflow/example_dags/example_workday_timetable.py
[2025-09-02T17:06:47.084+0530] {processor.py:925} INFO - DAG(s) 'example_workday_timetable' retrieved from /Users/parthmac/Desktop/Projects/Flight Data Engineering/flight-env/lib/python3.12/site-packages/airflow/example_dags/example_workday_timetable.py
[2025-09-02T17:06:47.113+0530] {logging_mixin.py:190} INFO - [2025-09-02T17:06:47.113+0530] {dag.py:3239} INFO - Sync 1 DAGs
[2025-09-02T17:06:47.125+0530] {logging_mixin.py:190} INFO - [2025-09-02T17:06:47.125+0530] {dag.py:4180} INFO - Setting next_dagrun for example_workday_timetable to 2021-01-04 00:00:00+00:00, run_after=2021-01-05 00:00:00+00:00
[2025-09-02T17:06:47.130+0530] {processor.py:208} INFO - Processing /Users/parthmac/Desktop/Projects/Flight Data Engineering/flight-env/lib/python3.12/site-packages/airflow/example_dags/example_workday_timetable.py took 0.237 seconds
[2025-09-02T17:07:40.706+0530] {processor.py:186} INFO - Started process (PID=27743) to work on /Users/parthmac/Desktop/Projects/Flight Data Engineering/flight-env/lib/python3.12/site-packages/airflow/example_dags/example_workday_timetable.py
[2025-09-02T17:07:40.707+0530] {processor.py:914} INFO - Processing file /Users/parthmac/Desktop/Projects/Flight Data Engineering/flight-env/lib/python3.12/site-packages/airflow/example_dags/example_workday_timetable.py for tasks to queue
[2025-09-02T17:07:40.707+0530] {logging_mixin.py:190} INFO - [2025-09-02T17:07:40.707+0530] {dagbag.py:588} INFO - Filling up the DagBag from /Users/parthmac/Desktop/Projects/Flight Data Engineering/flight-env/lib/python3.12/site-packages/airflow/example_dags/example_workday_timetable.py
[2025-09-02T17:07:40.902+0530] {processor.py:925} INFO - DAG(s) 'example_workday_timetable' retrieved from /Users/parthmac/Desktop/Projects/Flight Data Engineering/flight-env/lib/python3.12/site-packages/airflow/example_dags/example_workday_timetable.py
[2025-09-02T17:07:40.930+0530] {logging_mixin.py:190} INFO - [2025-09-02T17:07:40.930+0530] {dag.py:3239} INFO - Sync 1 DAGs
[2025-09-02T17:07:40.943+0530] {logging_mixin.py:190} INFO - [2025-09-02T17:07:40.943+0530] {dag.py:4180} INFO - Setting next_dagrun for example_workday_timetable to 2021-01-04 00:00:00+00:00, run_after=2021-01-05 00:00:00+00:00
[2025-09-02T17:07:40.947+0530] {processor.py:208} INFO - Processing /Users/parthmac/Desktop/Projects/Flight Data Engineering/flight-env/lib/python3.12/site-packages/airflow/example_dags/example_workday_timetable.py took 0.242 seconds
[2025-09-02T17:42:19.768+0530] {processor.py:186} INFO - Started process (PID=31585) to work on /Users/parthmac/Desktop/Projects/Flight Data Engineering/flight-env/lib/python3.12/site-packages/airflow/example_dags/example_workday_timetable.py
[2025-09-02T17:42:19.768+0530] {processor.py:914} INFO - Processing file /Users/parthmac/Desktop/Projects/Flight Data Engineering/flight-env/lib/python3.12/site-packages/airflow/example_dags/example_workday_timetable.py for tasks to queue
[2025-09-02T17:42:19.769+0530] {logging_mixin.py:190} INFO - [2025-09-02T17:42:19.769+0530] {dagbag.py:588} INFO - Filling up the DagBag from /Users/parthmac/Desktop/Projects/Flight Data Engineering/flight-env/lib/python3.12/site-packages/airflow/example_dags/example_workday_timetable.py
[2025-09-02T17:42:19.954+0530] {processor.py:925} INFO - DAG(s) 'example_workday_timetable' retrieved from /Users/parthmac/Desktop/Projects/Flight Data Engineering/flight-env/lib/python3.12/site-packages/airflow/example_dags/example_workday_timetable.py
[2025-09-02T17:42:19.983+0530] {logging_mixin.py:190} INFO - [2025-09-02T17:42:19.983+0530] {dag.py:3239} INFO - Sync 1 DAGs
[2025-09-02T17:42:19.994+0530] {logging_mixin.py:190} INFO - [2025-09-02T17:42:19.994+0530] {dag.py:4180} INFO - Setting next_dagrun for example_workday_timetable to 2021-01-04 00:00:00+00:00, run_after=2021-01-05 00:00:00+00:00
[2025-09-02T17:42:19.999+0530] {processor.py:208} INFO - Processing /Users/parthmac/Desktop/Projects/Flight Data Engineering/flight-env/lib/python3.12/site-packages/airflow/example_dags/example_workday_timetable.py took 0.231 seconds
[2025-09-02T17:43:44.147+0530] {processor.py:186} INFO - Started process (PID=31738) to work on /Users/parthmac/Desktop/Projects/Flight Data Engineering/flight-env/lib/python3.12/site-packages/airflow/example_dags/example_workday_timetable.py
[2025-09-02T17:43:44.147+0530] {processor.py:914} INFO - Processing file /Users/parthmac/Desktop/Projects/Flight Data Engineering/flight-env/lib/python3.12/site-packages/airflow/example_dags/example_workday_timetable.py for tasks to queue
[2025-09-02T17:43:44.147+0530] {logging_mixin.py:190} INFO - [2025-09-02T17:43:44.147+0530] {dagbag.py:588} INFO - Filling up the DagBag from /Users/parthmac/Desktop/Projects/Flight Data Engineering/flight-env/lib/python3.12/site-packages/airflow/example_dags/example_workday_timetable.py
[2025-09-02T17:43:44.334+0530] {processor.py:925} INFO - DAG(s) 'example_workday_timetable' retrieved from /Users/parthmac/Desktop/Projects/Flight Data Engineering/flight-env/lib/python3.12/site-packages/airflow/example_dags/example_workday_timetable.py
[2025-09-02T17:43:44.363+0530] {logging_mixin.py:190} INFO - [2025-09-02T17:43:44.363+0530] {dag.py:3239} INFO - Sync 1 DAGs
[2025-09-02T17:43:44.375+0530] {logging_mixin.py:190} INFO - [2025-09-02T17:43:44.374+0530] {dag.py:4180} INFO - Setting next_dagrun for example_workday_timetable to 2021-01-04 00:00:00+00:00, run_after=2021-01-05 00:00:00+00:00
[2025-09-02T17:43:44.379+0530] {processor.py:208} INFO - Processing /Users/parthmac/Desktop/Projects/Flight Data Engineering/flight-env/lib/python3.12/site-packages/airflow/example_dags/example_workday_timetable.py took 0.234 seconds
[2025-09-02T17:46:44.771+0530] {processor.py:186} INFO - Started process (PID=32576) to work on /Users/parthmac/Desktop/Projects/Flight Data Engineering/flight-env/lib/python3.12/site-packages/airflow/example_dags/example_workday_timetable.py
[2025-09-02T17:46:44.771+0530] {processor.py:914} INFO - Processing file /Users/parthmac/Desktop/Projects/Flight Data Engineering/flight-env/lib/python3.12/site-packages/airflow/example_dags/example_workday_timetable.py for tasks to queue
[2025-09-02T17:46:44.772+0530] {logging_mixin.py:190} INFO - [2025-09-02T17:46:44.772+0530] {dagbag.py:588} INFO - Filling up the DagBag from /Users/parthmac/Desktop/Projects/Flight Data Engineering/flight-env/lib/python3.12/site-packages/airflow/example_dags/example_workday_timetable.py
[2025-09-02T17:46:44.959+0530] {processor.py:925} INFO - DAG(s) 'example_workday_timetable' retrieved from /Users/parthmac/Desktop/Projects/Flight Data Engineering/flight-env/lib/python3.12/site-packages/airflow/example_dags/example_workday_timetable.py
[2025-09-02T17:46:44.988+0530] {logging_mixin.py:190} INFO - [2025-09-02T17:46:44.988+0530] {dag.py:3239} INFO - Sync 1 DAGs
[2025-09-02T17:46:44.999+0530] {logging_mixin.py:190} INFO - [2025-09-02T17:46:44.999+0530] {dag.py:4180} INFO - Setting next_dagrun for example_workday_timetable to 2021-01-04 00:00:00+00:00, run_after=2021-01-05 00:00:00+00:00
[2025-09-02T17:46:45.004+0530] {processor.py:208} INFO - Processing /Users/parthmac/Desktop/Projects/Flight Data Engineering/flight-env/lib/python3.12/site-packages/airflow/example_dags/example_workday_timetable.py took 0.234 seconds
[2025-09-02T17:48:09.800+0530] {processor.py:186} INFO - Started process (PID=32687) to work on /Users/parthmac/Desktop/Projects/Flight Data Engineering/flight-env/lib/python3.12/site-packages/airflow/example_dags/example_workday_timetable.py
[2025-09-02T17:48:09.800+0530] {processor.py:914} INFO - Processing file /Users/parthmac/Desktop/Projects/Flight Data Engineering/flight-env/lib/python3.12/site-packages/airflow/example_dags/example_workday_timetable.py for tasks to queue
[2025-09-02T17:48:09.801+0530] {logging_mixin.py:190} INFO - [2025-09-02T17:48:09.801+0530] {dagbag.py:588} INFO - Filling up the DagBag from /Users/parthmac/Desktop/Projects/Flight Data Engineering/flight-env/lib/python3.12/site-packages/airflow/example_dags/example_workday_timetable.py
[2025-09-02T17:48:09.996+0530] {processor.py:925} INFO - DAG(s) 'example_workday_timetable' retrieved from /Users/parthmac/Desktop/Projects/Flight Data Engineering/flight-env/lib/python3.12/site-packages/airflow/example_dags/example_workday_timetable.py
[2025-09-02T17:48:10.025+0530] {logging_mixin.py:190} INFO - [2025-09-02T17:48:10.025+0530] {dag.py:3239} INFO - Sync 1 DAGs
[2025-09-02T17:48:10.037+0530] {logging_mixin.py:190} INFO - [2025-09-02T17:48:10.037+0530] {dag.py:4180} INFO - Setting next_dagrun for example_workday_timetable to 2021-01-04 00:00:00+00:00, run_after=2021-01-05 00:00:00+00:00
[2025-09-02T17:48:10.042+0530] {processor.py:208} INFO - Processing /Users/parthmac/Desktop/Projects/Flight Data Engineering/flight-env/lib/python3.12/site-packages/airflow/example_dags/example_workday_timetable.py took 0.243 seconds
[2025-09-02T17:49:02.694+0530] {processor.py:186} INFO - Started process (PID=32747) to work on /Users/parthmac/Desktop/Projects/Flight Data Engineering/flight-env/lib/python3.12/site-packages/airflow/example_dags/example_workday_timetable.py
[2025-09-02T17:49:02.694+0530] {processor.py:914} INFO - Processing file /Users/parthmac/Desktop/Projects/Flight Data Engineering/flight-env/lib/python3.12/site-packages/airflow/example_dags/example_workday_timetable.py for tasks to queue
[2025-09-02T17:49:02.694+0530] {logging_mixin.py:190} INFO - [2025-09-02T17:49:02.694+0530] {dagbag.py:588} INFO - Filling up the DagBag from /Users/parthmac/Desktop/Projects/Flight Data Engineering/flight-env/lib/python3.12/site-packages/airflow/example_dags/example_workday_timetable.py
[2025-09-02T17:49:02.905+0530] {processor.py:925} INFO - DAG(s) 'example_workday_timetable' retrieved from /Users/parthmac/Desktop/Projects/Flight Data Engineering/flight-env/lib/python3.12/site-packages/airflow/example_dags/example_workday_timetable.py
[2025-09-02T17:49:02.935+0530] {logging_mixin.py:190} INFO - [2025-09-02T17:49:02.935+0530] {dag.py:3239} INFO - Sync 1 DAGs
[2025-09-02T17:49:02.947+0530] {logging_mixin.py:190} INFO - [2025-09-02T17:49:02.947+0530] {dag.py:4180} INFO - Setting next_dagrun for example_workday_timetable to 2021-01-04 00:00:00+00:00, run_after=2021-01-05 00:00:00+00:00
[2025-09-02T17:49:02.952+0530] {processor.py:208} INFO - Processing /Users/parthmac/Desktop/Projects/Flight Data Engineering/flight-env/lib/python3.12/site-packages/airflow/example_dags/example_workday_timetable.py took 0.259 seconds
[2025-09-02T17:49:57.537+0530] {processor.py:186} INFO - Started process (PID=33020) to work on /Users/parthmac/Desktop/Projects/Flight Data Engineering/flight-env/lib/python3.12/site-packages/airflow/example_dags/example_workday_timetable.py
[2025-09-02T17:49:57.538+0530] {processor.py:914} INFO - Processing file /Users/parthmac/Desktop/Projects/Flight Data Engineering/flight-env/lib/python3.12/site-packages/airflow/example_dags/example_workday_timetable.py for tasks to queue
[2025-09-02T17:49:57.538+0530] {logging_mixin.py:190} INFO - [2025-09-02T17:49:57.538+0530] {dagbag.py:588} INFO - Filling up the DagBag from /Users/parthmac/Desktop/Projects/Flight Data Engineering/flight-env/lib/python3.12/site-packages/airflow/example_dags/example_workday_timetable.py
[2025-09-02T17:49:57.731+0530] {processor.py:925} INFO - DAG(s) 'example_workday_timetable' retrieved from /Users/parthmac/Desktop/Projects/Flight Data Engineering/flight-env/lib/python3.12/site-packages/airflow/example_dags/example_workday_timetable.py
[2025-09-02T17:49:57.760+0530] {logging_mixin.py:190} INFO - [2025-09-02T17:49:57.760+0530] {dag.py:3239} INFO - Sync 1 DAGs
[2025-09-02T17:49:57.771+0530] {logging_mixin.py:190} INFO - [2025-09-02T17:49:57.771+0530] {dag.py:4180} INFO - Setting next_dagrun for example_workday_timetable to 2021-01-04 00:00:00+00:00, run_after=2021-01-05 00:00:00+00:00
[2025-09-02T17:49:57.776+0530] {processor.py:208} INFO - Processing /Users/parthmac/Desktop/Projects/Flight Data Engineering/flight-env/lib/python3.12/site-packages/airflow/example_dags/example_workday_timetable.py took 0.240 seconds
[2025-09-02T17:50:48.141+0530] {processor.py:186} INFO - Started process (PID=33184) to work on /Users/parthmac/Desktop/Projects/Flight Data Engineering/flight-env/lib/python3.12/site-packages/airflow/example_dags/example_workday_timetable.py
[2025-09-02T17:50:48.142+0530] {processor.py:914} INFO - Processing file /Users/parthmac/Desktop/Projects/Flight Data Engineering/flight-env/lib/python3.12/site-packages/airflow/example_dags/example_workday_timetable.py for tasks to queue
[2025-09-02T17:50:48.142+0530] {logging_mixin.py:190} INFO - [2025-09-02T17:50:48.142+0530] {dagbag.py:588} INFO - Filling up the DagBag from /Users/parthmac/Desktop/Projects/Flight Data Engineering/flight-env/lib/python3.12/site-packages/airflow/example_dags/example_workday_timetable.py
[2025-09-02T17:50:48.335+0530] {processor.py:925} INFO - DAG(s) 'example_workday_timetable' retrieved from /Users/parthmac/Desktop/Projects/Flight Data Engineering/flight-env/lib/python3.12/site-packages/airflow/example_dags/example_workday_timetable.py
[2025-09-02T17:50:48.364+0530] {logging_mixin.py:190} INFO - [2025-09-02T17:50:48.364+0530] {dag.py:3239} INFO - Sync 1 DAGs
[2025-09-02T17:50:48.375+0530] {logging_mixin.py:190} INFO - [2025-09-02T17:50:48.375+0530] {dag.py:4180} INFO - Setting next_dagrun for example_workday_timetable to 2021-01-04 00:00:00+00:00, run_after=2021-01-05 00:00:00+00:00
[2025-09-02T17:50:48.380+0530] {processor.py:208} INFO - Processing /Users/parthmac/Desktop/Projects/Flight Data Engineering/flight-env/lib/python3.12/site-packages/airflow/example_dags/example_workday_timetable.py took 0.240 seconds
[2025-09-02T17:51:44.890+0530] {processor.py:186} INFO - Started process (PID=33254) to work on /Users/parthmac/Desktop/Projects/Flight Data Engineering/flight-env/lib/python3.12/site-packages/airflow/example_dags/example_workday_timetable.py
[2025-09-02T17:51:44.890+0530] {processor.py:914} INFO - Processing file /Users/parthmac/Desktop/Projects/Flight Data Engineering/flight-env/lib/python3.12/site-packages/airflow/example_dags/example_workday_timetable.py for tasks to queue
[2025-09-02T17:51:44.890+0530] {logging_mixin.py:190} INFO - [2025-09-02T17:51:44.890+0530] {dagbag.py:588} INFO - Filling up the DagBag from /Users/parthmac/Desktop/Projects/Flight Data Engineering/flight-env/lib/python3.12/site-packages/airflow/example_dags/example_workday_timetable.py
[2025-09-02T17:51:45.085+0530] {processor.py:925} INFO - DAG(s) 'example_workday_timetable' retrieved from /Users/parthmac/Desktop/Projects/Flight Data Engineering/flight-env/lib/python3.12/site-packages/airflow/example_dags/example_workday_timetable.py
[2025-09-02T17:51:45.115+0530] {logging_mixin.py:190} INFO - [2025-09-02T17:51:45.115+0530] {dag.py:3239} INFO - Sync 1 DAGs
[2025-09-02T17:51:45.127+0530] {logging_mixin.py:190} INFO - [2025-09-02T17:51:45.127+0530] {dag.py:4180} INFO - Setting next_dagrun for example_workday_timetable to 2021-01-04 00:00:00+00:00, run_after=2021-01-05 00:00:00+00:00
[2025-09-02T17:51:45.132+0530] {processor.py:208} INFO - Processing /Users/parthmac/Desktop/Projects/Flight Data Engineering/flight-env/lib/python3.12/site-packages/airflow/example_dags/example_workday_timetable.py took 0.243 seconds
[2025-09-02T17:54:23.947+0530] {processor.py:186} INFO - Started process (PID=34764) to work on /Users/parthmac/Desktop/Projects/Flight Data Engineering/flight-env/lib/python3.12/site-packages/airflow/example_dags/example_workday_timetable.py
[2025-09-02T17:54:23.947+0530] {processor.py:914} INFO - Processing file /Users/parthmac/Desktop/Projects/Flight Data Engineering/flight-env/lib/python3.12/site-packages/airflow/example_dags/example_workday_timetable.py for tasks to queue
[2025-09-02T17:54:23.948+0530] {logging_mixin.py:190} INFO - [2025-09-02T17:54:23.948+0530] {dagbag.py:588} INFO - Filling up the DagBag from /Users/parthmac/Desktop/Projects/Flight Data Engineering/flight-env/lib/python3.12/site-packages/airflow/example_dags/example_workday_timetable.py
[2025-09-02T17:54:24.142+0530] {processor.py:925} INFO - DAG(s) 'example_workday_timetable' retrieved from /Users/parthmac/Desktop/Projects/Flight Data Engineering/flight-env/lib/python3.12/site-packages/airflow/example_dags/example_workday_timetable.py
[2025-09-02T17:54:24.171+0530] {logging_mixin.py:190} INFO - [2025-09-02T17:54:24.171+0530] {dag.py:3239} INFO - Sync 1 DAGs
[2025-09-02T17:54:24.183+0530] {logging_mixin.py:190} INFO - [2025-09-02T17:54:24.183+0530] {dag.py:4180} INFO - Setting next_dagrun for example_workday_timetable to 2021-01-04 00:00:00+00:00, run_after=2021-01-05 00:00:00+00:00
[2025-09-02T17:54:24.188+0530] {processor.py:208} INFO - Processing /Users/parthmac/Desktop/Projects/Flight Data Engineering/flight-env/lib/python3.12/site-packages/airflow/example_dags/example_workday_timetable.py took 0.242 seconds
