[2025-09-02T16:58:34.366+0530] {processor.py:186} INFO - Started process (PID=26383) to work on /Users/parthmac/Desktop/Projects/Flight Data Engineering/flight-env/lib/python3.12/site-packages/airflow/example_dags/example_branch_labels.py
[2025-09-02T16:58:34.367+0530] {processor.py:914} INFO - Processing file /Users/parthmac/Desktop/Projects/Flight Data Engineering/flight-env/lib/python3.12/site-packages/airflow/example_dags/example_branch_labels.py for tasks to queue
[2025-09-02T16:58:34.367+0530] {logging_mixin.py:190} INFO - [2025-09-02T16:58:34.367+0530] {dagbag.py:588} INFO - Filling up the DagBag from /Users/parthmac/Desktop/Projects/Flight Data Engineering/flight-env/lib/python3.12/site-packages/airflow/example_dags/example_branch_labels.py
[2025-09-02T16:58:34.369+0530] {processor.py:925} INFO - DAG(s) 'example_branch_labels' retrieved from /Users/parthmac/Desktop/Projects/Flight Data Engineering/flight-env/lib/python3.12/site-packages/airflow/example_dags/example_branch_labels.py
[2025-09-02T16:58:34.418+0530] {logging_mixin.py:190} INFO - [2025-09-02T16:58:34.418+0530] {override.py:1900} INFO - Created Permission View: can delete on DAG:example_branch_labels
[2025-09-02T16:58:34.421+0530] {logging_mixin.py:190} INFO - [2025-09-02T16:58:34.420+0530] {override.py:1900} INFO - Created Permission View: can read on DAG:example_branch_labels
[2025-09-02T16:58:34.422+0530] {logging_mixin.py:190} INFO - [2025-09-02T16:58:34.422+0530] {override.py:1900} INFO - Created Permission View: can edit on DAG:example_branch_labels
[2025-09-02T16:58:34.424+0530] {logging_mixin.py:190} INFO - [2025-09-02T16:58:34.424+0530] {override.py:1900} INFO - Created Permission View: can delete on DAG Run:example_branch_labels
[2025-09-02T16:58:34.425+0530] {logging_mixin.py:190} INFO - [2025-09-02T16:58:34.425+0530] {override.py:1900} INFO - Created Permission View: menu access on DAG Run:example_branch_labels
[2025-09-02T16:58:34.426+0530] {logging_mixin.py:190} INFO - [2025-09-02T16:58:34.426+0530] {override.py:1900} INFO - Created Permission View: can read on DAG Run:example_branch_labels
[2025-09-02T16:58:34.427+0530] {logging_mixin.py:190} INFO - [2025-09-02T16:58:34.427+0530] {override.py:1900} INFO - Created Permission View: can create on DAG Run:example_branch_labels
[2025-09-02T16:58:34.428+0530] {logging_mixin.py:190} INFO - [2025-09-02T16:58:34.428+0530] {dag.py:3239} INFO - Sync 1 DAGs
[2025-09-02T16:58:34.449+0530] {logging_mixin.py:190} INFO - [2025-09-02T16:58:34.449+0530] {dag.py:3262} INFO - Creating ORM DAG for example_branch_labels
[2025-09-02T16:58:34.452+0530] {logging_mixin.py:190} INFO - [2025-09-02T16:58:34.452+0530] {dag.py:4180} INFO - Setting next_dagrun for example_branch_labels to 2025-09-01 00:00:00+00:00, run_after=2025-09-02 00:00:00+00:00
[2025-09-02T16:58:34.456+0530] {processor.py:208} INFO - Processing /Users/parthmac/Desktop/Projects/Flight Data Engineering/flight-env/lib/python3.12/site-packages/airflow/example_dags/example_branch_labels.py took 0.091 seconds
[2025-09-02T17:06:21.077+0530] {processor.py:186} INFO - Started process (PID=27644) to work on /Users/parthmac/Desktop/Projects/Flight Data Engineering/flight-env/lib/python3.12/site-packages/airflow/example_dags/example_branch_labels.py
[2025-09-02T17:06:21.078+0530] {processor.py:914} INFO - Processing file /Users/parthmac/Desktop/Projects/Flight Data Engineering/flight-env/lib/python3.12/site-packages/airflow/example_dags/example_branch_labels.py for tasks to queue
[2025-09-02T17:06:21.078+0530] {logging_mixin.py:190} INFO - [2025-09-02T17:06:21.078+0530] {dagbag.py:588} INFO - Filling up the DagBag from /Users/parthmac/Desktop/Projects/Flight Data Engineering/flight-env/lib/python3.12/site-packages/airflow/example_dags/example_branch_labels.py
[2025-09-02T17:06:21.080+0530] {processor.py:925} INFO - DAG(s) 'example_branch_labels' retrieved from /Users/parthmac/Desktop/Projects/Flight Data Engineering/flight-env/lib/python3.12/site-packages/airflow/example_dags/example_branch_labels.py
[2025-09-02T17:06:21.105+0530] {logging_mixin.py:190} INFO - [2025-09-02T17:06:21.105+0530] {dag.py:3239} INFO - Sync 1 DAGs
[2025-09-02T17:06:21.109+0530] {logging_mixin.py:190} INFO - [2025-09-02T17:06:21.109+0530] {dag.py:4180} INFO - Setting next_dagrun for example_branch_labels to 2025-09-01 00:00:00+00:00, run_after=2025-09-02 00:00:00+00:00
[2025-09-02T17:06:21.114+0530] {processor.py:208} INFO - Processing /Users/parthmac/Desktop/Projects/Flight Data Engineering/flight-env/lib/python3.12/site-packages/airflow/example_dags/example_branch_labels.py took 0.038 seconds
[2025-09-02T17:43:18.174+0530] {processor.py:186} INFO - Started process (PID=31715) to work on /Users/parthmac/Desktop/Projects/Flight Data Engineering/flight-env/lib/python3.12/site-packages/airflow/example_dags/example_branch_labels.py
[2025-09-02T17:43:18.175+0530] {processor.py:914} INFO - Processing file /Users/parthmac/Desktop/Projects/Flight Data Engineering/flight-env/lib/python3.12/site-packages/airflow/example_dags/example_branch_labels.py for tasks to queue
[2025-09-02T17:43:18.175+0530] {logging_mixin.py:190} INFO - [2025-09-02T17:43:18.175+0530] {dagbag.py:588} INFO - Filling up the DagBag from /Users/parthmac/Desktop/Projects/Flight Data Engineering/flight-env/lib/python3.12/site-packages/airflow/example_dags/example_branch_labels.py
[2025-09-02T17:43:18.177+0530] {processor.py:925} INFO - DAG(s) 'example_branch_labels' retrieved from /Users/parthmac/Desktop/Projects/Flight Data Engineering/flight-env/lib/python3.12/site-packages/airflow/example_dags/example_branch_labels.py
[2025-09-02T17:43:18.202+0530] {logging_mixin.py:190} INFO - [2025-09-02T17:43:18.202+0530] {dag.py:3239} INFO - Sync 1 DAGs
[2025-09-02T17:43:18.206+0530] {logging_mixin.py:190} INFO - [2025-09-02T17:43:18.206+0530] {dag.py:4180} INFO - Setting next_dagrun for example_branch_labels to 2025-09-01 00:00:00+00:00, run_after=2025-09-02 00:00:00+00:00
[2025-09-02T17:43:18.211+0530] {processor.py:208} INFO - Processing /Users/parthmac/Desktop/Projects/Flight Data Engineering/flight-env/lib/python3.12/site-packages/airflow/example_dags/example_branch_labels.py took 0.038 seconds
[2025-09-02T17:47:42.875+0530] {processor.py:186} INFO - Started process (PID=32667) to work on /Users/parthmac/Desktop/Projects/Flight Data Engineering/flight-env/lib/python3.12/site-packages/airflow/example_dags/example_branch_labels.py
[2025-09-02T17:47:42.875+0530] {processor.py:914} INFO - Processing file /Users/parthmac/Desktop/Projects/Flight Data Engineering/flight-env/lib/python3.12/site-packages/airflow/example_dags/example_branch_labels.py for tasks to queue
[2025-09-02T17:47:42.875+0530] {logging_mixin.py:190} INFO - [2025-09-02T17:47:42.875+0530] {dagbag.py:588} INFO - Filling up the DagBag from /Users/parthmac/Desktop/Projects/Flight Data Engineering/flight-env/lib/python3.12/site-packages/airflow/example_dags/example_branch_labels.py
[2025-09-02T17:47:42.878+0530] {processor.py:925} INFO - DAG(s) 'example_branch_labels' retrieved from /Users/parthmac/Desktop/Projects/Flight Data Engineering/flight-env/lib/python3.12/site-packages/airflow/example_dags/example_branch_labels.py
[2025-09-02T17:47:42.905+0530] {logging_mixin.py:190} INFO - [2025-09-02T17:47:42.905+0530] {dag.py:3239} INFO - Sync 1 DAGs
[2025-09-02T17:47:42.910+0530] {logging_mixin.py:190} INFO - [2025-09-02T17:47:42.910+0530] {dag.py:4180} INFO - Setting next_dagrun for example_branch_labels to 2025-09-01 00:00:00+00:00, run_after=2025-09-02 00:00:00+00:00
[2025-09-02T17:47:42.915+0530] {processor.py:208} INFO - Processing /Users/parthmac/Desktop/Projects/Flight Data Engineering/flight-env/lib/python3.12/site-packages/airflow/example_dags/example_branch_labels.py took 0.041 seconds
[2025-09-02T17:49:30.432+0530] {processor.py:186} INFO - Started process (PID=32766) to work on /Users/parthmac/Desktop/Projects/Flight Data Engineering/flight-env/lib/python3.12/site-packages/airflow/example_dags/example_branch_labels.py
[2025-09-02T17:49:30.432+0530] {processor.py:914} INFO - Processing file /Users/parthmac/Desktop/Projects/Flight Data Engineering/flight-env/lib/python3.12/site-packages/airflow/example_dags/example_branch_labels.py for tasks to queue
[2025-09-02T17:49:30.433+0530] {logging_mixin.py:190} INFO - [2025-09-02T17:49:30.433+0530] {dagbag.py:588} INFO - Filling up the DagBag from /Users/parthmac/Desktop/Projects/Flight Data Engineering/flight-env/lib/python3.12/site-packages/airflow/example_dags/example_branch_labels.py
[2025-09-02T17:49:30.435+0530] {processor.py:925} INFO - DAG(s) 'example_branch_labels' retrieved from /Users/parthmac/Desktop/Projects/Flight Data Engineering/flight-env/lib/python3.12/site-packages/airflow/example_dags/example_branch_labels.py
[2025-09-02T17:49:30.461+0530] {logging_mixin.py:190} INFO - [2025-09-02T17:49:30.461+0530] {dag.py:3239} INFO - Sync 1 DAGs
[2025-09-02T17:49:30.466+0530] {logging_mixin.py:190} INFO - [2025-09-02T17:49:30.466+0530] {dag.py:4180} INFO - Setting next_dagrun for example_branch_labels to 2025-09-01 00:00:00+00:00, run_after=2025-09-02 00:00:00+00:00
[2025-09-02T17:49:30.472+0530] {processor.py:208} INFO - Processing /Users/parthmac/Desktop/Projects/Flight Data Engineering/flight-env/lib/python3.12/site-packages/airflow/example_dags/example_branch_labels.py took 0.041 seconds
[2025-09-02T17:51:12.837+0530] {processor.py:186} INFO - Started process (PID=33202) to work on /Users/parthmac/Desktop/Projects/Flight Data Engineering/flight-env/lib/python3.12/site-packages/airflow/example_dags/example_branch_labels.py
[2025-09-02T17:51:12.837+0530] {processor.py:914} INFO - Processing file /Users/parthmac/Desktop/Projects/Flight Data Engineering/flight-env/lib/python3.12/site-packages/airflow/example_dags/example_branch_labels.py for tasks to queue
[2025-09-02T17:51:12.838+0530] {logging_mixin.py:190} INFO - [2025-09-02T17:51:12.838+0530] {dagbag.py:588} INFO - Filling up the DagBag from /Users/parthmac/Desktop/Projects/Flight Data Engineering/flight-env/lib/python3.12/site-packages/airflow/example_dags/example_branch_labels.py
[2025-09-02T17:51:12.840+0530] {processor.py:925} INFO - DAG(s) 'example_branch_labels' retrieved from /Users/parthmac/Desktop/Projects/Flight Data Engineering/flight-env/lib/python3.12/site-packages/airflow/example_dags/example_branch_labels.py
[2025-09-02T17:51:12.866+0530] {logging_mixin.py:190} INFO - [2025-09-02T17:51:12.866+0530] {dag.py:3239} INFO - Sync 1 DAGs
[2025-09-02T17:51:12.871+0530] {logging_mixin.py:190} INFO - [2025-09-02T17:51:12.871+0530] {dag.py:4180} INFO - Setting next_dagrun for example_branch_labels to 2025-09-01 00:00:00+00:00, run_after=2025-09-02 00:00:00+00:00
[2025-09-02T17:51:12.876+0530] {processor.py:208} INFO - Processing /Users/parthmac/Desktop/Projects/Flight Data Engineering/flight-env/lib/python3.12/site-packages/airflow/example_dags/example_branch_labels.py took 0.039 seconds
