[2025-09-02T16:58:09.603+0530] {processor.py:186} INFO - Started process (PID=26365) to work on /Users/parthmac/Desktop/Projects/Flight Data Engineering/flight-env/lib/python3.12/site-packages/airflow/example_dags/example_latest_only.py
[2025-09-02T16:58:09.603+0530] {processor.py:914} INFO - Processing file /Users/parthmac/Desktop/Projects/Flight Data Engineering/flight-env/lib/python3.12/site-packages/airflow/example_dags/example_latest_only.py for tasks to queue
[2025-09-02T16:58:09.604+0530] {logging_mixin.py:190} INFO - [2025-09-02T16:58:09.604+0530] {dagbag.py:588} INFO - Filling up the DagBag from /Users/parthmac/Desktop/Projects/Flight Data Engineering/flight-env/lib/python3.12/site-packages/airflow/example_dags/example_latest_only.py
[2025-09-02T16:58:09.606+0530] {processor.py:925} INFO - DAG(s) 'latest_only' retrieved from /Users/parthmac/Desktop/Projects/Flight Data Engineering/flight-env/lib/python3.12/site-packages/airflow/example_dags/example_latest_only.py
[2025-09-02T16:58:09.658+0530] {logging_mixin.py:190} INFO - [2025-09-02T16:58:09.657+0530] {override.py:1900} INFO - Created Permission View: can delete on DAG:latest_only
[2025-09-02T16:58:09.660+0530] {logging_mixin.py:190} INFO - [2025-09-02T16:58:09.660+0530] {override.py:1900} INFO - Created Permission View: can edit on DAG:latest_only
[2025-09-02T16:58:09.662+0530] {logging_mixin.py:190} INFO - [2025-09-02T16:58:09.662+0530] {override.py:1900} INFO - Created Permission View: can read on DAG:latest_only
[2025-09-02T16:58:09.664+0530] {logging_mixin.py:190} INFO - [2025-09-02T16:58:09.664+0530] {override.py:1900} INFO - Created Permission View: can create on DAG Run:latest_only
[2025-09-02T16:58:09.665+0530] {logging_mixin.py:190} INFO - [2025-09-02T16:58:09.665+0530] {override.py:1900} INFO - Created Permission View: menu access on DAG Run:latest_only
[2025-09-02T16:58:09.666+0530] {logging_mixin.py:190} INFO - [2025-09-02T16:58:09.666+0530] {override.py:1900} INFO - Created Permission View: can delete on DAG Run:latest_only
[2025-09-02T16:58:09.668+0530] {logging_mixin.py:190} INFO - [2025-09-02T16:58:09.668+0530] {override.py:1900} INFO - Created Permission View: can read on DAG Run:latest_only
[2025-09-02T16:58:09.668+0530] {logging_mixin.py:190} INFO - [2025-09-02T16:58:09.668+0530] {dag.py:3239} INFO - Sync 1 DAGs
[2025-09-02T16:58:09.692+0530] {logging_mixin.py:190} INFO - [2025-09-02T16:58:09.692+0530] {dag.py:3262} INFO - Creating ORM DAG for latest_only
[2025-09-02T16:58:09.695+0530] {logging_mixin.py:190} INFO - [2025-09-02T16:58:09.695+0530] {dag.py:4180} INFO - Setting next_dagrun for latest_only to 2025-09-02 04:00:00+00:00, run_after=2025-09-02 08:00:00+00:00
[2025-09-02T16:58:09.699+0530] {processor.py:208} INFO - Processing /Users/parthmac/Desktop/Projects/Flight Data Engineering/flight-env/lib/python3.12/site-packages/airflow/example_dags/example_latest_only.py took 0.097 seconds
[2025-09-02T16:59:37.655+0530] {processor.py:186} INFO - Started process (PID=26459) to work on /Users/parthmac/Desktop/Projects/Flight Data Engineering/flight-env/lib/python3.12/site-packages/airflow/example_dags/example_latest_only.py
[2025-09-02T16:59:37.656+0530] {processor.py:914} INFO - Processing file /Users/parthmac/Desktop/Projects/Flight Data Engineering/flight-env/lib/python3.12/site-packages/airflow/example_dags/example_latest_only.py for tasks to queue
[2025-09-02T16:59:37.656+0530] {logging_mixin.py:190} INFO - [2025-09-02T16:59:37.656+0530] {dagbag.py:588} INFO - Filling up the DagBag from /Users/parthmac/Desktop/Projects/Flight Data Engineering/flight-env/lib/python3.12/site-packages/airflow/example_dags/example_latest_only.py
[2025-09-02T16:59:37.658+0530] {processor.py:925} INFO - DAG(s) 'latest_only' retrieved from /Users/parthmac/Desktop/Projects/Flight Data Engineering/flight-env/lib/python3.12/site-packages/airflow/example_dags/example_latest_only.py
[2025-09-02T16:59:37.683+0530] {logging_mixin.py:190} INFO - [2025-09-02T16:59:37.683+0530] {dag.py:3239} INFO - Sync 1 DAGs
[2025-09-02T16:59:37.687+0530] {logging_mixin.py:190} INFO - [2025-09-02T16:59:37.687+0530] {dag.py:4180} INFO - Setting next_dagrun for latest_only to 2025-09-02 04:00:00+00:00, run_after=2025-09-02 08:00:00+00:00
[2025-09-02T16:59:37.693+0530] {processor.py:208} INFO - Processing /Users/parthmac/Desktop/Projects/Flight Data Engineering/flight-env/lib/python3.12/site-packages/airflow/example_dags/example_latest_only.py took 0.038 seconds
[2025-09-02T17:05:59.648+0530] {processor.py:186} INFO - Started process (PID=27628) to work on /Users/parthmac/Desktop/Projects/Flight Data Engineering/flight-env/lib/python3.12/site-packages/airflow/example_dags/example_latest_only.py
[2025-09-02T17:05:59.649+0530] {processor.py:914} INFO - Processing file /Users/parthmac/Desktop/Projects/Flight Data Engineering/flight-env/lib/python3.12/site-packages/airflow/example_dags/example_latest_only.py for tasks to queue
[2025-09-02T17:05:59.649+0530] {logging_mixin.py:190} INFO - [2025-09-02T17:05:59.649+0530] {dagbag.py:588} INFO - Filling up the DagBag from /Users/parthmac/Desktop/Projects/Flight Data Engineering/flight-env/lib/python3.12/site-packages/airflow/example_dags/example_latest_only.py
[2025-09-02T17:05:59.651+0530] {processor.py:925} INFO - DAG(s) 'latest_only' retrieved from /Users/parthmac/Desktop/Projects/Flight Data Engineering/flight-env/lib/python3.12/site-packages/airflow/example_dags/example_latest_only.py
[2025-09-02T17:05:59.675+0530] {logging_mixin.py:190} INFO - [2025-09-02T17:05:59.675+0530] {dag.py:3239} INFO - Sync 1 DAGs
[2025-09-02T17:05:59.679+0530] {logging_mixin.py:190} INFO - [2025-09-02T17:05:59.679+0530] {dag.py:4180} INFO - Setting next_dagrun for latest_only to 2025-09-02 04:00:00+00:00, run_after=2025-09-02 08:00:00+00:00
[2025-09-02T17:05:59.684+0530] {processor.py:208} INFO - Processing /Users/parthmac/Desktop/Projects/Flight Data Engineering/flight-env/lib/python3.12/site-packages/airflow/example_dags/example_latest_only.py took 0.037 seconds
[2025-09-02T17:07:47.060+0530] {processor.py:186} INFO - Started process (PID=27747) to work on /Users/parthmac/Desktop/Projects/Flight Data Engineering/flight-env/lib/python3.12/site-packages/airflow/example_dags/example_latest_only.py
[2025-09-02T17:07:47.060+0530] {processor.py:914} INFO - Processing file /Users/parthmac/Desktop/Projects/Flight Data Engineering/flight-env/lib/python3.12/site-packages/airflow/example_dags/example_latest_only.py for tasks to queue
[2025-09-02T17:07:47.060+0530] {logging_mixin.py:190} INFO - [2025-09-02T17:07:47.060+0530] {dagbag.py:588} INFO - Filling up the DagBag from /Users/parthmac/Desktop/Projects/Flight Data Engineering/flight-env/lib/python3.12/site-packages/airflow/example_dags/example_latest_only.py
[2025-09-02T17:07:47.062+0530] {processor.py:925} INFO - DAG(s) 'latest_only' retrieved from /Users/parthmac/Desktop/Projects/Flight Data Engineering/flight-env/lib/python3.12/site-packages/airflow/example_dags/example_latest_only.py
[2025-09-02T17:07:47.087+0530] {logging_mixin.py:190} INFO - [2025-09-02T17:07:47.087+0530] {dag.py:3239} INFO - Sync 1 DAGs
[2025-09-02T17:07:47.092+0530] {logging_mixin.py:190} INFO - [2025-09-02T17:07:47.092+0530] {dag.py:4180} INFO - Setting next_dagrun for latest_only to 2025-09-02 04:00:00+00:00, run_after=2025-09-02 08:00:00+00:00
[2025-09-02T17:07:47.097+0530] {processor.py:208} INFO - Processing /Users/parthmac/Desktop/Projects/Flight Data Engineering/flight-env/lib/python3.12/site-packages/airflow/example_dags/example_latest_only.py took 0.038 seconds
[2025-09-02T17:42:57.320+0530] {processor.py:186} INFO - Started process (PID=31689) to work on /Users/parthmac/Desktop/Projects/Flight Data Engineering/flight-env/lib/python3.12/site-packages/airflow/example_dags/example_latest_only.py
[2025-09-02T17:42:57.321+0530] {processor.py:914} INFO - Processing file /Users/parthmac/Desktop/Projects/Flight Data Engineering/flight-env/lib/python3.12/site-packages/airflow/example_dags/example_latest_only.py for tasks to queue
[2025-09-02T17:42:57.321+0530] {logging_mixin.py:190} INFO - [2025-09-02T17:42:57.321+0530] {dagbag.py:588} INFO - Filling up the DagBag from /Users/parthmac/Desktop/Projects/Flight Data Engineering/flight-env/lib/python3.12/site-packages/airflow/example_dags/example_latest_only.py
[2025-09-02T17:42:57.323+0530] {processor.py:925} INFO - DAG(s) 'latest_only' retrieved from /Users/parthmac/Desktop/Projects/Flight Data Engineering/flight-env/lib/python3.12/site-packages/airflow/example_dags/example_latest_only.py
[2025-09-02T17:42:57.348+0530] {logging_mixin.py:190} INFO - [2025-09-02T17:42:57.348+0530] {dag.py:3239} INFO - Sync 1 DAGs
[2025-09-02T17:42:57.352+0530] {logging_mixin.py:190} INFO - [2025-09-02T17:42:57.352+0530] {dag.py:4180} INFO - Setting next_dagrun for latest_only to 2025-09-02 08:00:00+00:00, run_after=2025-09-02 12:00:00+00:00
[2025-09-02T17:42:57.358+0530] {processor.py:208} INFO - Processing /Users/parthmac/Desktop/Projects/Flight Data Engineering/flight-env/lib/python3.12/site-packages/airflow/example_dags/example_latest_only.py took 0.039 seconds
[2025-09-02T17:47:21.933+0530] {processor.py:186} INFO - Started process (PID=32646) to work on /Users/parthmac/Desktop/Projects/Flight Data Engineering/flight-env/lib/python3.12/site-packages/airflow/example_dags/example_latest_only.py
[2025-09-02T17:47:21.934+0530] {processor.py:914} INFO - Processing file /Users/parthmac/Desktop/Projects/Flight Data Engineering/flight-env/lib/python3.12/site-packages/airflow/example_dags/example_latest_only.py for tasks to queue
[2025-09-02T17:47:21.934+0530] {logging_mixin.py:190} INFO - [2025-09-02T17:47:21.934+0530] {dagbag.py:588} INFO - Filling up the DagBag from /Users/parthmac/Desktop/Projects/Flight Data Engineering/flight-env/lib/python3.12/site-packages/airflow/example_dags/example_latest_only.py
[2025-09-02T17:47:21.936+0530] {processor.py:925} INFO - DAG(s) 'latest_only' retrieved from /Users/parthmac/Desktop/Projects/Flight Data Engineering/flight-env/lib/python3.12/site-packages/airflow/example_dags/example_latest_only.py
[2025-09-02T17:47:21.960+0530] {logging_mixin.py:190} INFO - [2025-09-02T17:47:21.960+0530] {dag.py:3239} INFO - Sync 1 DAGs
[2025-09-02T17:47:21.965+0530] {logging_mixin.py:190} INFO - [2025-09-02T17:47:21.965+0530] {dag.py:4180} INFO - Setting next_dagrun for latest_only to 2025-09-02 08:00:00+00:00, run_after=2025-09-02 12:00:00+00:00
[2025-09-02T17:47:21.970+0530] {processor.py:208} INFO - Processing /Users/parthmac/Desktop/Projects/Flight Data Engineering/flight-env/lib/python3.12/site-packages/airflow/example_dags/example_latest_only.py took 0.038 seconds
[2025-09-02T17:49:09.468+0530] {processor.py:186} INFO - Started process (PID=32751) to work on /Users/parthmac/Desktop/Projects/Flight Data Engineering/flight-env/lib/python3.12/site-packages/airflow/example_dags/example_latest_only.py
[2025-09-02T17:49:09.468+0530] {processor.py:914} INFO - Processing file /Users/parthmac/Desktop/Projects/Flight Data Engineering/flight-env/lib/python3.12/site-packages/airflow/example_dags/example_latest_only.py for tasks to queue
[2025-09-02T17:49:09.469+0530] {logging_mixin.py:190} INFO - [2025-09-02T17:49:09.469+0530] {dagbag.py:588} INFO - Filling up the DagBag from /Users/parthmac/Desktop/Projects/Flight Data Engineering/flight-env/lib/python3.12/site-packages/airflow/example_dags/example_latest_only.py
[2025-09-02T17:49:09.471+0530] {processor.py:925} INFO - DAG(s) 'latest_only' retrieved from /Users/parthmac/Desktop/Projects/Flight Data Engineering/flight-env/lib/python3.12/site-packages/airflow/example_dags/example_latest_only.py
[2025-09-02T17:49:09.499+0530] {logging_mixin.py:190} INFO - [2025-09-02T17:49:09.499+0530] {dag.py:3239} INFO - Sync 1 DAGs
[2025-09-02T17:49:09.504+0530] {logging_mixin.py:190} INFO - [2025-09-02T17:49:09.504+0530] {dag.py:4180} INFO - Setting next_dagrun for latest_only to 2025-09-02 08:00:00+00:00, run_after=2025-09-02 12:00:00+00:00
[2025-09-02T17:49:09.509+0530] {processor.py:208} INFO - Processing /Users/parthmac/Desktop/Projects/Flight Data Engineering/flight-env/lib/python3.12/site-packages/airflow/example_dags/example_latest_only.py took 0.042 seconds
[2025-09-02T17:50:51.604+0530] {processor.py:186} INFO - Started process (PID=33186) to work on /Users/parthmac/Desktop/Projects/Flight Data Engineering/flight-env/lib/python3.12/site-packages/airflow/example_dags/example_latest_only.py
[2025-09-02T17:50:51.605+0530] {processor.py:914} INFO - Processing file /Users/parthmac/Desktop/Projects/Flight Data Engineering/flight-env/lib/python3.12/site-packages/airflow/example_dags/example_latest_only.py for tasks to queue
[2025-09-02T17:50:51.605+0530] {logging_mixin.py:190} INFO - [2025-09-02T17:50:51.605+0530] {dagbag.py:588} INFO - Filling up the DagBag from /Users/parthmac/Desktop/Projects/Flight Data Engineering/flight-env/lib/python3.12/site-packages/airflow/example_dags/example_latest_only.py
[2025-09-02T17:50:51.607+0530] {processor.py:925} INFO - DAG(s) 'latest_only' retrieved from /Users/parthmac/Desktop/Projects/Flight Data Engineering/flight-env/lib/python3.12/site-packages/airflow/example_dags/example_latest_only.py
[2025-09-02T17:50:51.632+0530] {logging_mixin.py:190} INFO - [2025-09-02T17:50:51.632+0530] {dag.py:3239} INFO - Sync 1 DAGs
[2025-09-02T17:50:51.636+0530] {logging_mixin.py:190} INFO - [2025-09-02T17:50:51.636+0530] {dag.py:4180} INFO - Setting next_dagrun for latest_only to 2025-09-02 08:00:00+00:00, run_after=2025-09-02 12:00:00+00:00
[2025-09-02T17:50:51.642+0530] {processor.py:208} INFO - Processing /Users/parthmac/Desktop/Projects/Flight Data Engineering/flight-env/lib/python3.12/site-packages/airflow/example_dags/example_latest_only.py took 0.038 seconds
