[2025-09-02T16:58:04.604+0530] {processor.py:186} INFO - Started process (PID=26362) to work on /Users/parthmac/Desktop/Projects/Flight Data Engineering/flight-env/lib/python3.12/site-packages/airflow/example_dags/example_nested_branch_dag.py
[2025-09-02T16:58:04.605+0530] {processor.py:914} INFO - Processing file /Users/parthmac/Desktop/Projects/Flight Data Engineering/flight-env/lib/python3.12/site-packages/airflow/example_dags/example_nested_branch_dag.py for tasks to queue
[2025-09-02T16:58:04.605+0530] {logging_mixin.py:190} INFO - [2025-09-02T16:58:04.605+0530] {dagbag.py:588} INFO - Filling up the DagBag from /Users/parthmac/Desktop/Projects/Flight Data Engineering/flight-env/lib/python3.12/site-packages/airflow/example_dags/example_nested_branch_dag.py
[2025-09-02T16:58:04.617+0530] {processor.py:925} INFO - DAG(s) 'example_nested_branch_dag' retrieved from /Users/parthmac/Desktop/Projects/Flight Data Engineering/flight-env/lib/python3.12/site-packages/airflow/example_dags/example_nested_branch_dag.py
[2025-09-02T16:58:04.682+0530] {logging_mixin.py:190} INFO - [2025-09-02T16:58:04.682+0530] {override.py:1900} INFO - Created Permission View: can delete on DAG:example_nested_branch_dag
[2025-09-02T16:58:04.684+0530] {logging_mixin.py:190} INFO - [2025-09-02T16:58:04.684+0530] {override.py:1900} INFO - Created Permission View: can read on DAG:example_nested_branch_dag
[2025-09-02T16:58:04.686+0530] {logging_mixin.py:190} INFO - [2025-09-02T16:58:04.686+0530] {override.py:1900} INFO - Created Permission View: can edit on DAG:example_nested_branch_dag
[2025-09-02T16:58:04.688+0530] {logging_mixin.py:190} INFO - [2025-09-02T16:58:04.688+0530] {override.py:1900} INFO - Created Permission View: can create on DAG Run:example_nested_branch_dag
[2025-09-02T16:58:04.689+0530] {logging_mixin.py:190} INFO - [2025-09-02T16:58:04.689+0530] {override.py:1900} INFO - Created Permission View: can read on DAG Run:example_nested_branch_dag
[2025-09-02T16:58:04.690+0530] {logging_mixin.py:190} INFO - [2025-09-02T16:58:04.690+0530] {override.py:1900} INFO - Created Permission View: menu access on DAG Run:example_nested_branch_dag
[2025-09-02T16:58:04.691+0530] {logging_mixin.py:190} INFO - [2025-09-02T16:58:04.691+0530] {override.py:1900} INFO - Created Permission View: can delete on DAG Run:example_nested_branch_dag
[2025-09-02T16:58:04.692+0530] {logging_mixin.py:190} INFO - [2025-09-02T16:58:04.691+0530] {dag.py:3239} INFO - Sync 1 DAGs
[2025-09-02T16:58:04.695+0530] {logging_mixin.py:190} INFO - [2025-09-02T16:58:04.695+0530] {dag.py:3262} INFO - Creating ORM DAG for example_nested_branch_dag
[2025-09-02T16:58:04.697+0530] {logging_mixin.py:190} INFO - [2025-09-02T16:58:04.697+0530] {dag.py:4180} INFO - Setting next_dagrun for example_nested_branch_dag to 2025-09-01 00:00:00+00:00, run_after=2025-09-02 00:00:00+00:00
[2025-09-02T16:58:04.702+0530] {processor.py:208} INFO - Processing /Users/parthmac/Desktop/Projects/Flight Data Engineering/flight-env/lib/python3.12/site-packages/airflow/example_dags/example_nested_branch_dag.py took 0.098 seconds
[2025-09-02T16:59:32.705+0530] {processor.py:186} INFO - Started process (PID=26442) to work on /Users/parthmac/Desktop/Projects/Flight Data Engineering/flight-env/lib/python3.12/site-packages/airflow/example_dags/example_nested_branch_dag.py
[2025-09-02T16:59:32.706+0530] {processor.py:914} INFO - Processing file /Users/parthmac/Desktop/Projects/Flight Data Engineering/flight-env/lib/python3.12/site-packages/airflow/example_dags/example_nested_branch_dag.py for tasks to queue
[2025-09-02T16:59:32.707+0530] {logging_mixin.py:190} INFO - [2025-09-02T16:59:32.706+0530] {dagbag.py:588} INFO - Filling up the DagBag from /Users/parthmac/Desktop/Projects/Flight Data Engineering/flight-env/lib/python3.12/site-packages/airflow/example_dags/example_nested_branch_dag.py
[2025-09-02T16:59:32.720+0530] {processor.py:925} INFO - DAG(s) 'example_nested_branch_dag' retrieved from /Users/parthmac/Desktop/Projects/Flight Data Engineering/flight-env/lib/python3.12/site-packages/airflow/example_dags/example_nested_branch_dag.py
[2025-09-02T16:59:32.746+0530] {logging_mixin.py:190} INFO - [2025-09-02T16:59:32.745+0530] {dag.py:3239} INFO - Sync 1 DAGs
[2025-09-02T16:59:32.751+0530] {logging_mixin.py:190} INFO - [2025-09-02T16:59:32.751+0530] {dag.py:4180} INFO - Setting next_dagrun for example_nested_branch_dag to 2025-09-01 00:00:00+00:00, run_after=2025-09-02 00:00:00+00:00
[2025-09-02T16:59:32.756+0530] {processor.py:208} INFO - Processing /Users/parthmac/Desktop/Projects/Flight Data Engineering/flight-env/lib/python3.12/site-packages/airflow/example_dags/example_nested_branch_dag.py took 0.052 seconds
[2025-09-02T17:05:55.702+0530] {processor.py:186} INFO - Started process (PID=27622) to work on /Users/parthmac/Desktop/Projects/Flight Data Engineering/flight-env/lib/python3.12/site-packages/airflow/example_dags/example_nested_branch_dag.py
[2025-09-02T17:05:55.703+0530] {processor.py:914} INFO - Processing file /Users/parthmac/Desktop/Projects/Flight Data Engineering/flight-env/lib/python3.12/site-packages/airflow/example_dags/example_nested_branch_dag.py for tasks to queue
[2025-09-02T17:05:55.703+0530] {logging_mixin.py:190} INFO - [2025-09-02T17:05:55.703+0530] {dagbag.py:588} INFO - Filling up the DagBag from /Users/parthmac/Desktop/Projects/Flight Data Engineering/flight-env/lib/python3.12/site-packages/airflow/example_dags/example_nested_branch_dag.py
[2025-09-02T17:05:55.715+0530] {processor.py:925} INFO - DAG(s) 'example_nested_branch_dag' retrieved from /Users/parthmac/Desktop/Projects/Flight Data Engineering/flight-env/lib/python3.12/site-packages/airflow/example_dags/example_nested_branch_dag.py
[2025-09-02T17:05:55.740+0530] {logging_mixin.py:190} INFO - [2025-09-02T17:05:55.740+0530] {dag.py:3239} INFO - Sync 1 DAGs
[2025-09-02T17:05:55.744+0530] {logging_mixin.py:190} INFO - [2025-09-02T17:05:55.744+0530] {dag.py:4180} INFO - Setting next_dagrun for example_nested_branch_dag to 2025-09-01 00:00:00+00:00, run_after=2025-09-02 00:00:00+00:00
[2025-09-02T17:05:55.749+0530] {processor.py:208} INFO - Processing /Users/parthmac/Desktop/Projects/Flight Data Engineering/flight-env/lib/python3.12/site-packages/airflow/example_dags/example_nested_branch_dag.py took 0.047 seconds
[2025-09-02T17:07:19.345+0530] {processor.py:186} INFO - Started process (PID=27705) to work on /Users/parthmac/Desktop/Projects/Flight Data Engineering/flight-env/lib/python3.12/site-packages/airflow/example_dags/example_nested_branch_dag.py
[2025-09-02T17:07:19.346+0530] {processor.py:914} INFO - Processing file /Users/parthmac/Desktop/Projects/Flight Data Engineering/flight-env/lib/python3.12/site-packages/airflow/example_dags/example_nested_branch_dag.py for tasks to queue
[2025-09-02T17:07:19.346+0530] {logging_mixin.py:190} INFO - [2025-09-02T17:07:19.346+0530] {dagbag.py:588} INFO - Filling up the DagBag from /Users/parthmac/Desktop/Projects/Flight Data Engineering/flight-env/lib/python3.12/site-packages/airflow/example_dags/example_nested_branch_dag.py
[2025-09-02T17:07:19.358+0530] {processor.py:925} INFO - DAG(s) 'example_nested_branch_dag' retrieved from /Users/parthmac/Desktop/Projects/Flight Data Engineering/flight-env/lib/python3.12/site-packages/airflow/example_dags/example_nested_branch_dag.py
[2025-09-02T17:07:19.383+0530] {logging_mixin.py:190} INFO - [2025-09-02T17:07:19.383+0530] {dag.py:3239} INFO - Sync 1 DAGs
[2025-09-02T17:07:19.388+0530] {logging_mixin.py:190} INFO - [2025-09-02T17:07:19.388+0530] {dag.py:4180} INFO - Setting next_dagrun for example_nested_branch_dag to 2025-09-01 00:00:00+00:00, run_after=2025-09-02 00:00:00+00:00
[2025-09-02T17:07:19.393+0530] {processor.py:208} INFO - Processing /Users/parthmac/Desktop/Projects/Flight Data Engineering/flight-env/lib/python3.12/site-packages/airflow/example_dags/example_nested_branch_dag.py took 0.048 seconds
[2025-09-02T17:42:53.139+0530] {processor.py:186} INFO - Started process (PID=31686) to work on /Users/parthmac/Desktop/Projects/Flight Data Engineering/flight-env/lib/python3.12/site-packages/airflow/example_dags/example_nested_branch_dag.py
[2025-09-02T17:42:53.139+0530] {processor.py:914} INFO - Processing file /Users/parthmac/Desktop/Projects/Flight Data Engineering/flight-env/lib/python3.12/site-packages/airflow/example_dags/example_nested_branch_dag.py for tasks to queue
[2025-09-02T17:42:53.139+0530] {logging_mixin.py:190} INFO - [2025-09-02T17:42:53.139+0530] {dagbag.py:588} INFO - Filling up the DagBag from /Users/parthmac/Desktop/Projects/Flight Data Engineering/flight-env/lib/python3.12/site-packages/airflow/example_dags/example_nested_branch_dag.py
[2025-09-02T17:42:53.151+0530] {processor.py:925} INFO - DAG(s) 'example_nested_branch_dag' retrieved from /Users/parthmac/Desktop/Projects/Flight Data Engineering/flight-env/lib/python3.12/site-packages/airflow/example_dags/example_nested_branch_dag.py
[2025-09-02T17:42:53.175+0530] {logging_mixin.py:190} INFO - [2025-09-02T17:42:53.175+0530] {dag.py:3239} INFO - Sync 1 DAGs
[2025-09-02T17:42:53.180+0530] {logging_mixin.py:190} INFO - [2025-09-02T17:42:53.180+0530] {dag.py:4180} INFO - Setting next_dagrun for example_nested_branch_dag to 2025-09-01 00:00:00+00:00, run_after=2025-09-02 00:00:00+00:00
[2025-09-02T17:42:53.185+0530] {processor.py:208} INFO - Processing /Users/parthmac/Desktop/Projects/Flight Data Engineering/flight-env/lib/python3.12/site-packages/airflow/example_dags/example_nested_branch_dag.py took 0.047 seconds
[2025-09-02T17:47:17.043+0530] {processor.py:186} INFO - Started process (PID=32641) to work on /Users/parthmac/Desktop/Projects/Flight Data Engineering/flight-env/lib/python3.12/site-packages/airflow/example_dags/example_nested_branch_dag.py
[2025-09-02T17:47:17.044+0530] {processor.py:914} INFO - Processing file /Users/parthmac/Desktop/Projects/Flight Data Engineering/flight-env/lib/python3.12/site-packages/airflow/example_dags/example_nested_branch_dag.py for tasks to queue
[2025-09-02T17:47:17.044+0530] {logging_mixin.py:190} INFO - [2025-09-02T17:47:17.044+0530] {dagbag.py:588} INFO - Filling up the DagBag from /Users/parthmac/Desktop/Projects/Flight Data Engineering/flight-env/lib/python3.12/site-packages/airflow/example_dags/example_nested_branch_dag.py
[2025-09-02T17:47:17.058+0530] {processor.py:925} INFO - DAG(s) 'example_nested_branch_dag' retrieved from /Users/parthmac/Desktop/Projects/Flight Data Engineering/flight-env/lib/python3.12/site-packages/airflow/example_dags/example_nested_branch_dag.py
[2025-09-02T17:47:17.085+0530] {logging_mixin.py:190} INFO - [2025-09-02T17:47:17.085+0530] {dag.py:3239} INFO - Sync 1 DAGs
[2025-09-02T17:47:17.090+0530] {logging_mixin.py:190} INFO - [2025-09-02T17:47:17.090+0530] {dag.py:4180} INFO - Setting next_dagrun for example_nested_branch_dag to 2025-09-01 00:00:00+00:00, run_after=2025-09-02 00:00:00+00:00
[2025-09-02T17:47:17.096+0530] {processor.py:208} INFO - Processing /Users/parthmac/Desktop/Projects/Flight Data Engineering/flight-env/lib/python3.12/site-packages/airflow/example_dags/example_nested_branch_dag.py took 0.053 seconds
[2025-09-02T17:48:40.657+0530] {processor.py:186} INFO - Started process (PID=32726) to work on /Users/parthmac/Desktop/Projects/Flight Data Engineering/flight-env/lib/python3.12/site-packages/airflow/example_dags/example_nested_branch_dag.py
[2025-09-02T17:48:40.657+0530] {processor.py:914} INFO - Processing file /Users/parthmac/Desktop/Projects/Flight Data Engineering/flight-env/lib/python3.12/site-packages/airflow/example_dags/example_nested_branch_dag.py for tasks to queue
[2025-09-02T17:48:40.658+0530] {logging_mixin.py:190} INFO - [2025-09-02T17:48:40.658+0530] {dagbag.py:588} INFO - Filling up the DagBag from /Users/parthmac/Desktop/Projects/Flight Data Engineering/flight-env/lib/python3.12/site-packages/airflow/example_dags/example_nested_branch_dag.py
[2025-09-02T17:48:40.669+0530] {processor.py:925} INFO - DAG(s) 'example_nested_branch_dag' retrieved from /Users/parthmac/Desktop/Projects/Flight Data Engineering/flight-env/lib/python3.12/site-packages/airflow/example_dags/example_nested_branch_dag.py
[2025-09-02T17:48:40.694+0530] {logging_mixin.py:190} INFO - [2025-09-02T17:48:40.694+0530] {dag.py:3239} INFO - Sync 1 DAGs
[2025-09-02T17:48:40.699+0530] {logging_mixin.py:190} INFO - [2025-09-02T17:48:40.699+0530] {dag.py:4180} INFO - Setting next_dagrun for example_nested_branch_dag to 2025-09-01 00:00:00+00:00, run_after=2025-09-02 00:00:00+00:00
[2025-09-02T17:48:40.704+0530] {processor.py:208} INFO - Processing /Users/parthmac/Desktop/Projects/Flight Data Engineering/flight-env/lib/python3.12/site-packages/airflow/example_dags/example_nested_branch_dag.py took 0.048 seconds
[2025-09-02T17:50:27.232+0530] {processor.py:186} INFO - Started process (PID=33165) to work on /Users/parthmac/Desktop/Projects/Flight Data Engineering/flight-env/lib/python3.12/site-packages/airflow/example_dags/example_nested_branch_dag.py
[2025-09-02T17:50:27.232+0530] {processor.py:914} INFO - Processing file /Users/parthmac/Desktop/Projects/Flight Data Engineering/flight-env/lib/python3.12/site-packages/airflow/example_dags/example_nested_branch_dag.py for tasks to queue
[2025-09-02T17:50:27.233+0530] {logging_mixin.py:190} INFO - [2025-09-02T17:50:27.233+0530] {dagbag.py:588} INFO - Filling up the DagBag from /Users/parthmac/Desktop/Projects/Flight Data Engineering/flight-env/lib/python3.12/site-packages/airflow/example_dags/example_nested_branch_dag.py
[2025-09-02T17:50:27.245+0530] {processor.py:925} INFO - DAG(s) 'example_nested_branch_dag' retrieved from /Users/parthmac/Desktop/Projects/Flight Data Engineering/flight-env/lib/python3.12/site-packages/airflow/example_dags/example_nested_branch_dag.py
[2025-09-02T17:50:27.270+0530] {logging_mixin.py:190} INFO - [2025-09-02T17:50:27.270+0530] {dag.py:3239} INFO - Sync 1 DAGs
[2025-09-02T17:50:27.274+0530] {logging_mixin.py:190} INFO - [2025-09-02T17:50:27.274+0530] {dag.py:4180} INFO - Setting next_dagrun for example_nested_branch_dag to 2025-09-01 00:00:00+00:00, run_after=2025-09-02 00:00:00+00:00
[2025-09-02T17:50:27.279+0530] {processor.py:208} INFO - Processing /Users/parthmac/Desktop/Projects/Flight Data Engineering/flight-env/lib/python3.12/site-packages/airflow/example_dags/example_nested_branch_dag.py took 0.048 seconds
