[2025-09-02T16:58:13.007+0530] {processor.py:186} INFO - Started process (PID=26368) to work on /Users/parthmac/Desktop/Projects/Flight Data Engineering/flight-env/lib/python3.12/site-packages/airflow/example_dags/example_inlet_event_extra.py
[2025-09-02T16:58:13.008+0530] {processor.py:914} INFO - Processing file /Users/parthmac/Desktop/Projects/Flight Data Engineering/flight-env/lib/python3.12/site-packages/airflow/example_dags/example_inlet_event_extra.py for tasks to queue
[2025-09-02T16:58:13.008+0530] {logging_mixin.py:190} INFO - [2025-09-02T16:58:13.008+0530] {dagbag.py:588} INFO - Filling up the DagBag from /Users/parthmac/Desktop/Projects/Flight Data Engineering/flight-env/lib/python3.12/site-packages/airflow/example_dags/example_inlet_event_extra.py
[2025-09-02T16:58:13.029+0530] {processor.py:925} INFO - DAG(s) 'read_dataset_event', 'read_dataset_event_from_classic' retrieved from /Users/parthmac/Desktop/Projects/Flight Data Engineering/flight-env/lib/python3.12/site-packages/airflow/example_dags/example_inlet_event_extra.py
[2025-09-02T16:58:13.097+0530] {logging_mixin.py:190} INFO - [2025-09-02T16:58:13.096+0530] {override.py:1900} INFO - Created Permission View: can delete on DAG:read_dataset_event
[2025-09-02T16:58:13.099+0530] {logging_mixin.py:190} INFO - [2025-09-02T16:58:13.099+0530] {override.py:1900} INFO - Created Permission View: can edit on DAG:read_dataset_event
[2025-09-02T16:58:13.101+0530] {logging_mixin.py:190} INFO - [2025-09-02T16:58:13.101+0530] {override.py:1900} INFO - Created Permission View: can read on DAG:read_dataset_event
[2025-09-02T16:58:13.102+0530] {logging_mixin.py:190} INFO - [2025-09-02T16:58:13.102+0530] {override.py:1900} INFO - Created Permission View: can delete on DAG Run:read_dataset_event
[2025-09-02T16:58:13.104+0530] {logging_mixin.py:190} INFO - [2025-09-02T16:58:13.104+0530] {override.py:1900} INFO - Created Permission View: menu access on DAG Run:read_dataset_event
[2025-09-02T16:58:13.105+0530] {logging_mixin.py:190} INFO - [2025-09-02T16:58:13.105+0530] {override.py:1900} INFO - Created Permission View: can create on DAG Run:read_dataset_event
[2025-09-02T16:58:13.106+0530] {logging_mixin.py:190} INFO - [2025-09-02T16:58:13.106+0530] {override.py:1900} INFO - Created Permission View: can read on DAG Run:read_dataset_event
[2025-09-02T16:58:13.109+0530] {logging_mixin.py:190} INFO - [2025-09-02T16:58:13.109+0530] {override.py:1900} INFO - Created Permission View: can delete on DAG:read_dataset_event_from_classic
[2025-09-02T16:58:13.111+0530] {logging_mixin.py:190} INFO - [2025-09-02T16:58:13.111+0530] {override.py:1900} INFO - Created Permission View: can edit on DAG:read_dataset_event_from_classic
[2025-09-02T16:58:13.112+0530] {logging_mixin.py:190} INFO - [2025-09-02T16:58:13.112+0530] {override.py:1900} INFO - Created Permission View: can read on DAG:read_dataset_event_from_classic
[2025-09-02T16:58:13.113+0530] {logging_mixin.py:190} INFO - [2025-09-02T16:58:13.113+0530] {override.py:1900} INFO - Created Permission View: can delete on DAG Run:read_dataset_event_from_classic
[2025-09-02T16:58:13.115+0530] {logging_mixin.py:190} INFO - [2025-09-02T16:58:13.115+0530] {override.py:1900} INFO - Created Permission View: menu access on DAG Run:read_dataset_event_from_classic
[2025-09-02T16:58:13.116+0530] {logging_mixin.py:190} INFO - [2025-09-02T16:58:13.116+0530] {override.py:1900} INFO - Created Permission View: can create on DAG Run:read_dataset_event_from_classic
[2025-09-02T16:58:13.117+0530] {logging_mixin.py:190} INFO - [2025-09-02T16:58:13.117+0530] {override.py:1900} INFO - Created Permission View: can read on DAG Run:read_dataset_event_from_classic
[2025-09-02T16:58:13.117+0530] {logging_mixin.py:190} INFO - [2025-09-02T16:58:13.117+0530] {dag.py:3239} INFO - Sync 2 DAGs
[2025-09-02T16:58:13.120+0530] {logging_mixin.py:190} INFO - [2025-09-02T16:58:13.120+0530] {dag.py:3262} INFO - Creating ORM DAG for read_dataset_event
[2025-09-02T16:58:13.120+0530] {logging_mixin.py:190} INFO - [2025-09-02T16:58:13.120+0530] {dag.py:3262} INFO - Creating ORM DAG for read_dataset_event_from_classic
[2025-09-02T16:58:13.123+0530] {logging_mixin.py:190} INFO - [2025-09-02T16:58:13.123+0530] {dag.py:4180} INFO - Setting next_dagrun for read_dataset_event to 2025-09-01 00:00:00+00:00, run_after=2025-09-02 00:00:00+00:00
[2025-09-02T16:58:13.123+0530] {logging_mixin.py:190} INFO - [2025-09-02T16:58:13.123+0530] {dag.py:4180} INFO - Setting next_dagrun for read_dataset_event_from_classic to 2025-09-01 00:00:00+00:00, run_after=2025-09-02 00:00:00+00:00
[2025-09-02T16:58:13.128+0530] {processor.py:208} INFO - Processing /Users/parthmac/Desktop/Projects/Flight Data Engineering/flight-env/lib/python3.12/site-packages/airflow/example_dags/example_inlet_event_extra.py took 0.121 seconds
[2025-09-02T17:06:02.871+0530] {processor.py:186} INFO - Started process (PID=27630) to work on /Users/parthmac/Desktop/Projects/Flight Data Engineering/flight-env/lib/python3.12/site-packages/airflow/example_dags/example_inlet_event_extra.py
[2025-09-02T17:06:02.872+0530] {processor.py:914} INFO - Processing file /Users/parthmac/Desktop/Projects/Flight Data Engineering/flight-env/lib/python3.12/site-packages/airflow/example_dags/example_inlet_event_extra.py for tasks to queue
[2025-09-02T17:06:02.872+0530] {logging_mixin.py:190} INFO - [2025-09-02T17:06:02.872+0530] {dagbag.py:588} INFO - Filling up the DagBag from /Users/parthmac/Desktop/Projects/Flight Data Engineering/flight-env/lib/python3.12/site-packages/airflow/example_dags/example_inlet_event_extra.py
[2025-09-02T17:06:02.892+0530] {processor.py:925} INFO - DAG(s) 'read_dataset_event', 'read_dataset_event_from_classic' retrieved from /Users/parthmac/Desktop/Projects/Flight Data Engineering/flight-env/lib/python3.12/site-packages/airflow/example_dags/example_inlet_event_extra.py
[2025-09-02T17:06:02.916+0530] {logging_mixin.py:190} INFO - [2025-09-02T17:06:02.916+0530] {dag.py:3239} INFO - Sync 2 DAGs
[2025-09-02T17:06:02.921+0530] {logging_mixin.py:190} INFO - [2025-09-02T17:06:02.921+0530] {dag.py:4180} INFO - Setting next_dagrun for read_dataset_event to 2025-09-01 00:00:00+00:00, run_after=2025-09-02 00:00:00+00:00
[2025-09-02T17:06:02.922+0530] {logging_mixin.py:190} INFO - [2025-09-02T17:06:02.922+0530] {dag.py:4180} INFO - Setting next_dagrun for read_dataset_event_from_classic to 2025-09-01 00:00:00+00:00, run_after=2025-09-02 00:00:00+00:00
[2025-09-02T17:06:02.926+0530] {processor.py:208} INFO - Processing /Users/parthmac/Desktop/Projects/Flight Data Engineering/flight-env/lib/python3.12/site-packages/airflow/example_dags/example_inlet_event_extra.py took 0.056 seconds
[2025-09-02T17:07:50.259+0530] {processor.py:186} INFO - Started process (PID=27758) to work on /Users/parthmac/Desktop/Projects/Flight Data Engineering/flight-env/lib/python3.12/site-packages/airflow/example_dags/example_inlet_event_extra.py
[2025-09-02T17:07:50.260+0530] {processor.py:914} INFO - Processing file /Users/parthmac/Desktop/Projects/Flight Data Engineering/flight-env/lib/python3.12/site-packages/airflow/example_dags/example_inlet_event_extra.py for tasks to queue
[2025-09-02T17:07:50.260+0530] {logging_mixin.py:190} INFO - [2025-09-02T17:07:50.260+0530] {dagbag.py:588} INFO - Filling up the DagBag from /Users/parthmac/Desktop/Projects/Flight Data Engineering/flight-env/lib/python3.12/site-packages/airflow/example_dags/example_inlet_event_extra.py
[2025-09-02T17:07:50.281+0530] {processor.py:925} INFO - DAG(s) 'read_dataset_event', 'read_dataset_event_from_classic' retrieved from /Users/parthmac/Desktop/Projects/Flight Data Engineering/flight-env/lib/python3.12/site-packages/airflow/example_dags/example_inlet_event_extra.py
[2025-09-02T17:07:50.309+0530] {logging_mixin.py:190} INFO - [2025-09-02T17:07:50.309+0530] {dag.py:3239} INFO - Sync 2 DAGs
[2025-09-02T17:07:50.314+0530] {logging_mixin.py:190} INFO - [2025-09-02T17:07:50.314+0530] {dag.py:4180} INFO - Setting next_dagrun for read_dataset_event to 2025-09-01 00:00:00+00:00, run_after=2025-09-02 00:00:00+00:00
[2025-09-02T17:07:50.315+0530] {logging_mixin.py:190} INFO - [2025-09-02T17:07:50.315+0530] {dag.py:4180} INFO - Setting next_dagrun for read_dataset_event_from_classic to 2025-09-01 00:00:00+00:00, run_after=2025-09-02 00:00:00+00:00
[2025-09-02T17:07:50.319+0530] {processor.py:208} INFO - Processing /Users/parthmac/Desktop/Projects/Flight Data Engineering/flight-env/lib/python3.12/site-packages/airflow/example_dags/example_inlet_event_extra.py took 0.061 seconds
[2025-09-02T17:42:59.610+0530] {processor.py:186} INFO - Started process (PID=31695) to work on /Users/parthmac/Desktop/Projects/Flight Data Engineering/flight-env/lib/python3.12/site-packages/airflow/example_dags/example_inlet_event_extra.py
[2025-09-02T17:42:59.610+0530] {processor.py:914} INFO - Processing file /Users/parthmac/Desktop/Projects/Flight Data Engineering/flight-env/lib/python3.12/site-packages/airflow/example_dags/example_inlet_event_extra.py for tasks to queue
[2025-09-02T17:42:59.610+0530] {logging_mixin.py:190} INFO - [2025-09-02T17:42:59.610+0530] {dagbag.py:588} INFO - Filling up the DagBag from /Users/parthmac/Desktop/Projects/Flight Data Engineering/flight-env/lib/python3.12/site-packages/airflow/example_dags/example_inlet_event_extra.py
[2025-09-02T17:42:59.632+0530] {processor.py:925} INFO - DAG(s) 'read_dataset_event_from_classic', 'read_dataset_event' retrieved from /Users/parthmac/Desktop/Projects/Flight Data Engineering/flight-env/lib/python3.12/site-packages/airflow/example_dags/example_inlet_event_extra.py
[2025-09-02T17:42:59.656+0530] {logging_mixin.py:190} INFO - [2025-09-02T17:42:59.656+0530] {dag.py:3239} INFO - Sync 2 DAGs
[2025-09-02T17:42:59.661+0530] {logging_mixin.py:190} INFO - [2025-09-02T17:42:59.661+0530] {dag.py:4180} INFO - Setting next_dagrun for read_dataset_event to 2025-09-01 00:00:00+00:00, run_after=2025-09-02 00:00:00+00:00
[2025-09-02T17:42:59.662+0530] {logging_mixin.py:190} INFO - [2025-09-02T17:42:59.662+0530] {dag.py:4180} INFO - Setting next_dagrun for read_dataset_event_from_classic to 2025-09-01 00:00:00+00:00, run_after=2025-09-02 00:00:00+00:00
[2025-09-02T17:42:59.666+0530] {processor.py:208} INFO - Processing /Users/parthmac/Desktop/Projects/Flight Data Engineering/flight-env/lib/python3.12/site-packages/airflow/example_dags/example_inlet_event_extra.py took 0.057 seconds
[2025-09-02T17:47:24.120+0530] {processor.py:186} INFO - Started process (PID=32650) to work on /Users/parthmac/Desktop/Projects/Flight Data Engineering/flight-env/lib/python3.12/site-packages/airflow/example_dags/example_inlet_event_extra.py
[2025-09-02T17:47:24.120+0530] {processor.py:914} INFO - Processing file /Users/parthmac/Desktop/Projects/Flight Data Engineering/flight-env/lib/python3.12/site-packages/airflow/example_dags/example_inlet_event_extra.py for tasks to queue
[2025-09-02T17:47:24.121+0530] {logging_mixin.py:190} INFO - [2025-09-02T17:47:24.121+0530] {dagbag.py:588} INFO - Filling up the DagBag from /Users/parthmac/Desktop/Projects/Flight Data Engineering/flight-env/lib/python3.12/site-packages/airflow/example_dags/example_inlet_event_extra.py
[2025-09-02T17:47:24.143+0530] {processor.py:925} INFO - DAG(s) 'read_dataset_event', 'read_dataset_event_from_classic' retrieved from /Users/parthmac/Desktop/Projects/Flight Data Engineering/flight-env/lib/python3.12/site-packages/airflow/example_dags/example_inlet_event_extra.py
[2025-09-02T17:47:24.168+0530] {logging_mixin.py:190} INFO - [2025-09-02T17:47:24.168+0530] {dag.py:3239} INFO - Sync 2 DAGs
[2025-09-02T17:47:24.173+0530] {logging_mixin.py:190} INFO - [2025-09-02T17:47:24.173+0530] {dag.py:4180} INFO - Setting next_dagrun for read_dataset_event to 2025-09-01 00:00:00+00:00, run_after=2025-09-02 00:00:00+00:00
[2025-09-02T17:47:24.174+0530] {logging_mixin.py:190} INFO - [2025-09-02T17:47:24.174+0530] {dag.py:4180} INFO - Setting next_dagrun for read_dataset_event_from_classic to 2025-09-01 00:00:00+00:00, run_after=2025-09-02 00:00:00+00:00
[2025-09-02T17:47:24.178+0530] {processor.py:208} INFO - Processing /Users/parthmac/Desktop/Projects/Flight Data Engineering/flight-env/lib/python3.12/site-packages/airflow/example_dags/example_inlet_event_extra.py took 0.059 seconds
[2025-09-02T17:49:11.808+0530] {processor.py:186} INFO - Started process (PID=32753) to work on /Users/parthmac/Desktop/Projects/Flight Data Engineering/flight-env/lib/python3.12/site-packages/airflow/example_dags/example_inlet_event_extra.py
[2025-09-02T17:49:11.808+0530] {processor.py:914} INFO - Processing file /Users/parthmac/Desktop/Projects/Flight Data Engineering/flight-env/lib/python3.12/site-packages/airflow/example_dags/example_inlet_event_extra.py for tasks to queue
[2025-09-02T17:49:11.808+0530] {logging_mixin.py:190} INFO - [2025-09-02T17:49:11.808+0530] {dagbag.py:588} INFO - Filling up the DagBag from /Users/parthmac/Desktop/Projects/Flight Data Engineering/flight-env/lib/python3.12/site-packages/airflow/example_dags/example_inlet_event_extra.py
[2025-09-02T17:49:11.830+0530] {processor.py:925} INFO - DAG(s) 'read_dataset_event_from_classic', 'read_dataset_event' retrieved from /Users/parthmac/Desktop/Projects/Flight Data Engineering/flight-env/lib/python3.12/site-packages/airflow/example_dags/example_inlet_event_extra.py
[2025-09-02T17:49:11.855+0530] {logging_mixin.py:190} INFO - [2025-09-02T17:49:11.855+0530] {dag.py:3239} INFO - Sync 2 DAGs
[2025-09-02T17:49:11.860+0530] {logging_mixin.py:190} INFO - [2025-09-02T17:49:11.859+0530] {dag.py:4180} INFO - Setting next_dagrun for read_dataset_event to 2025-09-01 00:00:00+00:00, run_after=2025-09-02 00:00:00+00:00
[2025-09-02T17:49:11.861+0530] {logging_mixin.py:190} INFO - [2025-09-02T17:49:11.860+0530] {dag.py:4180} INFO - Setting next_dagrun for read_dataset_event_from_classic to 2025-09-01 00:00:00+00:00, run_after=2025-09-02 00:00:00+00:00
[2025-09-02T17:49:11.865+0530] {processor.py:208} INFO - Processing /Users/parthmac/Desktop/Projects/Flight Data Engineering/flight-env/lib/python3.12/site-packages/airflow/example_dags/example_inlet_event_extra.py took 0.058 seconds
[2025-09-02T17:50:53.977+0530] {processor.py:186} INFO - Started process (PID=33188) to work on /Users/parthmac/Desktop/Projects/Flight Data Engineering/flight-env/lib/python3.12/site-packages/airflow/example_dags/example_inlet_event_extra.py
[2025-09-02T17:50:53.977+0530] {processor.py:914} INFO - Processing file /Users/parthmac/Desktop/Projects/Flight Data Engineering/flight-env/lib/python3.12/site-packages/airflow/example_dags/example_inlet_event_extra.py for tasks to queue
[2025-09-02T17:50:53.977+0530] {logging_mixin.py:190} INFO - [2025-09-02T17:50:53.977+0530] {dagbag.py:588} INFO - Filling up the DagBag from /Users/parthmac/Desktop/Projects/Flight Data Engineering/flight-env/lib/python3.12/site-packages/airflow/example_dags/example_inlet_event_extra.py
[2025-09-02T17:50:53.999+0530] {processor.py:925} INFO - DAG(s) 'read_dataset_event_from_classic', 'read_dataset_event' retrieved from /Users/parthmac/Desktop/Projects/Flight Data Engineering/flight-env/lib/python3.12/site-packages/airflow/example_dags/example_inlet_event_extra.py
[2025-09-02T17:50:54.024+0530] {logging_mixin.py:190} INFO - [2025-09-02T17:50:54.024+0530] {dag.py:3239} INFO - Sync 2 DAGs
[2025-09-02T17:50:54.029+0530] {logging_mixin.py:190} INFO - [2025-09-02T17:50:54.029+0530] {dag.py:4180} INFO - Setting next_dagrun for read_dataset_event to 2025-09-01 00:00:00+00:00, run_after=2025-09-02 00:00:00+00:00
[2025-09-02T17:50:54.030+0530] {logging_mixin.py:190} INFO - [2025-09-02T17:50:54.030+0530] {dag.py:4180} INFO - Setting next_dagrun for read_dataset_event_from_classic to 2025-09-01 00:00:00+00:00, run_after=2025-09-02 00:00:00+00:00
[2025-09-02T17:50:54.035+0530] {processor.py:208} INFO - Processing /Users/parthmac/Desktop/Projects/Flight Data Engineering/flight-env/lib/python3.12/site-packages/airflow/example_dags/example_inlet_event_extra.py took 0.058 seconds
