[2025-09-02T16:58:37.089+0530] {processor.py:186} INFO - Started process (PID=26386) to work on /Users/parthmac/Desktop/Projects/Flight Data Engineering/flight-env/lib/python3.12/site-packages/airflow/example_dags/example_branch_datetime_operator.py
[2025-09-02T16:58:37.089+0530] {processor.py:914} INFO - Processing file /Users/parthmac/Desktop/Projects/Flight Data Engineering/flight-env/lib/python3.12/site-packages/airflow/example_dags/example_branch_datetime_operator.py for tasks to queue
[2025-09-02T16:58:37.090+0530] {logging_mixin.py:190} INFO - [2025-09-02T16:58:37.090+0530] {dagbag.py:588} INFO - Filling up the DagBag from /Users/parthmac/Desktop/Projects/Flight Data Engineering/flight-env/lib/python3.12/site-packages/airflow/example_dags/example_branch_datetime_operator.py
[2025-09-02T16:58:37.094+0530] {processor.py:925} INFO - DAG(s) 'example_branch_datetime_operator_3', 'example_branch_datetime_operator_2', 'example_branch_datetime_operator' retrieved from /Users/parthmac/Desktop/Projects/Flight Data Engineering/flight-env/lib/python3.12/site-packages/airflow/example_dags/example_branch_datetime_operator.py
[2025-09-02T16:58:37.145+0530] {logging_mixin.py:190} INFO - [2025-09-02T16:58:37.145+0530] {override.py:1900} INFO - Created Permission View: can edit on DAG:example_branch_datetime_operator_3
[2025-09-02T16:58:37.148+0530] {logging_mixin.py:190} INFO - [2025-09-02T16:58:37.148+0530] {override.py:1900} INFO - Created Permission View: can read on DAG:example_branch_datetime_operator_3
[2025-09-02T16:58:37.149+0530] {logging_mixin.py:190} INFO - [2025-09-02T16:58:37.149+0530] {override.py:1900} INFO - Created Permission View: can delete on DAG:example_branch_datetime_operator_3
[2025-09-02T16:58:37.151+0530] {logging_mixin.py:190} INFO - [2025-09-02T16:58:37.151+0530] {override.py:1900} INFO - Created Permission View: menu access on DAG Run:example_branch_datetime_operator_3
[2025-09-02T16:58:37.152+0530] {logging_mixin.py:190} INFO - [2025-09-02T16:58:37.152+0530] {override.py:1900} INFO - Created Permission View: can read on DAG Run:example_branch_datetime_operator_3
[2025-09-02T16:58:37.154+0530] {logging_mixin.py:190} INFO - [2025-09-02T16:58:37.154+0530] {override.py:1900} INFO - Created Permission View: can delete on DAG Run:example_branch_datetime_operator_3
[2025-09-02T16:58:37.155+0530] {logging_mixin.py:190} INFO - [2025-09-02T16:58:37.155+0530] {override.py:1900} INFO - Created Permission View: can create on DAG Run:example_branch_datetime_operator_3
[2025-09-02T16:58:37.158+0530] {logging_mixin.py:190} INFO - [2025-09-02T16:58:37.158+0530] {override.py:1900} INFO - Created Permission View: can edit on DAG:example_branch_datetime_operator_2
[2025-09-02T16:58:37.159+0530] {logging_mixin.py:190} INFO - [2025-09-02T16:58:37.159+0530] {override.py:1900} INFO - Created Permission View: can read on DAG:example_branch_datetime_operator_2
[2025-09-02T16:58:37.161+0530] {logging_mixin.py:190} INFO - [2025-09-02T16:58:37.161+0530] {override.py:1900} INFO - Created Permission View: can delete on DAG:example_branch_datetime_operator_2
[2025-09-02T16:58:37.162+0530] {logging_mixin.py:190} INFO - [2025-09-02T16:58:37.162+0530] {override.py:1900} INFO - Created Permission View: menu access on DAG Run:example_branch_datetime_operator_2
[2025-09-02T16:58:37.164+0530] {logging_mixin.py:190} INFO - [2025-09-02T16:58:37.163+0530] {override.py:1900} INFO - Created Permission View: can read on DAG Run:example_branch_datetime_operator_2
[2025-09-02T16:58:37.165+0530] {logging_mixin.py:190} INFO - [2025-09-02T16:58:37.165+0530] {override.py:1900} INFO - Created Permission View: can delete on DAG Run:example_branch_datetime_operator_2
[2025-09-02T16:58:37.166+0530] {logging_mixin.py:190} INFO - [2025-09-02T16:58:37.166+0530] {override.py:1900} INFO - Created Permission View: can create on DAG Run:example_branch_datetime_operator_2
[2025-09-02T16:58:37.169+0530] {logging_mixin.py:190} INFO - [2025-09-02T16:58:37.169+0530] {override.py:1900} INFO - Created Permission View: can edit on DAG:example_branch_datetime_operator
[2025-09-02T16:58:37.170+0530] {logging_mixin.py:190} INFO - [2025-09-02T16:58:37.170+0530] {override.py:1900} INFO - Created Permission View: can read on DAG:example_branch_datetime_operator
[2025-09-02T16:58:37.171+0530] {logging_mixin.py:190} INFO - [2025-09-02T16:58:37.171+0530] {override.py:1900} INFO - Created Permission View: can delete on DAG:example_branch_datetime_operator
[2025-09-02T16:58:37.173+0530] {logging_mixin.py:190} INFO - [2025-09-02T16:58:37.173+0530] {override.py:1900} INFO - Created Permission View: menu access on DAG Run:example_branch_datetime_operator
[2025-09-02T16:58:37.175+0530] {logging_mixin.py:190} INFO - [2025-09-02T16:58:37.175+0530] {override.py:1900} INFO - Created Permission View: can read on DAG Run:example_branch_datetime_operator
[2025-09-02T16:58:37.176+0530] {logging_mixin.py:190} INFO - [2025-09-02T16:58:37.176+0530] {override.py:1900} INFO - Created Permission View: can delete on DAG Run:example_branch_datetime_operator
[2025-09-02T16:58:37.177+0530] {logging_mixin.py:190} INFO - [2025-09-02T16:58:37.177+0530] {override.py:1900} INFO - Created Permission View: can create on DAG Run:example_branch_datetime_operator
[2025-09-02T16:58:37.178+0530] {logging_mixin.py:190} INFO - [2025-09-02T16:58:37.177+0530] {dag.py:3239} INFO - Sync 3 DAGs
[2025-09-02T16:58:37.205+0530] {logging_mixin.py:190} INFO - [2025-09-02T16:58:37.205+0530] {dag.py:3262} INFO - Creating ORM DAG for example_branch_datetime_operator_3
[2025-09-02T16:58:37.205+0530] {logging_mixin.py:190} INFO - [2025-09-02T16:58:37.205+0530] {dag.py:3262} INFO - Creating ORM DAG for example_branch_datetime_operator
[2025-09-02T16:58:37.206+0530] {logging_mixin.py:190} INFO - [2025-09-02T16:58:37.205+0530] {dag.py:3262} INFO - Creating ORM DAG for example_branch_datetime_operator_2
[2025-09-02T16:58:37.208+0530] {logging_mixin.py:190} INFO - [2025-09-02T16:58:37.208+0530] {dag.py:4180} INFO - Setting next_dagrun for example_branch_datetime_operator to 2025-09-01 00:00:00+00:00, run_after=2025-09-02 00:00:00+00:00
[2025-09-02T16:58:37.208+0530] {logging_mixin.py:190} INFO - [2025-09-02T16:58:37.208+0530] {dag.py:4180} INFO - Setting next_dagrun for example_branch_datetime_operator_2 to 2025-09-01 00:00:00+00:00, run_after=2025-09-02 00:00:00+00:00
[2025-09-02T16:58:37.209+0530] {logging_mixin.py:190} INFO - [2025-09-02T16:58:37.209+0530] {dag.py:4180} INFO - Setting next_dagrun for example_branch_datetime_operator_3 to 2025-09-01 00:00:00+00:00, run_after=2025-09-02 00:00:00+00:00
[2025-09-02T16:58:37.213+0530] {processor.py:208} INFO - Processing /Users/parthmac/Desktop/Projects/Flight Data Engineering/flight-env/lib/python3.12/site-packages/airflow/example_dags/example_branch_datetime_operator.py took 0.125 seconds
[2025-09-02T17:06:24.289+0530] {processor.py:186} INFO - Started process (PID=27647) to work on /Users/parthmac/Desktop/Projects/Flight Data Engineering/flight-env/lib/python3.12/site-packages/airflow/example_dags/example_branch_datetime_operator.py
[2025-09-02T17:06:24.290+0530] {processor.py:914} INFO - Processing file /Users/parthmac/Desktop/Projects/Flight Data Engineering/flight-env/lib/python3.12/site-packages/airflow/example_dags/example_branch_datetime_operator.py for tasks to queue
[2025-09-02T17:06:24.290+0530] {logging_mixin.py:190} INFO - [2025-09-02T17:06:24.290+0530] {dagbag.py:588} INFO - Filling up the DagBag from /Users/parthmac/Desktop/Projects/Flight Data Engineering/flight-env/lib/python3.12/site-packages/airflow/example_dags/example_branch_datetime_operator.py
[2025-09-02T17:06:24.294+0530] {processor.py:925} INFO - DAG(s) 'example_branch_datetime_operator_2', 'example_branch_datetime_operator_3', 'example_branch_datetime_operator' retrieved from /Users/parthmac/Desktop/Projects/Flight Data Engineering/flight-env/lib/python3.12/site-packages/airflow/example_dags/example_branch_datetime_operator.py
[2025-09-02T17:06:24.319+0530] {logging_mixin.py:190} INFO - [2025-09-02T17:06:24.319+0530] {dag.py:3239} INFO - Sync 3 DAGs
[2025-09-02T17:06:24.324+0530] {logging_mixin.py:190} INFO - [2025-09-02T17:06:24.324+0530] {dag.py:4180} INFO - Setting next_dagrun for example_branch_datetime_operator to 2025-09-01 00:00:00+00:00, run_after=2025-09-02 00:00:00+00:00
[2025-09-02T17:06:24.325+0530] {logging_mixin.py:190} INFO - [2025-09-02T17:06:24.325+0530] {dag.py:4180} INFO - Setting next_dagrun for example_branch_datetime_operator_2 to 2025-09-01 00:00:00+00:00, run_after=2025-09-02 00:00:00+00:00
[2025-09-02T17:06:24.325+0530] {logging_mixin.py:190} INFO - [2025-09-02T17:06:24.325+0530] {dag.py:4180} INFO - Setting next_dagrun for example_branch_datetime_operator_3 to 2025-09-01 00:00:00+00:00, run_after=2025-09-02 00:00:00+00:00
[2025-09-02T17:06:24.330+0530] {processor.py:208} INFO - Processing /Users/parthmac/Desktop/Projects/Flight Data Engineering/flight-env/lib/python3.12/site-packages/airflow/example_dags/example_branch_datetime_operator.py took 0.042 seconds
[2025-09-02T17:43:21.550+0530] {processor.py:186} INFO - Started process (PID=31717) to work on /Users/parthmac/Desktop/Projects/Flight Data Engineering/flight-env/lib/python3.12/site-packages/airflow/example_dags/example_branch_datetime_operator.py
[2025-09-02T17:43:21.551+0530] {processor.py:914} INFO - Processing file /Users/parthmac/Desktop/Projects/Flight Data Engineering/flight-env/lib/python3.12/site-packages/airflow/example_dags/example_branch_datetime_operator.py for tasks to queue
[2025-09-02T17:43:21.551+0530] {logging_mixin.py:190} INFO - [2025-09-02T17:43:21.551+0530] {dagbag.py:588} INFO - Filling up the DagBag from /Users/parthmac/Desktop/Projects/Flight Data Engineering/flight-env/lib/python3.12/site-packages/airflow/example_dags/example_branch_datetime_operator.py
[2025-09-02T17:43:21.554+0530] {processor.py:925} INFO - DAG(s) 'example_branch_datetime_operator_3', 'example_branch_datetime_operator', 'example_branch_datetime_operator_2' retrieved from /Users/parthmac/Desktop/Projects/Flight Data Engineering/flight-env/lib/python3.12/site-packages/airflow/example_dags/example_branch_datetime_operator.py
[2025-09-02T17:43:21.581+0530] {logging_mixin.py:190} INFO - [2025-09-02T17:43:21.581+0530] {dag.py:3239} INFO - Sync 3 DAGs
[2025-09-02T17:43:21.586+0530] {logging_mixin.py:190} INFO - [2025-09-02T17:43:21.586+0530] {dag.py:4180} INFO - Setting next_dagrun for example_branch_datetime_operator to 2025-09-01 00:00:00+00:00, run_after=2025-09-02 00:00:00+00:00
[2025-09-02T17:43:21.587+0530] {logging_mixin.py:190} INFO - [2025-09-02T17:43:21.587+0530] {dag.py:4180} INFO - Setting next_dagrun for example_branch_datetime_operator_2 to 2025-09-01 00:00:00+00:00, run_after=2025-09-02 00:00:00+00:00
[2025-09-02T17:43:21.588+0530] {logging_mixin.py:190} INFO - [2025-09-02T17:43:21.588+0530] {dag.py:4180} INFO - Setting next_dagrun for example_branch_datetime_operator_3 to 2025-09-01 00:00:00+00:00, run_after=2025-09-02 00:00:00+00:00
[2025-09-02T17:43:21.592+0530] {processor.py:208} INFO - Processing /Users/parthmac/Desktop/Projects/Flight Data Engineering/flight-env/lib/python3.12/site-packages/airflow/example_dags/example_branch_datetime_operator.py took 0.043 seconds
[2025-09-02T17:47:45.249+0530] {processor.py:186} INFO - Started process (PID=32669) to work on /Users/parthmac/Desktop/Projects/Flight Data Engineering/flight-env/lib/python3.12/site-packages/airflow/example_dags/example_branch_datetime_operator.py
[2025-09-02T17:47:45.249+0530] {processor.py:914} INFO - Processing file /Users/parthmac/Desktop/Projects/Flight Data Engineering/flight-env/lib/python3.12/site-packages/airflow/example_dags/example_branch_datetime_operator.py for tasks to queue
[2025-09-02T17:47:45.249+0530] {logging_mixin.py:190} INFO - [2025-09-02T17:47:45.249+0530] {dagbag.py:588} INFO - Filling up the DagBag from /Users/parthmac/Desktop/Projects/Flight Data Engineering/flight-env/lib/python3.12/site-packages/airflow/example_dags/example_branch_datetime_operator.py
[2025-09-02T17:47:45.253+0530] {processor.py:925} INFO - DAG(s) 'example_branch_datetime_operator_3', 'example_branch_datetime_operator_2', 'example_branch_datetime_operator' retrieved from /Users/parthmac/Desktop/Projects/Flight Data Engineering/flight-env/lib/python3.12/site-packages/airflow/example_dags/example_branch_datetime_operator.py
[2025-09-02T17:47:45.280+0530] {logging_mixin.py:190} INFO - [2025-09-02T17:47:45.280+0530] {dag.py:3239} INFO - Sync 3 DAGs
[2025-09-02T17:47:45.286+0530] {logging_mixin.py:190} INFO - [2025-09-02T17:47:45.286+0530] {dag.py:4180} INFO - Setting next_dagrun for example_branch_datetime_operator to 2025-09-01 00:00:00+00:00, run_after=2025-09-02 00:00:00+00:00
[2025-09-02T17:47:45.287+0530] {logging_mixin.py:190} INFO - [2025-09-02T17:47:45.287+0530] {dag.py:4180} INFO - Setting next_dagrun for example_branch_datetime_operator_2 to 2025-09-01 00:00:00+00:00, run_after=2025-09-02 00:00:00+00:00
[2025-09-02T17:47:45.288+0530] {logging_mixin.py:190} INFO - [2025-09-02T17:47:45.288+0530] {dag.py:4180} INFO - Setting next_dagrun for example_branch_datetime_operator_3 to 2025-09-01 00:00:00+00:00, run_after=2025-09-02 00:00:00+00:00
[2025-09-02T17:47:45.292+0530] {processor.py:208} INFO - Processing /Users/parthmac/Desktop/Projects/Flight Data Engineering/flight-env/lib/python3.12/site-packages/airflow/example_dags/example_branch_datetime_operator.py took 0.044 seconds
[2025-09-02T17:49:33.692+0530] {processor.py:186} INFO - Started process (PID=32769) to work on /Users/parthmac/Desktop/Projects/Flight Data Engineering/flight-env/lib/python3.12/site-packages/airflow/example_dags/example_branch_datetime_operator.py
[2025-09-02T17:49:33.692+0530] {processor.py:914} INFO - Processing file /Users/parthmac/Desktop/Projects/Flight Data Engineering/flight-env/lib/python3.12/site-packages/airflow/example_dags/example_branch_datetime_operator.py for tasks to queue
[2025-09-02T17:49:33.693+0530] {logging_mixin.py:190} INFO - [2025-09-02T17:49:33.693+0530] {dagbag.py:588} INFO - Filling up the DagBag from /Users/parthmac/Desktop/Projects/Flight Data Engineering/flight-env/lib/python3.12/site-packages/airflow/example_dags/example_branch_datetime_operator.py
[2025-09-02T17:49:33.696+0530] {processor.py:925} INFO - DAG(s) 'example_branch_datetime_operator', 'example_branch_datetime_operator_2', 'example_branch_datetime_operator_3' retrieved from /Users/parthmac/Desktop/Projects/Flight Data Engineering/flight-env/lib/python3.12/site-packages/airflow/example_dags/example_branch_datetime_operator.py
[2025-09-02T17:49:33.723+0530] {logging_mixin.py:190} INFO - [2025-09-02T17:49:33.723+0530] {dag.py:3239} INFO - Sync 3 DAGs
[2025-09-02T17:49:33.728+0530] {logging_mixin.py:190} INFO - [2025-09-02T17:49:33.728+0530] {dag.py:4180} INFO - Setting next_dagrun for example_branch_datetime_operator to 2025-09-01 00:00:00+00:00, run_after=2025-09-02 00:00:00+00:00
[2025-09-02T17:49:33.729+0530] {logging_mixin.py:190} INFO - [2025-09-02T17:49:33.729+0530] {dag.py:4180} INFO - Setting next_dagrun for example_branch_datetime_operator_2 to 2025-09-01 00:00:00+00:00, run_after=2025-09-02 00:00:00+00:00
[2025-09-02T17:49:33.729+0530] {logging_mixin.py:190} INFO - [2025-09-02T17:49:33.729+0530] {dag.py:4180} INFO - Setting next_dagrun for example_branch_datetime_operator_3 to 2025-09-01 00:00:00+00:00, run_after=2025-09-02 00:00:00+00:00
[2025-09-02T17:49:33.734+0530] {processor.py:208} INFO - Processing /Users/parthmac/Desktop/Projects/Flight Data Engineering/flight-env/lib/python3.12/site-packages/airflow/example_dags/example_branch_datetime_operator.py took 0.042 seconds
[2025-09-02T17:51:15.987+0530] {processor.py:186} INFO - Started process (PID=33206) to work on /Users/parthmac/Desktop/Projects/Flight Data Engineering/flight-env/lib/python3.12/site-packages/airflow/example_dags/example_branch_datetime_operator.py
[2025-09-02T17:51:15.988+0530] {processor.py:914} INFO - Processing file /Users/parthmac/Desktop/Projects/Flight Data Engineering/flight-env/lib/python3.12/site-packages/airflow/example_dags/example_branch_datetime_operator.py for tasks to queue
[2025-09-02T17:51:15.988+0530] {logging_mixin.py:190} INFO - [2025-09-02T17:51:15.988+0530] {dagbag.py:588} INFO - Filling up the DagBag from /Users/parthmac/Desktop/Projects/Flight Data Engineering/flight-env/lib/python3.12/site-packages/airflow/example_dags/example_branch_datetime_operator.py
[2025-09-02T17:51:15.991+0530] {processor.py:925} INFO - DAG(s) 'example_branch_datetime_operator_3', 'example_branch_datetime_operator', 'example_branch_datetime_operator_2' retrieved from /Users/parthmac/Desktop/Projects/Flight Data Engineering/flight-env/lib/python3.12/site-packages/airflow/example_dags/example_branch_datetime_operator.py
[2025-09-02T17:51:16.019+0530] {logging_mixin.py:190} INFO - [2025-09-02T17:51:16.018+0530] {dag.py:3239} INFO - Sync 3 DAGs
[2025-09-02T17:51:16.024+0530] {logging_mixin.py:190} INFO - [2025-09-02T17:51:16.024+0530] {dag.py:4180} INFO - Setting next_dagrun for example_branch_datetime_operator to 2025-09-01 00:00:00+00:00, run_after=2025-09-02 00:00:00+00:00
[2025-09-02T17:51:16.026+0530] {logging_mixin.py:190} INFO - [2025-09-02T17:51:16.026+0530] {dag.py:4180} INFO - Setting next_dagrun for example_branch_datetime_operator_2 to 2025-09-01 00:00:00+00:00, run_after=2025-09-02 00:00:00+00:00
[2025-09-02T17:51:16.026+0530] {logging_mixin.py:190} INFO - [2025-09-02T17:51:16.026+0530] {dag.py:4180} INFO - Setting next_dagrun for example_branch_datetime_operator_3 to 2025-09-01 00:00:00+00:00, run_after=2025-09-02 00:00:00+00:00
[2025-09-02T17:51:16.031+0530] {processor.py:208} INFO - Processing /Users/parthmac/Desktop/Projects/Flight Data Engineering/flight-env/lib/python3.12/site-packages/airflow/example_dags/example_branch_datetime_operator.py took 0.044 seconds
