[2025-09-02T16:57:46.921+0530] {processor.py:186} INFO - Started process (PID=26349) to work on /Users/parthmac/Desktop/Projects/Flight Data Engineering/flight-env/lib/python3.12/site-packages/airflow/example_dags/example_setup_teardown_taskflow.py
[2025-09-02T16:57:46.922+0530] {processor.py:914} INFO - Processing file /Users/parthmac/Desktop/Projects/Flight Data Engineering/flight-env/lib/python3.12/site-packages/airflow/example_dags/example_setup_teardown_taskflow.py for tasks to queue
[2025-09-02T16:57:46.922+0530] {logging_mixin.py:190} INFO - [2025-09-02T16:57:46.922+0530] {dagbag.py:588} INFO - Filling up the DagBag from /Users/parthmac/Desktop/Projects/Flight Data Engineering/flight-env/lib/python3.12/site-packages/airflow/example_dags/example_setup_teardown_taskflow.py
[2025-09-02T16:57:46.934+0530] {processor.py:925} INFO - DAG(s) 'example_setup_teardown_taskflow' retrieved from /Users/parthmac/Desktop/Projects/Flight Data Engineering/flight-env/lib/python3.12/site-packages/airflow/example_dags/example_setup_teardown_taskflow.py
[2025-09-02T16:57:46.999+0530] {logging_mixin.py:190} INFO - [2025-09-02T16:57:46.999+0530] {override.py:1900} INFO - Created Permission View: can edit on DAG:example_setup_teardown_taskflow
[2025-09-02T16:57:47.001+0530] {logging_mixin.py:190} INFO - [2025-09-02T16:57:47.001+0530] {override.py:1900} INFO - Created Permission View: can delete on DAG:example_setup_teardown_taskflow
[2025-09-02T16:57:47.003+0530] {logging_mixin.py:190} INFO - [2025-09-02T16:57:47.003+0530] {override.py:1900} INFO - Created Permission View: can read on DAG:example_setup_teardown_taskflow
[2025-09-02T16:57:47.004+0530] {logging_mixin.py:190} INFO - [2025-09-02T16:57:47.004+0530] {override.py:1900} INFO - Created Permission View: menu access on DAG Run:example_setup_teardown_taskflow
[2025-09-02T16:57:47.006+0530] {logging_mixin.py:190} INFO - [2025-09-02T16:57:47.006+0530] {override.py:1900} INFO - Created Permission View: can create on DAG Run:example_setup_teardown_taskflow
[2025-09-02T16:57:47.007+0530] {logging_mixin.py:190} INFO - [2025-09-02T16:57:47.007+0530] {override.py:1900} INFO - Created Permission View: can delete on DAG Run:example_setup_teardown_taskflow
[2025-09-02T16:57:47.008+0530] {logging_mixin.py:190} INFO - [2025-09-02T16:57:47.008+0530] {override.py:1900} INFO - Created Permission View: can read on DAG Run:example_setup_teardown_taskflow
[2025-09-02T16:57:47.008+0530] {logging_mixin.py:190} INFO - [2025-09-02T16:57:47.008+0530] {dag.py:3239} INFO - Sync 1 DAGs
[2025-09-02T16:57:47.011+0530] {logging_mixin.py:190} INFO - [2025-09-02T16:57:47.011+0530] {dag.py:3262} INFO - Creating ORM DAG for example_setup_teardown_taskflow
[2025-09-02T16:57:47.011+0530] {logging_mixin.py:190} INFO - [2025-09-02T16:57:47.011+0530] {dag.py:4180} INFO - Setting next_dagrun for example_setup_teardown_taskflow to None, run_after=None
[2025-09-02T16:57:47.015+0530] {processor.py:208} INFO - Processing /Users/parthmac/Desktop/Projects/Flight Data Engineering/flight-env/lib/python3.12/site-packages/airflow/example_dags/example_setup_teardown_taskflow.py took 0.095 seconds
[2025-09-02T16:59:16.430+0530] {processor.py:186} INFO - Started process (PID=26423) to work on /Users/parthmac/Desktop/Projects/Flight Data Engineering/flight-env/lib/python3.12/site-packages/airflow/example_dags/example_setup_teardown_taskflow.py
[2025-09-02T16:59:16.431+0530] {processor.py:914} INFO - Processing file /Users/parthmac/Desktop/Projects/Flight Data Engineering/flight-env/lib/python3.12/site-packages/airflow/example_dags/example_setup_teardown_taskflow.py for tasks to queue
[2025-09-02T16:59:16.431+0530] {logging_mixin.py:190} INFO - [2025-09-02T16:59:16.431+0530] {dagbag.py:588} INFO - Filling up the DagBag from /Users/parthmac/Desktop/Projects/Flight Data Engineering/flight-env/lib/python3.12/site-packages/airflow/example_dags/example_setup_teardown_taskflow.py
[2025-09-02T16:59:16.444+0530] {processor.py:925} INFO - DAG(s) 'example_setup_teardown_taskflow' retrieved from /Users/parthmac/Desktop/Projects/Flight Data Engineering/flight-env/lib/python3.12/site-packages/airflow/example_dags/example_setup_teardown_taskflow.py
[2025-09-02T16:59:16.470+0530] {logging_mixin.py:190} INFO - [2025-09-02T16:59:16.469+0530] {dag.py:3239} INFO - Sync 1 DAGs
[2025-09-02T16:59:16.473+0530] {logging_mixin.py:190} INFO - [2025-09-02T16:59:16.473+0530] {dag.py:4180} INFO - Setting next_dagrun for example_setup_teardown_taskflow to None, run_after=None
[2025-09-02T16:59:16.478+0530] {processor.py:208} INFO - Processing /Users/parthmac/Desktop/Projects/Flight Data Engineering/flight-env/lib/python3.12/site-packages/airflow/example_dags/example_setup_teardown_taskflow.py took 0.048 seconds
[2025-09-02T17:05:40.810+0530] {processor.py:186} INFO - Started process (PID=27610) to work on /Users/parthmac/Desktop/Projects/Flight Data Engineering/flight-env/lib/python3.12/site-packages/airflow/example_dags/example_setup_teardown_taskflow.py
[2025-09-02T17:05:40.811+0530] {processor.py:914} INFO - Processing file /Users/parthmac/Desktop/Projects/Flight Data Engineering/flight-env/lib/python3.12/site-packages/airflow/example_dags/example_setup_teardown_taskflow.py for tasks to queue
[2025-09-02T17:05:40.811+0530] {logging_mixin.py:190} INFO - [2025-09-02T17:05:40.811+0530] {dagbag.py:588} INFO - Filling up the DagBag from /Users/parthmac/Desktop/Projects/Flight Data Engineering/flight-env/lib/python3.12/site-packages/airflow/example_dags/example_setup_teardown_taskflow.py
[2025-09-02T17:05:40.823+0530] {processor.py:925} INFO - DAG(s) 'example_setup_teardown_taskflow' retrieved from /Users/parthmac/Desktop/Projects/Flight Data Engineering/flight-env/lib/python3.12/site-packages/airflow/example_dags/example_setup_teardown_taskflow.py
[2025-09-02T17:05:40.847+0530] {logging_mixin.py:190} INFO - [2025-09-02T17:05:40.847+0530] {dag.py:3239} INFO - Sync 1 DAGs
[2025-09-02T17:05:40.850+0530] {logging_mixin.py:190} INFO - [2025-09-02T17:05:40.850+0530] {dag.py:4180} INFO - Setting next_dagrun for example_setup_teardown_taskflow to None, run_after=None
[2025-09-02T17:05:40.854+0530] {processor.py:208} INFO - Processing /Users/parthmac/Desktop/Projects/Flight Data Engineering/flight-env/lib/python3.12/site-packages/airflow/example_dags/example_setup_teardown_taskflow.py took 0.045 seconds
[2025-09-02T17:07:04.349+0530] {processor.py:186} INFO - Started process (PID=27690) to work on /Users/parthmac/Desktop/Projects/Flight Data Engineering/flight-env/lib/python3.12/site-packages/airflow/example_dags/example_setup_teardown_taskflow.py
[2025-09-02T17:07:04.350+0530] {processor.py:914} INFO - Processing file /Users/parthmac/Desktop/Projects/Flight Data Engineering/flight-env/lib/python3.12/site-packages/airflow/example_dags/example_setup_teardown_taskflow.py for tasks to queue
[2025-09-02T17:07:04.351+0530] {logging_mixin.py:190} INFO - [2025-09-02T17:07:04.351+0530] {dagbag.py:588} INFO - Filling up the DagBag from /Users/parthmac/Desktop/Projects/Flight Data Engineering/flight-env/lib/python3.12/site-packages/airflow/example_dags/example_setup_teardown_taskflow.py
[2025-09-02T17:07:04.363+0530] {processor.py:925} INFO - DAG(s) 'example_setup_teardown_taskflow' retrieved from /Users/parthmac/Desktop/Projects/Flight Data Engineering/flight-env/lib/python3.12/site-packages/airflow/example_dags/example_setup_teardown_taskflow.py
[2025-09-02T17:07:04.388+0530] {logging_mixin.py:190} INFO - [2025-09-02T17:07:04.388+0530] {dag.py:3239} INFO - Sync 1 DAGs
[2025-09-02T17:07:04.391+0530] {logging_mixin.py:190} INFO - [2025-09-02T17:07:04.391+0530] {dag.py:4180} INFO - Setting next_dagrun for example_setup_teardown_taskflow to None, run_after=None
[2025-09-02T17:07:04.396+0530] {processor.py:208} INFO - Processing /Users/parthmac/Desktop/Projects/Flight Data Engineering/flight-env/lib/python3.12/site-packages/airflow/example_dags/example_setup_teardown_taskflow.py took 0.047 seconds
[2025-09-02T17:42:37.081+0530] {processor.py:186} INFO - Started process (PID=31628) to work on /Users/parthmac/Desktop/Projects/Flight Data Engineering/flight-env/lib/python3.12/site-packages/airflow/example_dags/example_setup_teardown_taskflow.py
[2025-09-02T17:42:37.082+0530] {processor.py:914} INFO - Processing file /Users/parthmac/Desktop/Projects/Flight Data Engineering/flight-env/lib/python3.12/site-packages/airflow/example_dags/example_setup_teardown_taskflow.py for tasks to queue
[2025-09-02T17:42:37.082+0530] {logging_mixin.py:190} INFO - [2025-09-02T17:42:37.082+0530] {dagbag.py:588} INFO - Filling up the DagBag from /Users/parthmac/Desktop/Projects/Flight Data Engineering/flight-env/lib/python3.12/site-packages/airflow/example_dags/example_setup_teardown_taskflow.py
[2025-09-02T17:42:37.095+0530] {processor.py:925} INFO - DAG(s) 'example_setup_teardown_taskflow' retrieved from /Users/parthmac/Desktop/Projects/Flight Data Engineering/flight-env/lib/python3.12/site-packages/airflow/example_dags/example_setup_teardown_taskflow.py
[2025-09-02T17:42:37.122+0530] {logging_mixin.py:190} INFO - [2025-09-02T17:42:37.122+0530] {dag.py:3239} INFO - Sync 1 DAGs
[2025-09-02T17:42:37.126+0530] {logging_mixin.py:190} INFO - [2025-09-02T17:42:37.125+0530] {dag.py:4180} INFO - Setting next_dagrun for example_setup_teardown_taskflow to None, run_after=None
[2025-09-02T17:42:37.131+0530] {processor.py:208} INFO - Processing /Users/parthmac/Desktop/Projects/Flight Data Engineering/flight-env/lib/python3.12/site-packages/airflow/example_dags/example_setup_teardown_taskflow.py took 0.051 seconds
[2025-09-02T17:44:01.807+0530] {processor.py:186} INFO - Started process (PID=31752) to work on /Users/parthmac/Desktop/Projects/Flight Data Engineering/flight-env/lib/python3.12/site-packages/airflow/example_dags/example_setup_teardown_taskflow.py
[2025-09-02T17:44:01.807+0530] {processor.py:914} INFO - Processing file /Users/parthmac/Desktop/Projects/Flight Data Engineering/flight-env/lib/python3.12/site-packages/airflow/example_dags/example_setup_teardown_taskflow.py for tasks to queue
[2025-09-02T17:44:01.807+0530] {logging_mixin.py:190} INFO - [2025-09-02T17:44:01.807+0530] {dagbag.py:588} INFO - Filling up the DagBag from /Users/parthmac/Desktop/Projects/Flight Data Engineering/flight-env/lib/python3.12/site-packages/airflow/example_dags/example_setup_teardown_taskflow.py
[2025-09-02T17:44:01.819+0530] {processor.py:925} INFO - DAG(s) 'example_setup_teardown_taskflow' retrieved from /Users/parthmac/Desktop/Projects/Flight Data Engineering/flight-env/lib/python3.12/site-packages/airflow/example_dags/example_setup_teardown_taskflow.py
[2025-09-02T17:44:01.844+0530] {logging_mixin.py:190} INFO - [2025-09-02T17:44:01.844+0530] {dag.py:3239} INFO - Sync 1 DAGs
[2025-09-02T17:44:01.846+0530] {logging_mixin.py:190} INFO - [2025-09-02T17:44:01.846+0530] {dag.py:4180} INFO - Setting next_dagrun for example_setup_teardown_taskflow to None, run_after=None
[2025-09-02T17:44:01.851+0530] {processor.py:208} INFO - Processing /Users/parthmac/Desktop/Projects/Flight Data Engineering/flight-env/lib/python3.12/site-packages/airflow/example_dags/example_setup_teardown_taskflow.py took 0.045 seconds
[2025-09-02T17:47:01.221+0530] {processor.py:186} INFO - Started process (PID=32590) to work on /Users/parthmac/Desktop/Projects/Flight Data Engineering/flight-env/lib/python3.12/site-packages/airflow/example_dags/example_setup_teardown_taskflow.py
[2025-09-02T17:47:01.222+0530] {processor.py:914} INFO - Processing file /Users/parthmac/Desktop/Projects/Flight Data Engineering/flight-env/lib/python3.12/site-packages/airflow/example_dags/example_setup_teardown_taskflow.py for tasks to queue
[2025-09-02T17:47:01.222+0530] {logging_mixin.py:190} INFO - [2025-09-02T17:47:01.222+0530] {dagbag.py:588} INFO - Filling up the DagBag from /Users/parthmac/Desktop/Projects/Flight Data Engineering/flight-env/lib/python3.12/site-packages/airflow/example_dags/example_setup_teardown_taskflow.py
[2025-09-02T17:47:01.234+0530] {processor.py:925} INFO - DAG(s) 'example_setup_teardown_taskflow' retrieved from /Users/parthmac/Desktop/Projects/Flight Data Engineering/flight-env/lib/python3.12/site-packages/airflow/example_dags/example_setup_teardown_taskflow.py
[2025-09-02T17:47:01.260+0530] {logging_mixin.py:190} INFO - [2025-09-02T17:47:01.260+0530] {dag.py:3239} INFO - Sync 1 DAGs
[2025-09-02T17:47:01.263+0530] {logging_mixin.py:190} INFO - [2025-09-02T17:47:01.263+0530] {dag.py:4180} INFO - Setting next_dagrun for example_setup_teardown_taskflow to None, run_after=None
[2025-09-02T17:47:01.268+0530] {processor.py:208} INFO - Processing /Users/parthmac/Desktop/Projects/Flight Data Engineering/flight-env/lib/python3.12/site-packages/airflow/example_dags/example_setup_teardown_taskflow.py took 0.048 seconds
[2025-09-02T17:48:25.771+0530] {processor.py:186} INFO - Started process (PID=32715) to work on /Users/parthmac/Desktop/Projects/Flight Data Engineering/flight-env/lib/python3.12/site-packages/airflow/example_dags/example_setup_teardown_taskflow.py
[2025-09-02T17:48:25.771+0530] {processor.py:914} INFO - Processing file /Users/parthmac/Desktop/Projects/Flight Data Engineering/flight-env/lib/python3.12/site-packages/airflow/example_dags/example_setup_teardown_taskflow.py for tasks to queue
[2025-09-02T17:48:25.771+0530] {logging_mixin.py:190} INFO - [2025-09-02T17:48:25.771+0530] {dagbag.py:588} INFO - Filling up the DagBag from /Users/parthmac/Desktop/Projects/Flight Data Engineering/flight-env/lib/python3.12/site-packages/airflow/example_dags/example_setup_teardown_taskflow.py
[2025-09-02T17:48:25.783+0530] {processor.py:925} INFO - DAG(s) 'example_setup_teardown_taskflow' retrieved from /Users/parthmac/Desktop/Projects/Flight Data Engineering/flight-env/lib/python3.12/site-packages/airflow/example_dags/example_setup_teardown_taskflow.py
[2025-09-02T17:48:25.808+0530] {logging_mixin.py:190} INFO - [2025-09-02T17:48:25.808+0530] {dag.py:3239} INFO - Sync 1 DAGs
[2025-09-02T17:48:25.811+0530] {logging_mixin.py:190} INFO - [2025-09-02T17:48:25.810+0530] {dag.py:4180} INFO - Setting next_dagrun for example_setup_teardown_taskflow to None, run_after=None
[2025-09-02T17:48:25.815+0530] {processor.py:208} INFO - Processing /Users/parthmac/Desktop/Projects/Flight Data Engineering/flight-env/lib/python3.12/site-packages/airflow/example_dags/example_setup_teardown_taskflow.py took 0.046 seconds
[2025-09-02T17:50:14.134+0530] {processor.py:186} INFO - Started process (PID=33142) to work on /Users/parthmac/Desktop/Projects/Flight Data Engineering/flight-env/lib/python3.12/site-packages/airflow/example_dags/example_setup_teardown_taskflow.py
[2025-09-02T17:50:14.134+0530] {processor.py:914} INFO - Processing file /Users/parthmac/Desktop/Projects/Flight Data Engineering/flight-env/lib/python3.12/site-packages/airflow/example_dags/example_setup_teardown_taskflow.py for tasks to queue
[2025-09-02T17:50:14.134+0530] {logging_mixin.py:190} INFO - [2025-09-02T17:50:14.134+0530] {dagbag.py:588} INFO - Filling up the DagBag from /Users/parthmac/Desktop/Projects/Flight Data Engineering/flight-env/lib/python3.12/site-packages/airflow/example_dags/example_setup_teardown_taskflow.py
[2025-09-02T17:50:14.147+0530] {processor.py:925} INFO - DAG(s) 'example_setup_teardown_taskflow' retrieved from /Users/parthmac/Desktop/Projects/Flight Data Engineering/flight-env/lib/python3.12/site-packages/airflow/example_dags/example_setup_teardown_taskflow.py
[2025-09-02T17:50:14.172+0530] {logging_mixin.py:190} INFO - [2025-09-02T17:50:14.172+0530] {dag.py:3239} INFO - Sync 1 DAGs
[2025-09-02T17:50:14.175+0530] {logging_mixin.py:190} INFO - [2025-09-02T17:50:14.175+0530] {dag.py:4180} INFO - Setting next_dagrun for example_setup_teardown_taskflow to None, run_after=None
[2025-09-02T17:50:14.179+0530] {processor.py:208} INFO - Processing /Users/parthmac/Desktop/Projects/Flight Data Engineering/flight-env/lib/python3.12/site-packages/airflow/example_dags/example_setup_teardown_taskflow.py took 0.046 seconds
