[2025-09-02T16:58:23.769+0530] {processor.py:186} INFO - Started process (PID=26375) to work on /Users/parthmac/Desktop/Projects/Flight Data Engineering/flight-env/lib/python3.12/site-packages/airflow/example_dags/example_dataset_alias_with_no_taskflow.py
[2025-09-02T16:58:23.769+0530] {processor.py:914} INFO - Processing file /Users/parthmac/Desktop/Projects/Flight Data Engineering/flight-env/lib/python3.12/site-packages/airflow/example_dags/example_dataset_alias_with_no_taskflow.py for tasks to queue
[2025-09-02T16:58:23.769+0530] {logging_mixin.py:190} INFO - [2025-09-02T16:58:23.769+0530] {dagbag.py:588} INFO - Filling up the DagBag from /Users/parthmac/Desktop/Projects/Flight Data Engineering/flight-env/lib/python3.12/site-packages/airflow/example_dags/example_dataset_alias_with_no_taskflow.py
[2025-09-02T16:58:23.807+0530] {processor.py:925} INFO - DAG(s) 'dataset_s3_bucket_producer_with_no_taskflow', 'dataset_alias_example_alias_producer_with_no_taskflow', 'dataset_alias_example_alias_consumer_with_no_taskflow', 'dataset_s3_bucket_consumer_with_no_taskflow' retrieved from /Users/parthmac/Desktop/Projects/Flight Data Engineering/flight-env/lib/python3.12/site-packages/airflow/example_dags/example_dataset_alias_with_no_taskflow.py
[2025-09-02T16:58:23.861+0530] {logging_mixin.py:190} INFO - [2025-09-02T16:58:23.860+0530] {override.py:1900} INFO - Created Permission View: can read on DAG:dataset_s3_bucket_producer_with_no_taskflow
[2025-09-02T16:58:23.864+0530] {logging_mixin.py:190} INFO - [2025-09-02T16:58:23.864+0530] {override.py:1900} INFO - Created Permission View: can edit on DAG:dataset_s3_bucket_producer_with_no_taskflow
[2025-09-02T16:58:23.866+0530] {logging_mixin.py:190} INFO - [2025-09-02T16:58:23.866+0530] {override.py:1900} INFO - Created Permission View: can delete on DAG:dataset_s3_bucket_producer_with_no_taskflow
[2025-09-02T16:58:23.868+0530] {logging_mixin.py:190} INFO - [2025-09-02T16:58:23.868+0530] {override.py:1900} INFO - Created Permission View: can read on DAG Run:dataset_s3_bucket_producer_with_no_taskflow
[2025-09-02T16:58:23.870+0530] {logging_mixin.py:190} INFO - [2025-09-02T16:58:23.870+0530] {override.py:1900} INFO - Created Permission View: can create on DAG Run:dataset_s3_bucket_producer_with_no_taskflow
[2025-09-02T16:58:23.871+0530] {logging_mixin.py:190} INFO - [2025-09-02T16:58:23.871+0530] {override.py:1900} INFO - Created Permission View: can delete on DAG Run:dataset_s3_bucket_producer_with_no_taskflow
[2025-09-02T16:58:23.873+0530] {logging_mixin.py:190} INFO - [2025-09-02T16:58:23.873+0530] {override.py:1900} INFO - Created Permission View: menu access on DAG Run:dataset_s3_bucket_producer_with_no_taskflow
[2025-09-02T16:58:23.877+0530] {logging_mixin.py:190} INFO - [2025-09-02T16:58:23.877+0530] {override.py:1900} INFO - Created Permission View: can read on DAG:dataset_alias_example_alias_producer_with_no_taskflow
[2025-09-02T16:58:23.878+0530] {logging_mixin.py:190} INFO - [2025-09-02T16:58:23.878+0530] {override.py:1900} INFO - Created Permission View: can edit on DAG:dataset_alias_example_alias_producer_with_no_taskflow
[2025-09-02T16:58:23.880+0530] {logging_mixin.py:190} INFO - [2025-09-02T16:58:23.880+0530] {override.py:1900} INFO - Created Permission View: can delete on DAG:dataset_alias_example_alias_producer_with_no_taskflow
[2025-09-02T16:58:23.882+0530] {logging_mixin.py:190} INFO - [2025-09-02T16:58:23.882+0530] {override.py:1900} INFO - Created Permission View: can read on DAG Run:dataset_alias_example_alias_producer_with_no_taskflow
[2025-09-02T16:58:23.883+0530] {logging_mixin.py:190} INFO - [2025-09-02T16:58:23.883+0530] {override.py:1900} INFO - Created Permission View: can create on DAG Run:dataset_alias_example_alias_producer_with_no_taskflow
[2025-09-02T16:58:23.884+0530] {logging_mixin.py:190} INFO - [2025-09-02T16:58:23.884+0530] {override.py:1900} INFO - Created Permission View: can delete on DAG Run:dataset_alias_example_alias_producer_with_no_taskflow
[2025-09-02T16:58:23.886+0530] {logging_mixin.py:190} INFO - [2025-09-02T16:58:23.886+0530] {override.py:1900} INFO - Created Permission View: menu access on DAG Run:dataset_alias_example_alias_producer_with_no_taskflow
[2025-09-02T16:58:23.889+0530] {logging_mixin.py:190} INFO - [2025-09-02T16:58:23.889+0530] {override.py:1900} INFO - Created Permission View: can read on DAG:dataset_alias_example_alias_consumer_with_no_taskflow
[2025-09-02T16:58:23.890+0530] {logging_mixin.py:190} INFO - [2025-09-02T16:58:23.890+0530] {override.py:1900} INFO - Created Permission View: can edit on DAG:dataset_alias_example_alias_consumer_with_no_taskflow
[2025-09-02T16:58:23.892+0530] {logging_mixin.py:190} INFO - [2025-09-02T16:58:23.891+0530] {override.py:1900} INFO - Created Permission View: can delete on DAG:dataset_alias_example_alias_consumer_with_no_taskflow
[2025-09-02T16:58:23.893+0530] {logging_mixin.py:190} INFO - [2025-09-02T16:58:23.893+0530] {override.py:1900} INFO - Created Permission View: can read on DAG Run:dataset_alias_example_alias_consumer_with_no_taskflow
[2025-09-02T16:58:23.895+0530] {logging_mixin.py:190} INFO - [2025-09-02T16:58:23.895+0530] {override.py:1900} INFO - Created Permission View: can create on DAG Run:dataset_alias_example_alias_consumer_with_no_taskflow
[2025-09-02T16:58:23.896+0530] {logging_mixin.py:190} INFO - [2025-09-02T16:58:23.896+0530] {override.py:1900} INFO - Created Permission View: can delete on DAG Run:dataset_alias_example_alias_consumer_with_no_taskflow
[2025-09-02T16:58:23.897+0530] {logging_mixin.py:190} INFO - [2025-09-02T16:58:23.897+0530] {override.py:1900} INFO - Created Permission View: menu access on DAG Run:dataset_alias_example_alias_consumer_with_no_taskflow
[2025-09-02T16:58:23.900+0530] {logging_mixin.py:190} INFO - [2025-09-02T16:58:23.900+0530] {override.py:1900} INFO - Created Permission View: can read on DAG:dataset_s3_bucket_consumer_with_no_taskflow
[2025-09-02T16:58:23.902+0530] {logging_mixin.py:190} INFO - [2025-09-02T16:58:23.902+0530] {override.py:1900} INFO - Created Permission View: can edit on DAG:dataset_s3_bucket_consumer_with_no_taskflow
[2025-09-02T16:58:23.903+0530] {logging_mixin.py:190} INFO - [2025-09-02T16:58:23.903+0530] {override.py:1900} INFO - Created Permission View: can delete on DAG:dataset_s3_bucket_consumer_with_no_taskflow
[2025-09-02T16:58:23.905+0530] {logging_mixin.py:190} INFO - [2025-09-02T16:58:23.904+0530] {override.py:1900} INFO - Created Permission View: can read on DAG Run:dataset_s3_bucket_consumer_with_no_taskflow
[2025-09-02T16:58:23.906+0530] {logging_mixin.py:190} INFO - [2025-09-02T16:58:23.906+0530] {override.py:1900} INFO - Created Permission View: can create on DAG Run:dataset_s3_bucket_consumer_with_no_taskflow
[2025-09-02T16:58:23.907+0530] {logging_mixin.py:190} INFO - [2025-09-02T16:58:23.907+0530] {override.py:1900} INFO - Created Permission View: can delete on DAG Run:dataset_s3_bucket_consumer_with_no_taskflow
[2025-09-02T16:58:23.908+0530] {logging_mixin.py:190} INFO - [2025-09-02T16:58:23.908+0530] {override.py:1900} INFO - Created Permission View: menu access on DAG Run:dataset_s3_bucket_consumer_with_no_taskflow
[2025-09-02T16:58:23.908+0530] {logging_mixin.py:190} INFO - [2025-09-02T16:58:23.908+0530] {dag.py:3239} INFO - Sync 4 DAGs
[2025-09-02T16:58:23.911+0530] {logging_mixin.py:190} INFO - [2025-09-02T16:58:23.911+0530] {dag.py:3262} INFO - Creating ORM DAG for dataset_alias_example_alias_consumer_with_no_taskflow
[2025-09-02T16:58:23.911+0530] {logging_mixin.py:190} INFO - [2025-09-02T16:58:23.911+0530] {dag.py:3262} INFO - Creating ORM DAG for dataset_s3_bucket_producer_with_no_taskflow
[2025-09-02T16:58:23.911+0530] {logging_mixin.py:190} INFO - [2025-09-02T16:58:23.911+0530] {dag.py:3262} INFO - Creating ORM DAG for dataset_s3_bucket_consumer_with_no_taskflow
[2025-09-02T16:58:23.911+0530] {logging_mixin.py:190} INFO - [2025-09-02T16:58:23.911+0530] {dag.py:3262} INFO - Creating ORM DAG for dataset_alias_example_alias_producer_with_no_taskflow
[2025-09-02T16:58:23.913+0530] {logging_mixin.py:190} INFO - [2025-09-02T16:58:23.913+0530] {dag.py:4180} INFO - Setting next_dagrun for dataset_alias_example_alias_consumer_with_no_taskflow to None, run_after=None
[2025-09-02T16:58:23.914+0530] {logging_mixin.py:190} INFO - [2025-09-02T16:58:23.913+0530] {dag.py:4180} INFO - Setting next_dagrun for dataset_alias_example_alias_producer_with_no_taskflow to None, run_after=None
[2025-09-02T16:58:23.914+0530] {logging_mixin.py:190} INFO - [2025-09-02T16:58:23.914+0530] {dag.py:4180} INFO - Setting next_dagrun for dataset_s3_bucket_consumer_with_no_taskflow to None, run_after=None
[2025-09-02T16:58:23.914+0530] {logging_mixin.py:190} INFO - [2025-09-02T16:58:23.914+0530] {dag.py:4180} INFO - Setting next_dagrun for dataset_s3_bucket_producer_with_no_taskflow to None, run_after=None
[2025-09-02T16:58:24.103+0530] {processor.py:208} INFO - Processing /Users/parthmac/Desktop/Projects/Flight Data Engineering/flight-env/lib/python3.12/site-packages/airflow/example_dags/example_dataset_alias_with_no_taskflow.py took 0.335 seconds
[2025-09-02T17:06:11.105+0530] {processor.py:186} INFO - Started process (PID=27637) to work on /Users/parthmac/Desktop/Projects/Flight Data Engineering/flight-env/lib/python3.12/site-packages/airflow/example_dags/example_dataset_alias_with_no_taskflow.py
[2025-09-02T17:06:11.106+0530] {processor.py:914} INFO - Processing file /Users/parthmac/Desktop/Projects/Flight Data Engineering/flight-env/lib/python3.12/site-packages/airflow/example_dags/example_dataset_alias_with_no_taskflow.py for tasks to queue
[2025-09-02T17:06:11.106+0530] {logging_mixin.py:190} INFO - [2025-09-02T17:06:11.106+0530] {dagbag.py:588} INFO - Filling up the DagBag from /Users/parthmac/Desktop/Projects/Flight Data Engineering/flight-env/lib/python3.12/site-packages/airflow/example_dags/example_dataset_alias_with_no_taskflow.py
[2025-09-02T17:06:11.144+0530] {processor.py:925} INFO - DAG(s) 'dataset_alias_example_alias_consumer_with_no_taskflow', 'dataset_s3_bucket_producer_with_no_taskflow', 'dataset_alias_example_alias_producer_with_no_taskflow', 'dataset_s3_bucket_consumer_with_no_taskflow' retrieved from /Users/parthmac/Desktop/Projects/Flight Data Engineering/flight-env/lib/python3.12/site-packages/airflow/example_dags/example_dataset_alias_with_no_taskflow.py
[2025-09-02T17:06:11.150+0530] {logging_mixin.py:190} INFO - [2025-09-02T17:06:11.150+0530] {dag.py:3239} INFO - Sync 4 DAGs
[2025-09-02T17:06:11.155+0530] {logging_mixin.py:190} INFO - [2025-09-02T17:06:11.155+0530] {dag.py:4180} INFO - Setting next_dagrun for dataset_alias_example_alias_consumer_with_no_taskflow to None, run_after=None
[2025-09-02T17:06:11.155+0530] {logging_mixin.py:190} INFO - [2025-09-02T17:06:11.155+0530] {dag.py:4180} INFO - Setting next_dagrun for dataset_alias_example_alias_producer_with_no_taskflow to None, run_after=None
[2025-09-02T17:06:11.156+0530] {logging_mixin.py:190} INFO - [2025-09-02T17:06:11.156+0530] {dag.py:4180} INFO - Setting next_dagrun for dataset_s3_bucket_consumer_with_no_taskflow to None, run_after=None
[2025-09-02T17:06:11.156+0530] {logging_mixin.py:190} INFO - [2025-09-02T17:06:11.156+0530] {dag.py:4180} INFO - Setting next_dagrun for dataset_s3_bucket_producer_with_no_taskflow to None, run_after=None
[2025-09-02T17:06:11.161+0530] {processor.py:208} INFO - Processing /Users/parthmac/Desktop/Projects/Flight Data Engineering/flight-env/lib/python3.12/site-packages/airflow/example_dags/example_dataset_alias_with_no_taskflow.py took 0.057 seconds
[2025-09-02T17:43:08.546+0530] {processor.py:186} INFO - Started process (PID=31708) to work on /Users/parthmac/Desktop/Projects/Flight Data Engineering/flight-env/lib/python3.12/site-packages/airflow/example_dags/example_dataset_alias_with_no_taskflow.py
[2025-09-02T17:43:08.547+0530] {processor.py:914} INFO - Processing file /Users/parthmac/Desktop/Projects/Flight Data Engineering/flight-env/lib/python3.12/site-packages/airflow/example_dags/example_dataset_alias_with_no_taskflow.py for tasks to queue
[2025-09-02T17:43:08.548+0530] {logging_mixin.py:190} INFO - [2025-09-02T17:43:08.548+0530] {dagbag.py:588} INFO - Filling up the DagBag from /Users/parthmac/Desktop/Projects/Flight Data Engineering/flight-env/lib/python3.12/site-packages/airflow/example_dags/example_dataset_alias_with_no_taskflow.py
[2025-09-02T17:43:08.588+0530] {processor.py:925} INFO - DAG(s) 'dataset_s3_bucket_producer_with_no_taskflow', 'dataset_alias_example_alias_consumer_with_no_taskflow', 'dataset_s3_bucket_consumer_with_no_taskflow', 'dataset_alias_example_alias_producer_with_no_taskflow' retrieved from /Users/parthmac/Desktop/Projects/Flight Data Engineering/flight-env/lib/python3.12/site-packages/airflow/example_dags/example_dataset_alias_with_no_taskflow.py
[2025-09-02T17:43:08.594+0530] {logging_mixin.py:190} INFO - [2025-09-02T17:43:08.594+0530] {dag.py:3239} INFO - Sync 4 DAGs
[2025-09-02T17:43:08.599+0530] {logging_mixin.py:190} INFO - [2025-09-02T17:43:08.599+0530] {dag.py:4180} INFO - Setting next_dagrun for dataset_alias_example_alias_consumer_with_no_taskflow to None, run_after=None
[2025-09-02T17:43:08.599+0530] {logging_mixin.py:190} INFO - [2025-09-02T17:43:08.599+0530] {dag.py:4180} INFO - Setting next_dagrun for dataset_alias_example_alias_producer_with_no_taskflow to None, run_after=None
[2025-09-02T17:43:08.600+0530] {logging_mixin.py:190} INFO - [2025-09-02T17:43:08.599+0530] {dag.py:4180} INFO - Setting next_dagrun for dataset_s3_bucket_consumer_with_no_taskflow to None, run_after=None
[2025-09-02T17:43:08.600+0530] {logging_mixin.py:190} INFO - [2025-09-02T17:43:08.600+0530] {dag.py:4180} INFO - Setting next_dagrun for dataset_s3_bucket_producer_with_no_taskflow to None, run_after=None
[2025-09-02T17:43:08.605+0530] {processor.py:208} INFO - Processing /Users/parthmac/Desktop/Projects/Flight Data Engineering/flight-env/lib/python3.12/site-packages/airflow/example_dags/example_dataset_alias_with_no_taskflow.py took 0.059 seconds
[2025-09-02T17:47:33.197+0530] {processor.py:186} INFO - Started process (PID=32660) to work on /Users/parthmac/Desktop/Projects/Flight Data Engineering/flight-env/lib/python3.12/site-packages/airflow/example_dags/example_dataset_alias_with_no_taskflow.py
[2025-09-02T17:47:33.198+0530] {processor.py:914} INFO - Processing file /Users/parthmac/Desktop/Projects/Flight Data Engineering/flight-env/lib/python3.12/site-packages/airflow/example_dags/example_dataset_alias_with_no_taskflow.py for tasks to queue
[2025-09-02T17:47:33.198+0530] {logging_mixin.py:190} INFO - [2025-09-02T17:47:33.198+0530] {dagbag.py:588} INFO - Filling up the DagBag from /Users/parthmac/Desktop/Projects/Flight Data Engineering/flight-env/lib/python3.12/site-packages/airflow/example_dags/example_dataset_alias_with_no_taskflow.py
[2025-09-02T17:47:33.236+0530] {processor.py:925} INFO - DAG(s) 'dataset_s3_bucket_producer_with_no_taskflow', 'dataset_alias_example_alias_producer_with_no_taskflow', 'dataset_alias_example_alias_consumer_with_no_taskflow', 'dataset_s3_bucket_consumer_with_no_taskflow' retrieved from /Users/parthmac/Desktop/Projects/Flight Data Engineering/flight-env/lib/python3.12/site-packages/airflow/example_dags/example_dataset_alias_with_no_taskflow.py
[2025-09-02T17:47:33.242+0530] {logging_mixin.py:190} INFO - [2025-09-02T17:47:33.242+0530] {dag.py:3239} INFO - Sync 4 DAGs
[2025-09-02T17:47:33.247+0530] {logging_mixin.py:190} INFO - [2025-09-02T17:47:33.247+0530] {dag.py:4180} INFO - Setting next_dagrun for dataset_alias_example_alias_consumer_with_no_taskflow to None, run_after=None
[2025-09-02T17:47:33.247+0530] {logging_mixin.py:190} INFO - [2025-09-02T17:47:33.247+0530] {dag.py:4180} INFO - Setting next_dagrun for dataset_alias_example_alias_producer_with_no_taskflow to None, run_after=None
[2025-09-02T17:47:33.248+0530] {logging_mixin.py:190} INFO - [2025-09-02T17:47:33.248+0530] {dag.py:4180} INFO - Setting next_dagrun for dataset_s3_bucket_consumer_with_no_taskflow to None, run_after=None
[2025-09-02T17:47:33.248+0530] {logging_mixin.py:190} INFO - [2025-09-02T17:47:33.248+0530] {dag.py:4180} INFO - Setting next_dagrun for dataset_s3_bucket_producer_with_no_taskflow to None, run_after=None
[2025-09-02T17:47:33.253+0530] {processor.py:208} INFO - Processing /Users/parthmac/Desktop/Projects/Flight Data Engineering/flight-env/lib/python3.12/site-packages/airflow/example_dags/example_dataset_alias_with_no_taskflow.py took 0.057 seconds
[2025-09-02T17:49:20.761+0530] {processor.py:186} INFO - Started process (PID=32759) to work on /Users/parthmac/Desktop/Projects/Flight Data Engineering/flight-env/lib/python3.12/site-packages/airflow/example_dags/example_dataset_alias_with_no_taskflow.py
[2025-09-02T17:49:20.762+0530] {processor.py:914} INFO - Processing file /Users/parthmac/Desktop/Projects/Flight Data Engineering/flight-env/lib/python3.12/site-packages/airflow/example_dags/example_dataset_alias_with_no_taskflow.py for tasks to queue
[2025-09-02T17:49:20.762+0530] {logging_mixin.py:190} INFO - [2025-09-02T17:49:20.762+0530] {dagbag.py:588} INFO - Filling up the DagBag from /Users/parthmac/Desktop/Projects/Flight Data Engineering/flight-env/lib/python3.12/site-packages/airflow/example_dags/example_dataset_alias_with_no_taskflow.py
[2025-09-02T17:49:20.804+0530] {processor.py:925} INFO - DAG(s) 'dataset_s3_bucket_consumer_with_no_taskflow', 'dataset_s3_bucket_producer_with_no_taskflow', 'dataset_alias_example_alias_consumer_with_no_taskflow', 'dataset_alias_example_alias_producer_with_no_taskflow' retrieved from /Users/parthmac/Desktop/Projects/Flight Data Engineering/flight-env/lib/python3.12/site-packages/airflow/example_dags/example_dataset_alias_with_no_taskflow.py
[2025-09-02T17:49:20.811+0530] {logging_mixin.py:190} INFO - [2025-09-02T17:49:20.811+0530] {dag.py:3239} INFO - Sync 4 DAGs
[2025-09-02T17:49:20.815+0530] {logging_mixin.py:190} INFO - [2025-09-02T17:49:20.815+0530] {dag.py:4180} INFO - Setting next_dagrun for dataset_alias_example_alias_consumer_with_no_taskflow to None, run_after=None
[2025-09-02T17:49:20.816+0530] {logging_mixin.py:190} INFO - [2025-09-02T17:49:20.816+0530] {dag.py:4180} INFO - Setting next_dagrun for dataset_alias_example_alias_producer_with_no_taskflow to None, run_after=None
[2025-09-02T17:49:20.816+0530] {logging_mixin.py:190} INFO - [2025-09-02T17:49:20.816+0530] {dag.py:4180} INFO - Setting next_dagrun for dataset_s3_bucket_consumer_with_no_taskflow to None, run_after=None
[2025-09-02T17:49:20.816+0530] {logging_mixin.py:190} INFO - [2025-09-02T17:49:20.816+0530] {dag.py:4180} INFO - Setting next_dagrun for dataset_s3_bucket_producer_with_no_taskflow to None, run_after=None
[2025-09-02T17:49:20.822+0530] {processor.py:208} INFO - Processing /Users/parthmac/Desktop/Projects/Flight Data Engineering/flight-env/lib/python3.12/site-packages/airflow/example_dags/example_dataset_alias_with_no_taskflow.py took 0.062 seconds
[2025-09-02T17:51:03.119+0530] {processor.py:186} INFO - Started process (PID=33195) to work on /Users/parthmac/Desktop/Projects/Flight Data Engineering/flight-env/lib/python3.12/site-packages/airflow/example_dags/example_dataset_alias_with_no_taskflow.py
[2025-09-02T17:51:03.119+0530] {processor.py:914} INFO - Processing file /Users/parthmac/Desktop/Projects/Flight Data Engineering/flight-env/lib/python3.12/site-packages/airflow/example_dags/example_dataset_alias_with_no_taskflow.py for tasks to queue
[2025-09-02T17:51:03.120+0530] {logging_mixin.py:190} INFO - [2025-09-02T17:51:03.119+0530] {dagbag.py:588} INFO - Filling up the DagBag from /Users/parthmac/Desktop/Projects/Flight Data Engineering/flight-env/lib/python3.12/site-packages/airflow/example_dags/example_dataset_alias_with_no_taskflow.py
[2025-09-02T17:51:03.159+0530] {processor.py:925} INFO - DAG(s) 'dataset_alias_example_alias_consumer_with_no_taskflow', 'dataset_s3_bucket_consumer_with_no_taskflow', 'dataset_s3_bucket_producer_with_no_taskflow', 'dataset_alias_example_alias_producer_with_no_taskflow' retrieved from /Users/parthmac/Desktop/Projects/Flight Data Engineering/flight-env/lib/python3.12/site-packages/airflow/example_dags/example_dataset_alias_with_no_taskflow.py
[2025-09-02T17:51:03.166+0530] {logging_mixin.py:190} INFO - [2025-09-02T17:51:03.166+0530] {dag.py:3239} INFO - Sync 4 DAGs
[2025-09-02T17:51:03.170+0530] {logging_mixin.py:190} INFO - [2025-09-02T17:51:03.170+0530] {dag.py:4180} INFO - Setting next_dagrun for dataset_alias_example_alias_consumer_with_no_taskflow to None, run_after=None
[2025-09-02T17:51:03.171+0530] {logging_mixin.py:190} INFO - [2025-09-02T17:51:03.171+0530] {dag.py:4180} INFO - Setting next_dagrun for dataset_alias_example_alias_producer_with_no_taskflow to None, run_after=None
[2025-09-02T17:51:03.171+0530] {logging_mixin.py:190} INFO - [2025-09-02T17:51:03.171+0530] {dag.py:4180} INFO - Setting next_dagrun for dataset_s3_bucket_consumer_with_no_taskflow to None, run_after=None
[2025-09-02T17:51:03.171+0530] {logging_mixin.py:190} INFO - [2025-09-02T17:51:03.171+0530] {dag.py:4180} INFO - Setting next_dagrun for dataset_s3_bucket_producer_with_no_taskflow to None, run_after=None
[2025-09-02T17:51:03.176+0530] {processor.py:208} INFO - Processing /Users/parthmac/Desktop/Projects/Flight Data Engineering/flight-env/lib/python3.12/site-packages/airflow/example_dags/example_dataset_alias_with_no_taskflow.py took 0.058 seconds
