[2025-09-02T16:58:25.719+0530] {processor.py:186} INFO - Started process (PID=26376) to work on /Users/parthmac/Desktop/Projects/Flight Data Engineering/flight-env/lib/python3.12/site-packages/airflow/example_dags/example_dataset_alias.py
[2025-09-02T16:58:25.719+0530] {processor.py:914} INFO - Processing file /Users/parthmac/Desktop/Projects/Flight Data Engineering/flight-env/lib/python3.12/site-packages/airflow/example_dags/example_dataset_alias.py for tasks to queue
[2025-09-02T16:58:25.720+0530] {logging_mixin.py:190} INFO - [2025-09-02T16:58:25.719+0530] {dagbag.py:588} INFO - Filling up the DagBag from /Users/parthmac/Desktop/Projects/Flight Data Engineering/flight-env/lib/python3.12/site-packages/airflow/example_dags/example_dataset_alias.py
[2025-09-02T16:58:25.762+0530] {processor.py:925} INFO - DAG(s) 'dataset_alias_example_alias_consumer', 'dataset_s3_bucket_consumer', 'dataset_s3_bucket_producer', 'dataset_alias_example_alias_producer' retrieved from /Users/parthmac/Desktop/Projects/Flight Data Engineering/flight-env/lib/python3.12/site-packages/airflow/example_dags/example_dataset_alias.py
[2025-09-02T16:58:25.808+0530] {logging_mixin.py:190} INFO - [2025-09-02T16:58:25.808+0530] {override.py:1900} INFO - Created Permission View: can edit on DAG:dataset_alias_example_alias_consumer
[2025-09-02T16:58:25.810+0530] {logging_mixin.py:190} INFO - [2025-09-02T16:58:25.810+0530] {override.py:1900} INFO - Created Permission View: can read on DAG:dataset_alias_example_alias_consumer
[2025-09-02T16:58:25.811+0530] {logging_mixin.py:190} INFO - [2025-09-02T16:58:25.811+0530] {override.py:1900} INFO - Created Permission View: can delete on DAG:dataset_alias_example_alias_consumer
[2025-09-02T16:58:25.813+0530] {logging_mixin.py:190} INFO - [2025-09-02T16:58:25.813+0530] {override.py:1900} INFO - Created Permission View: can create on DAG Run:dataset_alias_example_alias_consumer
[2025-09-02T16:58:25.815+0530] {logging_mixin.py:190} INFO - [2025-09-02T16:58:25.815+0530] {override.py:1900} INFO - Created Permission View: can read on DAG Run:dataset_alias_example_alias_consumer
[2025-09-02T16:58:25.816+0530] {logging_mixin.py:190} INFO - [2025-09-02T16:58:25.816+0530] {override.py:1900} INFO - Created Permission View: menu access on DAG Run:dataset_alias_example_alias_consumer
[2025-09-02T16:58:25.817+0530] {logging_mixin.py:190} INFO - [2025-09-02T16:58:25.817+0530] {override.py:1900} INFO - Created Permission View: can delete on DAG Run:dataset_alias_example_alias_consumer
[2025-09-02T16:58:25.820+0530] {logging_mixin.py:190} INFO - [2025-09-02T16:58:25.820+0530] {override.py:1900} INFO - Created Permission View: can edit on DAG:dataset_s3_bucket_consumer
[2025-09-02T16:58:25.821+0530] {logging_mixin.py:190} INFO - [2025-09-02T16:58:25.821+0530] {override.py:1900} INFO - Created Permission View: can read on DAG:dataset_s3_bucket_consumer
[2025-09-02T16:58:25.822+0530] {logging_mixin.py:190} INFO - [2025-09-02T16:58:25.822+0530] {override.py:1900} INFO - Created Permission View: can delete on DAG:dataset_s3_bucket_consumer
[2025-09-02T16:58:25.824+0530] {logging_mixin.py:190} INFO - [2025-09-02T16:58:25.824+0530] {override.py:1900} INFO - Created Permission View: can create on DAG Run:dataset_s3_bucket_consumer
[2025-09-02T16:58:25.826+0530] {logging_mixin.py:190} INFO - [2025-09-02T16:58:25.825+0530] {override.py:1900} INFO - Created Permission View: can read on DAG Run:dataset_s3_bucket_consumer
[2025-09-02T16:58:25.827+0530] {logging_mixin.py:190} INFO - [2025-09-02T16:58:25.827+0530] {override.py:1900} INFO - Created Permission View: menu access on DAG Run:dataset_s3_bucket_consumer
[2025-09-02T16:58:25.828+0530] {logging_mixin.py:190} INFO - [2025-09-02T16:58:25.828+0530] {override.py:1900} INFO - Created Permission View: can delete on DAG Run:dataset_s3_bucket_consumer
[2025-09-02T16:58:25.831+0530] {logging_mixin.py:190} INFO - [2025-09-02T16:58:25.831+0530] {override.py:1900} INFO - Created Permission View: can edit on DAG:dataset_s3_bucket_producer
[2025-09-02T16:58:25.832+0530] {logging_mixin.py:190} INFO - [2025-09-02T16:58:25.832+0530] {override.py:1900} INFO - Created Permission View: can read on DAG:dataset_s3_bucket_producer
[2025-09-02T16:58:25.833+0530] {logging_mixin.py:190} INFO - [2025-09-02T16:58:25.833+0530] {override.py:1900} INFO - Created Permission View: can delete on DAG:dataset_s3_bucket_producer
[2025-09-02T16:58:25.835+0530] {logging_mixin.py:190} INFO - [2025-09-02T16:58:25.835+0530] {override.py:1900} INFO - Created Permission View: can create on DAG Run:dataset_s3_bucket_producer
[2025-09-02T16:58:25.836+0530] {logging_mixin.py:190} INFO - [2025-09-02T16:58:25.836+0530] {override.py:1900} INFO - Created Permission View: can read on DAG Run:dataset_s3_bucket_producer
[2025-09-02T16:58:25.837+0530] {logging_mixin.py:190} INFO - [2025-09-02T16:58:25.837+0530] {override.py:1900} INFO - Created Permission View: menu access on DAG Run:dataset_s3_bucket_producer
[2025-09-02T16:58:25.838+0530] {logging_mixin.py:190} INFO - [2025-09-02T16:58:25.838+0530] {override.py:1900} INFO - Created Permission View: can delete on DAG Run:dataset_s3_bucket_producer
[2025-09-02T16:58:25.842+0530] {logging_mixin.py:190} INFO - [2025-09-02T16:58:25.842+0530] {override.py:1900} INFO - Created Permission View: can edit on DAG:dataset_alias_example_alias_producer
[2025-09-02T16:58:25.843+0530] {logging_mixin.py:190} INFO - [2025-09-02T16:58:25.843+0530] {override.py:1900} INFO - Created Permission View: can read on DAG:dataset_alias_example_alias_producer
[2025-09-02T16:58:25.844+0530] {logging_mixin.py:190} INFO - [2025-09-02T16:58:25.844+0530] {override.py:1900} INFO - Created Permission View: can delete on DAG:dataset_alias_example_alias_producer
[2025-09-02T16:58:25.846+0530] {logging_mixin.py:190} INFO - [2025-09-02T16:58:25.846+0530] {override.py:1900} INFO - Created Permission View: can create on DAG Run:dataset_alias_example_alias_producer
[2025-09-02T16:58:25.847+0530] {logging_mixin.py:190} INFO - [2025-09-02T16:58:25.847+0530] {override.py:1900} INFO - Created Permission View: can read on DAG Run:dataset_alias_example_alias_producer
[2025-09-02T16:58:25.848+0530] {logging_mixin.py:190} INFO - [2025-09-02T16:58:25.848+0530] {override.py:1900} INFO - Created Permission View: menu access on DAG Run:dataset_alias_example_alias_producer
[2025-09-02T16:58:25.849+0530] {logging_mixin.py:190} INFO - [2025-09-02T16:58:25.849+0530] {override.py:1900} INFO - Created Permission View: can delete on DAG Run:dataset_alias_example_alias_producer
[2025-09-02T16:58:25.850+0530] {logging_mixin.py:190} INFO - [2025-09-02T16:58:25.850+0530] {dag.py:3239} INFO - Sync 4 DAGs
[2025-09-02T16:58:25.852+0530] {logging_mixin.py:190} INFO - [2025-09-02T16:58:25.852+0530] {dag.py:3262} INFO - Creating ORM DAG for dataset_s3_bucket_producer
[2025-09-02T16:58:25.853+0530] {logging_mixin.py:190} INFO - [2025-09-02T16:58:25.853+0530] {dag.py:3262} INFO - Creating ORM DAG for dataset_s3_bucket_consumer
[2025-09-02T16:58:25.853+0530] {logging_mixin.py:190} INFO - [2025-09-02T16:58:25.853+0530] {dag.py:3262} INFO - Creating ORM DAG for dataset_alias_example_alias_producer
[2025-09-02T16:58:25.853+0530] {logging_mixin.py:190} INFO - [2025-09-02T16:58:25.853+0530] {dag.py:3262} INFO - Creating ORM DAG for dataset_alias_example_alias_consumer
[2025-09-02T16:58:25.855+0530] {logging_mixin.py:190} INFO - [2025-09-02T16:58:25.855+0530] {dag.py:4180} INFO - Setting next_dagrun for dataset_alias_example_alias_consumer to None, run_after=None
[2025-09-02T16:58:25.855+0530] {logging_mixin.py:190} INFO - [2025-09-02T16:58:25.855+0530] {dag.py:4180} INFO - Setting next_dagrun for dataset_alias_example_alias_producer to None, run_after=None
[2025-09-02T16:58:25.855+0530] {logging_mixin.py:190} INFO - [2025-09-02T16:58:25.855+0530] {dag.py:4180} INFO - Setting next_dagrun for dataset_s3_bucket_consumer to None, run_after=None
[2025-09-02T16:58:25.856+0530] {logging_mixin.py:190} INFO - [2025-09-02T16:58:25.856+0530] {dag.py:4180} INFO - Setting next_dagrun for dataset_s3_bucket_producer to None, run_after=None
[2025-09-02T16:58:26.038+0530] {processor.py:208} INFO - Processing /Users/parthmac/Desktop/Projects/Flight Data Engineering/flight-env/lib/python3.12/site-packages/airflow/example_dags/example_dataset_alias.py took 0.320 seconds
[2025-09-02T17:06:12.746+0530] {processor.py:186} INFO - Started process (PID=27638) to work on /Users/parthmac/Desktop/Projects/Flight Data Engineering/flight-env/lib/python3.12/site-packages/airflow/example_dags/example_dataset_alias.py
[2025-09-02T17:06:12.747+0530] {processor.py:914} INFO - Processing file /Users/parthmac/Desktop/Projects/Flight Data Engineering/flight-env/lib/python3.12/site-packages/airflow/example_dags/example_dataset_alias.py for tasks to queue
[2025-09-02T17:06:12.747+0530] {logging_mixin.py:190} INFO - [2025-09-02T17:06:12.747+0530] {dagbag.py:588} INFO - Filling up the DagBag from /Users/parthmac/Desktop/Projects/Flight Data Engineering/flight-env/lib/python3.12/site-packages/airflow/example_dags/example_dataset_alias.py
[2025-09-02T17:06:12.788+0530] {processor.py:925} INFO - DAG(s) 'dataset_alias_example_alias_producer', 'dataset_alias_example_alias_consumer', 'dataset_s3_bucket_producer', 'dataset_s3_bucket_consumer' retrieved from /Users/parthmac/Desktop/Projects/Flight Data Engineering/flight-env/lib/python3.12/site-packages/airflow/example_dags/example_dataset_alias.py
[2025-09-02T17:06:12.794+0530] {logging_mixin.py:190} INFO - [2025-09-02T17:06:12.794+0530] {dag.py:3239} INFO - Sync 4 DAGs
[2025-09-02T17:06:12.799+0530] {logging_mixin.py:190} INFO - [2025-09-02T17:06:12.799+0530] {dag.py:4180} INFO - Setting next_dagrun for dataset_alias_example_alias_consumer to None, run_after=None
[2025-09-02T17:06:12.799+0530] {logging_mixin.py:190} INFO - [2025-09-02T17:06:12.799+0530] {dag.py:4180} INFO - Setting next_dagrun for dataset_alias_example_alias_producer to None, run_after=None
[2025-09-02T17:06:12.799+0530] {logging_mixin.py:190} INFO - [2025-09-02T17:06:12.799+0530] {dag.py:4180} INFO - Setting next_dagrun for dataset_s3_bucket_consumer to None, run_after=None
[2025-09-02T17:06:12.800+0530] {logging_mixin.py:190} INFO - [2025-09-02T17:06:12.800+0530] {dag.py:4180} INFO - Setting next_dagrun for dataset_s3_bucket_producer to None, run_after=None
[2025-09-02T17:06:12.805+0530] {processor.py:208} INFO - Processing /Users/parthmac/Desktop/Projects/Flight Data Engineering/flight-env/lib/python3.12/site-packages/airflow/example_dags/example_dataset_alias.py took 0.060 seconds
[2025-09-02T17:43:10.180+0530] {processor.py:186} INFO - Started process (PID=31709) to work on /Users/parthmac/Desktop/Projects/Flight Data Engineering/flight-env/lib/python3.12/site-packages/airflow/example_dags/example_dataset_alias.py
[2025-09-02T17:43:10.181+0530] {processor.py:914} INFO - Processing file /Users/parthmac/Desktop/Projects/Flight Data Engineering/flight-env/lib/python3.12/site-packages/airflow/example_dags/example_dataset_alias.py for tasks to queue
[2025-09-02T17:43:10.181+0530] {logging_mixin.py:190} INFO - [2025-09-02T17:43:10.181+0530] {dagbag.py:588} INFO - Filling up the DagBag from /Users/parthmac/Desktop/Projects/Flight Data Engineering/flight-env/lib/python3.12/site-packages/airflow/example_dags/example_dataset_alias.py
[2025-09-02T17:43:10.223+0530] {processor.py:925} INFO - DAG(s) 'dataset_alias_example_alias_consumer', 'dataset_s3_bucket_consumer', 'dataset_s3_bucket_producer', 'dataset_alias_example_alias_producer' retrieved from /Users/parthmac/Desktop/Projects/Flight Data Engineering/flight-env/lib/python3.12/site-packages/airflow/example_dags/example_dataset_alias.py
[2025-09-02T17:43:10.229+0530] {logging_mixin.py:190} INFO - [2025-09-02T17:43:10.229+0530] {dag.py:3239} INFO - Sync 4 DAGs
[2025-09-02T17:43:10.233+0530] {logging_mixin.py:190} INFO - [2025-09-02T17:43:10.233+0530] {dag.py:4180} INFO - Setting next_dagrun for dataset_alias_example_alias_consumer to None, run_after=None
[2025-09-02T17:43:10.234+0530] {logging_mixin.py:190} INFO - [2025-09-02T17:43:10.234+0530] {dag.py:4180} INFO - Setting next_dagrun for dataset_alias_example_alias_producer to None, run_after=None
[2025-09-02T17:43:10.234+0530] {logging_mixin.py:190} INFO - [2025-09-02T17:43:10.234+0530] {dag.py:4180} INFO - Setting next_dagrun for dataset_s3_bucket_consumer to None, run_after=None
[2025-09-02T17:43:10.234+0530] {logging_mixin.py:190} INFO - [2025-09-02T17:43:10.234+0530] {dag.py:4180} INFO - Setting next_dagrun for dataset_s3_bucket_producer to None, run_after=None
[2025-09-02T17:43:10.258+0530] {processor.py:208} INFO - Processing /Users/parthmac/Desktop/Projects/Flight Data Engineering/flight-env/lib/python3.12/site-packages/airflow/example_dags/example_dataset_alias.py took 0.079 seconds
[2025-09-02T17:47:33.895+0530] {processor.py:186} INFO - Started process (PID=32661) to work on /Users/parthmac/Desktop/Projects/Flight Data Engineering/flight-env/lib/python3.12/site-packages/airflow/example_dags/example_dataset_alias.py
[2025-09-02T17:47:33.895+0530] {processor.py:914} INFO - Processing file /Users/parthmac/Desktop/Projects/Flight Data Engineering/flight-env/lib/python3.12/site-packages/airflow/example_dags/example_dataset_alias.py for tasks to queue
[2025-09-02T17:47:33.895+0530] {logging_mixin.py:190} INFO - [2025-09-02T17:47:33.895+0530] {dagbag.py:588} INFO - Filling up the DagBag from /Users/parthmac/Desktop/Projects/Flight Data Engineering/flight-env/lib/python3.12/site-packages/airflow/example_dags/example_dataset_alias.py
[2025-09-02T17:47:33.941+0530] {processor.py:925} INFO - DAG(s) 'dataset_s3_bucket_producer', 'dataset_s3_bucket_consumer', 'dataset_alias_example_alias_consumer', 'dataset_alias_example_alias_producer' retrieved from /Users/parthmac/Desktop/Projects/Flight Data Engineering/flight-env/lib/python3.12/site-packages/airflow/example_dags/example_dataset_alias.py
[2025-09-02T17:47:33.947+0530] {logging_mixin.py:190} INFO - [2025-09-02T17:47:33.947+0530] {dag.py:3239} INFO - Sync 4 DAGs
[2025-09-02T17:47:33.952+0530] {logging_mixin.py:190} INFO - [2025-09-02T17:47:33.951+0530] {dag.py:4180} INFO - Setting next_dagrun for dataset_alias_example_alias_consumer to None, run_after=None
[2025-09-02T17:47:33.952+0530] {logging_mixin.py:190} INFO - [2025-09-02T17:47:33.952+0530] {dag.py:4180} INFO - Setting next_dagrun for dataset_alias_example_alias_producer to None, run_after=None
[2025-09-02T17:47:33.952+0530] {logging_mixin.py:190} INFO - [2025-09-02T17:47:33.952+0530] {dag.py:4180} INFO - Setting next_dagrun for dataset_s3_bucket_consumer to None, run_after=None
[2025-09-02T17:47:33.952+0530] {logging_mixin.py:190} INFO - [2025-09-02T17:47:33.952+0530] {dag.py:4180} INFO - Setting next_dagrun for dataset_s3_bucket_producer to None, run_after=None
[2025-09-02T17:47:33.977+0530] {processor.py:208} INFO - Processing /Users/parthmac/Desktop/Projects/Flight Data Engineering/flight-env/lib/python3.12/site-packages/airflow/example_dags/example_dataset_alias.py took 0.083 seconds
[2025-09-02T17:49:22.415+0530] {processor.py:186} INFO - Started process (PID=32760) to work on /Users/parthmac/Desktop/Projects/Flight Data Engineering/flight-env/lib/python3.12/site-packages/airflow/example_dags/example_dataset_alias.py
[2025-09-02T17:49:22.415+0530] {processor.py:914} INFO - Processing file /Users/parthmac/Desktop/Projects/Flight Data Engineering/flight-env/lib/python3.12/site-packages/airflow/example_dags/example_dataset_alias.py for tasks to queue
[2025-09-02T17:49:22.415+0530] {logging_mixin.py:190} INFO - [2025-09-02T17:49:22.415+0530] {dagbag.py:588} INFO - Filling up the DagBag from /Users/parthmac/Desktop/Projects/Flight Data Engineering/flight-env/lib/python3.12/site-packages/airflow/example_dags/example_dataset_alias.py
[2025-09-02T17:49:22.460+0530] {processor.py:925} INFO - DAG(s) 'dataset_s3_bucket_consumer', 'dataset_alias_example_alias_producer', 'dataset_alias_example_alias_consumer', 'dataset_s3_bucket_producer' retrieved from /Users/parthmac/Desktop/Projects/Flight Data Engineering/flight-env/lib/python3.12/site-packages/airflow/example_dags/example_dataset_alias.py
[2025-09-02T17:49:22.467+0530] {logging_mixin.py:190} INFO - [2025-09-02T17:49:22.466+0530] {dag.py:3239} INFO - Sync 4 DAGs
[2025-09-02T17:49:22.471+0530] {logging_mixin.py:190} INFO - [2025-09-02T17:49:22.471+0530] {dag.py:4180} INFO - Setting next_dagrun for dataset_alias_example_alias_consumer to None, run_after=None
[2025-09-02T17:49:22.472+0530] {logging_mixin.py:190} INFO - [2025-09-02T17:49:22.472+0530] {dag.py:4180} INFO - Setting next_dagrun for dataset_alias_example_alias_producer to None, run_after=None
[2025-09-02T17:49:22.472+0530] {logging_mixin.py:190} INFO - [2025-09-02T17:49:22.472+0530] {dag.py:4180} INFO - Setting next_dagrun for dataset_s3_bucket_consumer to None, run_after=None
[2025-09-02T17:49:22.472+0530] {logging_mixin.py:190} INFO - [2025-09-02T17:49:22.472+0530] {dag.py:4180} INFO - Setting next_dagrun for dataset_s3_bucket_producer to None, run_after=None
[2025-09-02T17:49:22.497+0530] {processor.py:208} INFO - Processing /Users/parthmac/Desktop/Projects/Flight Data Engineering/flight-env/lib/python3.12/site-packages/airflow/example_dags/example_dataset_alias.py took 0.083 seconds
[2025-09-02T17:51:03.996+0530] {processor.py:186} INFO - Started process (PID=33196) to work on /Users/parthmac/Desktop/Projects/Flight Data Engineering/flight-env/lib/python3.12/site-packages/airflow/example_dags/example_dataset_alias.py
[2025-09-02T17:51:03.996+0530] {processor.py:914} INFO - Processing file /Users/parthmac/Desktop/Projects/Flight Data Engineering/flight-env/lib/python3.12/site-packages/airflow/example_dags/example_dataset_alias.py for tasks to queue
[2025-09-02T17:51:03.996+0530] {logging_mixin.py:190} INFO - [2025-09-02T17:51:03.996+0530] {dagbag.py:588} INFO - Filling up the DagBag from /Users/parthmac/Desktop/Projects/Flight Data Engineering/flight-env/lib/python3.12/site-packages/airflow/example_dags/example_dataset_alias.py
[2025-09-02T17:51:04.041+0530] {processor.py:925} INFO - DAG(s) 'dataset_s3_bucket_producer', 'dataset_alias_example_alias_consumer', 'dataset_s3_bucket_consumer', 'dataset_alias_example_alias_producer' retrieved from /Users/parthmac/Desktop/Projects/Flight Data Engineering/flight-env/lib/python3.12/site-packages/airflow/example_dags/example_dataset_alias.py
[2025-09-02T17:51:04.047+0530] {logging_mixin.py:190} INFO - [2025-09-02T17:51:04.047+0530] {dag.py:3239} INFO - Sync 4 DAGs
[2025-09-02T17:51:04.052+0530] {logging_mixin.py:190} INFO - [2025-09-02T17:51:04.052+0530] {dag.py:4180} INFO - Setting next_dagrun for dataset_alias_example_alias_consumer to None, run_after=None
[2025-09-02T17:51:04.052+0530] {logging_mixin.py:190} INFO - [2025-09-02T17:51:04.052+0530] {dag.py:4180} INFO - Setting next_dagrun for dataset_alias_example_alias_producer to None, run_after=None
[2025-09-02T17:51:04.053+0530] {logging_mixin.py:190} INFO - [2025-09-02T17:51:04.053+0530] {dag.py:4180} INFO - Setting next_dagrun for dataset_s3_bucket_consumer to None, run_after=None
[2025-09-02T17:51:04.053+0530] {logging_mixin.py:190} INFO - [2025-09-02T17:51:04.053+0530] {dag.py:4180} INFO - Setting next_dagrun for dataset_s3_bucket_producer to None, run_after=None
[2025-09-02T17:51:04.078+0530] {processor.py:208} INFO - Processing /Users/parthmac/Desktop/Projects/Flight Data Engineering/flight-env/lib/python3.12/site-packages/airflow/example_dags/example_dataset_alias.py took 0.083 seconds
