[2025-09-02T16:57:43.529+0530] {processor.py:186} INFO - Started process (PID=26346) to work on /Users/parthmac/Desktop/Projects/Flight Data Engineering/flight-env/lib/python3.12/site-packages/airflow/example_dags/example_short_circuit_operator.py
[2025-09-02T16:57:43.529+0530] {processor.py:914} INFO - Processing file /Users/parthmac/Desktop/Projects/Flight Data Engineering/flight-env/lib/python3.12/site-packages/airflow/example_dags/example_short_circuit_operator.py for tasks to queue
[2025-09-02T16:57:43.529+0530] {logging_mixin.py:190} INFO - [2025-09-02T16:57:43.529+0530] {dagbag.py:588} INFO - Filling up the DagBag from /Users/parthmac/Desktop/Projects/Flight Data Engineering/flight-env/lib/python3.12/site-packages/airflow/example_dags/example_short_circuit_operator.py
[2025-09-02T16:57:43.538+0530] {processor.py:925} INFO - DAG(s) 'example_short_circuit_operator' retrieved from /Users/parthmac/Desktop/Projects/Flight Data Engineering/flight-env/lib/python3.12/site-packages/airflow/example_dags/example_short_circuit_operator.py
[2025-09-02T16:57:43.604+0530] {logging_mixin.py:190} INFO - [2025-09-02T16:57:43.604+0530] {override.py:1900} INFO - Created Permission View: can delete on DAG:example_short_circuit_operator
[2025-09-02T16:57:43.606+0530] {logging_mixin.py:190} INFO - [2025-09-02T16:57:43.606+0530] {override.py:1900} INFO - Created Permission View: can read on DAG:example_short_circuit_operator
[2025-09-02T16:57:43.607+0530] {logging_mixin.py:190} INFO - [2025-09-02T16:57:43.607+0530] {override.py:1900} INFO - Created Permission View: can edit on DAG:example_short_circuit_operator
[2025-09-02T16:57:43.609+0530] {logging_mixin.py:190} INFO - [2025-09-02T16:57:43.609+0530] {override.py:1900} INFO - Created Permission View: can create on DAG Run:example_short_circuit_operator
[2025-09-02T16:57:43.611+0530] {logging_mixin.py:190} INFO - [2025-09-02T16:57:43.611+0530] {override.py:1900} INFO - Created Permission View: can delete on DAG Run:example_short_circuit_operator
[2025-09-02T16:57:43.612+0530] {logging_mixin.py:190} INFO - [2025-09-02T16:57:43.612+0530] {override.py:1900} INFO - Created Permission View: can read on DAG Run:example_short_circuit_operator
[2025-09-02T16:57:43.613+0530] {logging_mixin.py:190} INFO - [2025-09-02T16:57:43.613+0530] {override.py:1900} INFO - Created Permission View: menu access on DAG Run:example_short_circuit_operator
[2025-09-02T16:57:43.613+0530] {logging_mixin.py:190} INFO - [2025-09-02T16:57:43.613+0530] {dag.py:3239} INFO - Sync 1 DAGs
[2025-09-02T16:57:43.616+0530] {logging_mixin.py:190} INFO - [2025-09-02T16:57:43.616+0530] {dag.py:3262} INFO - Creating ORM DAG for example_short_circuit_operator
[2025-09-02T16:57:43.616+0530] {logging_mixin.py:190} INFO - [2025-09-02T16:57:43.616+0530] {dag.py:4180} INFO - Setting next_dagrun for example_short_circuit_operator to None, run_after=None
[2025-09-02T16:57:43.620+0530] {processor.py:208} INFO - Processing /Users/parthmac/Desktop/Projects/Flight Data Engineering/flight-env/lib/python3.12/site-packages/airflow/example_dags/example_short_circuit_operator.py took 0.092 seconds
[2025-09-02T16:59:13.011+0530] {processor.py:186} INFO - Started process (PID=26420) to work on /Users/parthmac/Desktop/Projects/Flight Data Engineering/flight-env/lib/python3.12/site-packages/airflow/example_dags/example_short_circuit_operator.py
[2025-09-02T16:59:13.012+0530] {processor.py:914} INFO - Processing file /Users/parthmac/Desktop/Projects/Flight Data Engineering/flight-env/lib/python3.12/site-packages/airflow/example_dags/example_short_circuit_operator.py for tasks to queue
[2025-09-02T16:59:13.012+0530] {logging_mixin.py:190} INFO - [2025-09-02T16:59:13.012+0530] {dagbag.py:588} INFO - Filling up the DagBag from /Users/parthmac/Desktop/Projects/Flight Data Engineering/flight-env/lib/python3.12/site-packages/airflow/example_dags/example_short_circuit_operator.py
[2025-09-02T16:59:13.020+0530] {processor.py:925} INFO - DAG(s) 'example_short_circuit_operator' retrieved from /Users/parthmac/Desktop/Projects/Flight Data Engineering/flight-env/lib/python3.12/site-packages/airflow/example_dags/example_short_circuit_operator.py
[2025-09-02T16:59:13.045+0530] {logging_mixin.py:190} INFO - [2025-09-02T16:59:13.045+0530] {dag.py:3239} INFO - Sync 1 DAGs
[2025-09-02T16:59:13.048+0530] {logging_mixin.py:190} INFO - [2025-09-02T16:59:13.048+0530] {dag.py:4180} INFO - Setting next_dagrun for example_short_circuit_operator to None, run_after=None
[2025-09-02T16:59:13.053+0530] {processor.py:208} INFO - Processing /Users/parthmac/Desktop/Projects/Flight Data Engineering/flight-env/lib/python3.12/site-packages/airflow/example_dags/example_short_circuit_operator.py took 0.043 seconds
[2025-09-02T17:05:37.580+0530] {processor.py:186} INFO - Started process (PID=27608) to work on /Users/parthmac/Desktop/Projects/Flight Data Engineering/flight-env/lib/python3.12/site-packages/airflow/example_dags/example_short_circuit_operator.py
[2025-09-02T17:05:37.582+0530] {processor.py:914} INFO - Processing file /Users/parthmac/Desktop/Projects/Flight Data Engineering/flight-env/lib/python3.12/site-packages/airflow/example_dags/example_short_circuit_operator.py for tasks to queue
[2025-09-02T17:05:37.582+0530] {logging_mixin.py:190} INFO - [2025-09-02T17:05:37.582+0530] {dagbag.py:588} INFO - Filling up the DagBag from /Users/parthmac/Desktop/Projects/Flight Data Engineering/flight-env/lib/python3.12/site-packages/airflow/example_dags/example_short_circuit_operator.py
[2025-09-02T17:05:37.590+0530] {processor.py:925} INFO - DAG(s) 'example_short_circuit_operator' retrieved from /Users/parthmac/Desktop/Projects/Flight Data Engineering/flight-env/lib/python3.12/site-packages/airflow/example_dags/example_short_circuit_operator.py
[2025-09-02T17:05:37.614+0530] {logging_mixin.py:190} INFO - [2025-09-02T17:05:37.614+0530] {dag.py:3239} INFO - Sync 1 DAGs
[2025-09-02T17:05:37.617+0530] {logging_mixin.py:190} INFO - [2025-09-02T17:05:37.617+0530] {dag.py:4180} INFO - Setting next_dagrun for example_short_circuit_operator to None, run_after=None
[2025-09-02T17:05:37.622+0530] {processor.py:208} INFO - Processing /Users/parthmac/Desktop/Projects/Flight Data Engineering/flight-env/lib/python3.12/site-packages/airflow/example_dags/example_short_circuit_operator.py took 0.042 seconds
[2025-09-02T17:07:02.221+0530] {processor.py:186} INFO - Started process (PID=27688) to work on /Users/parthmac/Desktop/Projects/Flight Data Engineering/flight-env/lib/python3.12/site-packages/airflow/example_dags/example_short_circuit_operator.py
[2025-09-02T17:07:02.222+0530] {processor.py:914} INFO - Processing file /Users/parthmac/Desktop/Projects/Flight Data Engineering/flight-env/lib/python3.12/site-packages/airflow/example_dags/example_short_circuit_operator.py for tasks to queue
[2025-09-02T17:07:02.222+0530] {logging_mixin.py:190} INFO - [2025-09-02T17:07:02.222+0530] {dagbag.py:588} INFO - Filling up the DagBag from /Users/parthmac/Desktop/Projects/Flight Data Engineering/flight-env/lib/python3.12/site-packages/airflow/example_dags/example_short_circuit_operator.py
[2025-09-02T17:07:02.231+0530] {processor.py:925} INFO - DAG(s) 'example_short_circuit_operator' retrieved from /Users/parthmac/Desktop/Projects/Flight Data Engineering/flight-env/lib/python3.12/site-packages/airflow/example_dags/example_short_circuit_operator.py
[2025-09-02T17:07:02.256+0530] {logging_mixin.py:190} INFO - [2025-09-02T17:07:02.256+0530] {dag.py:3239} INFO - Sync 1 DAGs
[2025-09-02T17:07:02.259+0530] {logging_mixin.py:190} INFO - [2025-09-02T17:07:02.259+0530] {dag.py:4180} INFO - Setting next_dagrun for example_short_circuit_operator to None, run_after=None
[2025-09-02T17:07:02.264+0530] {processor.py:208} INFO - Processing /Users/parthmac/Desktop/Projects/Flight Data Engineering/flight-env/lib/python3.12/site-packages/airflow/example_dags/example_short_circuit_operator.py took 0.044 seconds
[2025-09-02T17:42:33.524+0530] {processor.py:186} INFO - Started process (PID=31618) to work on /Users/parthmac/Desktop/Projects/Flight Data Engineering/flight-env/lib/python3.12/site-packages/airflow/example_dags/example_short_circuit_operator.py
[2025-09-02T17:42:33.525+0530] {processor.py:914} INFO - Processing file /Users/parthmac/Desktop/Projects/Flight Data Engineering/flight-env/lib/python3.12/site-packages/airflow/example_dags/example_short_circuit_operator.py for tasks to queue
[2025-09-02T17:42:33.525+0530] {logging_mixin.py:190} INFO - [2025-09-02T17:42:33.525+0530] {dagbag.py:588} INFO - Filling up the DagBag from /Users/parthmac/Desktop/Projects/Flight Data Engineering/flight-env/lib/python3.12/site-packages/airflow/example_dags/example_short_circuit_operator.py
[2025-09-02T17:42:33.535+0530] {processor.py:925} INFO - DAG(s) 'example_short_circuit_operator' retrieved from /Users/parthmac/Desktop/Projects/Flight Data Engineering/flight-env/lib/python3.12/site-packages/airflow/example_dags/example_short_circuit_operator.py
[2025-09-02T17:42:33.561+0530] {logging_mixin.py:190} INFO - [2025-09-02T17:42:33.560+0530] {dag.py:3239} INFO - Sync 1 DAGs
[2025-09-02T17:42:33.564+0530] {logging_mixin.py:190} INFO - [2025-09-02T17:42:33.564+0530] {dag.py:4180} INFO - Setting next_dagrun for example_short_circuit_operator to None, run_after=None
[2025-09-02T17:42:33.569+0530] {processor.py:208} INFO - Processing /Users/parthmac/Desktop/Projects/Flight Data Engineering/flight-env/lib/python3.12/site-packages/airflow/example_dags/example_short_circuit_operator.py took 0.046 seconds
[2025-09-02T17:43:59.014+0530] {processor.py:186} INFO - Started process (PID=31749) to work on /Users/parthmac/Desktop/Projects/Flight Data Engineering/flight-env/lib/python3.12/site-packages/airflow/example_dags/example_short_circuit_operator.py
[2025-09-02T17:43:59.014+0530] {processor.py:914} INFO - Processing file /Users/parthmac/Desktop/Projects/Flight Data Engineering/flight-env/lib/python3.12/site-packages/airflow/example_dags/example_short_circuit_operator.py for tasks to queue
[2025-09-02T17:43:59.014+0530] {logging_mixin.py:190} INFO - [2025-09-02T17:43:59.014+0530] {dagbag.py:588} INFO - Filling up the DagBag from /Users/parthmac/Desktop/Projects/Flight Data Engineering/flight-env/lib/python3.12/site-packages/airflow/example_dags/example_short_circuit_operator.py
[2025-09-02T17:43:59.023+0530] {processor.py:925} INFO - DAG(s) 'example_short_circuit_operator' retrieved from /Users/parthmac/Desktop/Projects/Flight Data Engineering/flight-env/lib/python3.12/site-packages/airflow/example_dags/example_short_circuit_operator.py
[2025-09-02T17:43:59.049+0530] {logging_mixin.py:190} INFO - [2025-09-02T17:43:59.048+0530] {dag.py:3239} INFO - Sync 1 DAGs
[2025-09-02T17:43:59.052+0530] {logging_mixin.py:190} INFO - [2025-09-02T17:43:59.052+0530] {dag.py:4180} INFO - Setting next_dagrun for example_short_circuit_operator to None, run_after=None
[2025-09-02T17:43:59.057+0530] {processor.py:208} INFO - Processing /Users/parthmac/Desktop/Projects/Flight Data Engineering/flight-env/lib/python3.12/site-packages/airflow/example_dags/example_short_circuit_operator.py took 0.044 seconds
[2025-09-02T17:46:58.900+0530] {processor.py:186} INFO - Started process (PID=32586) to work on /Users/parthmac/Desktop/Projects/Flight Data Engineering/flight-env/lib/python3.12/site-packages/airflow/example_dags/example_short_circuit_operator.py
[2025-09-02T17:46:58.900+0530] {processor.py:914} INFO - Processing file /Users/parthmac/Desktop/Projects/Flight Data Engineering/flight-env/lib/python3.12/site-packages/airflow/example_dags/example_short_circuit_operator.py for tasks to queue
[2025-09-02T17:46:58.900+0530] {logging_mixin.py:190} INFO - [2025-09-02T17:46:58.900+0530] {dagbag.py:588} INFO - Filling up the DagBag from /Users/parthmac/Desktop/Projects/Flight Data Engineering/flight-env/lib/python3.12/site-packages/airflow/example_dags/example_short_circuit_operator.py
[2025-09-02T17:46:58.909+0530] {processor.py:925} INFO - DAG(s) 'example_short_circuit_operator' retrieved from /Users/parthmac/Desktop/Projects/Flight Data Engineering/flight-env/lib/python3.12/site-packages/airflow/example_dags/example_short_circuit_operator.py
[2025-09-02T17:46:58.933+0530] {logging_mixin.py:190} INFO - [2025-09-02T17:46:58.933+0530] {dag.py:3239} INFO - Sync 1 DAGs
[2025-09-02T17:46:58.936+0530] {logging_mixin.py:190} INFO - [2025-09-02T17:46:58.936+0530] {dag.py:4180} INFO - Setting next_dagrun for example_short_circuit_operator to None, run_after=None
[2025-09-02T17:46:58.941+0530] {processor.py:208} INFO - Processing /Users/parthmac/Desktop/Projects/Flight Data Engineering/flight-env/lib/python3.12/site-packages/airflow/example_dags/example_short_circuit_operator.py took 0.042 seconds
[2025-09-02T17:48:22.929+0530] {processor.py:186} INFO - Started process (PID=32713) to work on /Users/parthmac/Desktop/Projects/Flight Data Engineering/flight-env/lib/python3.12/site-packages/airflow/example_dags/example_short_circuit_operator.py
[2025-09-02T17:48:22.929+0530] {processor.py:914} INFO - Processing file /Users/parthmac/Desktop/Projects/Flight Data Engineering/flight-env/lib/python3.12/site-packages/airflow/example_dags/example_short_circuit_operator.py for tasks to queue
[2025-09-02T17:48:22.929+0530] {logging_mixin.py:190} INFO - [2025-09-02T17:48:22.929+0530] {dagbag.py:588} INFO - Filling up the DagBag from /Users/parthmac/Desktop/Projects/Flight Data Engineering/flight-env/lib/python3.12/site-packages/airflow/example_dags/example_short_circuit_operator.py
[2025-09-02T17:48:22.938+0530] {processor.py:925} INFO - DAG(s) 'example_short_circuit_operator' retrieved from /Users/parthmac/Desktop/Projects/Flight Data Engineering/flight-env/lib/python3.12/site-packages/airflow/example_dags/example_short_circuit_operator.py
[2025-09-02T17:48:22.962+0530] {logging_mixin.py:190} INFO - [2025-09-02T17:48:22.962+0530] {dag.py:3239} INFO - Sync 1 DAGs
[2025-09-02T17:48:22.965+0530] {logging_mixin.py:190} INFO - [2025-09-02T17:48:22.965+0530] {dag.py:4180} INFO - Setting next_dagrun for example_short_circuit_operator to None, run_after=None
[2025-09-02T17:48:22.970+0530] {processor.py:208} INFO - Processing /Users/parthmac/Desktop/Projects/Flight Data Engineering/flight-env/lib/python3.12/site-packages/airflow/example_dags/example_short_circuit_operator.py took 0.042 seconds
[2025-09-02T17:50:11.755+0530] {processor.py:186} INFO - Started process (PID=33140) to work on /Users/parthmac/Desktop/Projects/Flight Data Engineering/flight-env/lib/python3.12/site-packages/airflow/example_dags/example_short_circuit_operator.py
[2025-09-02T17:50:11.755+0530] {processor.py:914} INFO - Processing file /Users/parthmac/Desktop/Projects/Flight Data Engineering/flight-env/lib/python3.12/site-packages/airflow/example_dags/example_short_circuit_operator.py for tasks to queue
[2025-09-02T17:50:11.755+0530] {logging_mixin.py:190} INFO - [2025-09-02T17:50:11.755+0530] {dagbag.py:588} INFO - Filling up the DagBag from /Users/parthmac/Desktop/Projects/Flight Data Engineering/flight-env/lib/python3.12/site-packages/airflow/example_dags/example_short_circuit_operator.py
[2025-09-02T17:50:11.764+0530] {processor.py:925} INFO - DAG(s) 'example_short_circuit_operator' retrieved from /Users/parthmac/Desktop/Projects/Flight Data Engineering/flight-env/lib/python3.12/site-packages/airflow/example_dags/example_short_circuit_operator.py
[2025-09-02T17:50:11.789+0530] {logging_mixin.py:190} INFO - [2025-09-02T17:50:11.789+0530] {dag.py:3239} INFO - Sync 1 DAGs
[2025-09-02T17:50:11.792+0530] {logging_mixin.py:190} INFO - [2025-09-02T17:50:11.792+0530] {dag.py:4180} INFO - Setting next_dagrun for example_short_circuit_operator to None, run_after=None
[2025-09-02T17:50:11.797+0530] {processor.py:208} INFO - Processing /Users/parthmac/Desktop/Projects/Flight Data Engineering/flight-env/lib/python3.12/site-packages/airflow/example_dags/example_short_circuit_operator.py took 0.043 seconds
[2025-09-02T17:54:39.547+0530] {processor.py:186} INFO - Started process (PID=34786) to work on /Users/parthmac/Desktop/Projects/Flight Data Engineering/flight-env/lib/python3.12/site-packages/airflow/example_dags/example_short_circuit_operator.py
[2025-09-02T17:54:39.548+0530] {processor.py:914} INFO - Processing file /Users/parthmac/Desktop/Projects/Flight Data Engineering/flight-env/lib/python3.12/site-packages/airflow/example_dags/example_short_circuit_operator.py for tasks to queue
[2025-09-02T17:54:39.548+0530] {logging_mixin.py:190} INFO - [2025-09-02T17:54:39.548+0530] {dagbag.py:588} INFO - Filling up the DagBag from /Users/parthmac/Desktop/Projects/Flight Data Engineering/flight-env/lib/python3.12/site-packages/airflow/example_dags/example_short_circuit_operator.py
[2025-09-02T17:54:39.557+0530] {processor.py:925} INFO - DAG(s) 'example_short_circuit_operator' retrieved from /Users/parthmac/Desktop/Projects/Flight Data Engineering/flight-env/lib/python3.12/site-packages/airflow/example_dags/example_short_circuit_operator.py
[2025-09-02T17:54:39.581+0530] {logging_mixin.py:190} INFO - [2025-09-02T17:54:39.581+0530] {dag.py:3239} INFO - Sync 1 DAGs
[2025-09-02T17:54:39.584+0530] {logging_mixin.py:190} INFO - [2025-09-02T17:54:39.584+0530] {dag.py:4180} INFO - Setting next_dagrun for example_short_circuit_operator to None, run_after=None
[2025-09-02T17:54:39.589+0530] {processor.py:208} INFO - Processing /Users/parthmac/Desktop/Projects/Flight Data Engineering/flight-env/lib/python3.12/site-packages/airflow/example_dags/example_short_circuit_operator.py took 0.043 seconds
