[2025-09-02T16:57:34.888+0530] {processor.py:186} INFO - Started process (PID=26340) to work on /Users/parthmac/Desktop/Projects/Flight Data Engineering/flight-env/lib/python3.12/site-packages/airflow/example_dags/example_task_group_decorator.py
[2025-09-02T16:57:34.889+0530] {processor.py:914} INFO - Processing file /Users/parthmac/Desktop/Projects/Flight Data Engineering/flight-env/lib/python3.12/site-packages/airflow/example_dags/example_task_group_decorator.py for tasks to queue
[2025-09-02T16:57:34.889+0530] {logging_mixin.py:190} INFO - [2025-09-02T16:57:34.889+0530] {dagbag.py:588} INFO - Filling up the DagBag from /Users/parthmac/Desktop/Projects/Flight Data Engineering/flight-env/lib/python3.12/site-packages/airflow/example_dags/example_task_group_decorator.py
[2025-09-02T16:57:34.903+0530] {processor.py:925} INFO - DAG(s) 'example_task_group_decorator' retrieved from /Users/parthmac/Desktop/Projects/Flight Data Engineering/flight-env/lib/python3.12/site-packages/airflow/example_dags/example_task_group_decorator.py
[2025-09-02T16:57:34.970+0530] {logging_mixin.py:190} INFO - [2025-09-02T16:57:34.970+0530] {override.py:1900} INFO - Created Permission View: can edit on DAG:example_task_group_decorator
[2025-09-02T16:57:34.972+0530] {logging_mixin.py:190} INFO - [2025-09-02T16:57:34.972+0530] {override.py:1900} INFO - Created Permission View: can read on DAG:example_task_group_decorator
[2025-09-02T16:57:34.973+0530] {logging_mixin.py:190} INFO - [2025-09-02T16:57:34.973+0530] {override.py:1900} INFO - Created Permission View: can delete on DAG:example_task_group_decorator
[2025-09-02T16:57:34.975+0530] {logging_mixin.py:190} INFO - [2025-09-02T16:57:34.975+0530] {override.py:1900} INFO - Created Permission View: can read on DAG Run:example_task_group_decorator
[2025-09-02T16:57:34.977+0530] {logging_mixin.py:190} INFO - [2025-09-02T16:57:34.976+0530] {override.py:1900} INFO - Created Permission View: can delete on DAG Run:example_task_group_decorator
[2025-09-02T16:57:34.978+0530] {logging_mixin.py:190} INFO - [2025-09-02T16:57:34.978+0530] {override.py:1900} INFO - Created Permission View: menu access on DAG Run:example_task_group_decorator
[2025-09-02T16:57:34.979+0530] {logging_mixin.py:190} INFO - [2025-09-02T16:57:34.979+0530] {override.py:1900} INFO - Created Permission View: can create on DAG Run:example_task_group_decorator
[2025-09-02T16:57:34.979+0530] {logging_mixin.py:190} INFO - [2025-09-02T16:57:34.979+0530] {dag.py:3239} INFO - Sync 1 DAGs
[2025-09-02T16:57:34.982+0530] {logging_mixin.py:190} INFO - [2025-09-02T16:57:34.982+0530] {dag.py:3262} INFO - Creating ORM DAG for example_task_group_decorator
[2025-09-02T16:57:34.982+0530] {logging_mixin.py:190} INFO - [2025-09-02T16:57:34.982+0530] {dag.py:4180} INFO - Setting next_dagrun for example_task_group_decorator to None, run_after=None
[2025-09-02T16:57:34.986+0530] {processor.py:208} INFO - Processing /Users/parthmac/Desktop/Projects/Flight Data Engineering/flight-env/lib/python3.12/site-packages/airflow/example_dags/example_task_group_decorator.py took 0.099 seconds
[2025-09-02T16:59:05.945+0530] {processor.py:186} INFO - Started process (PID=26411) to work on /Users/parthmac/Desktop/Projects/Flight Data Engineering/flight-env/lib/python3.12/site-packages/airflow/example_dags/example_task_group_decorator.py
[2025-09-02T16:59:05.945+0530] {processor.py:914} INFO - Processing file /Users/parthmac/Desktop/Projects/Flight Data Engineering/flight-env/lib/python3.12/site-packages/airflow/example_dags/example_task_group_decorator.py for tasks to queue
[2025-09-02T16:59:05.946+0530] {logging_mixin.py:190} INFO - [2025-09-02T16:59:05.946+0530] {dagbag.py:588} INFO - Filling up the DagBag from /Users/parthmac/Desktop/Projects/Flight Data Engineering/flight-env/lib/python3.12/site-packages/airflow/example_dags/example_task_group_decorator.py
[2025-09-02T16:59:05.959+0530] {processor.py:925} INFO - DAG(s) 'example_task_group_decorator' retrieved from /Users/parthmac/Desktop/Projects/Flight Data Engineering/flight-env/lib/python3.12/site-packages/airflow/example_dags/example_task_group_decorator.py
[2025-09-02T16:59:05.984+0530] {logging_mixin.py:190} INFO - [2025-09-02T16:59:05.984+0530] {dag.py:3239} INFO - Sync 1 DAGs
[2025-09-02T16:59:05.987+0530] {logging_mixin.py:190} INFO - [2025-09-02T16:59:05.987+0530] {dag.py:4180} INFO - Setting next_dagrun for example_task_group_decorator to None, run_after=None
[2025-09-02T16:59:05.992+0530] {processor.py:208} INFO - Processing /Users/parthmac/Desktop/Projects/Flight Data Engineering/flight-env/lib/python3.12/site-packages/airflow/example_dags/example_task_group_decorator.py took 0.048 seconds
[2025-09-02T17:05:29.291+0530] {processor.py:186} INFO - Started process (PID=27589) to work on /Users/parthmac/Desktop/Projects/Flight Data Engineering/flight-env/lib/python3.12/site-packages/airflow/example_dags/example_task_group_decorator.py
[2025-09-02T17:05:29.292+0530] {processor.py:914} INFO - Processing file /Users/parthmac/Desktop/Projects/Flight Data Engineering/flight-env/lib/python3.12/site-packages/airflow/example_dags/example_task_group_decorator.py for tasks to queue
[2025-09-02T17:05:29.292+0530] {logging_mixin.py:190} INFO - [2025-09-02T17:05:29.292+0530] {dagbag.py:588} INFO - Filling up the DagBag from /Users/parthmac/Desktop/Projects/Flight Data Engineering/flight-env/lib/python3.12/site-packages/airflow/example_dags/example_task_group_decorator.py
[2025-09-02T17:05:29.304+0530] {processor.py:925} INFO - DAG(s) 'example_task_group_decorator' retrieved from /Users/parthmac/Desktop/Projects/Flight Data Engineering/flight-env/lib/python3.12/site-packages/airflow/example_dags/example_task_group_decorator.py
[2025-09-02T17:05:29.330+0530] {logging_mixin.py:190} INFO - [2025-09-02T17:05:29.330+0530] {dag.py:3239} INFO - Sync 1 DAGs
[2025-09-02T17:05:29.332+0530] {logging_mixin.py:190} INFO - [2025-09-02T17:05:29.332+0530] {dag.py:4180} INFO - Setting next_dagrun for example_task_group_decorator to None, run_after=None
[2025-09-02T17:05:29.337+0530] {processor.py:208} INFO - Processing /Users/parthmac/Desktop/Projects/Flight Data Engineering/flight-env/lib/python3.12/site-packages/airflow/example_dags/example_task_group_decorator.py took 0.047 seconds
[2025-09-02T17:06:53.826+0530] {processor.py:186} INFO - Started process (PID=27673) to work on /Users/parthmac/Desktop/Projects/Flight Data Engineering/flight-env/lib/python3.12/site-packages/airflow/example_dags/example_task_group_decorator.py
[2025-09-02T17:06:53.827+0530] {processor.py:914} INFO - Processing file /Users/parthmac/Desktop/Projects/Flight Data Engineering/flight-env/lib/python3.12/site-packages/airflow/example_dags/example_task_group_decorator.py for tasks to queue
[2025-09-02T17:06:53.827+0530] {logging_mixin.py:190} INFO - [2025-09-02T17:06:53.827+0530] {dagbag.py:588} INFO - Filling up the DagBag from /Users/parthmac/Desktop/Projects/Flight Data Engineering/flight-env/lib/python3.12/site-packages/airflow/example_dags/example_task_group_decorator.py
[2025-09-02T17:06:53.840+0530] {processor.py:925} INFO - DAG(s) 'example_task_group_decorator' retrieved from /Users/parthmac/Desktop/Projects/Flight Data Engineering/flight-env/lib/python3.12/site-packages/airflow/example_dags/example_task_group_decorator.py
[2025-09-02T17:06:53.865+0530] {logging_mixin.py:190} INFO - [2025-09-02T17:06:53.865+0530] {dag.py:3239} INFO - Sync 1 DAGs
[2025-09-02T17:06:53.868+0530] {logging_mixin.py:190} INFO - [2025-09-02T17:06:53.868+0530] {dag.py:4180} INFO - Setting next_dagrun for example_task_group_decorator to None, run_after=None
[2025-09-02T17:06:53.873+0530] {processor.py:208} INFO - Processing /Users/parthmac/Desktop/Projects/Flight Data Engineering/flight-env/lib/python3.12/site-packages/airflow/example_dags/example_task_group_decorator.py took 0.048 seconds
[2025-09-02T17:42:26.099+0530] {processor.py:186} INFO - Started process (PID=31602) to work on /Users/parthmac/Desktop/Projects/Flight Data Engineering/flight-env/lib/python3.12/site-packages/airflow/example_dags/example_task_group_decorator.py
[2025-09-02T17:42:26.100+0530] {processor.py:914} INFO - Processing file /Users/parthmac/Desktop/Projects/Flight Data Engineering/flight-env/lib/python3.12/site-packages/airflow/example_dags/example_task_group_decorator.py for tasks to queue
[2025-09-02T17:42:26.100+0530] {logging_mixin.py:190} INFO - [2025-09-02T17:42:26.100+0530] {dagbag.py:588} INFO - Filling up the DagBag from /Users/parthmac/Desktop/Projects/Flight Data Engineering/flight-env/lib/python3.12/site-packages/airflow/example_dags/example_task_group_decorator.py
[2025-09-02T17:42:26.113+0530] {processor.py:925} INFO - DAG(s) 'example_task_group_decorator' retrieved from /Users/parthmac/Desktop/Projects/Flight Data Engineering/flight-env/lib/python3.12/site-packages/airflow/example_dags/example_task_group_decorator.py
[2025-09-02T17:42:26.139+0530] {logging_mixin.py:190} INFO - [2025-09-02T17:42:26.138+0530] {dag.py:3239} INFO - Sync 1 DAGs
[2025-09-02T17:42:26.141+0530] {logging_mixin.py:190} INFO - [2025-09-02T17:42:26.141+0530] {dag.py:4180} INFO - Setting next_dagrun for example_task_group_decorator to None, run_after=None
[2025-09-02T17:42:26.146+0530] {processor.py:208} INFO - Processing /Users/parthmac/Desktop/Projects/Flight Data Engineering/flight-env/lib/python3.12/site-packages/airflow/example_dags/example_task_group_decorator.py took 0.048 seconds
[2025-09-02T17:43:51.076+0530] {processor.py:186} INFO - Started process (PID=31742) to work on /Users/parthmac/Desktop/Projects/Flight Data Engineering/flight-env/lib/python3.12/site-packages/airflow/example_dags/example_task_group_decorator.py
[2025-09-02T17:43:51.077+0530] {processor.py:914} INFO - Processing file /Users/parthmac/Desktop/Projects/Flight Data Engineering/flight-env/lib/python3.12/site-packages/airflow/example_dags/example_task_group_decorator.py for tasks to queue
[2025-09-02T17:43:51.077+0530] {logging_mixin.py:190} INFO - [2025-09-02T17:43:51.077+0530] {dagbag.py:588} INFO - Filling up the DagBag from /Users/parthmac/Desktop/Projects/Flight Data Engineering/flight-env/lib/python3.12/site-packages/airflow/example_dags/example_task_group_decorator.py
[2025-09-02T17:43:51.090+0530] {processor.py:925} INFO - DAG(s) 'example_task_group_decorator' retrieved from /Users/parthmac/Desktop/Projects/Flight Data Engineering/flight-env/lib/python3.12/site-packages/airflow/example_dags/example_task_group_decorator.py
[2025-09-02T17:43:51.115+0530] {logging_mixin.py:190} INFO - [2025-09-02T17:43:51.115+0530] {dag.py:3239} INFO - Sync 1 DAGs
[2025-09-02T17:43:51.118+0530] {logging_mixin.py:190} INFO - [2025-09-02T17:43:51.118+0530] {dag.py:4180} INFO - Setting next_dagrun for example_task_group_decorator to None, run_after=None
[2025-09-02T17:43:51.123+0530] {processor.py:208} INFO - Processing /Users/parthmac/Desktop/Projects/Flight Data Engineering/flight-env/lib/python3.12/site-packages/airflow/example_dags/example_task_group_decorator.py took 0.048 seconds
[2025-09-02T17:46:51.660+0530] {processor.py:186} INFO - Started process (PID=32580) to work on /Users/parthmac/Desktop/Projects/Flight Data Engineering/flight-env/lib/python3.12/site-packages/airflow/example_dags/example_task_group_decorator.py
[2025-09-02T17:46:51.660+0530] {processor.py:914} INFO - Processing file /Users/parthmac/Desktop/Projects/Flight Data Engineering/flight-env/lib/python3.12/site-packages/airflow/example_dags/example_task_group_decorator.py for tasks to queue
[2025-09-02T17:46:51.660+0530] {logging_mixin.py:190} INFO - [2025-09-02T17:46:51.660+0530] {dagbag.py:588} INFO - Filling up the DagBag from /Users/parthmac/Desktop/Projects/Flight Data Engineering/flight-env/lib/python3.12/site-packages/airflow/example_dags/example_task_group_decorator.py
[2025-09-02T17:46:51.673+0530] {processor.py:925} INFO - DAG(s) 'example_task_group_decorator' retrieved from /Users/parthmac/Desktop/Projects/Flight Data Engineering/flight-env/lib/python3.12/site-packages/airflow/example_dags/example_task_group_decorator.py
[2025-09-02T17:46:51.698+0530] {logging_mixin.py:190} INFO - [2025-09-02T17:46:51.698+0530] {dag.py:3239} INFO - Sync 1 DAGs
[2025-09-02T17:46:51.701+0530] {logging_mixin.py:190} INFO - [2025-09-02T17:46:51.701+0530] {dag.py:4180} INFO - Setting next_dagrun for example_task_group_decorator to None, run_after=None
[2025-09-02T17:46:51.706+0530] {processor.py:208} INFO - Processing /Users/parthmac/Desktop/Projects/Flight Data Engineering/flight-env/lib/python3.12/site-packages/airflow/example_dags/example_task_group_decorator.py took 0.046 seconds
[2025-09-02T17:48:15.914+0530] {processor.py:186} INFO - Started process (PID=32693) to work on /Users/parthmac/Desktop/Projects/Flight Data Engineering/flight-env/lib/python3.12/site-packages/airflow/example_dags/example_task_group_decorator.py
[2025-09-02T17:48:15.915+0530] {processor.py:914} INFO - Processing file /Users/parthmac/Desktop/Projects/Flight Data Engineering/flight-env/lib/python3.12/site-packages/airflow/example_dags/example_task_group_decorator.py for tasks to queue
[2025-09-02T17:48:15.915+0530] {logging_mixin.py:190} INFO - [2025-09-02T17:48:15.915+0530] {dagbag.py:588} INFO - Filling up the DagBag from /Users/parthmac/Desktop/Projects/Flight Data Engineering/flight-env/lib/python3.12/site-packages/airflow/example_dags/example_task_group_decorator.py
[2025-09-02T17:48:15.928+0530] {processor.py:925} INFO - DAG(s) 'example_task_group_decorator' retrieved from /Users/parthmac/Desktop/Projects/Flight Data Engineering/flight-env/lib/python3.12/site-packages/airflow/example_dags/example_task_group_decorator.py
[2025-09-02T17:48:15.953+0530] {logging_mixin.py:190} INFO - [2025-09-02T17:48:15.953+0530] {dag.py:3239} INFO - Sync 1 DAGs
[2025-09-02T17:48:15.956+0530] {logging_mixin.py:190} INFO - [2025-09-02T17:48:15.955+0530] {dag.py:4180} INFO - Setting next_dagrun for example_task_group_decorator to None, run_after=None
[2025-09-02T17:48:15.960+0530] {processor.py:208} INFO - Processing /Users/parthmac/Desktop/Projects/Flight Data Engineering/flight-env/lib/python3.12/site-packages/airflow/example_dags/example_task_group_decorator.py took 0.047 seconds
[2025-09-02T17:50:04.501+0530] {processor.py:186} INFO - Started process (PID=33135) to work on /Users/parthmac/Desktop/Projects/Flight Data Engineering/flight-env/lib/python3.12/site-packages/airflow/example_dags/example_task_group_decorator.py
[2025-09-02T17:50:04.501+0530] {processor.py:914} INFO - Processing file /Users/parthmac/Desktop/Projects/Flight Data Engineering/flight-env/lib/python3.12/site-packages/airflow/example_dags/example_task_group_decorator.py for tasks to queue
[2025-09-02T17:50:04.501+0530] {logging_mixin.py:190} INFO - [2025-09-02T17:50:04.501+0530] {dagbag.py:588} INFO - Filling up the DagBag from /Users/parthmac/Desktop/Projects/Flight Data Engineering/flight-env/lib/python3.12/site-packages/airflow/example_dags/example_task_group_decorator.py
[2025-09-02T17:50:04.515+0530] {processor.py:925} INFO - DAG(s) 'example_task_group_decorator' retrieved from /Users/parthmac/Desktop/Projects/Flight Data Engineering/flight-env/lib/python3.12/site-packages/airflow/example_dags/example_task_group_decorator.py
[2025-09-02T17:50:04.541+0530] {logging_mixin.py:190} INFO - [2025-09-02T17:50:04.541+0530] {dag.py:3239} INFO - Sync 1 DAGs
[2025-09-02T17:50:04.544+0530] {logging_mixin.py:190} INFO - [2025-09-02T17:50:04.544+0530] {dag.py:4180} INFO - Setting next_dagrun for example_task_group_decorator to None, run_after=None
[2025-09-02T17:50:04.549+0530] {processor.py:208} INFO - Processing /Users/parthmac/Desktop/Projects/Flight Data Engineering/flight-env/lib/python3.12/site-packages/airflow/example_dags/example_task_group_decorator.py took 0.049 seconds
[2025-09-02T17:54:31.013+0530] {processor.py:186} INFO - Started process (PID=34768) to work on /Users/parthmac/Desktop/Projects/Flight Data Engineering/flight-env/lib/python3.12/site-packages/airflow/example_dags/example_task_group_decorator.py
[2025-09-02T17:54:31.014+0530] {processor.py:914} INFO - Processing file /Users/parthmac/Desktop/Projects/Flight Data Engineering/flight-env/lib/python3.12/site-packages/airflow/example_dags/example_task_group_decorator.py for tasks to queue
[2025-09-02T17:54:31.014+0530] {logging_mixin.py:190} INFO - [2025-09-02T17:54:31.014+0530] {dagbag.py:588} INFO - Filling up the DagBag from /Users/parthmac/Desktop/Projects/Flight Data Engineering/flight-env/lib/python3.12/site-packages/airflow/example_dags/example_task_group_decorator.py
[2025-09-02T17:54:31.028+0530] {processor.py:925} INFO - DAG(s) 'example_task_group_decorator' retrieved from /Users/parthmac/Desktop/Projects/Flight Data Engineering/flight-env/lib/python3.12/site-packages/airflow/example_dags/example_task_group_decorator.py
[2025-09-02T17:54:31.054+0530] {logging_mixin.py:190} INFO - [2025-09-02T17:54:31.054+0530] {dag.py:3239} INFO - Sync 1 DAGs
[2025-09-02T17:54:31.057+0530] {logging_mixin.py:190} INFO - [2025-09-02T17:54:31.057+0530] {dag.py:4180} INFO - Setting next_dagrun for example_task_group_decorator to None, run_after=None
[2025-09-02T17:54:31.062+0530] {processor.py:208} INFO - Processing /Users/parthmac/Desktop/Projects/Flight Data Engineering/flight-env/lib/python3.12/site-packages/airflow/example_dags/example_task_group_decorator.py took 0.050 seconds
