[2025-09-02T16:58:20.077+0530] {processor.py:186} INFO - Started process (PID=26372) to work on /Users/parthmac/Desktop/Projects/Flight Data Engineering/flight-env/lib/python3.12/site-packages/airflow/example_dags/example_display_name.py
[2025-09-02T16:58:20.077+0530] {processor.py:914} INFO - Processing file /Users/parthmac/Desktop/Projects/Flight Data Engineering/flight-env/lib/python3.12/site-packages/airflow/example_dags/example_display_name.py for tasks to queue
[2025-09-02T16:58:20.077+0530] {logging_mixin.py:190} INFO - [2025-09-02T16:58:20.077+0530] {dagbag.py:588} INFO - Filling up the DagBag from /Users/parthmac/Desktop/Projects/Flight Data Engineering/flight-env/lib/python3.12/site-packages/airflow/example_dags/example_display_name.py
[2025-09-02T16:58:20.089+0530] {processor.py:925} INFO - DAG(s) 'example_display_name' retrieved from /Users/parthmac/Desktop/Projects/Flight Data Engineering/flight-env/lib/python3.12/site-packages/airflow/example_dags/example_display_name.py
[2025-09-02T16:58:20.154+0530] {logging_mixin.py:190} INFO - [2025-09-02T16:58:20.154+0530] {override.py:1900} INFO - Created Permission View: can delete on DAG:example_display_name
[2025-09-02T16:58:20.156+0530] {logging_mixin.py:190} INFO - [2025-09-02T16:58:20.156+0530] {override.py:1900} INFO - Created Permission View: can edit on DAG:example_display_name
[2025-09-02T16:58:20.158+0530] {logging_mixin.py:190} INFO - [2025-09-02T16:58:20.158+0530] {override.py:1900} INFO - Created Permission View: can read on DAG:example_display_name
[2025-09-02T16:58:20.159+0530] {logging_mixin.py:190} INFO - [2025-09-02T16:58:20.159+0530] {override.py:1900} INFO - Created Permission View: can create on DAG Run:example_display_name
[2025-09-02T16:58:20.161+0530] {logging_mixin.py:190} INFO - [2025-09-02T16:58:20.161+0530] {override.py:1900} INFO - Created Permission View: can delete on DAG Run:example_display_name
[2025-09-02T16:58:20.162+0530] {logging_mixin.py:190} INFO - [2025-09-02T16:58:20.162+0530] {override.py:1900} INFO - Created Permission View: menu access on DAG Run:example_display_name
[2025-09-02T16:58:20.163+0530] {logging_mixin.py:190} INFO - [2025-09-02T16:58:20.163+0530] {override.py:1900} INFO - Created Permission View: can read on DAG Run:example_display_name
[2025-09-02T16:58:20.163+0530] {logging_mixin.py:190} INFO - [2025-09-02T16:58:20.163+0530] {dag.py:3239} INFO - Sync 1 DAGs
[2025-09-02T16:58:20.166+0530] {logging_mixin.py:190} INFO - [2025-09-02T16:58:20.166+0530] {dag.py:3262} INFO - Creating ORM DAG for example_display_name
[2025-09-02T16:58:20.166+0530] {logging_mixin.py:190} INFO - [2025-09-02T16:58:20.166+0530] {dag.py:4180} INFO - Setting next_dagrun for example_display_name to None, run_after=None
[2025-09-02T16:58:20.170+0530] {processor.py:208} INFO - Processing /Users/parthmac/Desktop/Projects/Flight Data Engineering/flight-env/lib/python3.12/site-packages/airflow/example_dags/example_display_name.py took 0.094 seconds
[2025-09-02T17:06:07.969+0530] {processor.py:186} INFO - Started process (PID=27634) to work on /Users/parthmac/Desktop/Projects/Flight Data Engineering/flight-env/lib/python3.12/site-packages/airflow/example_dags/example_display_name.py
[2025-09-02T17:06:07.970+0530] {processor.py:914} INFO - Processing file /Users/parthmac/Desktop/Projects/Flight Data Engineering/flight-env/lib/python3.12/site-packages/airflow/example_dags/example_display_name.py for tasks to queue
[2025-09-02T17:06:07.970+0530] {logging_mixin.py:190} INFO - [2025-09-02T17:06:07.970+0530] {dagbag.py:588} INFO - Filling up the DagBag from /Users/parthmac/Desktop/Projects/Flight Data Engineering/flight-env/lib/python3.12/site-packages/airflow/example_dags/example_display_name.py
[2025-09-02T17:06:07.981+0530] {processor.py:925} INFO - DAG(s) 'example_display_name' retrieved from /Users/parthmac/Desktop/Projects/Flight Data Engineering/flight-env/lib/python3.12/site-packages/airflow/example_dags/example_display_name.py
[2025-09-02T17:06:08.005+0530] {logging_mixin.py:190} INFO - [2025-09-02T17:06:08.005+0530] {dag.py:3239} INFO - Sync 1 DAGs
[2025-09-02T17:06:08.008+0530] {logging_mixin.py:190} INFO - [2025-09-02T17:06:08.008+0530] {dag.py:4180} INFO - Setting next_dagrun for example_display_name to None, run_after=None
[2025-09-02T17:06:08.012+0530] {processor.py:208} INFO - Processing /Users/parthmac/Desktop/Projects/Flight Data Engineering/flight-env/lib/python3.12/site-packages/airflow/example_dags/example_display_name.py took 0.045 seconds
[2025-09-02T17:43:05.248+0530] {processor.py:186} INFO - Started process (PID=31699) to work on /Users/parthmac/Desktop/Projects/Flight Data Engineering/flight-env/lib/python3.12/site-packages/airflow/example_dags/example_display_name.py
[2025-09-02T17:43:05.248+0530] {processor.py:914} INFO - Processing file /Users/parthmac/Desktop/Projects/Flight Data Engineering/flight-env/lib/python3.12/site-packages/airflow/example_dags/example_display_name.py for tasks to queue
[2025-09-02T17:43:05.249+0530] {logging_mixin.py:190} INFO - [2025-09-02T17:43:05.249+0530] {dagbag.py:588} INFO - Filling up the DagBag from /Users/parthmac/Desktop/Projects/Flight Data Engineering/flight-env/lib/python3.12/site-packages/airflow/example_dags/example_display_name.py
[2025-09-02T17:43:05.260+0530] {processor.py:925} INFO - DAG(s) 'example_display_name' retrieved from /Users/parthmac/Desktop/Projects/Flight Data Engineering/flight-env/lib/python3.12/site-packages/airflow/example_dags/example_display_name.py
[2025-09-02T17:43:05.284+0530] {logging_mixin.py:190} INFO - [2025-09-02T17:43:05.284+0530] {dag.py:3239} INFO - Sync 1 DAGs
[2025-09-02T17:43:05.286+0530] {logging_mixin.py:190} INFO - [2025-09-02T17:43:05.286+0530] {dag.py:4180} INFO - Setting next_dagrun for example_display_name to None, run_after=None
[2025-09-02T17:43:05.291+0530] {processor.py:208} INFO - Processing /Users/parthmac/Desktop/Projects/Flight Data Engineering/flight-env/lib/python3.12/site-packages/airflow/example_dags/example_display_name.py took 0.044 seconds
[2025-09-02T17:47:29.912+0530] {processor.py:186} INFO - Started process (PID=32657) to work on /Users/parthmac/Desktop/Projects/Flight Data Engineering/flight-env/lib/python3.12/site-packages/airflow/example_dags/example_display_name.py
[2025-09-02T17:47:29.912+0530] {processor.py:914} INFO - Processing file /Users/parthmac/Desktop/Projects/Flight Data Engineering/flight-env/lib/python3.12/site-packages/airflow/example_dags/example_display_name.py for tasks to queue
[2025-09-02T17:47:29.912+0530] {logging_mixin.py:190} INFO - [2025-09-02T17:47:29.912+0530] {dagbag.py:588} INFO - Filling up the DagBag from /Users/parthmac/Desktop/Projects/Flight Data Engineering/flight-env/lib/python3.12/site-packages/airflow/example_dags/example_display_name.py
[2025-09-02T17:47:29.925+0530] {processor.py:925} INFO - DAG(s) 'example_display_name' retrieved from /Users/parthmac/Desktop/Projects/Flight Data Engineering/flight-env/lib/python3.12/site-packages/airflow/example_dags/example_display_name.py
[2025-09-02T17:47:29.949+0530] {logging_mixin.py:190} INFO - [2025-09-02T17:47:29.949+0530] {dag.py:3239} INFO - Sync 1 DAGs
[2025-09-02T17:47:29.952+0530] {logging_mixin.py:190} INFO - [2025-09-02T17:47:29.952+0530] {dag.py:4180} INFO - Setting next_dagrun for example_display_name to None, run_after=None
[2025-09-02T17:47:29.957+0530] {processor.py:208} INFO - Processing /Users/parthmac/Desktop/Projects/Flight Data Engineering/flight-env/lib/python3.12/site-packages/airflow/example_dags/example_display_name.py took 0.046 seconds
[2025-09-02T17:49:17.457+0530] {processor.py:186} INFO - Started process (PID=32757) to work on /Users/parthmac/Desktop/Projects/Flight Data Engineering/flight-env/lib/python3.12/site-packages/airflow/example_dags/example_display_name.py
[2025-09-02T17:49:17.458+0530] {processor.py:914} INFO - Processing file /Users/parthmac/Desktop/Projects/Flight Data Engineering/flight-env/lib/python3.12/site-packages/airflow/example_dags/example_display_name.py for tasks to queue
[2025-09-02T17:49:17.458+0530] {logging_mixin.py:190} INFO - [2025-09-02T17:49:17.458+0530] {dagbag.py:588} INFO - Filling up the DagBag from /Users/parthmac/Desktop/Projects/Flight Data Engineering/flight-env/lib/python3.12/site-packages/airflow/example_dags/example_display_name.py
[2025-09-02T17:49:17.470+0530] {processor.py:925} INFO - DAG(s) 'example_display_name' retrieved from /Users/parthmac/Desktop/Projects/Flight Data Engineering/flight-env/lib/python3.12/site-packages/airflow/example_dags/example_display_name.py
[2025-09-02T17:49:17.495+0530] {logging_mixin.py:190} INFO - [2025-09-02T17:49:17.494+0530] {dag.py:3239} INFO - Sync 1 DAGs
[2025-09-02T17:49:17.497+0530] {logging_mixin.py:190} INFO - [2025-09-02T17:49:17.497+0530] {dag.py:4180} INFO - Setting next_dagrun for example_display_name to None, run_after=None
[2025-09-02T17:49:17.502+0530] {processor.py:208} INFO - Processing /Users/parthmac/Desktop/Projects/Flight Data Engineering/flight-env/lib/python3.12/site-packages/airflow/example_dags/example_display_name.py took 0.046 seconds
[2025-09-02T17:51:00.634+0530] {processor.py:186} INFO - Started process (PID=33193) to work on /Users/parthmac/Desktop/Projects/Flight Data Engineering/flight-env/lib/python3.12/site-packages/airflow/example_dags/example_display_name.py
[2025-09-02T17:51:00.634+0530] {processor.py:914} INFO - Processing file /Users/parthmac/Desktop/Projects/Flight Data Engineering/flight-env/lib/python3.12/site-packages/airflow/example_dags/example_display_name.py for tasks to queue
[2025-09-02T17:51:00.634+0530] {logging_mixin.py:190} INFO - [2025-09-02T17:51:00.634+0530] {dagbag.py:588} INFO - Filling up the DagBag from /Users/parthmac/Desktop/Projects/Flight Data Engineering/flight-env/lib/python3.12/site-packages/airflow/example_dags/example_display_name.py
[2025-09-02T17:51:00.646+0530] {processor.py:925} INFO - DAG(s) 'example_display_name' retrieved from /Users/parthmac/Desktop/Projects/Flight Data Engineering/flight-env/lib/python3.12/site-packages/airflow/example_dags/example_display_name.py
[2025-09-02T17:51:00.670+0530] {logging_mixin.py:190} INFO - [2025-09-02T17:51:00.670+0530] {dag.py:3239} INFO - Sync 1 DAGs
[2025-09-02T17:51:00.673+0530] {logging_mixin.py:190} INFO - [2025-09-02T17:51:00.673+0530] {dag.py:4180} INFO - Setting next_dagrun for example_display_name to None, run_after=None
[2025-09-02T17:51:00.678+0530] {processor.py:208} INFO - Processing /Users/parthmac/Desktop/Projects/Flight Data Engineering/flight-env/lib/python3.12/site-packages/airflow/example_dags/example_display_name.py took 0.044 seconds
