[2025-09-02T16:58:07.939+0530] {processor.py:186} INFO - Started process (PID=26364) to work on /Users/parthmac/Desktop/Projects/Flight Data Engineering/flight-env/lib/python3.12/site-packages/airflow/example_dags/example_latest_only_with_trigger.py
[2025-09-02T16:58:07.939+0530] {processor.py:914} INFO - Processing file /Users/parthmac/Desktop/Projects/Flight Data Engineering/flight-env/lib/python3.12/site-packages/airflow/example_dags/example_latest_only_with_trigger.py for tasks to queue
[2025-09-02T16:58:07.939+0530] {logging_mixin.py:190} INFO - [2025-09-02T16:58:07.939+0530] {dagbag.py:588} INFO - Filling up the DagBag from /Users/parthmac/Desktop/Projects/Flight Data Engineering/flight-env/lib/python3.12/site-packages/airflow/example_dags/example_latest_only_with_trigger.py
[2025-09-02T16:58:07.941+0530] {processor.py:925} INFO - DAG(s) 'latest_only_with_trigger' retrieved from /Users/parthmac/Desktop/Projects/Flight Data Engineering/flight-env/lib/python3.12/site-packages/airflow/example_dags/example_latest_only_with_trigger.py
[2025-09-02T16:58:07.988+0530] {logging_mixin.py:190} INFO - [2025-09-02T16:58:07.988+0530] {override.py:1900} INFO - Created Permission View: can read on DAG:latest_only_with_trigger
[2025-09-02T16:58:07.990+0530] {logging_mixin.py:190} INFO - [2025-09-02T16:58:07.990+0530] {override.py:1900} INFO - Created Permission View: can delete on DAG:latest_only_with_trigger
[2025-09-02T16:58:07.992+0530] {logging_mixin.py:190} INFO - [2025-09-02T16:58:07.992+0530] {override.py:1900} INFO - Created Permission View: can edit on DAG:latest_only_with_trigger
[2025-09-02T16:58:07.994+0530] {logging_mixin.py:190} INFO - [2025-09-02T16:58:07.993+0530] {override.py:1900} INFO - Created Permission View: can create on DAG Run:latest_only_with_trigger
[2025-09-02T16:58:07.995+0530] {logging_mixin.py:190} INFO - [2025-09-02T16:58:07.995+0530] {override.py:1900} INFO - Created Permission View: can read on DAG Run:latest_only_with_trigger
[2025-09-02T16:58:07.996+0530] {logging_mixin.py:190} INFO - [2025-09-02T16:58:07.996+0530] {override.py:1900} INFO - Created Permission View: can delete on DAG Run:latest_only_with_trigger
[2025-09-02T16:58:07.997+0530] {logging_mixin.py:190} INFO - [2025-09-02T16:58:07.997+0530] {override.py:1900} INFO - Created Permission View: menu access on DAG Run:latest_only_with_trigger
[2025-09-02T16:58:07.997+0530] {logging_mixin.py:190} INFO - [2025-09-02T16:58:07.997+0530] {dag.py:3239} INFO - Sync 1 DAGs
[2025-09-02T16:58:08.019+0530] {logging_mixin.py:190} INFO - [2025-09-02T16:58:08.019+0530] {dag.py:3262} INFO - Creating ORM DAG for latest_only_with_trigger
[2025-09-02T16:58:08.022+0530] {logging_mixin.py:190} INFO - [2025-09-02T16:58:08.022+0530] {dag.py:4180} INFO - Setting next_dagrun for latest_only_with_trigger to 2025-09-02 04:00:00+00:00, run_after=2025-09-02 08:00:00+00:00
[2025-09-02T16:58:08.026+0530] {processor.py:208} INFO - Processing /Users/parthmac/Desktop/Projects/Flight Data Engineering/flight-env/lib/python3.12/site-packages/airflow/example_dags/example_latest_only_with_trigger.py took 0.089 seconds
[2025-09-02T16:59:35.991+0530] {processor.py:186} INFO - Started process (PID=26457) to work on /Users/parthmac/Desktop/Projects/Flight Data Engineering/flight-env/lib/python3.12/site-packages/airflow/example_dags/example_latest_only_with_trigger.py
[2025-09-02T16:59:35.991+0530] {processor.py:914} INFO - Processing file /Users/parthmac/Desktop/Projects/Flight Data Engineering/flight-env/lib/python3.12/site-packages/airflow/example_dags/example_latest_only_with_trigger.py for tasks to queue
[2025-09-02T16:59:35.992+0530] {logging_mixin.py:190} INFO - [2025-09-02T16:59:35.992+0530] {dagbag.py:588} INFO - Filling up the DagBag from /Users/parthmac/Desktop/Projects/Flight Data Engineering/flight-env/lib/python3.12/site-packages/airflow/example_dags/example_latest_only_with_trigger.py
[2025-09-02T16:59:35.994+0530] {processor.py:925} INFO - DAG(s) 'latest_only_with_trigger' retrieved from /Users/parthmac/Desktop/Projects/Flight Data Engineering/flight-env/lib/python3.12/site-packages/airflow/example_dags/example_latest_only_with_trigger.py
[2025-09-02T16:59:36.021+0530] {logging_mixin.py:190} INFO - [2025-09-02T16:59:36.021+0530] {dag.py:3239} INFO - Sync 1 DAGs
[2025-09-02T16:59:36.026+0530] {logging_mixin.py:190} INFO - [2025-09-02T16:59:36.026+0530] {dag.py:4180} INFO - Setting next_dagrun for latest_only_with_trigger to 2025-09-02 04:00:00+00:00, run_after=2025-09-02 08:00:00+00:00
[2025-09-02T16:59:36.032+0530] {processor.py:208} INFO - Processing /Users/parthmac/Desktop/Projects/Flight Data Engineering/flight-env/lib/python3.12/site-packages/airflow/example_dags/example_latest_only_with_trigger.py took 0.042 seconds
[2025-09-02T17:05:58.037+0530] {processor.py:186} INFO - Started process (PID=27627) to work on /Users/parthmac/Desktop/Projects/Flight Data Engineering/flight-env/lib/python3.12/site-packages/airflow/example_dags/example_latest_only_with_trigger.py
[2025-09-02T17:05:58.038+0530] {processor.py:914} INFO - Processing file /Users/parthmac/Desktop/Projects/Flight Data Engineering/flight-env/lib/python3.12/site-packages/airflow/example_dags/example_latest_only_with_trigger.py for tasks to queue
[2025-09-02T17:05:58.038+0530] {logging_mixin.py:190} INFO - [2025-09-02T17:05:58.038+0530] {dagbag.py:588} INFO - Filling up the DagBag from /Users/parthmac/Desktop/Projects/Flight Data Engineering/flight-env/lib/python3.12/site-packages/airflow/example_dags/example_latest_only_with_trigger.py
[2025-09-02T17:05:58.040+0530] {processor.py:925} INFO - DAG(s) 'latest_only_with_trigger' retrieved from /Users/parthmac/Desktop/Projects/Flight Data Engineering/flight-env/lib/python3.12/site-packages/airflow/example_dags/example_latest_only_with_trigger.py
[2025-09-02T17:05:58.065+0530] {logging_mixin.py:190} INFO - [2025-09-02T17:05:58.064+0530] {dag.py:3239} INFO - Sync 1 DAGs
[2025-09-02T17:05:58.069+0530] {logging_mixin.py:190} INFO - [2025-09-02T17:05:58.069+0530] {dag.py:4180} INFO - Setting next_dagrun for latest_only_with_trigger to 2025-09-02 04:00:00+00:00, run_after=2025-09-02 08:00:00+00:00
[2025-09-02T17:05:58.074+0530] {processor.py:208} INFO - Processing /Users/parthmac/Desktop/Projects/Flight Data Engineering/flight-env/lib/python3.12/site-packages/airflow/example_dags/example_latest_only_with_trigger.py took 0.038 seconds
[2025-09-02T17:07:21.758+0530] {processor.py:186} INFO - Started process (PID=27707) to work on /Users/parthmac/Desktop/Projects/Flight Data Engineering/flight-env/lib/python3.12/site-packages/airflow/example_dags/example_latest_only_with_trigger.py
[2025-09-02T17:07:21.759+0530] {processor.py:914} INFO - Processing file /Users/parthmac/Desktop/Projects/Flight Data Engineering/flight-env/lib/python3.12/site-packages/airflow/example_dags/example_latest_only_with_trigger.py for tasks to queue
[2025-09-02T17:07:21.759+0530] {logging_mixin.py:190} INFO - [2025-09-02T17:07:21.759+0530] {dagbag.py:588} INFO - Filling up the DagBag from /Users/parthmac/Desktop/Projects/Flight Data Engineering/flight-env/lib/python3.12/site-packages/airflow/example_dags/example_latest_only_with_trigger.py
[2025-09-02T17:07:21.761+0530] {processor.py:925} INFO - DAG(s) 'latest_only_with_trigger' retrieved from /Users/parthmac/Desktop/Projects/Flight Data Engineering/flight-env/lib/python3.12/site-packages/airflow/example_dags/example_latest_only_with_trigger.py
[2025-09-02T17:07:21.786+0530] {logging_mixin.py:190} INFO - [2025-09-02T17:07:21.786+0530] {dag.py:3239} INFO - Sync 1 DAGs
[2025-09-02T17:07:21.791+0530] {logging_mixin.py:190} INFO - [2025-09-02T17:07:21.791+0530] {dag.py:4180} INFO - Setting next_dagrun for latest_only_with_trigger to 2025-09-02 04:00:00+00:00, run_after=2025-09-02 08:00:00+00:00
[2025-09-02T17:07:21.796+0530] {processor.py:208} INFO - Processing /Users/parthmac/Desktop/Projects/Flight Data Engineering/flight-env/lib/python3.12/site-packages/airflow/example_dags/example_latest_only_with_trigger.py took 0.039 seconds
[2025-09-02T17:42:55.634+0530] {processor.py:186} INFO - Started process (PID=31688) to work on /Users/parthmac/Desktop/Projects/Flight Data Engineering/flight-env/lib/python3.12/site-packages/airflow/example_dags/example_latest_only_with_trigger.py
[2025-09-02T17:42:55.635+0530] {processor.py:914} INFO - Processing file /Users/parthmac/Desktop/Projects/Flight Data Engineering/flight-env/lib/python3.12/site-packages/airflow/example_dags/example_latest_only_with_trigger.py for tasks to queue
[2025-09-02T17:42:55.635+0530] {logging_mixin.py:190} INFO - [2025-09-02T17:42:55.635+0530] {dagbag.py:588} INFO - Filling up the DagBag from /Users/parthmac/Desktop/Projects/Flight Data Engineering/flight-env/lib/python3.12/site-packages/airflow/example_dags/example_latest_only_with_trigger.py
[2025-09-02T17:42:55.637+0530] {processor.py:925} INFO - DAG(s) 'latest_only_with_trigger' retrieved from /Users/parthmac/Desktop/Projects/Flight Data Engineering/flight-env/lib/python3.12/site-packages/airflow/example_dags/example_latest_only_with_trigger.py
[2025-09-02T17:42:55.664+0530] {logging_mixin.py:190} INFO - [2025-09-02T17:42:55.663+0530] {dag.py:3239} INFO - Sync 1 DAGs
[2025-09-02T17:42:55.668+0530] {logging_mixin.py:190} INFO - [2025-09-02T17:42:55.668+0530] {dag.py:4180} INFO - Setting next_dagrun for latest_only_with_trigger to 2025-09-02 08:00:00+00:00, run_after=2025-09-02 12:00:00+00:00
[2025-09-02T17:42:55.674+0530] {processor.py:208} INFO - Processing /Users/parthmac/Desktop/Projects/Flight Data Engineering/flight-env/lib/python3.12/site-packages/airflow/example_dags/example_latest_only_with_trigger.py took 0.041 seconds
[2025-09-02T17:47:20.312+0530] {processor.py:186} INFO - Started process (PID=32645) to work on /Users/parthmac/Desktop/Projects/Flight Data Engineering/flight-env/lib/python3.12/site-packages/airflow/example_dags/example_latest_only_with_trigger.py
[2025-09-02T17:47:20.312+0530] {processor.py:914} INFO - Processing file /Users/parthmac/Desktop/Projects/Flight Data Engineering/flight-env/lib/python3.12/site-packages/airflow/example_dags/example_latest_only_with_trigger.py for tasks to queue
[2025-09-02T17:47:20.313+0530] {logging_mixin.py:190} INFO - [2025-09-02T17:47:20.312+0530] {dagbag.py:588} INFO - Filling up the DagBag from /Users/parthmac/Desktop/Projects/Flight Data Engineering/flight-env/lib/python3.12/site-packages/airflow/example_dags/example_latest_only_with_trigger.py
[2025-09-02T17:47:20.314+0530] {processor.py:925} INFO - DAG(s) 'latest_only_with_trigger' retrieved from /Users/parthmac/Desktop/Projects/Flight Data Engineering/flight-env/lib/python3.12/site-packages/airflow/example_dags/example_latest_only_with_trigger.py
[2025-09-02T17:47:20.339+0530] {logging_mixin.py:190} INFO - [2025-09-02T17:47:20.338+0530] {dag.py:3239} INFO - Sync 1 DAGs
[2025-09-02T17:47:20.343+0530] {logging_mixin.py:190} INFO - [2025-09-02T17:47:20.343+0530] {dag.py:4180} INFO - Setting next_dagrun for latest_only_with_trigger to 2025-09-02 08:00:00+00:00, run_after=2025-09-02 12:00:00+00:00
[2025-09-02T17:47:20.348+0530] {processor.py:208} INFO - Processing /Users/parthmac/Desktop/Projects/Flight Data Engineering/flight-env/lib/python3.12/site-packages/airflow/example_dags/example_latest_only_with_trigger.py took 0.037 seconds
[2025-09-02T17:49:07.836+0530] {processor.py:186} INFO - Started process (PID=32750) to work on /Users/parthmac/Desktop/Projects/Flight Data Engineering/flight-env/lib/python3.12/site-packages/airflow/example_dags/example_latest_only_with_trigger.py
[2025-09-02T17:49:07.836+0530] {processor.py:914} INFO - Processing file /Users/parthmac/Desktop/Projects/Flight Data Engineering/flight-env/lib/python3.12/site-packages/airflow/example_dags/example_latest_only_with_trigger.py for tasks to queue
[2025-09-02T17:49:07.836+0530] {logging_mixin.py:190} INFO - [2025-09-02T17:49:07.836+0530] {dagbag.py:588} INFO - Filling up the DagBag from /Users/parthmac/Desktop/Projects/Flight Data Engineering/flight-env/lib/python3.12/site-packages/airflow/example_dags/example_latest_only_with_trigger.py
[2025-09-02T17:49:07.839+0530] {processor.py:925} INFO - DAG(s) 'latest_only_with_trigger' retrieved from /Users/parthmac/Desktop/Projects/Flight Data Engineering/flight-env/lib/python3.12/site-packages/airflow/example_dags/example_latest_only_with_trigger.py
[2025-09-02T17:49:07.863+0530] {logging_mixin.py:190} INFO - [2025-09-02T17:49:07.863+0530] {dag.py:3239} INFO - Sync 1 DAGs
[2025-09-02T17:49:07.868+0530] {logging_mixin.py:190} INFO - [2025-09-02T17:49:07.868+0530] {dag.py:4180} INFO - Setting next_dagrun for latest_only_with_trigger to 2025-09-02 08:00:00+00:00, run_after=2025-09-02 12:00:00+00:00
[2025-09-02T17:49:07.874+0530] {processor.py:208} INFO - Processing /Users/parthmac/Desktop/Projects/Flight Data Engineering/flight-env/lib/python3.12/site-packages/airflow/example_dags/example_latest_only_with_trigger.py took 0.038 seconds
[2025-09-02T17:50:49.985+0530] {processor.py:186} INFO - Started process (PID=33185) to work on /Users/parthmac/Desktop/Projects/Flight Data Engineering/flight-env/lib/python3.12/site-packages/airflow/example_dags/example_latest_only_with_trigger.py
[2025-09-02T17:50:49.985+0530] {processor.py:914} INFO - Processing file /Users/parthmac/Desktop/Projects/Flight Data Engineering/flight-env/lib/python3.12/site-packages/airflow/example_dags/example_latest_only_with_trigger.py for tasks to queue
[2025-09-02T17:50:49.986+0530] {logging_mixin.py:190} INFO - [2025-09-02T17:50:49.986+0530] {dagbag.py:588} INFO - Filling up the DagBag from /Users/parthmac/Desktop/Projects/Flight Data Engineering/flight-env/lib/python3.12/site-packages/airflow/example_dags/example_latest_only_with_trigger.py
[2025-09-02T17:50:49.988+0530] {processor.py:925} INFO - DAG(s) 'latest_only_with_trigger' retrieved from /Users/parthmac/Desktop/Projects/Flight Data Engineering/flight-env/lib/python3.12/site-packages/airflow/example_dags/example_latest_only_with_trigger.py
[2025-09-02T17:50:50.013+0530] {logging_mixin.py:190} INFO - [2025-09-02T17:50:50.013+0530] {dag.py:3239} INFO - Sync 1 DAGs
[2025-09-02T17:50:50.018+0530] {logging_mixin.py:190} INFO - [2025-09-02T17:50:50.017+0530] {dag.py:4180} INFO - Setting next_dagrun for latest_only_with_trigger to 2025-09-02 08:00:00+00:00, run_after=2025-09-02 12:00:00+00:00
[2025-09-02T17:50:50.023+0530] {processor.py:208} INFO - Processing /Users/parthmac/Desktop/Projects/Flight Data Engineering/flight-env/lib/python3.12/site-packages/airflow/example_dags/example_latest_only_with_trigger.py took 0.039 seconds
