[2025-09-02T16:57:25.844+0530] {processor.py:186} INFO - Started process (PID=26319) to work on /Users/parthmac/Desktop/Projects/Flight Data Engineering/flight-env/lib/python3.12/site-packages/airflow/example_dags/example_xcom.py
[2025-09-02T16:57:25.844+0530] {processor.py:914} INFO - Processing file /Users/parthmac/Desktop/Projects/Flight Data Engineering/flight-env/lib/python3.12/site-packages/airflow/example_dags/example_xcom.py for tasks to queue
[2025-09-02T16:57:25.844+0530] {logging_mixin.py:190} INFO - [2025-09-02T16:57:25.844+0530] {dagbag.py:588} INFO - Filling up the DagBag from /Users/parthmac/Desktop/Projects/Flight Data Engineering/flight-env/lib/python3.12/site-packages/airflow/example_dags/example_xcom.py
[2025-09-02T16:57:25.856+0530] {processor.py:925} INFO - DAG(s) 'example_xcom' retrieved from /Users/parthmac/Desktop/Projects/Flight Data Engineering/flight-env/lib/python3.12/site-packages/airflow/example_dags/example_xcom.py
[2025-09-02T16:57:25.921+0530] {logging_mixin.py:190} INFO - [2025-09-02T16:57:25.921+0530] {override.py:1900} INFO - Created Permission View: can edit on DAG:example_xcom
[2025-09-02T16:57:25.923+0530] {logging_mixin.py:190} INFO - [2025-09-02T16:57:25.923+0530] {override.py:1900} INFO - Created Permission View: can delete on DAG:example_xcom
[2025-09-02T16:57:25.925+0530] {logging_mixin.py:190} INFO - [2025-09-02T16:57:25.925+0530] {override.py:1900} INFO - Created Permission View: can read on DAG:example_xcom
[2025-09-02T16:57:25.927+0530] {logging_mixin.py:190} INFO - [2025-09-02T16:57:25.927+0530] {override.py:1900} INFO - Created Permission View: menu access on DAG Run:example_xcom
[2025-09-02T16:57:25.928+0530] {logging_mixin.py:190} INFO - [2025-09-02T16:57:25.928+0530] {override.py:1900} INFO - Created Permission View: can create on DAG Run:example_xcom
[2025-09-02T16:57:25.929+0530] {logging_mixin.py:190} INFO - [2025-09-02T16:57:25.929+0530] {override.py:1900} INFO - Created Permission View: can delete on DAG Run:example_xcom
[2025-09-02T16:57:25.931+0530] {logging_mixin.py:190} INFO - [2025-09-02T16:57:25.931+0530] {override.py:1900} INFO - Created Permission View: can read on DAG Run:example_xcom
[2025-09-02T16:57:25.931+0530] {logging_mixin.py:190} INFO - [2025-09-02T16:57:25.931+0530] {dag.py:3239} INFO - Sync 1 DAGs
[2025-09-02T16:57:25.934+0530] {logging_mixin.py:190} INFO - [2025-09-02T16:57:25.934+0530] {dag.py:3262} INFO - Creating ORM DAG for example_xcom
[2025-09-02T16:57:25.936+0530] {logging_mixin.py:190} INFO - [2025-09-02T16:57:25.935+0530] {dag.py:4180} INFO - Setting next_dagrun for example_xcom to 2021-01-01 00:00:00+00:00, run_after=2021-01-01 00:00:00+00:00
[2025-09-02T16:57:25.940+0530] {processor.py:208} INFO - Processing /Users/parthmac/Desktop/Projects/Flight Data Engineering/flight-env/lib/python3.12/site-packages/airflow/example_dags/example_xcom.py took 0.097 seconds
[2025-09-02T16:58:57.382+0530] {processor.py:186} INFO - Started process (PID=26402) to work on /Users/parthmac/Desktop/Projects/Flight Data Engineering/flight-env/lib/python3.12/site-packages/airflow/example_dags/example_xcom.py
[2025-09-02T16:58:57.382+0530] {processor.py:914} INFO - Processing file /Users/parthmac/Desktop/Projects/Flight Data Engineering/flight-env/lib/python3.12/site-packages/airflow/example_dags/example_xcom.py for tasks to queue
[2025-09-02T16:58:57.383+0530] {logging_mixin.py:190} INFO - [2025-09-02T16:58:57.383+0530] {dagbag.py:588} INFO - Filling up the DagBag from /Users/parthmac/Desktop/Projects/Flight Data Engineering/flight-env/lib/python3.12/site-packages/airflow/example_dags/example_xcom.py
[2025-09-02T16:58:57.394+0530] {processor.py:925} INFO - DAG(s) 'example_xcom' retrieved from /Users/parthmac/Desktop/Projects/Flight Data Engineering/flight-env/lib/python3.12/site-packages/airflow/example_dags/example_xcom.py
[2025-09-02T16:58:57.419+0530] {logging_mixin.py:190} INFO - [2025-09-02T16:58:57.419+0530] {dag.py:3239} INFO - Sync 1 DAGs
[2025-09-02T16:58:57.424+0530] {logging_mixin.py:190} INFO - [2025-09-02T16:58:57.424+0530] {dag.py:4180} INFO - Setting next_dagrun for example_xcom to 2021-01-01 00:00:00+00:00, run_after=2021-01-01 00:00:00+00:00
[2025-09-02T16:58:57.428+0530] {processor.py:208} INFO - Processing /Users/parthmac/Desktop/Projects/Flight Data Engineering/flight-env/lib/python3.12/site-packages/airflow/example_dags/example_xcom.py took 0.047 seconds
[2025-09-02T17:05:20.552+0530] {processor.py:186} INFO - Started process (PID=27584) to work on /Users/parthmac/Desktop/Projects/Flight Data Engineering/flight-env/lib/python3.12/site-packages/airflow/example_dags/example_xcom.py
[2025-09-02T17:05:20.553+0530] {processor.py:914} INFO - Processing file /Users/parthmac/Desktop/Projects/Flight Data Engineering/flight-env/lib/python3.12/site-packages/airflow/example_dags/example_xcom.py for tasks to queue
[2025-09-02T17:05:20.553+0530] {logging_mixin.py:190} INFO - [2025-09-02T17:05:20.553+0530] {dagbag.py:588} INFO - Filling up the DagBag from /Users/parthmac/Desktop/Projects/Flight Data Engineering/flight-env/lib/python3.12/site-packages/airflow/example_dags/example_xcom.py
[2025-09-02T17:05:20.564+0530] {processor.py:925} INFO - DAG(s) 'example_xcom' retrieved from /Users/parthmac/Desktop/Projects/Flight Data Engineering/flight-env/lib/python3.12/site-packages/airflow/example_dags/example_xcom.py
[2025-09-02T17:05:20.588+0530] {logging_mixin.py:190} INFO - [2025-09-02T17:05:20.588+0530] {dag.py:3239} INFO - Sync 1 DAGs
[2025-09-02T17:05:20.593+0530] {logging_mixin.py:190} INFO - [2025-09-02T17:05:20.593+0530] {dag.py:4180} INFO - Setting next_dagrun for example_xcom to 2021-01-01 00:00:00+00:00, run_after=2021-01-01 00:00:00+00:00
[2025-09-02T17:05:20.597+0530] {processor.py:208} INFO - Processing /Users/parthmac/Desktop/Projects/Flight Data Engineering/flight-env/lib/python3.12/site-packages/airflow/example_dags/example_xcom.py took 0.046 seconds
[2025-09-02T17:06:45.272+0530] {processor.py:186} INFO - Started process (PID=27663) to work on /Users/parthmac/Desktop/Projects/Flight Data Engineering/flight-env/lib/python3.12/site-packages/airflow/example_dags/example_xcom.py
[2025-09-02T17:06:45.273+0530] {processor.py:914} INFO - Processing file /Users/parthmac/Desktop/Projects/Flight Data Engineering/flight-env/lib/python3.12/site-packages/airflow/example_dags/example_xcom.py for tasks to queue
[2025-09-02T17:06:45.273+0530] {logging_mixin.py:190} INFO - [2025-09-02T17:06:45.273+0530] {dagbag.py:588} INFO - Filling up the DagBag from /Users/parthmac/Desktop/Projects/Flight Data Engineering/flight-env/lib/python3.12/site-packages/airflow/example_dags/example_xcom.py
[2025-09-02T17:06:45.284+0530] {processor.py:925} INFO - DAG(s) 'example_xcom' retrieved from /Users/parthmac/Desktop/Projects/Flight Data Engineering/flight-env/lib/python3.12/site-packages/airflow/example_dags/example_xcom.py
[2025-09-02T17:06:45.309+0530] {logging_mixin.py:190} INFO - [2025-09-02T17:06:45.309+0530] {dag.py:3239} INFO - Sync 1 DAGs
[2025-09-02T17:06:45.313+0530] {logging_mixin.py:190} INFO - [2025-09-02T17:06:45.313+0530] {dag.py:4180} INFO - Setting next_dagrun for example_xcom to 2021-01-01 00:00:00+00:00, run_after=2021-01-01 00:00:00+00:00
[2025-09-02T17:06:45.317+0530] {processor.py:208} INFO - Processing /Users/parthmac/Desktop/Projects/Flight Data Engineering/flight-env/lib/python3.12/site-packages/airflow/example_dags/example_xcom.py took 0.047 seconds
[2025-09-02T17:07:39.004+0530] {processor.py:186} INFO - Started process (PID=27740) to work on /Users/parthmac/Desktop/Projects/Flight Data Engineering/flight-env/lib/python3.12/site-packages/airflow/example_dags/example_xcom.py
[2025-09-02T17:07:39.004+0530] {processor.py:914} INFO - Processing file /Users/parthmac/Desktop/Projects/Flight Data Engineering/flight-env/lib/python3.12/site-packages/airflow/example_dags/example_xcom.py for tasks to queue
[2025-09-02T17:07:39.005+0530] {logging_mixin.py:190} INFO - [2025-09-02T17:07:39.005+0530] {dagbag.py:588} INFO - Filling up the DagBag from /Users/parthmac/Desktop/Projects/Flight Data Engineering/flight-env/lib/python3.12/site-packages/airflow/example_dags/example_xcom.py
[2025-09-02T17:07:39.017+0530] {processor.py:925} INFO - DAG(s) 'example_xcom' retrieved from /Users/parthmac/Desktop/Projects/Flight Data Engineering/flight-env/lib/python3.12/site-packages/airflow/example_dags/example_xcom.py
[2025-09-02T17:07:39.042+0530] {logging_mixin.py:190} INFO - [2025-09-02T17:07:39.042+0530] {dag.py:3239} INFO - Sync 1 DAGs
[2025-09-02T17:07:39.047+0530] {logging_mixin.py:190} INFO - [2025-09-02T17:07:39.047+0530] {dag.py:4180} INFO - Setting next_dagrun for example_xcom to 2021-01-01 00:00:00+00:00, run_after=2021-01-01 00:00:00+00:00
[2025-09-02T17:07:39.051+0530] {processor.py:208} INFO - Processing /Users/parthmac/Desktop/Projects/Flight Data Engineering/flight-env/lib/python3.12/site-packages/airflow/example_dags/example_xcom.py took 0.048 seconds
[2025-09-02T17:42:18.673+0530] {processor.py:186} INFO - Started process (PID=31584) to work on /Users/parthmac/Desktop/Projects/Flight Data Engineering/flight-env/lib/python3.12/site-packages/airflow/example_dags/example_xcom.py
[2025-09-02T17:42:18.674+0530] {processor.py:914} INFO - Processing file /Users/parthmac/Desktop/Projects/Flight Data Engineering/flight-env/lib/python3.12/site-packages/airflow/example_dags/example_xcom.py for tasks to queue
[2025-09-02T17:42:18.674+0530] {logging_mixin.py:190} INFO - [2025-09-02T17:42:18.674+0530] {dagbag.py:588} INFO - Filling up the DagBag from /Users/parthmac/Desktop/Projects/Flight Data Engineering/flight-env/lib/python3.12/site-packages/airflow/example_dags/example_xcom.py
[2025-09-02T17:42:18.685+0530] {processor.py:925} INFO - DAG(s) 'example_xcom' retrieved from /Users/parthmac/Desktop/Projects/Flight Data Engineering/flight-env/lib/python3.12/site-packages/airflow/example_dags/example_xcom.py
[2025-09-02T17:42:18.708+0530] {logging_mixin.py:190} INFO - [2025-09-02T17:42:18.708+0530] {dag.py:3239} INFO - Sync 1 DAGs
[2025-09-02T17:42:18.713+0530] {logging_mixin.py:190} INFO - [2025-09-02T17:42:18.712+0530] {dag.py:4180} INFO - Setting next_dagrun for example_xcom to 2021-01-01 00:00:00+00:00, run_after=2021-01-01 00:00:00+00:00
[2025-09-02T17:42:18.717+0530] {processor.py:208} INFO - Processing /Users/parthmac/Desktop/Projects/Flight Data Engineering/flight-env/lib/python3.12/site-packages/airflow/example_dags/example_xcom.py took 0.044 seconds
[2025-09-02T17:43:42.527+0530] {processor.py:186} INFO - Started process (PID=31737) to work on /Users/parthmac/Desktop/Projects/Flight Data Engineering/flight-env/lib/python3.12/site-packages/airflow/example_dags/example_xcom.py
[2025-09-02T17:43:42.527+0530] {processor.py:914} INFO - Processing file /Users/parthmac/Desktop/Projects/Flight Data Engineering/flight-env/lib/python3.12/site-packages/airflow/example_dags/example_xcom.py for tasks to queue
[2025-09-02T17:43:42.527+0530] {logging_mixin.py:190} INFO - [2025-09-02T17:43:42.527+0530] {dagbag.py:588} INFO - Filling up the DagBag from /Users/parthmac/Desktop/Projects/Flight Data Engineering/flight-env/lib/python3.12/site-packages/airflow/example_dags/example_xcom.py
[2025-09-02T17:43:42.538+0530] {processor.py:925} INFO - DAG(s) 'example_xcom' retrieved from /Users/parthmac/Desktop/Projects/Flight Data Engineering/flight-env/lib/python3.12/site-packages/airflow/example_dags/example_xcom.py
[2025-09-02T17:43:42.563+0530] {logging_mixin.py:190} INFO - [2025-09-02T17:43:42.562+0530] {dag.py:3239} INFO - Sync 1 DAGs
[2025-09-02T17:43:42.567+0530] {logging_mixin.py:190} INFO - [2025-09-02T17:43:42.567+0530] {dag.py:4180} INFO - Setting next_dagrun for example_xcom to 2021-01-01 00:00:00+00:00, run_after=2021-01-01 00:00:00+00:00
[2025-09-02T17:43:42.571+0530] {processor.py:208} INFO - Processing /Users/parthmac/Desktop/Projects/Flight Data Engineering/flight-env/lib/python3.12/site-packages/airflow/example_dags/example_xcom.py took 0.045 seconds
[2025-09-02T17:46:42.952+0530] {processor.py:186} INFO - Started process (PID=32575) to work on /Users/parthmac/Desktop/Projects/Flight Data Engineering/flight-env/lib/python3.12/site-packages/airflow/example_dags/example_xcom.py
[2025-09-02T17:46:42.953+0530] {processor.py:914} INFO - Processing file /Users/parthmac/Desktop/Projects/Flight Data Engineering/flight-env/lib/python3.12/site-packages/airflow/example_dags/example_xcom.py for tasks to queue
[2025-09-02T17:46:42.953+0530] {logging_mixin.py:190} INFO - [2025-09-02T17:46:42.953+0530] {dagbag.py:588} INFO - Filling up the DagBag from /Users/parthmac/Desktop/Projects/Flight Data Engineering/flight-env/lib/python3.12/site-packages/airflow/example_dags/example_xcom.py
[2025-09-02T17:46:42.964+0530] {processor.py:925} INFO - DAG(s) 'example_xcom' retrieved from /Users/parthmac/Desktop/Projects/Flight Data Engineering/flight-env/lib/python3.12/site-packages/airflow/example_dags/example_xcom.py
[2025-09-02T17:46:42.989+0530] {logging_mixin.py:190} INFO - [2025-09-02T17:46:42.989+0530] {dag.py:3239} INFO - Sync 1 DAGs
[2025-09-02T17:46:42.993+0530] {logging_mixin.py:190} INFO - [2025-09-02T17:46:42.993+0530] {dag.py:4180} INFO - Setting next_dagrun for example_xcom to 2021-01-01 00:00:00+00:00, run_after=2021-01-01 00:00:00+00:00
[2025-09-02T17:46:42.998+0530] {processor.py:208} INFO - Processing /Users/parthmac/Desktop/Projects/Flight Data Engineering/flight-env/lib/python3.12/site-packages/airflow/example_dags/example_xcom.py took 0.046 seconds
[2025-09-02T17:48:08.162+0530] {processor.py:186} INFO - Started process (PID=32686) to work on /Users/parthmac/Desktop/Projects/Flight Data Engineering/flight-env/lib/python3.12/site-packages/airflow/example_dags/example_xcom.py
[2025-09-02T17:48:08.162+0530] {processor.py:914} INFO - Processing file /Users/parthmac/Desktop/Projects/Flight Data Engineering/flight-env/lib/python3.12/site-packages/airflow/example_dags/example_xcom.py for tasks to queue
[2025-09-02T17:48:08.162+0530] {logging_mixin.py:190} INFO - [2025-09-02T17:48:08.162+0530] {dagbag.py:588} INFO - Filling up the DagBag from /Users/parthmac/Desktop/Projects/Flight Data Engineering/flight-env/lib/python3.12/site-packages/airflow/example_dags/example_xcom.py
[2025-09-02T17:48:08.174+0530] {processor.py:925} INFO - DAG(s) 'example_xcom' retrieved from /Users/parthmac/Desktop/Projects/Flight Data Engineering/flight-env/lib/python3.12/site-packages/airflow/example_dags/example_xcom.py
[2025-09-02T17:48:08.198+0530] {logging_mixin.py:190} INFO - [2025-09-02T17:48:08.198+0530] {dag.py:3239} INFO - Sync 1 DAGs
[2025-09-02T17:48:08.202+0530] {logging_mixin.py:190} INFO - [2025-09-02T17:48:08.202+0530] {dag.py:4180} INFO - Setting next_dagrun for example_xcom to 2021-01-01 00:00:00+00:00, run_after=2021-01-01 00:00:00+00:00
[2025-09-02T17:48:08.207+0530] {processor.py:208} INFO - Processing /Users/parthmac/Desktop/Projects/Flight Data Engineering/flight-env/lib/python3.12/site-packages/airflow/example_dags/example_xcom.py took 0.046 seconds
[2025-09-02T17:49:01.069+0530] {processor.py:186} INFO - Started process (PID=32745) to work on /Users/parthmac/Desktop/Projects/Flight Data Engineering/flight-env/lib/python3.12/site-packages/airflow/example_dags/example_xcom.py
[2025-09-02T17:49:01.069+0530] {processor.py:914} INFO - Processing file /Users/parthmac/Desktop/Projects/Flight Data Engineering/flight-env/lib/python3.12/site-packages/airflow/example_dags/example_xcom.py for tasks to queue
[2025-09-02T17:49:01.070+0530] {logging_mixin.py:190} INFO - [2025-09-02T17:49:01.069+0530] {dagbag.py:588} INFO - Filling up the DagBag from /Users/parthmac/Desktop/Projects/Flight Data Engineering/flight-env/lib/python3.12/site-packages/airflow/example_dags/example_xcom.py
[2025-09-02T17:49:01.081+0530] {processor.py:925} INFO - DAG(s) 'example_xcom' retrieved from /Users/parthmac/Desktop/Projects/Flight Data Engineering/flight-env/lib/python3.12/site-packages/airflow/example_dags/example_xcom.py
[2025-09-02T17:49:01.106+0530] {logging_mixin.py:190} INFO - [2025-09-02T17:49:01.105+0530] {dag.py:3239} INFO - Sync 1 DAGs
[2025-09-02T17:49:01.110+0530] {logging_mixin.py:190} INFO - [2025-09-02T17:49:01.110+0530] {dag.py:4180} INFO - Setting next_dagrun for example_xcom to 2021-01-01 00:00:00+00:00, run_after=2021-01-01 00:00:00+00:00
[2025-09-02T17:49:01.115+0530] {processor.py:208} INFO - Processing /Users/parthmac/Desktop/Projects/Flight Data Engineering/flight-env/lib/python3.12/site-packages/airflow/example_dags/example_xcom.py took 0.046 seconds
[2025-09-02T17:49:55.899+0530] {processor.py:186} INFO - Started process (PID=33019) to work on /Users/parthmac/Desktop/Projects/Flight Data Engineering/flight-env/lib/python3.12/site-packages/airflow/example_dags/example_xcom.py
[2025-09-02T17:49:55.899+0530] {processor.py:914} INFO - Processing file /Users/parthmac/Desktop/Projects/Flight Data Engineering/flight-env/lib/python3.12/site-packages/airflow/example_dags/example_xcom.py for tasks to queue
[2025-09-02T17:49:55.899+0530] {logging_mixin.py:190} INFO - [2025-09-02T17:49:55.899+0530] {dagbag.py:588} INFO - Filling up the DagBag from /Users/parthmac/Desktop/Projects/Flight Data Engineering/flight-env/lib/python3.12/site-packages/airflow/example_dags/example_xcom.py
[2025-09-02T17:49:55.911+0530] {processor.py:925} INFO - DAG(s) 'example_xcom' retrieved from /Users/parthmac/Desktop/Projects/Flight Data Engineering/flight-env/lib/python3.12/site-packages/airflow/example_dags/example_xcom.py
[2025-09-02T17:49:55.937+0530] {logging_mixin.py:190} INFO - [2025-09-02T17:49:55.937+0530] {dag.py:3239} INFO - Sync 1 DAGs
[2025-09-02T17:49:55.941+0530] {logging_mixin.py:190} INFO - [2025-09-02T17:49:55.941+0530] {dag.py:4180} INFO - Setting next_dagrun for example_xcom to 2021-01-01 00:00:00+00:00, run_after=2021-01-01 00:00:00+00:00
[2025-09-02T17:49:55.947+0530] {processor.py:208} INFO - Processing /Users/parthmac/Desktop/Projects/Flight Data Engineering/flight-env/lib/python3.12/site-packages/airflow/example_dags/example_xcom.py took 0.049 seconds
[2025-09-02T17:50:46.747+0530] {processor.py:186} INFO - Started process (PID=33183) to work on /Users/parthmac/Desktop/Projects/Flight Data Engineering/flight-env/lib/python3.12/site-packages/airflow/example_dags/example_xcom.py
[2025-09-02T17:50:46.748+0530] {processor.py:914} INFO - Processing file /Users/parthmac/Desktop/Projects/Flight Data Engineering/flight-env/lib/python3.12/site-packages/airflow/example_dags/example_xcom.py for tasks to queue
[2025-09-02T17:50:46.748+0530] {logging_mixin.py:190} INFO - [2025-09-02T17:50:46.748+0530] {dagbag.py:588} INFO - Filling up the DagBag from /Users/parthmac/Desktop/Projects/Flight Data Engineering/flight-env/lib/python3.12/site-packages/airflow/example_dags/example_xcom.py
[2025-09-02T17:50:46.760+0530] {processor.py:925} INFO - DAG(s) 'example_xcom' retrieved from /Users/parthmac/Desktop/Projects/Flight Data Engineering/flight-env/lib/python3.12/site-packages/airflow/example_dags/example_xcom.py
[2025-09-02T17:50:46.784+0530] {logging_mixin.py:190} INFO - [2025-09-02T17:50:46.784+0530] {dag.py:3239} INFO - Sync 1 DAGs
[2025-09-02T17:50:46.789+0530] {logging_mixin.py:190} INFO - [2025-09-02T17:50:46.788+0530] {dag.py:4180} INFO - Setting next_dagrun for example_xcom to 2021-01-01 00:00:00+00:00, run_after=2021-01-01 00:00:00+00:00
[2025-09-02T17:50:46.793+0530] {processor.py:208} INFO - Processing /Users/parthmac/Desktop/Projects/Flight Data Engineering/flight-env/lib/python3.12/site-packages/airflow/example_dags/example_xcom.py took 0.047 seconds
[2025-09-02T17:51:38.107+0530] {processor.py:186} INFO - Started process (PID=33230) to work on /Users/parthmac/Desktop/Projects/Flight Data Engineering/flight-env/lib/python3.12/site-packages/airflow/example_dags/example_xcom.py
[2025-09-02T17:51:38.107+0530] {processor.py:914} INFO - Processing file /Users/parthmac/Desktop/Projects/Flight Data Engineering/flight-env/lib/python3.12/site-packages/airflow/example_dags/example_xcom.py for tasks to queue
[2025-09-02T17:51:38.108+0530] {logging_mixin.py:190} INFO - [2025-09-02T17:51:38.108+0530] {dagbag.py:588} INFO - Filling up the DagBag from /Users/parthmac/Desktop/Projects/Flight Data Engineering/flight-env/lib/python3.12/site-packages/airflow/example_dags/example_xcom.py
[2025-09-02T17:51:38.120+0530] {processor.py:925} INFO - DAG(s) 'example_xcom' retrieved from /Users/parthmac/Desktop/Projects/Flight Data Engineering/flight-env/lib/python3.12/site-packages/airflow/example_dags/example_xcom.py
[2025-09-02T17:51:38.147+0530] {logging_mixin.py:190} INFO - [2025-09-02T17:51:38.147+0530] {dag.py:3239} INFO - Sync 1 DAGs
[2025-09-02T17:51:38.153+0530] {logging_mixin.py:190} INFO - [2025-09-02T17:51:38.152+0530] {dag.py:4180} INFO - Setting next_dagrun for example_xcom to 2021-01-01 00:00:00+00:00, run_after=2021-01-01 00:00:00+00:00
[2025-09-02T17:51:38.159+0530] {processor.py:208} INFO - Processing /Users/parthmac/Desktop/Projects/Flight Data Engineering/flight-env/lib/python3.12/site-packages/airflow/example_dags/example_xcom.py took 0.053 seconds
[2025-09-02T17:54:22.113+0530] {processor.py:186} INFO - Started process (PID=34739) to work on /Users/parthmac/Desktop/Projects/Flight Data Engineering/flight-env/lib/python3.12/site-packages/airflow/example_dags/example_xcom.py
[2025-09-02T17:54:22.114+0530] {processor.py:914} INFO - Processing file /Users/parthmac/Desktop/Projects/Flight Data Engineering/flight-env/lib/python3.12/site-packages/airflow/example_dags/example_xcom.py for tasks to queue
[2025-09-02T17:54:22.114+0530] {logging_mixin.py:190} INFO - [2025-09-02T17:54:22.114+0530] {dagbag.py:588} INFO - Filling up the DagBag from /Users/parthmac/Desktop/Projects/Flight Data Engineering/flight-env/lib/python3.12/site-packages/airflow/example_dags/example_xcom.py
[2025-09-02T17:54:22.126+0530] {processor.py:925} INFO - DAG(s) 'example_xcom' retrieved from /Users/parthmac/Desktop/Projects/Flight Data Engineering/flight-env/lib/python3.12/site-packages/airflow/example_dags/example_xcom.py
[2025-09-02T17:54:22.150+0530] {logging_mixin.py:190} INFO - [2025-09-02T17:54:22.150+0530] {dag.py:3239} INFO - Sync 1 DAGs
[2025-09-02T17:54:22.155+0530] {logging_mixin.py:190} INFO - [2025-09-02T17:54:22.155+0530] {dag.py:4180} INFO - Setting next_dagrun for example_xcom to 2021-01-01 00:00:00+00:00, run_after=2021-01-01 00:00:00+00:00
[2025-09-02T17:54:22.160+0530] {processor.py:208} INFO - Processing /Users/parthmac/Desktop/Projects/Flight Data Engineering/flight-env/lib/python3.12/site-packages/airflow/example_dags/example_xcom.py took 0.048 seconds
