[2025-09-02T16:58:02.607+0530] {processor.py:186} INFO - Started process (PID=26361) to work on /Users/parthmac/Desktop/Projects/Flight Data Engineering/flight-env/lib/python3.12/site-packages/airflow/example_dags/example_outlet_event_extra.py
[2025-09-02T16:58:02.607+0530] {processor.py:914} INFO - Processing file /Users/parthmac/Desktop/Projects/Flight Data Engineering/flight-env/lib/python3.12/site-packages/airflow/example_dags/example_outlet_event_extra.py for tasks to queue
[2025-09-02T16:58:02.607+0530] {logging_mixin.py:190} INFO - [2025-09-02T16:58:02.607+0530] {dagbag.py:588} INFO - Filling up the DagBag from /Users/parthmac/Desktop/Projects/Flight Data Engineering/flight-env/lib/python3.12/site-packages/airflow/example_dags/example_outlet_event_extra.py
[2025-09-02T16:58:02.636+0530] {processor.py:925} INFO - DAG(s) 'dataset_with_extra_by_context', 'dataset_with_extra_from_classic_operator', 'dataset_with_extra_by_yield' retrieved from /Users/parthmac/Desktop/Projects/Flight Data Engineering/flight-env/lib/python3.12/site-packages/airflow/example_dags/example_outlet_event_extra.py
[2025-09-02T16:58:02.701+0530] {logging_mixin.py:190} INFO - [2025-09-02T16:58:02.701+0530] {override.py:1900} INFO - Created Permission View: can edit on DAG:dataset_with_extra_by_context
[2025-09-02T16:58:02.703+0530] {logging_mixin.py:190} INFO - [2025-09-02T16:58:02.703+0530] {override.py:1900} INFO - Created Permission View: can delete on DAG:dataset_with_extra_by_context
[2025-09-02T16:58:02.705+0530] {logging_mixin.py:190} INFO - [2025-09-02T16:58:02.705+0530] {override.py:1900} INFO - Created Permission View: can read on DAG:dataset_with_extra_by_context
[2025-09-02T16:58:02.707+0530] {logging_mixin.py:190} INFO - [2025-09-02T16:58:02.706+0530] {override.py:1900} INFO - Created Permission View: menu access on DAG Run:dataset_with_extra_by_context
[2025-09-02T16:58:02.708+0530] {logging_mixin.py:190} INFO - [2025-09-02T16:58:02.708+0530] {override.py:1900} INFO - Created Permission View: can create on DAG Run:dataset_with_extra_by_context
[2025-09-02T16:58:02.709+0530] {logging_mixin.py:190} INFO - [2025-09-02T16:58:02.709+0530] {override.py:1900} INFO - Created Permission View: can delete on DAG Run:dataset_with_extra_by_context
[2025-09-02T16:58:02.710+0530] {logging_mixin.py:190} INFO - [2025-09-02T16:58:02.710+0530] {override.py:1900} INFO - Created Permission View: can read on DAG Run:dataset_with_extra_by_context
[2025-09-02T16:58:02.713+0530] {logging_mixin.py:190} INFO - [2025-09-02T16:58:02.713+0530] {override.py:1900} INFO - Created Permission View: can edit on DAG:dataset_with_extra_from_classic_operator
[2025-09-02T16:58:02.714+0530] {logging_mixin.py:190} INFO - [2025-09-02T16:58:02.714+0530] {override.py:1900} INFO - Created Permission View: can delete on DAG:dataset_with_extra_from_classic_operator
[2025-09-02T16:58:02.716+0530] {logging_mixin.py:190} INFO - [2025-09-02T16:58:02.716+0530] {override.py:1900} INFO - Created Permission View: can read on DAG:dataset_with_extra_from_classic_operator
[2025-09-02T16:58:02.717+0530] {logging_mixin.py:190} INFO - [2025-09-02T16:58:02.717+0530] {override.py:1900} INFO - Created Permission View: menu access on DAG Run:dataset_with_extra_from_classic_operator
[2025-09-02T16:58:02.719+0530] {logging_mixin.py:190} INFO - [2025-09-02T16:58:02.719+0530] {override.py:1900} INFO - Created Permission View: can create on DAG Run:dataset_with_extra_from_classic_operator
[2025-09-02T16:58:02.720+0530] {logging_mixin.py:190} INFO - [2025-09-02T16:58:02.720+0530] {override.py:1900} INFO - Created Permission View: can delete on DAG Run:dataset_with_extra_from_classic_operator
[2025-09-02T16:58:02.721+0530] {logging_mixin.py:190} INFO - [2025-09-02T16:58:02.721+0530] {override.py:1900} INFO - Created Permission View: can read on DAG Run:dataset_with_extra_from_classic_operator
[2025-09-02T16:58:02.723+0530] {logging_mixin.py:190} INFO - [2025-09-02T16:58:02.723+0530] {override.py:1900} INFO - Created Permission View: can edit on DAG:dataset_with_extra_by_yield
[2025-09-02T16:58:02.725+0530] {logging_mixin.py:190} INFO - [2025-09-02T16:58:02.725+0530] {override.py:1900} INFO - Created Permission View: can delete on DAG:dataset_with_extra_by_yield
[2025-09-02T16:58:02.726+0530] {logging_mixin.py:190} INFO - [2025-09-02T16:58:02.726+0530] {override.py:1900} INFO - Created Permission View: can read on DAG:dataset_with_extra_by_yield
[2025-09-02T16:58:02.727+0530] {logging_mixin.py:190} INFO - [2025-09-02T16:58:02.727+0530] {override.py:1900} INFO - Created Permission View: menu access on DAG Run:dataset_with_extra_by_yield
[2025-09-02T16:58:02.728+0530] {logging_mixin.py:190} INFO - [2025-09-02T16:58:02.728+0530] {override.py:1900} INFO - Created Permission View: can create on DAG Run:dataset_with_extra_by_yield
[2025-09-02T16:58:02.729+0530] {logging_mixin.py:190} INFO - [2025-09-02T16:58:02.729+0530] {override.py:1900} INFO - Created Permission View: can delete on DAG Run:dataset_with_extra_by_yield
[2025-09-02T16:58:02.731+0530] {logging_mixin.py:190} INFO - [2025-09-02T16:58:02.731+0530] {override.py:1900} INFO - Created Permission View: can read on DAG Run:dataset_with_extra_by_yield
[2025-09-02T16:58:02.731+0530] {logging_mixin.py:190} INFO - [2025-09-02T16:58:02.731+0530] {dag.py:3239} INFO - Sync 3 DAGs
[2025-09-02T16:58:02.734+0530] {logging_mixin.py:190} INFO - [2025-09-02T16:58:02.734+0530] {dag.py:3262} INFO - Creating ORM DAG for dataset_with_extra_from_classic_operator
[2025-09-02T16:58:02.734+0530] {logging_mixin.py:190} INFO - [2025-09-02T16:58:02.734+0530] {dag.py:3262} INFO - Creating ORM DAG for dataset_with_extra_by_yield
[2025-09-02T16:58:02.734+0530] {logging_mixin.py:190} INFO - [2025-09-02T16:58:02.734+0530] {dag.py:3262} INFO - Creating ORM DAG for dataset_with_extra_by_context
[2025-09-02T16:58:02.737+0530] {logging_mixin.py:190} INFO - [2025-09-02T16:58:02.736+0530] {dag.py:4180} INFO - Setting next_dagrun for dataset_with_extra_by_context to 2025-09-01 00:00:00+00:00, run_after=2025-09-02 00:00:00+00:00
[2025-09-02T16:58:02.737+0530] {logging_mixin.py:190} INFO - [2025-09-02T16:58:02.737+0530] {dag.py:4180} INFO - Setting next_dagrun for dataset_with_extra_by_yield to 2025-09-01 00:00:00+00:00, run_after=2025-09-02 00:00:00+00:00
[2025-09-02T16:58:02.737+0530] {logging_mixin.py:190} INFO - [2025-09-02T16:58:02.737+0530] {dag.py:4180} INFO - Setting next_dagrun for dataset_with_extra_from_classic_operator to 2025-09-01 00:00:00+00:00, run_after=2025-09-02 00:00:00+00:00
[2025-09-02T16:58:02.920+0530] {processor.py:208} INFO - Processing /Users/parthmac/Desktop/Projects/Flight Data Engineering/flight-env/lib/python3.12/site-packages/airflow/example_dags/example_outlet_event_extra.py took 0.314 seconds
[2025-09-02T16:59:31.012+0530] {processor.py:186} INFO - Started process (PID=26440) to work on /Users/parthmac/Desktop/Projects/Flight Data Engineering/flight-env/lib/python3.12/site-packages/airflow/example_dags/example_outlet_event_extra.py
[2025-09-02T16:59:31.013+0530] {processor.py:914} INFO - Processing file /Users/parthmac/Desktop/Projects/Flight Data Engineering/flight-env/lib/python3.12/site-packages/airflow/example_dags/example_outlet_event_extra.py for tasks to queue
[2025-09-02T16:59:31.014+0530] {logging_mixin.py:190} INFO - [2025-09-02T16:59:31.014+0530] {dagbag.py:588} INFO - Filling up the DagBag from /Users/parthmac/Desktop/Projects/Flight Data Engineering/flight-env/lib/python3.12/site-packages/airflow/example_dags/example_outlet_event_extra.py
[2025-09-02T16:59:31.045+0530] {processor.py:925} INFO - DAG(s) 'dataset_with_extra_from_classic_operator', 'dataset_with_extra_by_context', 'dataset_with_extra_by_yield' retrieved from /Users/parthmac/Desktop/Projects/Flight Data Engineering/flight-env/lib/python3.12/site-packages/airflow/example_dags/example_outlet_event_extra.py
[2025-09-02T16:59:31.072+0530] {logging_mixin.py:190} INFO - [2025-09-02T16:59:31.071+0530] {dag.py:3239} INFO - Sync 3 DAGs
[2025-09-02T16:59:31.077+0530] {logging_mixin.py:190} INFO - [2025-09-02T16:59:31.077+0530] {dag.py:4180} INFO - Setting next_dagrun for dataset_with_extra_by_context to 2025-09-01 00:00:00+00:00, run_after=2025-09-02 00:00:00+00:00
[2025-09-02T16:59:31.078+0530] {logging_mixin.py:190} INFO - [2025-09-02T16:59:31.078+0530] {dag.py:4180} INFO - Setting next_dagrun for dataset_with_extra_by_yield to 2025-09-01 00:00:00+00:00, run_after=2025-09-02 00:00:00+00:00
[2025-09-02T16:59:31.079+0530] {logging_mixin.py:190} INFO - [2025-09-02T16:59:31.079+0530] {dag.py:4180} INFO - Setting next_dagrun for dataset_with_extra_from_classic_operator to 2025-09-01 00:00:00+00:00, run_after=2025-09-02 00:00:00+00:00
[2025-09-02T16:59:31.084+0530] {processor.py:208} INFO - Processing /Users/parthmac/Desktop/Projects/Flight Data Engineering/flight-env/lib/python3.12/site-packages/airflow/example_dags/example_outlet_event_extra.py took 0.072 seconds
[2025-09-02T17:05:54.057+0530] {processor.py:186} INFO - Started process (PID=27621) to work on /Users/parthmac/Desktop/Projects/Flight Data Engineering/flight-env/lib/python3.12/site-packages/airflow/example_dags/example_outlet_event_extra.py
[2025-09-02T17:05:54.058+0530] {processor.py:914} INFO - Processing file /Users/parthmac/Desktop/Projects/Flight Data Engineering/flight-env/lib/python3.12/site-packages/airflow/example_dags/example_outlet_event_extra.py for tasks to queue
[2025-09-02T17:05:54.059+0530] {logging_mixin.py:190} INFO - [2025-09-02T17:05:54.059+0530] {dagbag.py:588} INFO - Filling up the DagBag from /Users/parthmac/Desktop/Projects/Flight Data Engineering/flight-env/lib/python3.12/site-packages/airflow/example_dags/example_outlet_event_extra.py
[2025-09-02T17:05:54.084+0530] {processor.py:925} INFO - DAG(s) 'dataset_with_extra_by_context', 'dataset_with_extra_by_yield', 'dataset_with_extra_from_classic_operator' retrieved from /Users/parthmac/Desktop/Projects/Flight Data Engineering/flight-env/lib/python3.12/site-packages/airflow/example_dags/example_outlet_event_extra.py
[2025-09-02T17:05:54.109+0530] {logging_mixin.py:190} INFO - [2025-09-02T17:05:54.109+0530] {dag.py:3239} INFO - Sync 3 DAGs
[2025-09-02T17:05:54.114+0530] {logging_mixin.py:190} INFO - [2025-09-02T17:05:54.114+0530] {dag.py:4180} INFO - Setting next_dagrun for dataset_with_extra_by_context to 2025-09-01 00:00:00+00:00, run_after=2025-09-02 00:00:00+00:00
[2025-09-02T17:05:54.115+0530] {logging_mixin.py:190} INFO - [2025-09-02T17:05:54.115+0530] {dag.py:4180} INFO - Setting next_dagrun for dataset_with_extra_by_yield to 2025-09-01 00:00:00+00:00, run_after=2025-09-02 00:00:00+00:00
[2025-09-02T17:05:54.116+0530] {logging_mixin.py:190} INFO - [2025-09-02T17:05:54.116+0530] {dag.py:4180} INFO - Setting next_dagrun for dataset_with_extra_from_classic_operator to 2025-09-01 00:00:00+00:00, run_after=2025-09-02 00:00:00+00:00
[2025-09-02T17:05:54.120+0530] {processor.py:208} INFO - Processing /Users/parthmac/Desktop/Projects/Flight Data Engineering/flight-env/lib/python3.12/site-packages/airflow/example_dags/example_outlet_event_extra.py took 0.064 seconds
[2025-09-02T17:07:17.670+0530] {processor.py:186} INFO - Started process (PID=27702) to work on /Users/parthmac/Desktop/Projects/Flight Data Engineering/flight-env/lib/python3.12/site-packages/airflow/example_dags/example_outlet_event_extra.py
[2025-09-02T17:07:17.671+0530] {processor.py:914} INFO - Processing file /Users/parthmac/Desktop/Projects/Flight Data Engineering/flight-env/lib/python3.12/site-packages/airflow/example_dags/example_outlet_event_extra.py for tasks to queue
[2025-09-02T17:07:17.671+0530] {logging_mixin.py:190} INFO - [2025-09-02T17:07:17.671+0530] {dagbag.py:588} INFO - Filling up the DagBag from /Users/parthmac/Desktop/Projects/Flight Data Engineering/flight-env/lib/python3.12/site-packages/airflow/example_dags/example_outlet_event_extra.py
[2025-09-02T17:07:17.699+0530] {processor.py:925} INFO - DAG(s) 'dataset_with_extra_by_context', 'dataset_with_extra_from_classic_operator', 'dataset_with_extra_by_yield' retrieved from /Users/parthmac/Desktop/Projects/Flight Data Engineering/flight-env/lib/python3.12/site-packages/airflow/example_dags/example_outlet_event_extra.py
[2025-09-02T17:07:17.728+0530] {logging_mixin.py:190} INFO - [2025-09-02T17:07:17.727+0530] {dag.py:3239} INFO - Sync 3 DAGs
[2025-09-02T17:07:17.733+0530] {logging_mixin.py:190} INFO - [2025-09-02T17:07:17.733+0530] {dag.py:4180} INFO - Setting next_dagrun for dataset_with_extra_by_context to 2025-09-01 00:00:00+00:00, run_after=2025-09-02 00:00:00+00:00
[2025-09-02T17:07:17.734+0530] {logging_mixin.py:190} INFO - [2025-09-02T17:07:17.734+0530] {dag.py:4180} INFO - Setting next_dagrun for dataset_with_extra_by_yield to 2025-09-01 00:00:00+00:00, run_after=2025-09-02 00:00:00+00:00
[2025-09-02T17:07:17.735+0530] {logging_mixin.py:190} INFO - [2025-09-02T17:07:17.735+0530] {dag.py:4180} INFO - Setting next_dagrun for dataset_with_extra_from_classic_operator to 2025-09-01 00:00:00+00:00, run_after=2025-09-02 00:00:00+00:00
[2025-09-02T17:07:17.740+0530] {processor.py:208} INFO - Processing /Users/parthmac/Desktop/Projects/Flight Data Engineering/flight-env/lib/python3.12/site-packages/airflow/example_dags/example_outlet_event_extra.py took 0.070 seconds
[2025-09-02T17:42:51.496+0530] {processor.py:186} INFO - Started process (PID=31683) to work on /Users/parthmac/Desktop/Projects/Flight Data Engineering/flight-env/lib/python3.12/site-packages/airflow/example_dags/example_outlet_event_extra.py
[2025-09-02T17:42:51.496+0530] {processor.py:914} INFO - Processing file /Users/parthmac/Desktop/Projects/Flight Data Engineering/flight-env/lib/python3.12/site-packages/airflow/example_dags/example_outlet_event_extra.py for tasks to queue
[2025-09-02T17:42:51.497+0530] {logging_mixin.py:190} INFO - [2025-09-02T17:42:51.496+0530] {dagbag.py:588} INFO - Filling up the DagBag from /Users/parthmac/Desktop/Projects/Flight Data Engineering/flight-env/lib/python3.12/site-packages/airflow/example_dags/example_outlet_event_extra.py
[2025-09-02T17:42:51.520+0530] {processor.py:925} INFO - DAG(s) 'dataset_with_extra_from_classic_operator', 'dataset_with_extra_by_yield', 'dataset_with_extra_by_context' retrieved from /Users/parthmac/Desktop/Projects/Flight Data Engineering/flight-env/lib/python3.12/site-packages/airflow/example_dags/example_outlet_event_extra.py
[2025-09-02T17:42:51.545+0530] {logging_mixin.py:190} INFO - [2025-09-02T17:42:51.545+0530] {dag.py:3239} INFO - Sync 3 DAGs
[2025-09-02T17:42:51.550+0530] {logging_mixin.py:190} INFO - [2025-09-02T17:42:51.550+0530] {dag.py:4180} INFO - Setting next_dagrun for dataset_with_extra_by_context to 2025-09-01 00:00:00+00:00, run_after=2025-09-02 00:00:00+00:00
[2025-09-02T17:42:51.551+0530] {logging_mixin.py:190} INFO - [2025-09-02T17:42:51.551+0530] {dag.py:4180} INFO - Setting next_dagrun for dataset_with_extra_by_yield to 2025-09-01 00:00:00+00:00, run_after=2025-09-02 00:00:00+00:00
[2025-09-02T17:42:51.552+0530] {logging_mixin.py:190} INFO - [2025-09-02T17:42:51.552+0530] {dag.py:4180} INFO - Setting next_dagrun for dataset_with_extra_from_classic_operator to 2025-09-01 00:00:00+00:00, run_after=2025-09-02 00:00:00+00:00
[2025-09-02T17:42:51.557+0530] {processor.py:208} INFO - Processing /Users/parthmac/Desktop/Projects/Flight Data Engineering/flight-env/lib/python3.12/site-packages/airflow/example_dags/example_outlet_event_extra.py took 0.062 seconds
[2025-09-02T17:47:15.324+0530] {processor.py:186} INFO - Started process (PID=32639) to work on /Users/parthmac/Desktop/Projects/Flight Data Engineering/flight-env/lib/python3.12/site-packages/airflow/example_dags/example_outlet_event_extra.py
[2025-09-02T17:47:15.324+0530] {processor.py:914} INFO - Processing file /Users/parthmac/Desktop/Projects/Flight Data Engineering/flight-env/lib/python3.12/site-packages/airflow/example_dags/example_outlet_event_extra.py for tasks to queue
[2025-09-02T17:47:15.324+0530] {logging_mixin.py:190} INFO - [2025-09-02T17:47:15.324+0530] {dagbag.py:588} INFO - Filling up the DagBag from /Users/parthmac/Desktop/Projects/Flight Data Engineering/flight-env/lib/python3.12/site-packages/airflow/example_dags/example_outlet_event_extra.py
[2025-09-02T17:47:15.347+0530] {processor.py:925} INFO - DAG(s) 'dataset_with_extra_by_context', 'dataset_with_extra_by_yield', 'dataset_with_extra_from_classic_operator' retrieved from /Users/parthmac/Desktop/Projects/Flight Data Engineering/flight-env/lib/python3.12/site-packages/airflow/example_dags/example_outlet_event_extra.py
[2025-09-02T17:47:15.373+0530] {logging_mixin.py:190} INFO - [2025-09-02T17:47:15.373+0530] {dag.py:3239} INFO - Sync 3 DAGs
[2025-09-02T17:47:15.378+0530] {logging_mixin.py:190} INFO - [2025-09-02T17:47:15.378+0530] {dag.py:4180} INFO - Setting next_dagrun for dataset_with_extra_by_context to 2025-09-01 00:00:00+00:00, run_after=2025-09-02 00:00:00+00:00
[2025-09-02T17:47:15.379+0530] {logging_mixin.py:190} INFO - [2025-09-02T17:47:15.379+0530] {dag.py:4180} INFO - Setting next_dagrun for dataset_with_extra_by_yield to 2025-09-01 00:00:00+00:00, run_after=2025-09-02 00:00:00+00:00
[2025-09-02T17:47:15.379+0530] {logging_mixin.py:190} INFO - [2025-09-02T17:47:15.379+0530] {dag.py:4180} INFO - Setting next_dagrun for dataset_with_extra_from_classic_operator to 2025-09-01 00:00:00+00:00, run_after=2025-09-02 00:00:00+00:00
[2025-09-02T17:47:15.385+0530] {processor.py:208} INFO - Processing /Users/parthmac/Desktop/Projects/Flight Data Engineering/flight-env/lib/python3.12/site-packages/airflow/example_dags/example_outlet_event_extra.py took 0.062 seconds
[2025-09-02T17:48:38.983+0530] {processor.py:186} INFO - Started process (PID=32725) to work on /Users/parthmac/Desktop/Projects/Flight Data Engineering/flight-env/lib/python3.12/site-packages/airflow/example_dags/example_outlet_event_extra.py
[2025-09-02T17:48:38.983+0530] {processor.py:914} INFO - Processing file /Users/parthmac/Desktop/Projects/Flight Data Engineering/flight-env/lib/python3.12/site-packages/airflow/example_dags/example_outlet_event_extra.py for tasks to queue
[2025-09-02T17:48:38.983+0530] {logging_mixin.py:190} INFO - [2025-09-02T17:48:38.983+0530] {dagbag.py:588} INFO - Filling up the DagBag from /Users/parthmac/Desktop/Projects/Flight Data Engineering/flight-env/lib/python3.12/site-packages/airflow/example_dags/example_outlet_event_extra.py
[2025-09-02T17:48:39.008+0530] {processor.py:925} INFO - DAG(s) 'dataset_with_extra_by_context', 'dataset_with_extra_by_yield', 'dataset_with_extra_from_classic_operator' retrieved from /Users/parthmac/Desktop/Projects/Flight Data Engineering/flight-env/lib/python3.12/site-packages/airflow/example_dags/example_outlet_event_extra.py
[2025-09-02T17:48:39.034+0530] {logging_mixin.py:190} INFO - [2025-09-02T17:48:39.034+0530] {dag.py:3239} INFO - Sync 3 DAGs
[2025-09-02T17:48:39.040+0530] {logging_mixin.py:190} INFO - [2025-09-02T17:48:39.040+0530] {dag.py:4180} INFO - Setting next_dagrun for dataset_with_extra_by_context to 2025-09-01 00:00:00+00:00, run_after=2025-09-02 00:00:00+00:00
[2025-09-02T17:48:39.041+0530] {logging_mixin.py:190} INFO - [2025-09-02T17:48:39.041+0530] {dag.py:4180} INFO - Setting next_dagrun for dataset_with_extra_by_yield to 2025-09-01 00:00:00+00:00, run_after=2025-09-02 00:00:00+00:00
[2025-09-02T17:48:39.042+0530] {logging_mixin.py:190} INFO - [2025-09-02T17:48:39.042+0530] {dag.py:4180} INFO - Setting next_dagrun for dataset_with_extra_from_classic_operator to 2025-09-01 00:00:00+00:00, run_after=2025-09-02 00:00:00+00:00
[2025-09-02T17:48:39.048+0530] {processor.py:208} INFO - Processing /Users/parthmac/Desktop/Projects/Flight Data Engineering/flight-env/lib/python3.12/site-packages/airflow/example_dags/example_outlet_event_extra.py took 0.066 seconds
[2025-09-02T17:50:26.569+0530] {processor.py:186} INFO - Started process (PID=33164) to work on /Users/parthmac/Desktop/Projects/Flight Data Engineering/flight-env/lib/python3.12/site-packages/airflow/example_dags/example_outlet_event_extra.py
[2025-09-02T17:50:26.569+0530] {processor.py:914} INFO - Processing file /Users/parthmac/Desktop/Projects/Flight Data Engineering/flight-env/lib/python3.12/site-packages/airflow/example_dags/example_outlet_event_extra.py for tasks to queue
[2025-09-02T17:50:26.569+0530] {logging_mixin.py:190} INFO - [2025-09-02T17:50:26.569+0530] {dagbag.py:588} INFO - Filling up the DagBag from /Users/parthmac/Desktop/Projects/Flight Data Engineering/flight-env/lib/python3.12/site-packages/airflow/example_dags/example_outlet_event_extra.py
[2025-09-02T17:50:26.592+0530] {processor.py:925} INFO - DAG(s) 'dataset_with_extra_by_context', 'dataset_with_extra_by_yield', 'dataset_with_extra_from_classic_operator' retrieved from /Users/parthmac/Desktop/Projects/Flight Data Engineering/flight-env/lib/python3.12/site-packages/airflow/example_dags/example_outlet_event_extra.py
[2025-09-02T17:50:26.617+0530] {logging_mixin.py:190} INFO - [2025-09-02T17:50:26.617+0530] {dag.py:3239} INFO - Sync 3 DAGs
[2025-09-02T17:50:26.622+0530] {logging_mixin.py:190} INFO - [2025-09-02T17:50:26.622+0530] {dag.py:4180} INFO - Setting next_dagrun for dataset_with_extra_by_context to 2025-09-01 00:00:00+00:00, run_after=2025-09-02 00:00:00+00:00
[2025-09-02T17:50:26.623+0530] {logging_mixin.py:190} INFO - [2025-09-02T17:50:26.623+0530] {dag.py:4180} INFO - Setting next_dagrun for dataset_with_extra_by_yield to 2025-09-01 00:00:00+00:00, run_after=2025-09-02 00:00:00+00:00
[2025-09-02T17:50:26.624+0530] {logging_mixin.py:190} INFO - [2025-09-02T17:50:26.624+0530] {dag.py:4180} INFO - Setting next_dagrun for dataset_with_extra_from_classic_operator to 2025-09-01 00:00:00+00:00, run_after=2025-09-02 00:00:00+00:00
[2025-09-02T17:50:26.629+0530] {processor.py:208} INFO - Processing /Users/parthmac/Desktop/Projects/Flight Data Engineering/flight-env/lib/python3.12/site-packages/airflow/example_dags/example_outlet_event_extra.py took 0.061 seconds
