[2025-09-02T16:57:41.838+0530] {processor.py:186} INFO - Started process (PID=26345) to work on /Users/parthmac/Desktop/Projects/Flight Data Engineering/flight-env/lib/python3.12/site-packages/airflow/example_dags/example_skip_dag.py
[2025-09-02T16:57:41.838+0530] {processor.py:914} INFO - Processing file /Users/parthmac/Desktop/Projects/Flight Data Engineering/flight-env/lib/python3.12/site-packages/airflow/example_dags/example_skip_dag.py for tasks to queue
[2025-09-02T16:57:41.838+0530] {logging_mixin.py:190} INFO - [2025-09-02T16:57:41.838+0530] {dagbag.py:588} INFO - Filling up the DagBag from /Users/parthmac/Desktop/Projects/Flight Data Engineering/flight-env/lib/python3.12/site-packages/airflow/example_dags/example_skip_dag.py
[2025-09-02T16:57:41.840+0530] {processor.py:925} INFO - DAG(s) 'example_skip_dag' retrieved from /Users/parthmac/Desktop/Projects/Flight Data Engineering/flight-env/lib/python3.12/site-packages/airflow/example_dags/example_skip_dag.py
[2025-09-02T16:57:41.889+0530] {logging_mixin.py:190} INFO - [2025-09-02T16:57:41.889+0530] {override.py:1900} INFO - Created Permission View: can delete on DAG:example_skip_dag
[2025-09-02T16:57:41.891+0530] {logging_mixin.py:190} INFO - [2025-09-02T16:57:41.891+0530] {override.py:1900} INFO - Created Permission View: can edit on DAG:example_skip_dag
[2025-09-02T16:57:41.893+0530] {logging_mixin.py:190} INFO - [2025-09-02T16:57:41.893+0530] {override.py:1900} INFO - Created Permission View: can read on DAG:example_skip_dag
[2025-09-02T16:57:41.895+0530] {logging_mixin.py:190} INFO - [2025-09-02T16:57:41.895+0530] {override.py:1900} INFO - Created Permission View: can delete on DAG Run:example_skip_dag
[2025-09-02T16:57:41.896+0530] {logging_mixin.py:190} INFO - [2025-09-02T16:57:41.896+0530] {override.py:1900} INFO - Created Permission View: menu access on DAG Run:example_skip_dag
[2025-09-02T16:57:41.898+0530] {logging_mixin.py:190} INFO - [2025-09-02T16:57:41.898+0530] {override.py:1900} INFO - Created Permission View: can create on DAG Run:example_skip_dag
[2025-09-02T16:57:41.899+0530] {logging_mixin.py:190} INFO - [2025-09-02T16:57:41.899+0530] {override.py:1900} INFO - Created Permission View: can read on DAG Run:example_skip_dag
[2025-09-02T16:57:41.899+0530] {logging_mixin.py:190} INFO - [2025-09-02T16:57:41.899+0530] {dag.py:3239} INFO - Sync 1 DAGs
[2025-09-02T16:57:41.922+0530] {logging_mixin.py:190} INFO - [2025-09-02T16:57:41.922+0530] {dag.py:3262} INFO - Creating ORM DAG for example_skip_dag
[2025-09-02T16:57:41.925+0530] {logging_mixin.py:190} INFO - [2025-09-02T16:57:41.925+0530] {dag.py:4180} INFO - Setting next_dagrun for example_skip_dag to 2025-09-01 00:00:00+00:00, run_after=2025-09-02 00:00:00+00:00
[2025-09-02T16:57:41.930+0530] {processor.py:208} INFO - Processing /Users/parthmac/Desktop/Projects/Flight Data Engineering/flight-env/lib/python3.12/site-packages/airflow/example_dags/example_skip_dag.py took 0.093 seconds
[2025-09-02T16:59:11.984+0530] {processor.py:186} INFO - Started process (PID=26418) to work on /Users/parthmac/Desktop/Projects/Flight Data Engineering/flight-env/lib/python3.12/site-packages/airflow/example_dags/example_skip_dag.py
[2025-09-02T16:59:11.985+0530] {processor.py:914} INFO - Processing file /Users/parthmac/Desktop/Projects/Flight Data Engineering/flight-env/lib/python3.12/site-packages/airflow/example_dags/example_skip_dag.py for tasks to queue
[2025-09-02T16:59:11.985+0530] {logging_mixin.py:190} INFO - [2025-09-02T16:59:11.985+0530] {dagbag.py:588} INFO - Filling up the DagBag from /Users/parthmac/Desktop/Projects/Flight Data Engineering/flight-env/lib/python3.12/site-packages/airflow/example_dags/example_skip_dag.py
[2025-09-02T16:59:11.987+0530] {processor.py:925} INFO - DAG(s) 'example_skip_dag' retrieved from /Users/parthmac/Desktop/Projects/Flight Data Engineering/flight-env/lib/python3.12/site-packages/airflow/example_dags/example_skip_dag.py
[2025-09-02T16:59:12.013+0530] {logging_mixin.py:190} INFO - [2025-09-02T16:59:12.013+0530] {dag.py:3239} INFO - Sync 1 DAGs
[2025-09-02T16:59:12.018+0530] {logging_mixin.py:190} INFO - [2025-09-02T16:59:12.018+0530] {dag.py:4180} INFO - Setting next_dagrun for example_skip_dag to 2025-09-01 00:00:00+00:00, run_after=2025-09-02 00:00:00+00:00
[2025-09-02T16:59:12.023+0530] {processor.py:208} INFO - Processing /Users/parthmac/Desktop/Projects/Flight Data Engineering/flight-env/lib/python3.12/site-packages/airflow/example_dags/example_skip_dag.py took 0.039 seconds
[2025-09-02T17:05:35.966+0530] {processor.py:186} INFO - Started process (PID=27607) to work on /Users/parthmac/Desktop/Projects/Flight Data Engineering/flight-env/lib/python3.12/site-packages/airflow/example_dags/example_skip_dag.py
[2025-09-02T17:05:35.967+0530] {processor.py:914} INFO - Processing file /Users/parthmac/Desktop/Projects/Flight Data Engineering/flight-env/lib/python3.12/site-packages/airflow/example_dags/example_skip_dag.py for tasks to queue
[2025-09-02T17:05:35.968+0530] {logging_mixin.py:190} INFO - [2025-09-02T17:05:35.968+0530] {dagbag.py:588} INFO - Filling up the DagBag from /Users/parthmac/Desktop/Projects/Flight Data Engineering/flight-env/lib/python3.12/site-packages/airflow/example_dags/example_skip_dag.py
[2025-09-02T17:05:35.970+0530] {processor.py:925} INFO - DAG(s) 'example_skip_dag' retrieved from /Users/parthmac/Desktop/Projects/Flight Data Engineering/flight-env/lib/python3.12/site-packages/airflow/example_dags/example_skip_dag.py
[2025-09-02T17:05:35.995+0530] {logging_mixin.py:190} INFO - [2025-09-02T17:05:35.995+0530] {dag.py:3239} INFO - Sync 1 DAGs
[2025-09-02T17:05:35.999+0530] {logging_mixin.py:190} INFO - [2025-09-02T17:05:35.999+0530] {dag.py:4180} INFO - Setting next_dagrun for example_skip_dag to 2025-09-01 00:00:00+00:00, run_after=2025-09-02 00:00:00+00:00
[2025-09-02T17:05:36.004+0530] {processor.py:208} INFO - Processing /Users/parthmac/Desktop/Projects/Flight Data Engineering/flight-env/lib/python3.12/site-packages/airflow/example_dags/example_skip_dag.py took 0.038 seconds
[2025-09-02T17:07:00.511+0530] {processor.py:186} INFO - Started process (PID=27681) to work on /Users/parthmac/Desktop/Projects/Flight Data Engineering/flight-env/lib/python3.12/site-packages/airflow/example_dags/example_skip_dag.py
[2025-09-02T17:07:00.511+0530] {processor.py:914} INFO - Processing file /Users/parthmac/Desktop/Projects/Flight Data Engineering/flight-env/lib/python3.12/site-packages/airflow/example_dags/example_skip_dag.py for tasks to queue
[2025-09-02T17:07:00.512+0530] {logging_mixin.py:190} INFO - [2025-09-02T17:07:00.512+0530] {dagbag.py:588} INFO - Filling up the DagBag from /Users/parthmac/Desktop/Projects/Flight Data Engineering/flight-env/lib/python3.12/site-packages/airflow/example_dags/example_skip_dag.py
[2025-09-02T17:07:00.514+0530] {processor.py:925} INFO - DAG(s) 'example_skip_dag' retrieved from /Users/parthmac/Desktop/Projects/Flight Data Engineering/flight-env/lib/python3.12/site-packages/airflow/example_dags/example_skip_dag.py
[2025-09-02T17:07:00.540+0530] {logging_mixin.py:190} INFO - [2025-09-02T17:07:00.540+0530] {dag.py:3239} INFO - Sync 1 DAGs
[2025-09-02T17:07:00.545+0530] {logging_mixin.py:190} INFO - [2025-09-02T17:07:00.545+0530] {dag.py:4180} INFO - Setting next_dagrun for example_skip_dag to 2025-09-01 00:00:00+00:00, run_after=2025-09-02 00:00:00+00:00
[2025-09-02T17:07:00.551+0530] {processor.py:208} INFO - Processing /Users/parthmac/Desktop/Projects/Flight Data Engineering/flight-env/lib/python3.12/site-packages/airflow/example_dags/example_skip_dag.py took 0.041 seconds
[2025-09-02T17:42:31.752+0530] {processor.py:186} INFO - Started process (PID=31613) to work on /Users/parthmac/Desktop/Projects/Flight Data Engineering/flight-env/lib/python3.12/site-packages/airflow/example_dags/example_skip_dag.py
[2025-09-02T17:42:31.753+0530] {processor.py:914} INFO - Processing file /Users/parthmac/Desktop/Projects/Flight Data Engineering/flight-env/lib/python3.12/site-packages/airflow/example_dags/example_skip_dag.py for tasks to queue
[2025-09-02T17:42:31.753+0530] {logging_mixin.py:190} INFO - [2025-09-02T17:42:31.753+0530] {dagbag.py:588} INFO - Filling up the DagBag from /Users/parthmac/Desktop/Projects/Flight Data Engineering/flight-env/lib/python3.12/site-packages/airflow/example_dags/example_skip_dag.py
[2025-09-02T17:42:31.756+0530] {processor.py:925} INFO - DAG(s) 'example_skip_dag' retrieved from /Users/parthmac/Desktop/Projects/Flight Data Engineering/flight-env/lib/python3.12/site-packages/airflow/example_dags/example_skip_dag.py
[2025-09-02T17:42:31.786+0530] {logging_mixin.py:190} INFO - [2025-09-02T17:42:31.786+0530] {dag.py:3239} INFO - Sync 1 DAGs
[2025-09-02T17:42:31.791+0530] {logging_mixin.py:190} INFO - [2025-09-02T17:42:31.791+0530] {dag.py:4180} INFO - Setting next_dagrun for example_skip_dag to 2025-09-01 00:00:00+00:00, run_after=2025-09-02 00:00:00+00:00
[2025-09-02T17:42:31.797+0530] {processor.py:208} INFO - Processing /Users/parthmac/Desktop/Projects/Flight Data Engineering/flight-env/lib/python3.12/site-packages/airflow/example_dags/example_skip_dag.py took 0.046 seconds
[2025-09-02T17:43:57.781+0530] {processor.py:186} INFO - Started process (PID=31746) to work on /Users/parthmac/Desktop/Projects/Flight Data Engineering/flight-env/lib/python3.12/site-packages/airflow/example_dags/example_skip_dag.py
[2025-09-02T17:43:57.781+0530] {processor.py:914} INFO - Processing file /Users/parthmac/Desktop/Projects/Flight Data Engineering/flight-env/lib/python3.12/site-packages/airflow/example_dags/example_skip_dag.py for tasks to queue
[2025-09-02T17:43:57.781+0530] {logging_mixin.py:190} INFO - [2025-09-02T17:43:57.781+0530] {dagbag.py:588} INFO - Filling up the DagBag from /Users/parthmac/Desktop/Projects/Flight Data Engineering/flight-env/lib/python3.12/site-packages/airflow/example_dags/example_skip_dag.py
[2025-09-02T17:43:57.784+0530] {processor.py:925} INFO - DAG(s) 'example_skip_dag' retrieved from /Users/parthmac/Desktop/Projects/Flight Data Engineering/flight-env/lib/python3.12/site-packages/airflow/example_dags/example_skip_dag.py
[2025-09-02T17:43:57.809+0530] {logging_mixin.py:190} INFO - [2025-09-02T17:43:57.809+0530] {dag.py:3239} INFO - Sync 1 DAGs
[2025-09-02T17:43:57.814+0530] {logging_mixin.py:190} INFO - [2025-09-02T17:43:57.814+0530] {dag.py:4180} INFO - Setting next_dagrun for example_skip_dag to 2025-09-01 00:00:00+00:00, run_after=2025-09-02 00:00:00+00:00
[2025-09-02T17:43:57.819+0530] {processor.py:208} INFO - Processing /Users/parthmac/Desktop/Projects/Flight Data Engineering/flight-env/lib/python3.12/site-packages/airflow/example_dags/example_skip_dag.py took 0.039 seconds
[2025-09-02T17:46:57.285+0530] {processor.py:186} INFO - Started process (PID=32585) to work on /Users/parthmac/Desktop/Projects/Flight Data Engineering/flight-env/lib/python3.12/site-packages/airflow/example_dags/example_skip_dag.py
[2025-09-02T17:46:57.285+0530] {processor.py:914} INFO - Processing file /Users/parthmac/Desktop/Projects/Flight Data Engineering/flight-env/lib/python3.12/site-packages/airflow/example_dags/example_skip_dag.py for tasks to queue
[2025-09-02T17:46:57.285+0530] {logging_mixin.py:190} INFO - [2025-09-02T17:46:57.285+0530] {dagbag.py:588} INFO - Filling up the DagBag from /Users/parthmac/Desktop/Projects/Flight Data Engineering/flight-env/lib/python3.12/site-packages/airflow/example_dags/example_skip_dag.py
[2025-09-02T17:46:57.288+0530] {processor.py:925} INFO - DAG(s) 'example_skip_dag' retrieved from /Users/parthmac/Desktop/Projects/Flight Data Engineering/flight-env/lib/python3.12/site-packages/airflow/example_dags/example_skip_dag.py
[2025-09-02T17:46:57.313+0530] {logging_mixin.py:190} INFO - [2025-09-02T17:46:57.313+0530] {dag.py:3239} INFO - Sync 1 DAGs
[2025-09-02T17:46:57.318+0530] {logging_mixin.py:190} INFO - [2025-09-02T17:46:57.318+0530] {dag.py:4180} INFO - Setting next_dagrun for example_skip_dag to 2025-09-01 00:00:00+00:00, run_after=2025-09-02 00:00:00+00:00
[2025-09-02T17:46:57.323+0530] {processor.py:208} INFO - Processing /Users/parthmac/Desktop/Projects/Flight Data Engineering/flight-env/lib/python3.12/site-packages/airflow/example_dags/example_skip_dag.py took 0.039 seconds
[2025-09-02T17:48:22.289+0530] {processor.py:186} INFO - Started process (PID=32712) to work on /Users/parthmac/Desktop/Projects/Flight Data Engineering/flight-env/lib/python3.12/site-packages/airflow/example_dags/example_skip_dag.py
[2025-09-02T17:48:22.289+0530] {processor.py:914} INFO - Processing file /Users/parthmac/Desktop/Projects/Flight Data Engineering/flight-env/lib/python3.12/site-packages/airflow/example_dags/example_skip_dag.py for tasks to queue
[2025-09-02T17:48:22.289+0530] {logging_mixin.py:190} INFO - [2025-09-02T17:48:22.289+0530] {dagbag.py:588} INFO - Filling up the DagBag from /Users/parthmac/Desktop/Projects/Flight Data Engineering/flight-env/lib/python3.12/site-packages/airflow/example_dags/example_skip_dag.py
[2025-09-02T17:48:22.291+0530] {processor.py:925} INFO - DAG(s) 'example_skip_dag' retrieved from /Users/parthmac/Desktop/Projects/Flight Data Engineering/flight-env/lib/python3.12/site-packages/airflow/example_dags/example_skip_dag.py
[2025-09-02T17:48:22.316+0530] {logging_mixin.py:190} INFO - [2025-09-02T17:48:22.316+0530] {dag.py:3239} INFO - Sync 1 DAGs
[2025-09-02T17:48:22.320+0530] {logging_mixin.py:190} INFO - [2025-09-02T17:48:22.320+0530] {dag.py:4180} INFO - Setting next_dagrun for example_skip_dag to 2025-09-01 00:00:00+00:00, run_after=2025-09-02 00:00:00+00:00
[2025-09-02T17:48:22.326+0530] {processor.py:208} INFO - Processing /Users/parthmac/Desktop/Projects/Flight Data Engineering/flight-env/lib/python3.12/site-packages/airflow/example_dags/example_skip_dag.py took 0.038 seconds
[2025-09-02T17:50:10.144+0530] {processor.py:186} INFO - Started process (PID=33139) to work on /Users/parthmac/Desktop/Projects/Flight Data Engineering/flight-env/lib/python3.12/site-packages/airflow/example_dags/example_skip_dag.py
[2025-09-02T17:50:10.145+0530] {processor.py:914} INFO - Processing file /Users/parthmac/Desktop/Projects/Flight Data Engineering/flight-env/lib/python3.12/site-packages/airflow/example_dags/example_skip_dag.py for tasks to queue
[2025-09-02T17:50:10.145+0530] {logging_mixin.py:190} INFO - [2025-09-02T17:50:10.145+0530] {dagbag.py:588} INFO - Filling up the DagBag from /Users/parthmac/Desktop/Projects/Flight Data Engineering/flight-env/lib/python3.12/site-packages/airflow/example_dags/example_skip_dag.py
[2025-09-02T17:50:10.147+0530] {processor.py:925} INFO - DAG(s) 'example_skip_dag' retrieved from /Users/parthmac/Desktop/Projects/Flight Data Engineering/flight-env/lib/python3.12/site-packages/airflow/example_dags/example_skip_dag.py
[2025-09-02T17:50:10.172+0530] {logging_mixin.py:190} INFO - [2025-09-02T17:50:10.172+0530] {dag.py:3239} INFO - Sync 1 DAGs
[2025-09-02T17:50:10.177+0530] {logging_mixin.py:190} INFO - [2025-09-02T17:50:10.177+0530] {dag.py:4180} INFO - Setting next_dagrun for example_skip_dag to 2025-09-01 00:00:00+00:00, run_after=2025-09-02 00:00:00+00:00
[2025-09-02T17:50:10.182+0530] {processor.py:208} INFO - Processing /Users/parthmac/Desktop/Projects/Flight Data Engineering/flight-env/lib/python3.12/site-packages/airflow/example_dags/example_skip_dag.py took 0.038 seconds
[2025-09-02T17:54:37.916+0530] {processor.py:186} INFO - Started process (PID=34785) to work on /Users/parthmac/Desktop/Projects/Flight Data Engineering/flight-env/lib/python3.12/site-packages/airflow/example_dags/example_skip_dag.py
[2025-09-02T17:54:37.917+0530] {processor.py:914} INFO - Processing file /Users/parthmac/Desktop/Projects/Flight Data Engineering/flight-env/lib/python3.12/site-packages/airflow/example_dags/example_skip_dag.py for tasks to queue
[2025-09-02T17:54:37.917+0530] {logging_mixin.py:190} INFO - [2025-09-02T17:54:37.917+0530] {dagbag.py:588} INFO - Filling up the DagBag from /Users/parthmac/Desktop/Projects/Flight Data Engineering/flight-env/lib/python3.12/site-packages/airflow/example_dags/example_skip_dag.py
[2025-09-02T17:54:37.919+0530] {processor.py:925} INFO - DAG(s) 'example_skip_dag' retrieved from /Users/parthmac/Desktop/Projects/Flight Data Engineering/flight-env/lib/python3.12/site-packages/airflow/example_dags/example_skip_dag.py
[2025-09-02T17:54:37.945+0530] {logging_mixin.py:190} INFO - [2025-09-02T17:54:37.944+0530] {dag.py:3239} INFO - Sync 1 DAGs
[2025-09-02T17:54:37.949+0530] {logging_mixin.py:190} INFO - [2025-09-02T17:54:37.949+0530] {dag.py:4180} INFO - Setting next_dagrun for example_skip_dag to 2025-09-01 00:00:00+00:00, run_after=2025-09-02 00:00:00+00:00
[2025-09-02T17:54:37.954+0530] {processor.py:208} INFO - Processing /Users/parthmac/Desktop/Projects/Flight Data Engineering/flight-env/lib/python3.12/site-packages/airflow/example_dags/example_skip_dag.py took 0.039 seconds
