[2025-09-02T16:57:50.269+0530] {processor.py:186} INFO - Started process (PID=26351) to work on /Users/parthmac/Desktop/Projects/Flight Data Engineering/flight-env/lib/python3.12/site-packages/airflow/example_dags/example_sensors.py
[2025-09-02T16:57:50.269+0530] {processor.py:914} INFO - Processing file /Users/parthmac/Desktop/Projects/Flight Data Engineering/flight-env/lib/python3.12/site-packages/airflow/example_dags/example_sensors.py for tasks to queue
[2025-09-02T16:57:50.269+0530] {logging_mixin.py:190} INFO - [2025-09-02T16:57:50.269+0530] {dagbag.py:588} INFO - Filling up the DagBag from /Users/parthmac/Desktop/Projects/Flight Data Engineering/flight-env/lib/python3.12/site-packages/airflow/example_dags/example_sensors.py
[2025-09-02T16:57:50.274+0530] {processor.py:925} INFO - DAG(s) 'example_sensors' retrieved from /Users/parthmac/Desktop/Projects/Flight Data Engineering/flight-env/lib/python3.12/site-packages/airflow/example_dags/example_sensors.py
[2025-09-02T16:57:50.529+0530] {logging_mixin.py:190} INFO - [2025-09-02T16:57:50.529+0530] {override.py:1900} INFO - Created Permission View: can edit on DAG:example_sensors
[2025-09-02T16:57:50.531+0530] {logging_mixin.py:190} INFO - [2025-09-02T16:57:50.531+0530] {override.py:1900} INFO - Created Permission View: can read on DAG:example_sensors
[2025-09-02T16:57:50.532+0530] {logging_mixin.py:190} INFO - [2025-09-02T16:57:50.532+0530] {override.py:1900} INFO - Created Permission View: can delete on DAG:example_sensors
[2025-09-02T16:57:50.534+0530] {logging_mixin.py:190} INFO - [2025-09-02T16:57:50.534+0530] {override.py:1900} INFO - Created Permission View: menu access on DAG Run:example_sensors
[2025-09-02T16:57:50.535+0530] {logging_mixin.py:190} INFO - [2025-09-02T16:57:50.535+0530] {override.py:1900} INFO - Created Permission View: can read on DAG Run:example_sensors
[2025-09-02T16:57:50.537+0530] {logging_mixin.py:190} INFO - [2025-09-02T16:57:50.537+0530] {override.py:1900} INFO - Created Permission View: can delete on DAG Run:example_sensors
[2025-09-02T16:57:50.538+0530] {logging_mixin.py:190} INFO - [2025-09-02T16:57:50.538+0530] {override.py:1900} INFO - Created Permission View: can create on DAG Run:example_sensors
[2025-09-02T16:57:50.538+0530] {logging_mixin.py:190} INFO - [2025-09-02T16:57:50.538+0530] {dag.py:3239} INFO - Sync 1 DAGs
[2025-09-02T16:57:50.541+0530] {logging_mixin.py:190} INFO - [2025-09-02T16:57:50.541+0530] {dag.py:3262} INFO - Creating ORM DAG for example_sensors
[2025-09-02T16:57:50.541+0530] {logging_mixin.py:190} INFO - [2025-09-02T16:57:50.541+0530] {dag.py:4180} INFO - Setting next_dagrun for example_sensors to None, run_after=None
[2025-09-02T16:57:50.545+0530] {processor.py:208} INFO - Processing /Users/parthmac/Desktop/Projects/Flight Data Engineering/flight-env/lib/python3.12/site-packages/airflow/example_dags/example_sensors.py took 0.277 seconds
[2025-09-02T16:59:19.813+0530] {processor.py:186} INFO - Started process (PID=26425) to work on /Users/parthmac/Desktop/Projects/Flight Data Engineering/flight-env/lib/python3.12/site-packages/airflow/example_dags/example_sensors.py
[2025-09-02T16:59:19.813+0530] {processor.py:914} INFO - Processing file /Users/parthmac/Desktop/Projects/Flight Data Engineering/flight-env/lib/python3.12/site-packages/airflow/example_dags/example_sensors.py for tasks to queue
[2025-09-02T16:59:19.813+0530] {logging_mixin.py:190} INFO - [2025-09-02T16:59:19.813+0530] {dagbag.py:588} INFO - Filling up the DagBag from /Users/parthmac/Desktop/Projects/Flight Data Engineering/flight-env/lib/python3.12/site-packages/airflow/example_dags/example_sensors.py
[2025-09-02T16:59:19.818+0530] {processor.py:925} INFO - DAG(s) 'example_sensors' retrieved from /Users/parthmac/Desktop/Projects/Flight Data Engineering/flight-env/lib/python3.12/site-packages/airflow/example_dags/example_sensors.py
[2025-09-02T16:59:20.092+0530] {logging_mixin.py:190} INFO - [2025-09-02T16:59:20.092+0530] {dag.py:3239} INFO - Sync 1 DAGs
[2025-09-02T16:59:20.095+0530] {logging_mixin.py:190} INFO - [2025-09-02T16:59:20.095+0530] {dag.py:4180} INFO - Setting next_dagrun for example_sensors to None, run_after=None
[2025-09-02T16:59:20.100+0530] {processor.py:208} INFO - Processing /Users/parthmac/Desktop/Projects/Flight Data Engineering/flight-env/lib/python3.12/site-packages/airflow/example_dags/example_sensors.py took 0.288 seconds
[2025-09-02T17:05:43.193+0530] {processor.py:186} INFO - Started process (PID=27612) to work on /Users/parthmac/Desktop/Projects/Flight Data Engineering/flight-env/lib/python3.12/site-packages/airflow/example_dags/example_sensors.py
[2025-09-02T17:05:43.194+0530] {processor.py:914} INFO - Processing file /Users/parthmac/Desktop/Projects/Flight Data Engineering/flight-env/lib/python3.12/site-packages/airflow/example_dags/example_sensors.py for tasks to queue
[2025-09-02T17:05:43.194+0530] {logging_mixin.py:190} INFO - [2025-09-02T17:05:43.194+0530] {dagbag.py:588} INFO - Filling up the DagBag from /Users/parthmac/Desktop/Projects/Flight Data Engineering/flight-env/lib/python3.12/site-packages/airflow/example_dags/example_sensors.py
[2025-09-02T17:05:43.198+0530] {processor.py:925} INFO - DAG(s) 'example_sensors' retrieved from /Users/parthmac/Desktop/Projects/Flight Data Engineering/flight-env/lib/python3.12/site-packages/airflow/example_dags/example_sensors.py
[2025-09-02T17:05:43.451+0530] {logging_mixin.py:190} INFO - [2025-09-02T17:05:43.451+0530] {dag.py:3239} INFO - Sync 1 DAGs
[2025-09-02T17:05:43.455+0530] {logging_mixin.py:190} INFO - [2025-09-02T17:05:43.455+0530] {dag.py:4180} INFO - Setting next_dagrun for example_sensors to None, run_after=None
[2025-09-02T17:05:43.459+0530] {processor.py:208} INFO - Processing /Users/parthmac/Desktop/Projects/Flight Data Engineering/flight-env/lib/python3.12/site-packages/airflow/example_dags/example_sensors.py took 0.267 seconds
[2025-09-02T17:07:07.610+0530] {processor.py:186} INFO - Started process (PID=27694) to work on /Users/parthmac/Desktop/Projects/Flight Data Engineering/flight-env/lib/python3.12/site-packages/airflow/example_dags/example_sensors.py
[2025-09-02T17:07:07.611+0530] {processor.py:914} INFO - Processing file /Users/parthmac/Desktop/Projects/Flight Data Engineering/flight-env/lib/python3.12/site-packages/airflow/example_dags/example_sensors.py for tasks to queue
[2025-09-02T17:07:07.611+0530] {logging_mixin.py:190} INFO - [2025-09-02T17:07:07.611+0530] {dagbag.py:588} INFO - Filling up the DagBag from /Users/parthmac/Desktop/Projects/Flight Data Engineering/flight-env/lib/python3.12/site-packages/airflow/example_dags/example_sensors.py
[2025-09-02T17:07:07.615+0530] {processor.py:925} INFO - DAG(s) 'example_sensors' retrieved from /Users/parthmac/Desktop/Projects/Flight Data Engineering/flight-env/lib/python3.12/site-packages/airflow/example_dags/example_sensors.py
[2025-09-02T17:07:07.836+0530] {logging_mixin.py:190} INFO - [2025-09-02T17:07:07.835+0530] {dag.py:3239} INFO - Sync 1 DAGs
[2025-09-02T17:07:07.839+0530] {logging_mixin.py:190} INFO - [2025-09-02T17:07:07.839+0530] {dag.py:4180} INFO - Setting next_dagrun for example_sensors to None, run_after=None
[2025-09-02T17:07:07.844+0530] {processor.py:208} INFO - Processing /Users/parthmac/Desktop/Projects/Flight Data Engineering/flight-env/lib/python3.12/site-packages/airflow/example_dags/example_sensors.py took 0.234 seconds
[2025-09-02T17:42:40.641+0530] {processor.py:186} INFO - Started process (PID=31671) to work on /Users/parthmac/Desktop/Projects/Flight Data Engineering/flight-env/lib/python3.12/site-packages/airflow/example_dags/example_sensors.py
[2025-09-02T17:42:40.641+0530] {processor.py:914} INFO - Processing file /Users/parthmac/Desktop/Projects/Flight Data Engineering/flight-env/lib/python3.12/site-packages/airflow/example_dags/example_sensors.py for tasks to queue
[2025-09-02T17:42:40.642+0530] {logging_mixin.py:190} INFO - [2025-09-02T17:42:40.642+0530] {dagbag.py:588} INFO - Filling up the DagBag from /Users/parthmac/Desktop/Projects/Flight Data Engineering/flight-env/lib/python3.12/site-packages/airflow/example_dags/example_sensors.py
[2025-09-02T17:42:40.645+0530] {processor.py:925} INFO - DAG(s) 'example_sensors' retrieved from /Users/parthmac/Desktop/Projects/Flight Data Engineering/flight-env/lib/python3.12/site-packages/airflow/example_dags/example_sensors.py
[2025-09-02T17:42:40.872+0530] {logging_mixin.py:190} INFO - [2025-09-02T17:42:40.872+0530] {dag.py:3239} INFO - Sync 1 DAGs
[2025-09-02T17:42:40.875+0530] {logging_mixin.py:190} INFO - [2025-09-02T17:42:40.875+0530] {dag.py:4180} INFO - Setting next_dagrun for example_sensors to None, run_after=None
[2025-09-02T17:42:40.880+0530] {processor.py:208} INFO - Processing /Users/parthmac/Desktop/Projects/Flight Data Engineering/flight-env/lib/python3.12/site-packages/airflow/example_dags/example_sensors.py took 0.240 seconds
[2025-09-02T17:44:04.879+0530] {processor.py:186} INFO - Started process (PID=31754) to work on /Users/parthmac/Desktop/Projects/Flight Data Engineering/flight-env/lib/python3.12/site-packages/airflow/example_dags/example_sensors.py
[2025-09-02T17:44:04.879+0530] {processor.py:914} INFO - Processing file /Users/parthmac/Desktop/Projects/Flight Data Engineering/flight-env/lib/python3.12/site-packages/airflow/example_dags/example_sensors.py for tasks to queue
[2025-09-02T17:44:04.879+0530] {logging_mixin.py:190} INFO - [2025-09-02T17:44:04.879+0530] {dagbag.py:588} INFO - Filling up the DagBag from /Users/parthmac/Desktop/Projects/Flight Data Engineering/flight-env/lib/python3.12/site-packages/airflow/example_dags/example_sensors.py
[2025-09-02T17:44:04.883+0530] {processor.py:925} INFO - DAG(s) 'example_sensors' retrieved from /Users/parthmac/Desktop/Projects/Flight Data Engineering/flight-env/lib/python3.12/site-packages/airflow/example_dags/example_sensors.py
[2025-09-02T17:44:05.106+0530] {logging_mixin.py:190} INFO - [2025-09-02T17:44:05.106+0530] {dag.py:3239} INFO - Sync 1 DAGs
[2025-09-02T17:44:05.109+0530] {logging_mixin.py:190} INFO - [2025-09-02T17:44:05.109+0530] {dag.py:4180} INFO - Setting next_dagrun for example_sensors to None, run_after=None
[2025-09-02T17:44:05.114+0530] {processor.py:208} INFO - Processing /Users/parthmac/Desktop/Projects/Flight Data Engineering/flight-env/lib/python3.12/site-packages/airflow/example_dags/example_sensors.py took 0.236 seconds
[2025-09-02T17:47:04.506+0530] {processor.py:186} INFO - Started process (PID=32630) to work on /Users/parthmac/Desktop/Projects/Flight Data Engineering/flight-env/lib/python3.12/site-packages/airflow/example_dags/example_sensors.py
[2025-09-02T17:47:04.506+0530] {processor.py:914} INFO - Processing file /Users/parthmac/Desktop/Projects/Flight Data Engineering/flight-env/lib/python3.12/site-packages/airflow/example_dags/example_sensors.py for tasks to queue
[2025-09-02T17:47:04.506+0530] {logging_mixin.py:190} INFO - [2025-09-02T17:47:04.506+0530] {dagbag.py:588} INFO - Filling up the DagBag from /Users/parthmac/Desktop/Projects/Flight Data Engineering/flight-env/lib/python3.12/site-packages/airflow/example_dags/example_sensors.py
[2025-09-02T17:47:04.510+0530] {processor.py:925} INFO - DAG(s) 'example_sensors' retrieved from /Users/parthmac/Desktop/Projects/Flight Data Engineering/flight-env/lib/python3.12/site-packages/airflow/example_dags/example_sensors.py
[2025-09-02T17:47:04.737+0530] {logging_mixin.py:190} INFO - [2025-09-02T17:47:04.737+0530] {dag.py:3239} INFO - Sync 1 DAGs
[2025-09-02T17:47:04.740+0530] {logging_mixin.py:190} INFO - [2025-09-02T17:47:04.740+0530] {dag.py:4180} INFO - Setting next_dagrun for example_sensors to None, run_after=None
[2025-09-02T17:47:04.745+0530] {processor.py:208} INFO - Processing /Users/parthmac/Desktop/Projects/Flight Data Engineering/flight-env/lib/python3.12/site-packages/airflow/example_dags/example_sensors.py took 0.240 seconds
[2025-09-02T17:48:28.056+0530] {processor.py:186} INFO - Started process (PID=32717) to work on /Users/parthmac/Desktop/Projects/Flight Data Engineering/flight-env/lib/python3.12/site-packages/airflow/example_dags/example_sensors.py
[2025-09-02T17:48:28.057+0530] {processor.py:914} INFO - Processing file /Users/parthmac/Desktop/Projects/Flight Data Engineering/flight-env/lib/python3.12/site-packages/airflow/example_dags/example_sensors.py for tasks to queue
[2025-09-02T17:48:28.057+0530] {logging_mixin.py:190} INFO - [2025-09-02T17:48:28.057+0530] {dagbag.py:588} INFO - Filling up the DagBag from /Users/parthmac/Desktop/Projects/Flight Data Engineering/flight-env/lib/python3.12/site-packages/airflow/example_dags/example_sensors.py
[2025-09-02T17:48:28.060+0530] {processor.py:925} INFO - DAG(s) 'example_sensors' retrieved from /Users/parthmac/Desktop/Projects/Flight Data Engineering/flight-env/lib/python3.12/site-packages/airflow/example_dags/example_sensors.py
[2025-09-02T17:48:28.281+0530] {logging_mixin.py:190} INFO - [2025-09-02T17:48:28.281+0530] {dag.py:3239} INFO - Sync 1 DAGs
[2025-09-02T17:48:28.284+0530] {logging_mixin.py:190} INFO - [2025-09-02T17:48:28.284+0530] {dag.py:4180} INFO - Setting next_dagrun for example_sensors to None, run_after=None
[2025-09-02T17:48:28.289+0530] {processor.py:208} INFO - Processing /Users/parthmac/Desktop/Projects/Flight Data Engineering/flight-env/lib/python3.12/site-packages/airflow/example_dags/example_sensors.py took 0.233 seconds
[2025-09-02T17:50:16.420+0530] {processor.py:186} INFO - Started process (PID=33144) to work on /Users/parthmac/Desktop/Projects/Flight Data Engineering/flight-env/lib/python3.12/site-packages/airflow/example_dags/example_sensors.py
[2025-09-02T17:50:16.420+0530] {processor.py:914} INFO - Processing file /Users/parthmac/Desktop/Projects/Flight Data Engineering/flight-env/lib/python3.12/site-packages/airflow/example_dags/example_sensors.py for tasks to queue
[2025-09-02T17:50:16.420+0530] {logging_mixin.py:190} INFO - [2025-09-02T17:50:16.420+0530] {dagbag.py:588} INFO - Filling up the DagBag from /Users/parthmac/Desktop/Projects/Flight Data Engineering/flight-env/lib/python3.12/site-packages/airflow/example_dags/example_sensors.py
[2025-09-02T17:50:16.424+0530] {processor.py:925} INFO - DAG(s) 'example_sensors' retrieved from /Users/parthmac/Desktop/Projects/Flight Data Engineering/flight-env/lib/python3.12/site-packages/airflow/example_dags/example_sensors.py
[2025-09-02T17:50:16.646+0530] {logging_mixin.py:190} INFO - [2025-09-02T17:50:16.646+0530] {dag.py:3239} INFO - Sync 1 DAGs
[2025-09-02T17:50:16.649+0530] {logging_mixin.py:190} INFO - [2025-09-02T17:50:16.649+0530] {dag.py:4180} INFO - Setting next_dagrun for example_sensors to None, run_after=None
[2025-09-02T17:50:16.654+0530] {processor.py:208} INFO - Processing /Users/parthmac/Desktop/Projects/Flight Data Engineering/flight-env/lib/python3.12/site-packages/airflow/example_dags/example_sensors.py took 0.236 seconds
