[2025-09-02T16:57:29.626+0530] {processor.py:186} INFO - Started process (PID=26323) to work on /Users/parthmac/Desktop/Projects/Flight Data Engineering/flight-env/lib/python3.12/site-packages/airflow/example_dags/example_trigger_target_dag.py
[2025-09-02T16:57:29.626+0530] {processor.py:914} INFO - Processing file /Users/parthmac/Desktop/Projects/Flight Data Engineering/flight-env/lib/python3.12/site-packages/airflow/example_dags/example_trigger_target_dag.py for tasks to queue
[2025-09-02T16:57:29.626+0530] {logging_mixin.py:190} INFO - [2025-09-02T16:57:29.626+0530] {dagbag.py:588} INFO - Filling up the DagBag from /Users/parthmac/Desktop/Projects/Flight Data Engineering/flight-env/lib/python3.12/site-packages/airflow/example_dags/example_trigger_target_dag.py
[2025-09-02T16:57:29.639+0530] {processor.py:925} INFO - DAG(s) 'example_trigger_target_dag' retrieved from /Users/parthmac/Desktop/Projects/Flight Data Engineering/flight-env/lib/python3.12/site-packages/airflow/example_dags/example_trigger_target_dag.py
[2025-09-02T16:57:29.705+0530] {logging_mixin.py:190} INFO - [2025-09-02T16:57:29.705+0530] {override.py:1900} INFO - Created Permission View: can edit on DAG:example_trigger_target_dag
[2025-09-02T16:57:29.707+0530] {logging_mixin.py:190} INFO - [2025-09-02T16:57:29.707+0530] {override.py:1900} INFO - Created Permission View: can delete on DAG:example_trigger_target_dag
[2025-09-02T16:57:29.709+0530] {logging_mixin.py:190} INFO - [2025-09-02T16:57:29.709+0530] {override.py:1900} INFO - Created Permission View: can read on DAG:example_trigger_target_dag
[2025-09-02T16:57:29.710+0530] {logging_mixin.py:190} INFO - [2025-09-02T16:57:29.710+0530] {override.py:1900} INFO - Created Permission View: can delete on DAG Run:example_trigger_target_dag
[2025-09-02T16:57:29.711+0530] {logging_mixin.py:190} INFO - [2025-09-02T16:57:29.711+0530] {override.py:1900} INFO - Created Permission View: can create on DAG Run:example_trigger_target_dag
[2025-09-02T16:57:29.713+0530] {logging_mixin.py:190} INFO - [2025-09-02T16:57:29.713+0530] {override.py:1900} INFO - Created Permission View: can read on DAG Run:example_trigger_target_dag
[2025-09-02T16:57:29.714+0530] {logging_mixin.py:190} INFO - [2025-09-02T16:57:29.714+0530] {override.py:1900} INFO - Created Permission View: menu access on DAG Run:example_trigger_target_dag
[2025-09-02T16:57:29.714+0530] {logging_mixin.py:190} INFO - [2025-09-02T16:57:29.714+0530] {dag.py:3239} INFO - Sync 1 DAGs
[2025-09-02T16:57:29.717+0530] {logging_mixin.py:190} INFO - [2025-09-02T16:57:29.717+0530] {dag.py:3262} INFO - Creating ORM DAG for example_trigger_target_dag
[2025-09-02T16:57:29.717+0530] {logging_mixin.py:190} INFO - [2025-09-02T16:57:29.717+0530] {dag.py:4180} INFO - Setting next_dagrun for example_trigger_target_dag to None, run_after=None
[2025-09-02T16:57:29.721+0530] {processor.py:208} INFO - Processing /Users/parthmac/Desktop/Projects/Flight Data Engineering/flight-env/lib/python3.12/site-packages/airflow/example_dags/example_trigger_target_dag.py took 0.096 seconds
[2025-09-02T16:59:00.848+0530] {processor.py:186} INFO - Started process (PID=26408) to work on /Users/parthmac/Desktop/Projects/Flight Data Engineering/flight-env/lib/python3.12/site-packages/airflow/example_dags/example_trigger_target_dag.py
[2025-09-02T16:59:00.849+0530] {processor.py:914} INFO - Processing file /Users/parthmac/Desktop/Projects/Flight Data Engineering/flight-env/lib/python3.12/site-packages/airflow/example_dags/example_trigger_target_dag.py for tasks to queue
[2025-09-02T16:59:00.849+0530] {logging_mixin.py:190} INFO - [2025-09-02T16:59:00.849+0530] {dagbag.py:588} INFO - Filling up the DagBag from /Users/parthmac/Desktop/Projects/Flight Data Engineering/flight-env/lib/python3.12/site-packages/airflow/example_dags/example_trigger_target_dag.py
[2025-09-02T16:59:00.860+0530] {processor.py:925} INFO - DAG(s) 'example_trigger_target_dag' retrieved from /Users/parthmac/Desktop/Projects/Flight Data Engineering/flight-env/lib/python3.12/site-packages/airflow/example_dags/example_trigger_target_dag.py
[2025-09-02T16:59:00.884+0530] {logging_mixin.py:190} INFO - [2025-09-02T16:59:00.884+0530] {dag.py:3239} INFO - Sync 1 DAGs
[2025-09-02T16:59:00.887+0530] {logging_mixin.py:190} INFO - [2025-09-02T16:59:00.887+0530] {dag.py:4180} INFO - Setting next_dagrun for example_trigger_target_dag to None, run_after=None
[2025-09-02T16:59:00.891+0530] {processor.py:208} INFO - Processing /Users/parthmac/Desktop/Projects/Flight Data Engineering/flight-env/lib/python3.12/site-packages/airflow/example_dags/example_trigger_target_dag.py took 0.044 seconds
[2025-09-02T17:05:24.241+0530] {processor.py:186} INFO - Started process (PID=27586) to work on /Users/parthmac/Desktop/Projects/Flight Data Engineering/flight-env/lib/python3.12/site-packages/airflow/example_dags/example_trigger_target_dag.py
[2025-09-02T17:05:24.242+0530] {processor.py:914} INFO - Processing file /Users/parthmac/Desktop/Projects/Flight Data Engineering/flight-env/lib/python3.12/site-packages/airflow/example_dags/example_trigger_target_dag.py for tasks to queue
[2025-09-02T17:05:24.242+0530] {logging_mixin.py:190} INFO - [2025-09-02T17:05:24.242+0530] {dagbag.py:588} INFO - Filling up the DagBag from /Users/parthmac/Desktop/Projects/Flight Data Engineering/flight-env/lib/python3.12/site-packages/airflow/example_dags/example_trigger_target_dag.py
[2025-09-02T17:05:24.253+0530] {processor.py:925} INFO - DAG(s) 'example_trigger_target_dag' retrieved from /Users/parthmac/Desktop/Projects/Flight Data Engineering/flight-env/lib/python3.12/site-packages/airflow/example_dags/example_trigger_target_dag.py
[2025-09-02T17:05:24.277+0530] {logging_mixin.py:190} INFO - [2025-09-02T17:05:24.277+0530] {dag.py:3239} INFO - Sync 1 DAGs
[2025-09-02T17:05:24.280+0530] {logging_mixin.py:190} INFO - [2025-09-02T17:05:24.280+0530] {dag.py:4180} INFO - Setting next_dagrun for example_trigger_target_dag to None, run_after=None
[2025-09-02T17:05:24.284+0530] {processor.py:208} INFO - Processing /Users/parthmac/Desktop/Projects/Flight Data Engineering/flight-env/lib/python3.12/site-packages/airflow/example_dags/example_trigger_target_dag.py took 0.044 seconds
[2025-09-02T17:06:48.625+0530] {processor.py:186} INFO - Started process (PID=27666) to work on /Users/parthmac/Desktop/Projects/Flight Data Engineering/flight-env/lib/python3.12/site-packages/airflow/example_dags/example_trigger_target_dag.py
[2025-09-02T17:06:48.626+0530] {processor.py:914} INFO - Processing file /Users/parthmac/Desktop/Projects/Flight Data Engineering/flight-env/lib/python3.12/site-packages/airflow/example_dags/example_trigger_target_dag.py for tasks to queue
[2025-09-02T17:06:48.626+0530] {logging_mixin.py:190} INFO - [2025-09-02T17:06:48.626+0530] {dagbag.py:588} INFO - Filling up the DagBag from /Users/parthmac/Desktop/Projects/Flight Data Engineering/flight-env/lib/python3.12/site-packages/airflow/example_dags/example_trigger_target_dag.py
[2025-09-02T17:06:48.637+0530] {processor.py:925} INFO - DAG(s) 'example_trigger_target_dag' retrieved from /Users/parthmac/Desktop/Projects/Flight Data Engineering/flight-env/lib/python3.12/site-packages/airflow/example_dags/example_trigger_target_dag.py
[2025-09-02T17:06:48.660+0530] {logging_mixin.py:190} INFO - [2025-09-02T17:06:48.660+0530] {dag.py:3239} INFO - Sync 1 DAGs
[2025-09-02T17:06:48.663+0530] {logging_mixin.py:190} INFO - [2025-09-02T17:06:48.663+0530] {dag.py:4180} INFO - Setting next_dagrun for example_trigger_target_dag to None, run_after=None
[2025-09-02T17:06:48.668+0530] {processor.py:208} INFO - Processing /Users/parthmac/Desktop/Projects/Flight Data Engineering/flight-env/lib/python3.12/site-packages/airflow/example_dags/example_trigger_target_dag.py took 0.044 seconds
[2025-09-02T17:07:41.971+0530] {processor.py:186} INFO - Started process (PID=27744) to work on /Users/parthmac/Desktop/Projects/Flight Data Engineering/flight-env/lib/python3.12/site-packages/airflow/example_dags/example_trigger_target_dag.py
[2025-09-02T17:07:41.972+0530] {processor.py:914} INFO - Processing file /Users/parthmac/Desktop/Projects/Flight Data Engineering/flight-env/lib/python3.12/site-packages/airflow/example_dags/example_trigger_target_dag.py for tasks to queue
[2025-09-02T17:07:41.972+0530] {logging_mixin.py:190} INFO - [2025-09-02T17:07:41.972+0530] {dagbag.py:588} INFO - Filling up the DagBag from /Users/parthmac/Desktop/Projects/Flight Data Engineering/flight-env/lib/python3.12/site-packages/airflow/example_dags/example_trigger_target_dag.py
[2025-09-02T17:07:41.984+0530] {processor.py:925} INFO - DAG(s) 'example_trigger_target_dag' retrieved from /Users/parthmac/Desktop/Projects/Flight Data Engineering/flight-env/lib/python3.12/site-packages/airflow/example_dags/example_trigger_target_dag.py
[2025-09-02T17:07:42.008+0530] {logging_mixin.py:190} INFO - [2025-09-02T17:07:42.008+0530] {dag.py:3239} INFO - Sync 1 DAGs
[2025-09-02T17:07:42.011+0530] {logging_mixin.py:190} INFO - [2025-09-02T17:07:42.011+0530] {dag.py:4180} INFO - Setting next_dagrun for example_trigger_target_dag to None, run_after=None
[2025-09-02T17:07:42.016+0530] {processor.py:208} INFO - Processing /Users/parthmac/Desktop/Projects/Flight Data Engineering/flight-env/lib/python3.12/site-packages/airflow/example_dags/example_trigger_target_dag.py took 0.046 seconds
[2025-09-02T17:42:21.081+0530] {processor.py:186} INFO - Started process (PID=31599) to work on /Users/parthmac/Desktop/Projects/Flight Data Engineering/flight-env/lib/python3.12/site-packages/airflow/example_dags/example_trigger_target_dag.py
[2025-09-02T17:42:21.081+0530] {processor.py:914} INFO - Processing file /Users/parthmac/Desktop/Projects/Flight Data Engineering/flight-env/lib/python3.12/site-packages/airflow/example_dags/example_trigger_target_dag.py for tasks to queue
[2025-09-02T17:42:21.082+0530] {logging_mixin.py:190} INFO - [2025-09-02T17:42:21.082+0530] {dagbag.py:588} INFO - Filling up the DagBag from /Users/parthmac/Desktop/Projects/Flight Data Engineering/flight-env/lib/python3.12/site-packages/airflow/example_dags/example_trigger_target_dag.py
[2025-09-02T17:42:21.093+0530] {processor.py:925} INFO - DAG(s) 'example_trigger_target_dag' retrieved from /Users/parthmac/Desktop/Projects/Flight Data Engineering/flight-env/lib/python3.12/site-packages/airflow/example_dags/example_trigger_target_dag.py
[2025-09-02T17:42:21.116+0530] {logging_mixin.py:190} INFO - [2025-09-02T17:42:21.116+0530] {dag.py:3239} INFO - Sync 1 DAGs
[2025-09-02T17:42:21.118+0530] {logging_mixin.py:190} INFO - [2025-09-02T17:42:21.118+0530] {dag.py:4180} INFO - Setting next_dagrun for example_trigger_target_dag to None, run_after=None
[2025-09-02T17:42:21.124+0530] {processor.py:208} INFO - Processing /Users/parthmac/Desktop/Projects/Flight Data Engineering/flight-env/lib/python3.12/site-packages/airflow/example_dags/example_trigger_target_dag.py took 0.043 seconds
[2025-09-02T17:43:45.978+0530] {processor.py:186} INFO - Started process (PID=31739) to work on /Users/parthmac/Desktop/Projects/Flight Data Engineering/flight-env/lib/python3.12/site-packages/airflow/example_dags/example_trigger_target_dag.py
[2025-09-02T17:43:45.978+0530] {processor.py:914} INFO - Processing file /Users/parthmac/Desktop/Projects/Flight Data Engineering/flight-env/lib/python3.12/site-packages/airflow/example_dags/example_trigger_target_dag.py for tasks to queue
[2025-09-02T17:43:45.979+0530] {logging_mixin.py:190} INFO - [2025-09-02T17:43:45.979+0530] {dagbag.py:588} INFO - Filling up the DagBag from /Users/parthmac/Desktop/Projects/Flight Data Engineering/flight-env/lib/python3.12/site-packages/airflow/example_dags/example_trigger_target_dag.py
[2025-09-02T17:43:45.990+0530] {processor.py:925} INFO - DAG(s) 'example_trigger_target_dag' retrieved from /Users/parthmac/Desktop/Projects/Flight Data Engineering/flight-env/lib/python3.12/site-packages/airflow/example_dags/example_trigger_target_dag.py
[2025-09-02T17:43:46.013+0530] {logging_mixin.py:190} INFO - [2025-09-02T17:43:46.013+0530] {dag.py:3239} INFO - Sync 1 DAGs
[2025-09-02T17:43:46.016+0530] {logging_mixin.py:190} INFO - [2025-09-02T17:43:46.016+0530] {dag.py:4180} INFO - Setting next_dagrun for example_trigger_target_dag to None, run_after=None
[2025-09-02T17:43:46.021+0530] {processor.py:208} INFO - Processing /Users/parthmac/Desktop/Projects/Flight Data Engineering/flight-env/lib/python3.12/site-packages/airflow/example_dags/example_trigger_target_dag.py took 0.044 seconds
[2025-09-02T17:46:46.602+0530] {processor.py:186} INFO - Started process (PID=32577) to work on /Users/parthmac/Desktop/Projects/Flight Data Engineering/flight-env/lib/python3.12/site-packages/airflow/example_dags/example_trigger_target_dag.py
[2025-09-02T17:46:46.602+0530] {processor.py:914} INFO - Processing file /Users/parthmac/Desktop/Projects/Flight Data Engineering/flight-env/lib/python3.12/site-packages/airflow/example_dags/example_trigger_target_dag.py for tasks to queue
[2025-09-02T17:46:46.602+0530] {logging_mixin.py:190} INFO - [2025-09-02T17:46:46.602+0530] {dagbag.py:588} INFO - Filling up the DagBag from /Users/parthmac/Desktop/Projects/Flight Data Engineering/flight-env/lib/python3.12/site-packages/airflow/example_dags/example_trigger_target_dag.py
[2025-09-02T17:46:46.613+0530] {processor.py:925} INFO - DAG(s) 'example_trigger_target_dag' retrieved from /Users/parthmac/Desktop/Projects/Flight Data Engineering/flight-env/lib/python3.12/site-packages/airflow/example_dags/example_trigger_target_dag.py
[2025-09-02T17:46:46.637+0530] {logging_mixin.py:190} INFO - [2025-09-02T17:46:46.636+0530] {dag.py:3239} INFO - Sync 1 DAGs
[2025-09-02T17:46:46.639+0530] {logging_mixin.py:190} INFO - [2025-09-02T17:46:46.639+0530] {dag.py:4180} INFO - Setting next_dagrun for example_trigger_target_dag to None, run_after=None
[2025-09-02T17:46:46.644+0530] {processor.py:208} INFO - Processing /Users/parthmac/Desktop/Projects/Flight Data Engineering/flight-env/lib/python3.12/site-packages/airflow/example_dags/example_trigger_target_dag.py took 0.043 seconds
[2025-09-02T17:48:11.657+0530] {processor.py:186} INFO - Started process (PID=32688) to work on /Users/parthmac/Desktop/Projects/Flight Data Engineering/flight-env/lib/python3.12/site-packages/airflow/example_dags/example_trigger_target_dag.py
[2025-09-02T17:48:11.658+0530] {processor.py:914} INFO - Processing file /Users/parthmac/Desktop/Projects/Flight Data Engineering/flight-env/lib/python3.12/site-packages/airflow/example_dags/example_trigger_target_dag.py for tasks to queue
[2025-09-02T17:48:11.658+0530] {logging_mixin.py:190} INFO - [2025-09-02T17:48:11.658+0530] {dagbag.py:588} INFO - Filling up the DagBag from /Users/parthmac/Desktop/Projects/Flight Data Engineering/flight-env/lib/python3.12/site-packages/airflow/example_dags/example_trigger_target_dag.py
[2025-09-02T17:48:11.669+0530] {processor.py:925} INFO - DAG(s) 'example_trigger_target_dag' retrieved from /Users/parthmac/Desktop/Projects/Flight Data Engineering/flight-env/lib/python3.12/site-packages/airflow/example_dags/example_trigger_target_dag.py
[2025-09-02T17:48:11.693+0530] {logging_mixin.py:190} INFO - [2025-09-02T17:48:11.693+0530] {dag.py:3239} INFO - Sync 1 DAGs
[2025-09-02T17:48:11.696+0530] {logging_mixin.py:190} INFO - [2025-09-02T17:48:11.695+0530] {dag.py:4180} INFO - Setting next_dagrun for example_trigger_target_dag to None, run_after=None
[2025-09-02T17:48:11.700+0530] {processor.py:208} INFO - Processing /Users/parthmac/Desktop/Projects/Flight Data Engineering/flight-env/lib/python3.12/site-packages/airflow/example_dags/example_trigger_target_dag.py took 0.044 seconds
[2025-09-02T17:49:04.565+0530] {processor.py:186} INFO - Started process (PID=32748) to work on /Users/parthmac/Desktop/Projects/Flight Data Engineering/flight-env/lib/python3.12/site-packages/airflow/example_dags/example_trigger_target_dag.py
[2025-09-02T17:49:04.565+0530] {processor.py:914} INFO - Processing file /Users/parthmac/Desktop/Projects/Flight Data Engineering/flight-env/lib/python3.12/site-packages/airflow/example_dags/example_trigger_target_dag.py for tasks to queue
[2025-09-02T17:49:04.565+0530] {logging_mixin.py:190} INFO - [2025-09-02T17:49:04.565+0530] {dagbag.py:588} INFO - Filling up the DagBag from /Users/parthmac/Desktop/Projects/Flight Data Engineering/flight-env/lib/python3.12/site-packages/airflow/example_dags/example_trigger_target_dag.py
[2025-09-02T17:49:04.577+0530] {processor.py:925} INFO - DAG(s) 'example_trigger_target_dag' retrieved from /Users/parthmac/Desktop/Projects/Flight Data Engineering/flight-env/lib/python3.12/site-packages/airflow/example_dags/example_trigger_target_dag.py
[2025-09-02T17:49:04.602+0530] {logging_mixin.py:190} INFO - [2025-09-02T17:49:04.602+0530] {dag.py:3239} INFO - Sync 1 DAGs
[2025-09-02T17:49:04.605+0530] {logging_mixin.py:190} INFO - [2025-09-02T17:49:04.605+0530] {dag.py:4180} INFO - Setting next_dagrun for example_trigger_target_dag to None, run_after=None
[2025-09-02T17:49:04.610+0530] {processor.py:208} INFO - Processing /Users/parthmac/Desktop/Projects/Flight Data Engineering/flight-env/lib/python3.12/site-packages/airflow/example_dags/example_trigger_target_dag.py took 0.046 seconds
[2025-09-02T17:49:59.384+0530] {processor.py:186} INFO - Started process (PID=33023) to work on /Users/parthmac/Desktop/Projects/Flight Data Engineering/flight-env/lib/python3.12/site-packages/airflow/example_dags/example_trigger_target_dag.py
[2025-09-02T17:49:59.385+0530] {processor.py:914} INFO - Processing file /Users/parthmac/Desktop/Projects/Flight Data Engineering/flight-env/lib/python3.12/site-packages/airflow/example_dags/example_trigger_target_dag.py for tasks to queue
[2025-09-02T17:49:59.385+0530] {logging_mixin.py:190} INFO - [2025-09-02T17:49:59.385+0530] {dagbag.py:588} INFO - Filling up the DagBag from /Users/parthmac/Desktop/Projects/Flight Data Engineering/flight-env/lib/python3.12/site-packages/airflow/example_dags/example_trigger_target_dag.py
[2025-09-02T17:49:59.396+0530] {processor.py:925} INFO - DAG(s) 'example_trigger_target_dag' retrieved from /Users/parthmac/Desktop/Projects/Flight Data Engineering/flight-env/lib/python3.12/site-packages/airflow/example_dags/example_trigger_target_dag.py
[2025-09-02T17:49:59.420+0530] {logging_mixin.py:190} INFO - [2025-09-02T17:49:59.420+0530] {dag.py:3239} INFO - Sync 1 DAGs
[2025-09-02T17:49:59.423+0530] {logging_mixin.py:190} INFO - [2025-09-02T17:49:59.423+0530] {dag.py:4180} INFO - Setting next_dagrun for example_trigger_target_dag to None, run_after=None
[2025-09-02T17:49:59.428+0530] {processor.py:208} INFO - Processing /Users/parthmac/Desktop/Projects/Flight Data Engineering/flight-env/lib/python3.12/site-packages/airflow/example_dags/example_trigger_target_dag.py took 0.044 seconds
[2025-09-02T17:51:49.788+0530] {processor.py:186} INFO - Started process (PID=33274) to work on /Users/parthmac/Desktop/Projects/Flight Data Engineering/flight-env/lib/python3.12/site-packages/airflow/example_dags/example_trigger_target_dag.py
[2025-09-02T17:51:49.788+0530] {processor.py:914} INFO - Processing file /Users/parthmac/Desktop/Projects/Flight Data Engineering/flight-env/lib/python3.12/site-packages/airflow/example_dags/example_trigger_target_dag.py for tasks to queue
[2025-09-02T17:51:49.789+0530] {logging_mixin.py:190} INFO - [2025-09-02T17:51:49.789+0530] {dagbag.py:588} INFO - Filling up the DagBag from /Users/parthmac/Desktop/Projects/Flight Data Engineering/flight-env/lib/python3.12/site-packages/airflow/example_dags/example_trigger_target_dag.py
[2025-09-02T17:51:49.800+0530] {processor.py:925} INFO - DAG(s) 'example_trigger_target_dag' retrieved from /Users/parthmac/Desktop/Projects/Flight Data Engineering/flight-env/lib/python3.12/site-packages/airflow/example_dags/example_trigger_target_dag.py
[2025-09-02T17:51:49.825+0530] {logging_mixin.py:190} INFO - [2025-09-02T17:51:49.825+0530] {dag.py:3239} INFO - Sync 1 DAGs
[2025-09-02T17:51:49.827+0530] {logging_mixin.py:190} INFO - [2025-09-02T17:51:49.827+0530] {dag.py:4180} INFO - Setting next_dagrun for example_trigger_target_dag to None, run_after=None
[2025-09-02T17:51:49.832+0530] {processor.py:208} INFO - Processing /Users/parthmac/Desktop/Projects/Flight Data Engineering/flight-env/lib/python3.12/site-packages/airflow/example_dags/example_trigger_target_dag.py took 0.045 seconds
[2025-09-02T17:54:25.828+0530] {processor.py:186} INFO - Started process (PID=34765) to work on /Users/parthmac/Desktop/Projects/Flight Data Engineering/flight-env/lib/python3.12/site-packages/airflow/example_dags/example_trigger_target_dag.py
[2025-09-02T17:54:25.828+0530] {processor.py:914} INFO - Processing file /Users/parthmac/Desktop/Projects/Flight Data Engineering/flight-env/lib/python3.12/site-packages/airflow/example_dags/example_trigger_target_dag.py for tasks to queue
[2025-09-02T17:54:25.829+0530] {logging_mixin.py:190} INFO - [2025-09-02T17:54:25.829+0530] {dagbag.py:588} INFO - Filling up the DagBag from /Users/parthmac/Desktop/Projects/Flight Data Engineering/flight-env/lib/python3.12/site-packages/airflow/example_dags/example_trigger_target_dag.py
[2025-09-02T17:54:25.841+0530] {processor.py:925} INFO - DAG(s) 'example_trigger_target_dag' retrieved from /Users/parthmac/Desktop/Projects/Flight Data Engineering/flight-env/lib/python3.12/site-packages/airflow/example_dags/example_trigger_target_dag.py
[2025-09-02T17:54:25.866+0530] {logging_mixin.py:190} INFO - [2025-09-02T17:54:25.866+0530] {dag.py:3239} INFO - Sync 1 DAGs
[2025-09-02T17:54:25.869+0530] {logging_mixin.py:190} INFO - [2025-09-02T17:54:25.869+0530] {dag.py:4180} INFO - Setting next_dagrun for example_trigger_target_dag to None, run_after=None
[2025-09-02T17:54:25.874+0530] {processor.py:208} INFO - Processing /Users/parthmac/Desktop/Projects/Flight Data Engineering/flight-env/lib/python3.12/site-packages/airflow/example_dags/example_trigger_target_dag.py took 0.047 seconds
