[2025-09-02T16:58:11.328+0530] {processor.py:186} INFO - Started process (PID=26366) to work on /Users/parthmac/Desktop/Projects/Flight Data Engineering/flight-env/lib/python3.12/site-packages/airflow/example_dags/example_kubernetes_executor.py
[2025-09-02T16:58:11.329+0530] {processor.py:914} INFO - Processing file /Users/parthmac/Desktop/Projects/Flight Data Engineering/flight-env/lib/python3.12/site-packages/airflow/example_dags/example_kubernetes_executor.py for tasks to queue
[2025-09-02T16:58:11.329+0530] {logging_mixin.py:190} INFO - [2025-09-02T16:58:11.329+0530] {dagbag.py:588} INFO - Filling up the DagBag from /Users/parthmac/Desktop/Projects/Flight Data Engineering/flight-env/lib/python3.12/site-packages/airflow/example_dags/example_kubernetes_executor.py
[2025-09-02T16:58:11.342+0530] {logging_mixin.py:190} INFO - [2025-09-02T16:58:11.342+0530] {example_kubernetes_executor.py:39} WARNING - The example_kubernetes_executor example DAG requires the kubernetes provider. Please install it with: pip install apache-airflow[cncf.kubernetes]
[2025-09-02T16:58:11.342+0530] {processor.py:927} WARNING - No viable dags retrieved from /Users/parthmac/Desktop/Projects/Flight Data Engineering/flight-env/lib/python3.12/site-packages/airflow/example_dags/example_kubernetes_executor.py
[2025-09-02T16:58:11.365+0530] {processor.py:208} INFO - Processing /Users/parthmac/Desktop/Projects/Flight Data Engineering/flight-env/lib/python3.12/site-packages/airflow/example_dags/example_kubernetes_executor.py took 0.038 seconds
[2025-09-02T16:59:39.307+0530] {processor.py:186} INFO - Started process (PID=26460) to work on /Users/parthmac/Desktop/Projects/Flight Data Engineering/flight-env/lib/python3.12/site-packages/airflow/example_dags/example_kubernetes_executor.py
[2025-09-02T16:59:39.307+0530] {processor.py:914} INFO - Processing file /Users/parthmac/Desktop/Projects/Flight Data Engineering/flight-env/lib/python3.12/site-packages/airflow/example_dags/example_kubernetes_executor.py for tasks to queue
[2025-09-02T16:59:39.307+0530] {logging_mixin.py:190} INFO - [2025-09-02T16:59:39.307+0530] {dagbag.py:588} INFO - Filling up the DagBag from /Users/parthmac/Desktop/Projects/Flight Data Engineering/flight-env/lib/python3.12/site-packages/airflow/example_dags/example_kubernetes_executor.py
[2025-09-02T16:59:39.318+0530] {logging_mixin.py:190} INFO - [2025-09-02T16:59:39.318+0530] {example_kubernetes_executor.py:39} WARNING - The example_kubernetes_executor example DAG requires the kubernetes provider. Please install it with: pip install apache-airflow[cncf.kubernetes]
[2025-09-02T16:59:39.319+0530] {processor.py:927} WARNING - No viable dags retrieved from /Users/parthmac/Desktop/Projects/Flight Data Engineering/flight-env/lib/python3.12/site-packages/airflow/example_dags/example_kubernetes_executor.py
[2025-09-02T16:59:39.340+0530] {processor.py:208} INFO - Processing /Users/parthmac/Desktop/Projects/Flight Data Engineering/flight-env/lib/python3.12/site-packages/airflow/example_dags/example_kubernetes_executor.py took 0.035 seconds
[2025-09-02T17:06:01.255+0530] {processor.py:186} INFO - Started process (PID=27629) to work on /Users/parthmac/Desktop/Projects/Flight Data Engineering/flight-env/lib/python3.12/site-packages/airflow/example_dags/example_kubernetes_executor.py
[2025-09-02T17:06:01.256+0530] {processor.py:914} INFO - Processing file /Users/parthmac/Desktop/Projects/Flight Data Engineering/flight-env/lib/python3.12/site-packages/airflow/example_dags/example_kubernetes_executor.py for tasks to queue
[2025-09-02T17:06:01.256+0530] {logging_mixin.py:190} INFO - [2025-09-02T17:06:01.256+0530] {dagbag.py:588} INFO - Filling up the DagBag from /Users/parthmac/Desktop/Projects/Flight Data Engineering/flight-env/lib/python3.12/site-packages/airflow/example_dags/example_kubernetes_executor.py
[2025-09-02T17:06:01.267+0530] {logging_mixin.py:190} INFO - [2025-09-02T17:06:01.266+0530] {example_kubernetes_executor.py:39} WARNING - The example_kubernetes_executor example DAG requires the kubernetes provider. Please install it with: pip install apache-airflow[cncf.kubernetes]
[2025-09-02T17:06:01.267+0530] {processor.py:927} WARNING - No viable dags retrieved from /Users/parthmac/Desktop/Projects/Flight Data Engineering/flight-env/lib/python3.12/site-packages/airflow/example_dags/example_kubernetes_executor.py
[2025-09-02T17:06:01.288+0530] {processor.py:208} INFO - Processing /Users/parthmac/Desktop/Projects/Flight Data Engineering/flight-env/lib/python3.12/site-packages/airflow/example_dags/example_kubernetes_executor.py took 0.034 seconds
[2025-09-02T17:07:48.676+0530] {processor.py:186} INFO - Started process (PID=27749) to work on /Users/parthmac/Desktop/Projects/Flight Data Engineering/flight-env/lib/python3.12/site-packages/airflow/example_dags/example_kubernetes_executor.py
[2025-09-02T17:07:48.677+0530] {processor.py:914} INFO - Processing file /Users/parthmac/Desktop/Projects/Flight Data Engineering/flight-env/lib/python3.12/site-packages/airflow/example_dags/example_kubernetes_executor.py for tasks to queue
[2025-09-02T17:07:48.677+0530] {logging_mixin.py:190} INFO - [2025-09-02T17:07:48.677+0530] {dagbag.py:588} INFO - Filling up the DagBag from /Users/parthmac/Desktop/Projects/Flight Data Engineering/flight-env/lib/python3.12/site-packages/airflow/example_dags/example_kubernetes_executor.py
[2025-09-02T17:07:48.688+0530] {logging_mixin.py:190} INFO - [2025-09-02T17:07:48.688+0530] {example_kubernetes_executor.py:39} WARNING - The example_kubernetes_executor example DAG requires the kubernetes provider. Please install it with: pip install apache-airflow[cncf.kubernetes]
[2025-09-02T17:07:48.688+0530] {processor.py:927} WARNING - No viable dags retrieved from /Users/parthmac/Desktop/Projects/Flight Data Engineering/flight-env/lib/python3.12/site-packages/airflow/example_dags/example_kubernetes_executor.py
[2025-09-02T17:07:48.710+0530] {processor.py:208} INFO - Processing /Users/parthmac/Desktop/Projects/Flight Data Engineering/flight-env/lib/python3.12/site-packages/airflow/example_dags/example_kubernetes_executor.py took 0.035 seconds
[2025-09-02T17:42:58.948+0530] {processor.py:186} INFO - Started process (PID=31694) to work on /Users/parthmac/Desktop/Projects/Flight Data Engineering/flight-env/lib/python3.12/site-packages/airflow/example_dags/example_kubernetes_executor.py
[2025-09-02T17:42:58.948+0530] {processor.py:914} INFO - Processing file /Users/parthmac/Desktop/Projects/Flight Data Engineering/flight-env/lib/python3.12/site-packages/airflow/example_dags/example_kubernetes_executor.py for tasks to queue
[2025-09-02T17:42:58.948+0530] {logging_mixin.py:190} INFO - [2025-09-02T17:42:58.948+0530] {dagbag.py:588} INFO - Filling up the DagBag from /Users/parthmac/Desktop/Projects/Flight Data Engineering/flight-env/lib/python3.12/site-packages/airflow/example_dags/example_kubernetes_executor.py
[2025-09-02T17:42:58.959+0530] {logging_mixin.py:190} INFO - [2025-09-02T17:42:58.959+0530] {example_kubernetes_executor.py:39} WARNING - The example_kubernetes_executor example DAG requires the kubernetes provider. Please install it with: pip install apache-airflow[cncf.kubernetes]
[2025-09-02T17:42:58.959+0530] {processor.py:927} WARNING - No viable dags retrieved from /Users/parthmac/Desktop/Projects/Flight Data Engineering/flight-env/lib/python3.12/site-packages/airflow/example_dags/example_kubernetes_executor.py
[2025-09-02T17:42:58.981+0530] {processor.py:208} INFO - Processing /Users/parthmac/Desktop/Projects/Flight Data Engineering/flight-env/lib/python3.12/site-packages/airflow/example_dags/example_kubernetes_executor.py took 0.034 seconds
[2025-09-02T17:47:22.703+0530] {processor.py:186} INFO - Started process (PID=32649) to work on /Users/parthmac/Desktop/Projects/Flight Data Engineering/flight-env/lib/python3.12/site-packages/airflow/example_dags/example_kubernetes_executor.py
[2025-09-02T17:47:22.704+0530] {processor.py:914} INFO - Processing file /Users/parthmac/Desktop/Projects/Flight Data Engineering/flight-env/lib/python3.12/site-packages/airflow/example_dags/example_kubernetes_executor.py for tasks to queue
[2025-09-02T17:47:22.704+0530] {logging_mixin.py:190} INFO - [2025-09-02T17:47:22.704+0530] {dagbag.py:588} INFO - Filling up the DagBag from /Users/parthmac/Desktop/Projects/Flight Data Engineering/flight-env/lib/python3.12/site-packages/airflow/example_dags/example_kubernetes_executor.py
[2025-09-02T17:47:22.714+0530] {logging_mixin.py:190} INFO - [2025-09-02T17:47:22.714+0530] {example_kubernetes_executor.py:39} WARNING - The example_kubernetes_executor example DAG requires the kubernetes provider. Please install it with: pip install apache-airflow[cncf.kubernetes]
[2025-09-02T17:47:22.714+0530] {processor.py:927} WARNING - No viable dags retrieved from /Users/parthmac/Desktop/Projects/Flight Data Engineering/flight-env/lib/python3.12/site-packages/airflow/example_dags/example_kubernetes_executor.py
[2025-09-02T17:47:22.736+0530] {processor.py:208} INFO - Processing /Users/parthmac/Desktop/Projects/Flight Data Engineering/flight-env/lib/python3.12/site-packages/airflow/example_dags/example_kubernetes_executor.py took 0.033 seconds
[2025-09-02T17:49:11.149+0530] {processor.py:186} INFO - Started process (PID=32752) to work on /Users/parthmac/Desktop/Projects/Flight Data Engineering/flight-env/lib/python3.12/site-packages/airflow/example_dags/example_kubernetes_executor.py
[2025-09-02T17:49:11.149+0530] {processor.py:914} INFO - Processing file /Users/parthmac/Desktop/Projects/Flight Data Engineering/flight-env/lib/python3.12/site-packages/airflow/example_dags/example_kubernetes_executor.py for tasks to queue
[2025-09-02T17:49:11.149+0530] {logging_mixin.py:190} INFO - [2025-09-02T17:49:11.149+0530] {dagbag.py:588} INFO - Filling up the DagBag from /Users/parthmac/Desktop/Projects/Flight Data Engineering/flight-env/lib/python3.12/site-packages/airflow/example_dags/example_kubernetes_executor.py
[2025-09-02T17:49:11.160+0530] {logging_mixin.py:190} INFO - [2025-09-02T17:49:11.160+0530] {example_kubernetes_executor.py:39} WARNING - The example_kubernetes_executor example DAG requires the kubernetes provider. Please install it with: pip install apache-airflow[cncf.kubernetes]
[2025-09-02T17:49:11.160+0530] {processor.py:927} WARNING - No viable dags retrieved from /Users/parthmac/Desktop/Projects/Flight Data Engineering/flight-env/lib/python3.12/site-packages/airflow/example_dags/example_kubernetes_executor.py
[2025-09-02T17:49:11.182+0530] {processor.py:208} INFO - Processing /Users/parthmac/Desktop/Projects/Flight Data Engineering/flight-env/lib/python3.12/site-packages/airflow/example_dags/example_kubernetes_executor.py took 0.034 seconds
[2025-09-02T17:50:52.378+0530] {processor.py:186} INFO - Started process (PID=33187) to work on /Users/parthmac/Desktop/Projects/Flight Data Engineering/flight-env/lib/python3.12/site-packages/airflow/example_dags/example_kubernetes_executor.py
[2025-09-02T17:50:52.379+0530] {processor.py:914} INFO - Processing file /Users/parthmac/Desktop/Projects/Flight Data Engineering/flight-env/lib/python3.12/site-packages/airflow/example_dags/example_kubernetes_executor.py for tasks to queue
[2025-09-02T17:50:52.379+0530] {logging_mixin.py:190} INFO - [2025-09-02T17:50:52.379+0530] {dagbag.py:588} INFO - Filling up the DagBag from /Users/parthmac/Desktop/Projects/Flight Data Engineering/flight-env/lib/python3.12/site-packages/airflow/example_dags/example_kubernetes_executor.py
[2025-09-02T17:50:52.390+0530] {logging_mixin.py:190} INFO - [2025-09-02T17:50:52.390+0530] {example_kubernetes_executor.py:39} WARNING - The example_kubernetes_executor example DAG requires the kubernetes provider. Please install it with: pip install apache-airflow[cncf.kubernetes]
[2025-09-02T17:50:52.390+0530] {processor.py:927} WARNING - No viable dags retrieved from /Users/parthmac/Desktop/Projects/Flight Data Engineering/flight-env/lib/python3.12/site-packages/airflow/example_dags/example_kubernetes_executor.py
[2025-09-02T17:50:52.411+0530] {processor.py:208} INFO - Processing /Users/parthmac/Desktop/Projects/Flight Data Engineering/flight-env/lib/python3.12/site-packages/airflow/example_dags/example_kubernetes_executor.py took 0.034 seconds
