[2025-09-02T16:57:24.587+0530] {processor.py:186} INFO - Started process (PID=26318) to work on /Users/parthmac/Desktop/Projects/Flight Data Engineering/flight-env/lib/python3.12/site-packages/airflow/example_dags/example_xcomargs.py
[2025-09-02T16:57:24.587+0530] {processor.py:914} INFO - Processing file /Users/parthmac/Desktop/Projects/Flight Data Engineering/flight-env/lib/python3.12/site-packages/airflow/example_dags/example_xcomargs.py for tasks to queue
[2025-09-02T16:57:24.587+0530] {logging_mixin.py:190} INFO - [2025-09-02T16:57:24.587+0530] {dagbag.py:588} INFO - Filling up the DagBag from /Users/parthmac/Desktop/Projects/Flight Data Engineering/flight-env/lib/python3.12/site-packages/airflow/example_dags/example_xcomargs.py
[2025-09-02T16:57:24.600+0530] {processor.py:925} INFO - DAG(s) 'example_xcom_args', 'example_xcom_args_with_operators' retrieved from /Users/parthmac/Desktop/Projects/Flight Data Engineering/flight-env/lib/python3.12/site-packages/airflow/example_dags/example_xcomargs.py
[2025-09-02T16:57:24.669+0530] {logging_mixin.py:190} INFO - [2025-09-02T16:57:24.669+0530] {override.py:1900} INFO - Created Permission View: can read on DAG:example_xcom_args
[2025-09-02T16:57:24.671+0530] {logging_mixin.py:190} INFO - [2025-09-02T16:57:24.671+0530] {override.py:1900} INFO - Created Permission View: can edit on DAG:example_xcom_args
[2025-09-02T16:57:24.673+0530] {logging_mixin.py:190} INFO - [2025-09-02T16:57:24.673+0530] {override.py:1900} INFO - Created Permission View: can delete on DAG:example_xcom_args
[2025-09-02T16:57:24.675+0530] {logging_mixin.py:190} INFO - [2025-09-02T16:57:24.674+0530] {override.py:1900} INFO - Created Permission View: can read on DAG Run:example_xcom_args
[2025-09-02T16:57:24.676+0530] {logging_mixin.py:190} INFO - [2025-09-02T16:57:24.676+0530] {override.py:1900} INFO - Created Permission View: can create on DAG Run:example_xcom_args
[2025-09-02T16:57:24.677+0530] {logging_mixin.py:190} INFO - [2025-09-02T16:57:24.677+0530] {override.py:1900} INFO - Created Permission View: menu access on DAG Run:example_xcom_args
[2025-09-02T16:57:24.678+0530] {logging_mixin.py:190} INFO - [2025-09-02T16:57:24.678+0530] {override.py:1900} INFO - Created Permission View: can delete on DAG Run:example_xcom_args
[2025-09-02T16:57:24.682+0530] {logging_mixin.py:190} INFO - [2025-09-02T16:57:24.682+0530] {override.py:1900} INFO - Created Permission View: can read on DAG:example_xcom_args_with_operators
[2025-09-02T16:57:24.683+0530] {logging_mixin.py:190} INFO - [2025-09-02T16:57:24.683+0530] {override.py:1900} INFO - Created Permission View: can edit on DAG:example_xcom_args_with_operators
[2025-09-02T16:57:24.684+0530] {logging_mixin.py:190} INFO - [2025-09-02T16:57:24.684+0530] {override.py:1900} INFO - Created Permission View: can delete on DAG:example_xcom_args_with_operators
[2025-09-02T16:57:24.686+0530] {logging_mixin.py:190} INFO - [2025-09-02T16:57:24.686+0530] {override.py:1900} INFO - Created Permission View: can read on DAG Run:example_xcom_args_with_operators
[2025-09-02T16:57:24.687+0530] {logging_mixin.py:190} INFO - [2025-09-02T16:57:24.687+0530] {override.py:1900} INFO - Created Permission View: can create on DAG Run:example_xcom_args_with_operators
[2025-09-02T16:57:24.688+0530] {logging_mixin.py:190} INFO - [2025-09-02T16:57:24.688+0530] {override.py:1900} INFO - Created Permission View: menu access on DAG Run:example_xcom_args_with_operators
[2025-09-02T16:57:24.690+0530] {logging_mixin.py:190} INFO - [2025-09-02T16:57:24.690+0530] {override.py:1900} INFO - Created Permission View: can delete on DAG Run:example_xcom_args_with_operators
[2025-09-02T16:57:24.690+0530] {logging_mixin.py:190} INFO - [2025-09-02T16:57:24.690+0530] {dag.py:3239} INFO - Sync 2 DAGs
[2025-09-02T16:57:24.693+0530] {logging_mixin.py:190} INFO - [2025-09-02T16:57:24.693+0530] {dag.py:3262} INFO - Creating ORM DAG for example_xcom_args
[2025-09-02T16:57:24.693+0530] {logging_mixin.py:190} INFO - [2025-09-02T16:57:24.693+0530] {dag.py:3262} INFO - Creating ORM DAG for example_xcom_args_with_operators
[2025-09-02T16:57:24.693+0530] {logging_mixin.py:190} INFO - [2025-09-02T16:57:24.693+0530] {dag.py:4180} INFO - Setting next_dagrun for example_xcom_args to None, run_after=None
[2025-09-02T16:57:24.693+0530] {logging_mixin.py:190} INFO - [2025-09-02T16:57:24.693+0530] {dag.py:4180} INFO - Setting next_dagrun for example_xcom_args_with_operators to None, run_after=None
[2025-09-02T16:57:24.698+0530] {processor.py:208} INFO - Processing /Users/parthmac/Desktop/Projects/Flight Data Engineering/flight-env/lib/python3.12/site-packages/airflow/example_dags/example_xcomargs.py took 0.112 seconds
[2025-09-02T16:58:55.779+0530] {processor.py:186} INFO - Started process (PID=26400) to work on /Users/parthmac/Desktop/Projects/Flight Data Engineering/flight-env/lib/python3.12/site-packages/airflow/example_dags/example_xcomargs.py
[2025-09-02T16:58:55.780+0530] {processor.py:914} INFO - Processing file /Users/parthmac/Desktop/Projects/Flight Data Engineering/flight-env/lib/python3.12/site-packages/airflow/example_dags/example_xcomargs.py for tasks to queue
[2025-09-02T16:58:55.780+0530] {logging_mixin.py:190} INFO - [2025-09-02T16:58:55.780+0530] {dagbag.py:588} INFO - Filling up the DagBag from /Users/parthmac/Desktop/Projects/Flight Data Engineering/flight-env/lib/python3.12/site-packages/airflow/example_dags/example_xcomargs.py
[2025-09-02T16:58:55.792+0530] {processor.py:925} INFO - DAG(s) 'example_xcom_args', 'example_xcom_args_with_operators' retrieved from /Users/parthmac/Desktop/Projects/Flight Data Engineering/flight-env/lib/python3.12/site-packages/airflow/example_dags/example_xcomargs.py
[2025-09-02T16:58:55.817+0530] {logging_mixin.py:190} INFO - [2025-09-02T16:58:55.816+0530] {dag.py:3239} INFO - Sync 2 DAGs
[2025-09-02T16:58:55.819+0530] {logging_mixin.py:190} INFO - [2025-09-02T16:58:55.819+0530] {dag.py:4180} INFO - Setting next_dagrun for example_xcom_args to None, run_after=None
[2025-09-02T16:58:55.820+0530] {logging_mixin.py:190} INFO - [2025-09-02T16:58:55.820+0530] {dag.py:4180} INFO - Setting next_dagrun for example_xcom_args_with_operators to None, run_after=None
[2025-09-02T16:58:55.824+0530] {processor.py:208} INFO - Processing /Users/parthmac/Desktop/Projects/Flight Data Engineering/flight-env/lib/python3.12/site-packages/airflow/example_dags/example_xcomargs.py took 0.046 seconds
[2025-09-02T16:59:54.500+0530] {processor.py:186} INFO - Started process (PID=26475) to work on /Users/parthmac/Desktop/Projects/Flight Data Engineering/flight-env/lib/python3.12/site-packages/airflow/example_dags/example_xcomargs.py
[2025-09-02T16:59:54.501+0530] {processor.py:914} INFO - Processing file /Users/parthmac/Desktop/Projects/Flight Data Engineering/flight-env/lib/python3.12/site-packages/airflow/example_dags/example_xcomargs.py for tasks to queue
[2025-09-02T16:59:54.501+0530] {logging_mixin.py:190} INFO - [2025-09-02T16:59:54.501+0530] {dagbag.py:588} INFO - Filling up the DagBag from /Users/parthmac/Desktop/Projects/Flight Data Engineering/flight-env/lib/python3.12/site-packages/airflow/example_dags/example_xcomargs.py
[2025-09-02T16:59:54.514+0530] {processor.py:925} INFO - DAG(s) 'example_xcom_args', 'example_xcom_args_with_operators' retrieved from /Users/parthmac/Desktop/Projects/Flight Data Engineering/flight-env/lib/python3.12/site-packages/airflow/example_dags/example_xcomargs.py
[2025-09-02T16:59:54.540+0530] {logging_mixin.py:190} INFO - [2025-09-02T16:59:54.540+0530] {dag.py:3239} INFO - Sync 2 DAGs
[2025-09-02T16:59:54.543+0530] {logging_mixin.py:190} INFO - [2025-09-02T16:59:54.543+0530] {dag.py:4180} INFO - Setting next_dagrun for example_xcom_args to None, run_after=None
[2025-09-02T16:59:54.543+0530] {logging_mixin.py:190} INFO - [2025-09-02T16:59:54.543+0530] {dag.py:4180} INFO - Setting next_dagrun for example_xcom_args_with_operators to None, run_after=None
[2025-09-02T16:59:54.548+0530] {processor.py:208} INFO - Processing /Users/parthmac/Desktop/Projects/Flight Data Engineering/flight-env/lib/python3.12/site-packages/airflow/example_dags/example_xcomargs.py took 0.049 seconds
[2025-09-02T17:05:19.346+0530] {processor.py:186} INFO - Started process (PID=27582) to work on /Users/parthmac/Desktop/Projects/Flight Data Engineering/flight-env/lib/python3.12/site-packages/airflow/example_dags/example_xcomargs.py
[2025-09-02T17:05:19.347+0530] {processor.py:914} INFO - Processing file /Users/parthmac/Desktop/Projects/Flight Data Engineering/flight-env/lib/python3.12/site-packages/airflow/example_dags/example_xcomargs.py for tasks to queue
[2025-09-02T17:05:19.347+0530] {logging_mixin.py:190} INFO - [2025-09-02T17:05:19.347+0530] {dagbag.py:588} INFO - Filling up the DagBag from /Users/parthmac/Desktop/Projects/Flight Data Engineering/flight-env/lib/python3.12/site-packages/airflow/example_dags/example_xcomargs.py
[2025-09-02T17:05:19.358+0530] {processor.py:925} INFO - DAG(s) 'example_xcom_args', 'example_xcom_args_with_operators' retrieved from /Users/parthmac/Desktop/Projects/Flight Data Engineering/flight-env/lib/python3.12/site-packages/airflow/example_dags/example_xcomargs.py
[2025-09-02T17:05:19.382+0530] {logging_mixin.py:190} INFO - [2025-09-02T17:05:19.382+0530] {dag.py:3239} INFO - Sync 2 DAGs
[2025-09-02T17:05:19.385+0530] {logging_mixin.py:190} INFO - [2025-09-02T17:05:19.385+0530] {dag.py:4180} INFO - Setting next_dagrun for example_xcom_args to None, run_after=None
[2025-09-02T17:05:19.385+0530] {logging_mixin.py:190} INFO - [2025-09-02T17:05:19.385+0530] {dag.py:4180} INFO - Setting next_dagrun for example_xcom_args_with_operators to None, run_after=None
[2025-09-02T17:05:19.390+0530] {processor.py:208} INFO - Processing /Users/parthmac/Desktop/Projects/Flight Data Engineering/flight-env/lib/python3.12/site-packages/airflow/example_dags/example_xcomargs.py took 0.044 seconds
[2025-09-02T17:06:43.637+0530] {processor.py:186} INFO - Started process (PID=27662) to work on /Users/parthmac/Desktop/Projects/Flight Data Engineering/flight-env/lib/python3.12/site-packages/airflow/example_dags/example_xcomargs.py
[2025-09-02T17:06:43.638+0530] {processor.py:914} INFO - Processing file /Users/parthmac/Desktop/Projects/Flight Data Engineering/flight-env/lib/python3.12/site-packages/airflow/example_dags/example_xcomargs.py for tasks to queue
[2025-09-02T17:06:43.638+0530] {logging_mixin.py:190} INFO - [2025-09-02T17:06:43.638+0530] {dagbag.py:588} INFO - Filling up the DagBag from /Users/parthmac/Desktop/Projects/Flight Data Engineering/flight-env/lib/python3.12/site-packages/airflow/example_dags/example_xcomargs.py
[2025-09-02T17:06:43.650+0530] {processor.py:925} INFO - DAG(s) 'example_xcom_args', 'example_xcom_args_with_operators' retrieved from /Users/parthmac/Desktop/Projects/Flight Data Engineering/flight-env/lib/python3.12/site-packages/airflow/example_dags/example_xcomargs.py
[2025-09-02T17:06:43.675+0530] {logging_mixin.py:190} INFO - [2025-09-02T17:06:43.675+0530] {dag.py:3239} INFO - Sync 2 DAGs
[2025-09-02T17:06:43.678+0530] {logging_mixin.py:190} INFO - [2025-09-02T17:06:43.678+0530] {dag.py:4180} INFO - Setting next_dagrun for example_xcom_args to None, run_after=None
[2025-09-02T17:06:43.679+0530] {logging_mixin.py:190} INFO - [2025-09-02T17:06:43.679+0530] {dag.py:4180} INFO - Setting next_dagrun for example_xcom_args_with_operators to None, run_after=None
[2025-09-02T17:06:43.683+0530] {processor.py:208} INFO - Processing /Users/parthmac/Desktop/Projects/Flight Data Engineering/flight-env/lib/python3.12/site-packages/airflow/example_dags/example_xcomargs.py took 0.047 seconds
[2025-09-02T17:07:37.971+0530] {processor.py:186} INFO - Started process (PID=27739) to work on /Users/parthmac/Desktop/Projects/Flight Data Engineering/flight-env/lib/python3.12/site-packages/airflow/example_dags/example_xcomargs.py
[2025-09-02T17:07:37.972+0530] {processor.py:914} INFO - Processing file /Users/parthmac/Desktop/Projects/Flight Data Engineering/flight-env/lib/python3.12/site-packages/airflow/example_dags/example_xcomargs.py for tasks to queue
[2025-09-02T17:07:37.973+0530] {logging_mixin.py:190} INFO - [2025-09-02T17:07:37.972+0530] {dagbag.py:588} INFO - Filling up the DagBag from /Users/parthmac/Desktop/Projects/Flight Data Engineering/flight-env/lib/python3.12/site-packages/airflow/example_dags/example_xcomargs.py
[2025-09-02T17:07:37.984+0530] {processor.py:925} INFO - DAG(s) 'example_xcom_args_with_operators', 'example_xcom_args' retrieved from /Users/parthmac/Desktop/Projects/Flight Data Engineering/flight-env/lib/python3.12/site-packages/airflow/example_dags/example_xcomargs.py
[2025-09-02T17:07:38.008+0530] {logging_mixin.py:190} INFO - [2025-09-02T17:07:38.008+0530] {dag.py:3239} INFO - Sync 2 DAGs
[2025-09-02T17:07:38.011+0530] {logging_mixin.py:190} INFO - [2025-09-02T17:07:38.011+0530] {dag.py:4180} INFO - Setting next_dagrun for example_xcom_args to None, run_after=None
[2025-09-02T17:07:38.012+0530] {logging_mixin.py:190} INFO - [2025-09-02T17:07:38.012+0530] {dag.py:4180} INFO - Setting next_dagrun for example_xcom_args_with_operators to None, run_after=None
[2025-09-02T17:07:38.016+0530] {processor.py:208} INFO - Processing /Users/parthmac/Desktop/Projects/Flight Data Engineering/flight-env/lib/python3.12/site-packages/airflow/example_dags/example_xcomargs.py took 0.045 seconds
[2025-09-02T17:42:17.068+0530] {processor.py:186} INFO - Started process (PID=31583) to work on /Users/parthmac/Desktop/Projects/Flight Data Engineering/flight-env/lib/python3.12/site-packages/airflow/example_dags/example_xcomargs.py
[2025-09-02T17:42:17.068+0530] {processor.py:914} INFO - Processing file /Users/parthmac/Desktop/Projects/Flight Data Engineering/flight-env/lib/python3.12/site-packages/airflow/example_dags/example_xcomargs.py for tasks to queue
[2025-09-02T17:42:17.068+0530] {logging_mixin.py:190} INFO - [2025-09-02T17:42:17.068+0530] {dagbag.py:588} INFO - Filling up the DagBag from /Users/parthmac/Desktop/Projects/Flight Data Engineering/flight-env/lib/python3.12/site-packages/airflow/example_dags/example_xcomargs.py
[2025-09-02T17:42:17.079+0530] {processor.py:925} INFO - DAG(s) 'example_xcom_args_with_operators', 'example_xcom_args' retrieved from /Users/parthmac/Desktop/Projects/Flight Data Engineering/flight-env/lib/python3.12/site-packages/airflow/example_dags/example_xcomargs.py
[2025-09-02T17:42:17.103+0530] {logging_mixin.py:190} INFO - [2025-09-02T17:42:17.103+0530] {dag.py:3239} INFO - Sync 2 DAGs
[2025-09-02T17:42:17.106+0530] {logging_mixin.py:190} INFO - [2025-09-02T17:42:17.106+0530] {dag.py:4180} INFO - Setting next_dagrun for example_xcom_args to None, run_after=None
[2025-09-02T17:42:17.107+0530] {logging_mixin.py:190} INFO - [2025-09-02T17:42:17.107+0530] {dag.py:4180} INFO - Setting next_dagrun for example_xcom_args_with_operators to None, run_after=None
[2025-09-02T17:42:17.111+0530] {processor.py:208} INFO - Processing /Users/parthmac/Desktop/Projects/Flight Data Engineering/flight-env/lib/python3.12/site-packages/airflow/example_dags/example_xcomargs.py took 0.044 seconds
[2025-09-02T17:43:40.889+0530] {processor.py:186} INFO - Started process (PID=31736) to work on /Users/parthmac/Desktop/Projects/Flight Data Engineering/flight-env/lib/python3.12/site-packages/airflow/example_dags/example_xcomargs.py
[2025-09-02T17:43:40.889+0530] {processor.py:914} INFO - Processing file /Users/parthmac/Desktop/Projects/Flight Data Engineering/flight-env/lib/python3.12/site-packages/airflow/example_dags/example_xcomargs.py for tasks to queue
[2025-09-02T17:43:40.889+0530] {logging_mixin.py:190} INFO - [2025-09-02T17:43:40.889+0530] {dagbag.py:588} INFO - Filling up the DagBag from /Users/parthmac/Desktop/Projects/Flight Data Engineering/flight-env/lib/python3.12/site-packages/airflow/example_dags/example_xcomargs.py
[2025-09-02T17:43:40.901+0530] {processor.py:925} INFO - DAG(s) 'example_xcom_args', 'example_xcom_args_with_operators' retrieved from /Users/parthmac/Desktop/Projects/Flight Data Engineering/flight-env/lib/python3.12/site-packages/airflow/example_dags/example_xcomargs.py
[2025-09-02T17:43:40.925+0530] {logging_mixin.py:190} INFO - [2025-09-02T17:43:40.925+0530] {dag.py:3239} INFO - Sync 2 DAGs
[2025-09-02T17:43:40.928+0530] {logging_mixin.py:190} INFO - [2025-09-02T17:43:40.928+0530] {dag.py:4180} INFO - Setting next_dagrun for example_xcom_args to None, run_after=None
[2025-09-02T17:43:40.929+0530] {logging_mixin.py:190} INFO - [2025-09-02T17:43:40.929+0530] {dag.py:4180} INFO - Setting next_dagrun for example_xcom_args_with_operators to None, run_after=None
[2025-09-02T17:43:40.933+0530] {processor.py:208} INFO - Processing /Users/parthmac/Desktop/Projects/Flight Data Engineering/flight-env/lib/python3.12/site-packages/airflow/example_dags/example_xcomargs.py took 0.045 seconds
[2025-09-02T17:46:41.333+0530] {processor.py:186} INFO - Started process (PID=32574) to work on /Users/parthmac/Desktop/Projects/Flight Data Engineering/flight-env/lib/python3.12/site-packages/airflow/example_dags/example_xcomargs.py
[2025-09-02T17:46:41.333+0530] {processor.py:914} INFO - Processing file /Users/parthmac/Desktop/Projects/Flight Data Engineering/flight-env/lib/python3.12/site-packages/airflow/example_dags/example_xcomargs.py for tasks to queue
[2025-09-02T17:46:41.334+0530] {logging_mixin.py:190} INFO - [2025-09-02T17:46:41.333+0530] {dagbag.py:588} INFO - Filling up the DagBag from /Users/parthmac/Desktop/Projects/Flight Data Engineering/flight-env/lib/python3.12/site-packages/airflow/example_dags/example_xcomargs.py
[2025-09-02T17:46:41.345+0530] {processor.py:925} INFO - DAG(s) 'example_xcom_args', 'example_xcom_args_with_operators' retrieved from /Users/parthmac/Desktop/Projects/Flight Data Engineering/flight-env/lib/python3.12/site-packages/airflow/example_dags/example_xcomargs.py
[2025-09-02T17:46:41.369+0530] {logging_mixin.py:190} INFO - [2025-09-02T17:46:41.369+0530] {dag.py:3239} INFO - Sync 2 DAGs
[2025-09-02T17:46:41.372+0530] {logging_mixin.py:190} INFO - [2025-09-02T17:46:41.372+0530] {dag.py:4180} INFO - Setting next_dagrun for example_xcom_args to None, run_after=None
[2025-09-02T17:46:41.372+0530] {logging_mixin.py:190} INFO - [2025-09-02T17:46:41.372+0530] {dag.py:4180} INFO - Setting next_dagrun for example_xcom_args_with_operators to None, run_after=None
[2025-09-02T17:46:41.377+0530] {processor.py:208} INFO - Processing /Users/parthmac/Desktop/Projects/Flight Data Engineering/flight-env/lib/python3.12/site-packages/airflow/example_dags/example_xcomargs.py took 0.044 seconds
[2025-09-02T17:48:06.524+0530] {processor.py:186} INFO - Started process (PID=32685) to work on /Users/parthmac/Desktop/Projects/Flight Data Engineering/flight-env/lib/python3.12/site-packages/airflow/example_dags/example_xcomargs.py
[2025-09-02T17:48:06.525+0530] {processor.py:914} INFO - Processing file /Users/parthmac/Desktop/Projects/Flight Data Engineering/flight-env/lib/python3.12/site-packages/airflow/example_dags/example_xcomargs.py for tasks to queue
[2025-09-02T17:48:06.525+0530] {logging_mixin.py:190} INFO - [2025-09-02T17:48:06.525+0530] {dagbag.py:588} INFO - Filling up the DagBag from /Users/parthmac/Desktop/Projects/Flight Data Engineering/flight-env/lib/python3.12/site-packages/airflow/example_dags/example_xcomargs.py
[2025-09-02T17:48:06.538+0530] {processor.py:925} INFO - DAG(s) 'example_xcom_args', 'example_xcom_args_with_operators' retrieved from /Users/parthmac/Desktop/Projects/Flight Data Engineering/flight-env/lib/python3.12/site-packages/airflow/example_dags/example_xcomargs.py
[2025-09-02T17:48:06.564+0530] {logging_mixin.py:190} INFO - [2025-09-02T17:48:06.564+0530] {dag.py:3239} INFO - Sync 2 DAGs
[2025-09-02T17:48:06.567+0530] {logging_mixin.py:190} INFO - [2025-09-02T17:48:06.567+0530] {dag.py:4180} INFO - Setting next_dagrun for example_xcom_args to None, run_after=None
[2025-09-02T17:48:06.568+0530] {logging_mixin.py:190} INFO - [2025-09-02T17:48:06.568+0530] {dag.py:4180} INFO - Setting next_dagrun for example_xcom_args_with_operators to None, run_after=None
[2025-09-02T17:48:06.572+0530] {processor.py:208} INFO - Processing /Users/parthmac/Desktop/Projects/Flight Data Engineering/flight-env/lib/python3.12/site-packages/airflow/example_dags/example_xcomargs.py took 0.049 seconds
[2025-09-02T17:48:59.431+0530] {processor.py:186} INFO - Started process (PID=32743) to work on /Users/parthmac/Desktop/Projects/Flight Data Engineering/flight-env/lib/python3.12/site-packages/airflow/example_dags/example_xcomargs.py
[2025-09-02T17:48:59.431+0530] {processor.py:914} INFO - Processing file /Users/parthmac/Desktop/Projects/Flight Data Engineering/flight-env/lib/python3.12/site-packages/airflow/example_dags/example_xcomargs.py for tasks to queue
[2025-09-02T17:48:59.432+0530] {logging_mixin.py:190} INFO - [2025-09-02T17:48:59.432+0530] {dagbag.py:588} INFO - Filling up the DagBag from /Users/parthmac/Desktop/Projects/Flight Data Engineering/flight-env/lib/python3.12/site-packages/airflow/example_dags/example_xcomargs.py
[2025-09-02T17:48:59.444+0530] {processor.py:925} INFO - DAG(s) 'example_xcom_args_with_operators', 'example_xcom_args' retrieved from /Users/parthmac/Desktop/Projects/Flight Data Engineering/flight-env/lib/python3.12/site-packages/airflow/example_dags/example_xcomargs.py
[2025-09-02T17:48:59.468+0530] {logging_mixin.py:190} INFO - [2025-09-02T17:48:59.468+0530] {dag.py:3239} INFO - Sync 2 DAGs
[2025-09-02T17:48:59.471+0530] {logging_mixin.py:190} INFO - [2025-09-02T17:48:59.471+0530] {dag.py:4180} INFO - Setting next_dagrun for example_xcom_args to None, run_after=None
[2025-09-02T17:48:59.472+0530] {logging_mixin.py:190} INFO - [2025-09-02T17:48:59.472+0530] {dag.py:4180} INFO - Setting next_dagrun for example_xcom_args_with_operators to None, run_after=None
[2025-09-02T17:48:59.476+0530] {processor.py:208} INFO - Processing /Users/parthmac/Desktop/Projects/Flight Data Engineering/flight-env/lib/python3.12/site-packages/airflow/example_dags/example_xcomargs.py took 0.046 seconds
[2025-09-02T17:49:55.164+0530] {processor.py:186} INFO - Started process (PID=33018) to work on /Users/parthmac/Desktop/Projects/Flight Data Engineering/flight-env/lib/python3.12/site-packages/airflow/example_dags/example_xcomargs.py
[2025-09-02T17:49:55.165+0530] {processor.py:914} INFO - Processing file /Users/parthmac/Desktop/Projects/Flight Data Engineering/flight-env/lib/python3.12/site-packages/airflow/example_dags/example_xcomargs.py for tasks to queue
[2025-09-02T17:49:55.165+0530] {logging_mixin.py:190} INFO - [2025-09-02T17:49:55.165+0530] {dagbag.py:588} INFO - Filling up the DagBag from /Users/parthmac/Desktop/Projects/Flight Data Engineering/flight-env/lib/python3.12/site-packages/airflow/example_dags/example_xcomargs.py
[2025-09-02T17:49:55.177+0530] {processor.py:925} INFO - DAG(s) 'example_xcom_args', 'example_xcom_args_with_operators' retrieved from /Users/parthmac/Desktop/Projects/Flight Data Engineering/flight-env/lib/python3.12/site-packages/airflow/example_dags/example_xcomargs.py
[2025-09-02T17:49:55.202+0530] {logging_mixin.py:190} INFO - [2025-09-02T17:49:55.202+0530] {dag.py:3239} INFO - Sync 2 DAGs
[2025-09-02T17:49:55.205+0530] {logging_mixin.py:190} INFO - [2025-09-02T17:49:55.205+0530] {dag.py:4180} INFO - Setting next_dagrun for example_xcom_args to None, run_after=None
[2025-09-02T17:49:55.206+0530] {logging_mixin.py:190} INFO - [2025-09-02T17:49:55.206+0530] {dag.py:4180} INFO - Setting next_dagrun for example_xcom_args_with_operators to None, run_after=None
[2025-09-02T17:49:55.210+0530] {processor.py:208} INFO - Processing /Users/parthmac/Desktop/Projects/Flight Data Engineering/flight-env/lib/python3.12/site-packages/airflow/example_dags/example_xcomargs.py took 0.047 seconds
[2025-09-02T17:50:46.034+0530] {processor.py:186} INFO - Started process (PID=33182) to work on /Users/parthmac/Desktop/Projects/Flight Data Engineering/flight-env/lib/python3.12/site-packages/airflow/example_dags/example_xcomargs.py
[2025-09-02T17:50:46.034+0530] {processor.py:914} INFO - Processing file /Users/parthmac/Desktop/Projects/Flight Data Engineering/flight-env/lib/python3.12/site-packages/airflow/example_dags/example_xcomargs.py for tasks to queue
[2025-09-02T17:50:46.035+0530] {logging_mixin.py:190} INFO - [2025-09-02T17:50:46.035+0530] {dagbag.py:588} INFO - Filling up the DagBag from /Users/parthmac/Desktop/Projects/Flight Data Engineering/flight-env/lib/python3.12/site-packages/airflow/example_dags/example_xcomargs.py
[2025-09-02T17:50:46.047+0530] {processor.py:925} INFO - DAG(s) 'example_xcom_args_with_operators', 'example_xcom_args' retrieved from /Users/parthmac/Desktop/Projects/Flight Data Engineering/flight-env/lib/python3.12/site-packages/airflow/example_dags/example_xcomargs.py
[2025-09-02T17:50:46.073+0530] {logging_mixin.py:190} INFO - [2025-09-02T17:50:46.073+0530] {dag.py:3239} INFO - Sync 2 DAGs
[2025-09-02T17:50:46.076+0530] {logging_mixin.py:190} INFO - [2025-09-02T17:50:46.076+0530] {dag.py:4180} INFO - Setting next_dagrun for example_xcom_args to None, run_after=None
[2025-09-02T17:50:46.076+0530] {logging_mixin.py:190} INFO - [2025-09-02T17:50:46.076+0530] {dag.py:4180} INFO - Setting next_dagrun for example_xcom_args_with_operators to None, run_after=None
[2025-09-02T17:50:46.081+0530] {processor.py:208} INFO - Processing /Users/parthmac/Desktop/Projects/Flight Data Engineering/flight-env/lib/python3.12/site-packages/airflow/example_dags/example_xcomargs.py took 0.048 seconds
[2025-09-02T17:51:36.461+0530] {processor.py:186} INFO - Started process (PID=33229) to work on /Users/parthmac/Desktop/Projects/Flight Data Engineering/flight-env/lib/python3.12/site-packages/airflow/example_dags/example_xcomargs.py
[2025-09-02T17:51:36.461+0530] {processor.py:914} INFO - Processing file /Users/parthmac/Desktop/Projects/Flight Data Engineering/flight-env/lib/python3.12/site-packages/airflow/example_dags/example_xcomargs.py for tasks to queue
[2025-09-02T17:51:36.461+0530] {logging_mixin.py:190} INFO - [2025-09-02T17:51:36.461+0530] {dagbag.py:588} INFO - Filling up the DagBag from /Users/parthmac/Desktop/Projects/Flight Data Engineering/flight-env/lib/python3.12/site-packages/airflow/example_dags/example_xcomargs.py
[2025-09-02T17:51:36.473+0530] {processor.py:925} INFO - DAG(s) 'example_xcom_args', 'example_xcom_args_with_operators' retrieved from /Users/parthmac/Desktop/Projects/Flight Data Engineering/flight-env/lib/python3.12/site-packages/airflow/example_dags/example_xcomargs.py
[2025-09-02T17:51:36.498+0530] {logging_mixin.py:190} INFO - [2025-09-02T17:51:36.498+0530] {dag.py:3239} INFO - Sync 2 DAGs
[2025-09-02T17:51:36.501+0530] {logging_mixin.py:190} INFO - [2025-09-02T17:51:36.501+0530] {dag.py:4180} INFO - Setting next_dagrun for example_xcom_args to None, run_after=None
[2025-09-02T17:51:36.502+0530] {logging_mixin.py:190} INFO - [2025-09-02T17:51:36.502+0530] {dag.py:4180} INFO - Setting next_dagrun for example_xcom_args_with_operators to None, run_after=None
[2025-09-02T17:51:36.506+0530] {processor.py:208} INFO - Processing /Users/parthmac/Desktop/Projects/Flight Data Engineering/flight-env/lib/python3.12/site-packages/airflow/example_dags/example_xcomargs.py took 0.046 seconds
[2025-09-02T17:54:20.440+0530] {processor.py:186} INFO - Started process (PID=34738) to work on /Users/parthmac/Desktop/Projects/Flight Data Engineering/flight-env/lib/python3.12/site-packages/airflow/example_dags/example_xcomargs.py
[2025-09-02T17:54:20.441+0530] {processor.py:914} INFO - Processing file /Users/parthmac/Desktop/Projects/Flight Data Engineering/flight-env/lib/python3.12/site-packages/airflow/example_dags/example_xcomargs.py for tasks to queue
[2025-09-02T17:54:20.442+0530] {logging_mixin.py:190} INFO - [2025-09-02T17:54:20.442+0530] {dagbag.py:588} INFO - Filling up the DagBag from /Users/parthmac/Desktop/Projects/Flight Data Engineering/flight-env/lib/python3.12/site-packages/airflow/example_dags/example_xcomargs.py
[2025-09-02T17:54:20.454+0530] {processor.py:925} INFO - DAG(s) 'example_xcom_args', 'example_xcom_args_with_operators' retrieved from /Users/parthmac/Desktop/Projects/Flight Data Engineering/flight-env/lib/python3.12/site-packages/airflow/example_dags/example_xcomargs.py
[2025-09-02T17:54:20.480+0530] {logging_mixin.py:190} INFO - [2025-09-02T17:54:20.480+0530] {dag.py:3239} INFO - Sync 2 DAGs
[2025-09-02T17:54:20.483+0530] {logging_mixin.py:190} INFO - [2025-09-02T17:54:20.483+0530] {dag.py:4180} INFO - Setting next_dagrun for example_xcom_args to None, run_after=None
[2025-09-02T17:54:20.483+0530] {logging_mixin.py:190} INFO - [2025-09-02T17:54:20.483+0530] {dag.py:4180} INFO - Setting next_dagrun for example_xcom_args_with_operators to None, run_after=None
[2025-09-02T17:54:20.488+0530] {processor.py:208} INFO - Processing /Users/parthmac/Desktop/Projects/Flight Data Engineering/flight-env/lib/python3.12/site-packages/airflow/example_dags/example_xcomargs.py took 0.048 seconds
