[2025-09-02T16:57:55.777+0530] {processor.py:186} INFO - Started process (PID=26354) to work on /Users/parthmac/Desktop/Projects/Flight Data Engineering/flight-env/lib/python3.12/site-packages/airflow/example_dags/example_python_decorator.py
[2025-09-02T16:57:55.777+0530] {processor.py:914} INFO - Processing file /Users/parthmac/Desktop/Projects/Flight Data Engineering/flight-env/lib/python3.12/site-packages/airflow/example_dags/example_python_decorator.py for tasks to queue
[2025-09-02T16:57:55.777+0530] {logging_mixin.py:190} INFO - [2025-09-02T16:57:55.777+0530] {dagbag.py:588} INFO - Filling up the DagBag from /Users/parthmac/Desktop/Projects/Flight Data Engineering/flight-env/lib/python3.12/site-packages/airflow/example_dags/example_python_decorator.py
[2025-09-02T16:57:55.791+0530] {logging_mixin.py:190} INFO - [2025-09-02T16:57:55.791+0530] {example_python_decorator.py:80} WARNING - The virtalenv_python example task requires virtualenv, please install it.
[2025-09-02T16:57:55.792+0530] {processor.py:925} INFO - DAG(s) 'example_python_decorator' retrieved from /Users/parthmac/Desktop/Projects/Flight Data Engineering/flight-env/lib/python3.12/site-packages/airflow/example_dags/example_python_decorator.py
[2025-09-02T16:57:55.863+0530] {logging_mixin.py:190} INFO - [2025-09-02T16:57:55.863+0530] {override.py:1900} INFO - Created Permission View: can edit on DAG:example_python_decorator
[2025-09-02T16:57:55.865+0530] {logging_mixin.py:190} INFO - [2025-09-02T16:57:55.865+0530] {override.py:1900} INFO - Created Permission View: can delete on DAG:example_python_decorator
[2025-09-02T16:57:55.866+0530] {logging_mixin.py:190} INFO - [2025-09-02T16:57:55.866+0530] {override.py:1900} INFO - Created Permission View: can read on DAG:example_python_decorator
[2025-09-02T16:57:55.869+0530] {logging_mixin.py:190} INFO - [2025-09-02T16:57:55.869+0530] {override.py:1900} INFO - Created Permission View: can create on DAG Run:example_python_decorator
[2025-09-02T16:57:55.870+0530] {logging_mixin.py:190} INFO - [2025-09-02T16:57:55.870+0530] {override.py:1900} INFO - Created Permission View: can delete on DAG Run:example_python_decorator
[2025-09-02T16:57:55.871+0530] {logging_mixin.py:190} INFO - [2025-09-02T16:57:55.871+0530] {override.py:1900} INFO - Created Permission View: can read on DAG Run:example_python_decorator
[2025-09-02T16:57:55.872+0530] {logging_mixin.py:190} INFO - [2025-09-02T16:57:55.872+0530] {override.py:1900} INFO - Created Permission View: menu access on DAG Run:example_python_decorator
[2025-09-02T16:57:55.873+0530] {logging_mixin.py:190} INFO - [2025-09-02T16:57:55.872+0530] {dag.py:3239} INFO - Sync 1 DAGs
[2025-09-02T16:57:55.876+0530] {logging_mixin.py:190} INFO - [2025-09-02T16:57:55.876+0530] {dag.py:3262} INFO - Creating ORM DAG for example_python_decorator
[2025-09-02T16:57:55.876+0530] {logging_mixin.py:190} INFO - [2025-09-02T16:57:55.876+0530] {dag.py:4180} INFO - Setting next_dagrun for example_python_decorator to None, run_after=None
[2025-09-02T16:57:55.880+0530] {processor.py:208} INFO - Processing /Users/parthmac/Desktop/Projects/Flight Data Engineering/flight-env/lib/python3.12/site-packages/airflow/example_dags/example_python_decorator.py took 0.104 seconds
[2025-09-02T16:59:25.318+0530] {processor.py:186} INFO - Started process (PID=26432) to work on /Users/parthmac/Desktop/Projects/Flight Data Engineering/flight-env/lib/python3.12/site-packages/airflow/example_dags/example_python_decorator.py
[2025-09-02T16:59:25.319+0530] {processor.py:914} INFO - Processing file /Users/parthmac/Desktop/Projects/Flight Data Engineering/flight-env/lib/python3.12/site-packages/airflow/example_dags/example_python_decorator.py for tasks to queue
[2025-09-02T16:59:25.319+0530] {logging_mixin.py:190} INFO - [2025-09-02T16:59:25.319+0530] {dagbag.py:588} INFO - Filling up the DagBag from /Users/parthmac/Desktop/Projects/Flight Data Engineering/flight-env/lib/python3.12/site-packages/airflow/example_dags/example_python_decorator.py
[2025-09-02T16:59:25.332+0530] {logging_mixin.py:190} INFO - [2025-09-02T16:59:25.332+0530] {example_python_decorator.py:80} WARNING - The virtalenv_python example task requires virtualenv, please install it.
[2025-09-02T16:59:25.333+0530] {processor.py:925} INFO - DAG(s) 'example_python_decorator' retrieved from /Users/parthmac/Desktop/Projects/Flight Data Engineering/flight-env/lib/python3.12/site-packages/airflow/example_dags/example_python_decorator.py
[2025-09-02T16:59:25.358+0530] {logging_mixin.py:190} INFO - [2025-09-02T16:59:25.358+0530] {dag.py:3239} INFO - Sync 1 DAGs
[2025-09-02T16:59:25.361+0530] {logging_mixin.py:190} INFO - [2025-09-02T16:59:25.361+0530] {dag.py:4180} INFO - Setting next_dagrun for example_python_decorator to None, run_after=None
[2025-09-02T16:59:25.366+0530] {processor.py:208} INFO - Processing /Users/parthmac/Desktop/Projects/Flight Data Engineering/flight-env/lib/python3.12/site-packages/airflow/example_dags/example_python_decorator.py took 0.049 seconds
[2025-09-02T17:05:48.415+0530] {processor.py:186} INFO - Started process (PID=27617) to work on /Users/parthmac/Desktop/Projects/Flight Data Engineering/flight-env/lib/python3.12/site-packages/airflow/example_dags/example_python_decorator.py
[2025-09-02T17:05:48.416+0530] {processor.py:914} INFO - Processing file /Users/parthmac/Desktop/Projects/Flight Data Engineering/flight-env/lib/python3.12/site-packages/airflow/example_dags/example_python_decorator.py for tasks to queue
[2025-09-02T17:05:48.416+0530] {logging_mixin.py:190} INFO - [2025-09-02T17:05:48.416+0530] {dagbag.py:588} INFO - Filling up the DagBag from /Users/parthmac/Desktop/Projects/Flight Data Engineering/flight-env/lib/python3.12/site-packages/airflow/example_dags/example_python_decorator.py
[2025-09-02T17:05:48.427+0530] {logging_mixin.py:190} INFO - [2025-09-02T17:05:48.427+0530] {example_python_decorator.py:80} WARNING - The virtalenv_python example task requires virtualenv, please install it.
[2025-09-02T17:05:48.428+0530] {processor.py:925} INFO - DAG(s) 'example_python_decorator' retrieved from /Users/parthmac/Desktop/Projects/Flight Data Engineering/flight-env/lib/python3.12/site-packages/airflow/example_dags/example_python_decorator.py
[2025-09-02T17:05:48.452+0530] {logging_mixin.py:190} INFO - [2025-09-02T17:05:48.451+0530] {dag.py:3239} INFO - Sync 1 DAGs
[2025-09-02T17:05:48.454+0530] {logging_mixin.py:190} INFO - [2025-09-02T17:05:48.454+0530] {dag.py:4180} INFO - Setting next_dagrun for example_python_decorator to None, run_after=None
[2025-09-02T17:05:48.459+0530] {processor.py:208} INFO - Processing /Users/parthmac/Desktop/Projects/Flight Data Engineering/flight-env/lib/python3.12/site-packages/airflow/example_dags/example_python_decorator.py took 0.045 seconds
[2025-09-02T17:07:11.156+0530] {processor.py:186} INFO - Started process (PID=27698) to work on /Users/parthmac/Desktop/Projects/Flight Data Engineering/flight-env/lib/python3.12/site-packages/airflow/example_dags/example_python_decorator.py
[2025-09-02T17:07:11.157+0530] {processor.py:914} INFO - Processing file /Users/parthmac/Desktop/Projects/Flight Data Engineering/flight-env/lib/python3.12/site-packages/airflow/example_dags/example_python_decorator.py for tasks to queue
[2025-09-02T17:07:11.157+0530] {logging_mixin.py:190} INFO - [2025-09-02T17:07:11.157+0530] {dagbag.py:588} INFO - Filling up the DagBag from /Users/parthmac/Desktop/Projects/Flight Data Engineering/flight-env/lib/python3.12/site-packages/airflow/example_dags/example_python_decorator.py
[2025-09-02T17:07:11.168+0530] {logging_mixin.py:190} INFO - [2025-09-02T17:07:11.168+0530] {example_python_decorator.py:80} WARNING - The virtalenv_python example task requires virtualenv, please install it.
[2025-09-02T17:07:11.169+0530] {processor.py:925} INFO - DAG(s) 'example_python_decorator' retrieved from /Users/parthmac/Desktop/Projects/Flight Data Engineering/flight-env/lib/python3.12/site-packages/airflow/example_dags/example_python_decorator.py
[2025-09-02T17:07:11.193+0530] {logging_mixin.py:190} INFO - [2025-09-02T17:07:11.193+0530] {dag.py:3239} INFO - Sync 1 DAGs
[2025-09-02T17:07:11.196+0530] {logging_mixin.py:190} INFO - [2025-09-02T17:07:11.196+0530] {dag.py:4180} INFO - Setting next_dagrun for example_python_decorator to None, run_after=None
[2025-09-02T17:07:11.201+0530] {processor.py:208} INFO - Processing /Users/parthmac/Desktop/Projects/Flight Data Engineering/flight-env/lib/python3.12/site-packages/airflow/example_dags/example_python_decorator.py took 0.046 seconds
[2025-09-02T17:42:45.195+0530] {processor.py:186} INFO - Started process (PID=31675) to work on /Users/parthmac/Desktop/Projects/Flight Data Engineering/flight-env/lib/python3.12/site-packages/airflow/example_dags/example_python_decorator.py
[2025-09-02T17:42:45.195+0530] {processor.py:914} INFO - Processing file /Users/parthmac/Desktop/Projects/Flight Data Engineering/flight-env/lib/python3.12/site-packages/airflow/example_dags/example_python_decorator.py for tasks to queue
[2025-09-02T17:42:45.195+0530] {logging_mixin.py:190} INFO - [2025-09-02T17:42:45.195+0530] {dagbag.py:588} INFO - Filling up the DagBag from /Users/parthmac/Desktop/Projects/Flight Data Engineering/flight-env/lib/python3.12/site-packages/airflow/example_dags/example_python_decorator.py
[2025-09-02T17:42:45.207+0530] {logging_mixin.py:190} INFO - [2025-09-02T17:42:45.207+0530] {example_python_decorator.py:80} WARNING - The virtalenv_python example task requires virtualenv, please install it.
[2025-09-02T17:42:45.208+0530] {processor.py:925} INFO - DAG(s) 'example_python_decorator' retrieved from /Users/parthmac/Desktop/Projects/Flight Data Engineering/flight-env/lib/python3.12/site-packages/airflow/example_dags/example_python_decorator.py
[2025-09-02T17:42:45.232+0530] {logging_mixin.py:190} INFO - [2025-09-02T17:42:45.232+0530] {dag.py:3239} INFO - Sync 1 DAGs
[2025-09-02T17:42:45.235+0530] {logging_mixin.py:190} INFO - [2025-09-02T17:42:45.235+0530] {dag.py:4180} INFO - Setting next_dagrun for example_python_decorator to None, run_after=None
[2025-09-02T17:42:45.240+0530] {processor.py:208} INFO - Processing /Users/parthmac/Desktop/Projects/Flight Data Engineering/flight-env/lib/python3.12/site-packages/airflow/example_dags/example_python_decorator.py took 0.045 seconds
[2025-09-02T17:47:09.696+0530] {processor.py:186} INFO - Started process (PID=32635) to work on /Users/parthmac/Desktop/Projects/Flight Data Engineering/flight-env/lib/python3.12/site-packages/airflow/example_dags/example_python_decorator.py
[2025-09-02T17:47:09.697+0530] {processor.py:914} INFO - Processing file /Users/parthmac/Desktop/Projects/Flight Data Engineering/flight-env/lib/python3.12/site-packages/airflow/example_dags/example_python_decorator.py for tasks to queue
[2025-09-02T17:47:09.697+0530] {logging_mixin.py:190} INFO - [2025-09-02T17:47:09.697+0530] {dagbag.py:588} INFO - Filling up the DagBag from /Users/parthmac/Desktop/Projects/Flight Data Engineering/flight-env/lib/python3.12/site-packages/airflow/example_dags/example_python_decorator.py
[2025-09-02T17:47:09.708+0530] {logging_mixin.py:190} INFO - [2025-09-02T17:47:09.708+0530] {example_python_decorator.py:80} WARNING - The virtalenv_python example task requires virtualenv, please install it.
[2025-09-02T17:47:09.708+0530] {processor.py:925} INFO - DAG(s) 'example_python_decorator' retrieved from /Users/parthmac/Desktop/Projects/Flight Data Engineering/flight-env/lib/python3.12/site-packages/airflow/example_dags/example_python_decorator.py
[2025-09-02T17:47:09.732+0530] {logging_mixin.py:190} INFO - [2025-09-02T17:47:09.732+0530] {dag.py:3239} INFO - Sync 1 DAGs
[2025-09-02T17:47:09.735+0530] {logging_mixin.py:190} INFO - [2025-09-02T17:47:09.735+0530] {dag.py:4180} INFO - Setting next_dagrun for example_python_decorator to None, run_after=None
[2025-09-02T17:47:09.740+0530] {processor.py:208} INFO - Processing /Users/parthmac/Desktop/Projects/Flight Data Engineering/flight-env/lib/python3.12/site-packages/airflow/example_dags/example_python_decorator.py took 0.044 seconds
[2025-09-02T17:48:32.921+0530] {processor.py:186} INFO - Started process (PID=32721) to work on /Users/parthmac/Desktop/Projects/Flight Data Engineering/flight-env/lib/python3.12/site-packages/airflow/example_dags/example_python_decorator.py
[2025-09-02T17:48:32.921+0530] {processor.py:914} INFO - Processing file /Users/parthmac/Desktop/Projects/Flight Data Engineering/flight-env/lib/python3.12/site-packages/airflow/example_dags/example_python_decorator.py for tasks to queue
[2025-09-02T17:48:32.921+0530] {logging_mixin.py:190} INFO - [2025-09-02T17:48:32.921+0530] {dagbag.py:588} INFO - Filling up the DagBag from /Users/parthmac/Desktop/Projects/Flight Data Engineering/flight-env/lib/python3.12/site-packages/airflow/example_dags/example_python_decorator.py
[2025-09-02T17:48:32.933+0530] {logging_mixin.py:190} INFO - [2025-09-02T17:48:32.933+0530] {example_python_decorator.py:80} WARNING - The virtalenv_python example task requires virtualenv, please install it.
[2025-09-02T17:48:32.933+0530] {processor.py:925} INFO - DAG(s) 'example_python_decorator' retrieved from /Users/parthmac/Desktop/Projects/Flight Data Engineering/flight-env/lib/python3.12/site-packages/airflow/example_dags/example_python_decorator.py
[2025-09-02T17:48:32.958+0530] {logging_mixin.py:190} INFO - [2025-09-02T17:48:32.958+0530] {dag.py:3239} INFO - Sync 1 DAGs
[2025-09-02T17:48:32.961+0530] {logging_mixin.py:190} INFO - [2025-09-02T17:48:32.961+0530] {dag.py:4180} INFO - Setting next_dagrun for example_python_decorator to None, run_after=None
[2025-09-02T17:48:32.965+0530] {processor.py:208} INFO - Processing /Users/parthmac/Desktop/Projects/Flight Data Engineering/flight-env/lib/python3.12/site-packages/airflow/example_dags/example_python_decorator.py took 0.046 seconds
[2025-09-02T17:50:21.585+0530] {processor.py:186} INFO - Started process (PID=33160) to work on /Users/parthmac/Desktop/Projects/Flight Data Engineering/flight-env/lib/python3.12/site-packages/airflow/example_dags/example_python_decorator.py
[2025-09-02T17:50:21.585+0530] {processor.py:914} INFO - Processing file /Users/parthmac/Desktop/Projects/Flight Data Engineering/flight-env/lib/python3.12/site-packages/airflow/example_dags/example_python_decorator.py for tasks to queue
[2025-09-02T17:50:21.586+0530] {logging_mixin.py:190} INFO - [2025-09-02T17:50:21.586+0530] {dagbag.py:588} INFO - Filling up the DagBag from /Users/parthmac/Desktop/Projects/Flight Data Engineering/flight-env/lib/python3.12/site-packages/airflow/example_dags/example_python_decorator.py
[2025-09-02T17:50:21.597+0530] {logging_mixin.py:190} INFO - [2025-09-02T17:50:21.597+0530] {example_python_decorator.py:80} WARNING - The virtalenv_python example task requires virtualenv, please install it.
[2025-09-02T17:50:21.598+0530] {processor.py:925} INFO - DAG(s) 'example_python_decorator' retrieved from /Users/parthmac/Desktop/Projects/Flight Data Engineering/flight-env/lib/python3.12/site-packages/airflow/example_dags/example_python_decorator.py
[2025-09-02T17:50:21.623+0530] {logging_mixin.py:190} INFO - [2025-09-02T17:50:21.622+0530] {dag.py:3239} INFO - Sync 1 DAGs
[2025-09-02T17:50:21.625+0530] {logging_mixin.py:190} INFO - [2025-09-02T17:50:21.625+0530] {dag.py:4180} INFO - Setting next_dagrun for example_python_decorator to None, run_after=None
[2025-09-02T17:50:21.630+0530] {processor.py:208} INFO - Processing /Users/parthmac/Desktop/Projects/Flight Data Engineering/flight-env/lib/python3.12/site-packages/airflow/example_dags/example_python_decorator.py took 0.046 seconds
