[2025-09-02T16:57:38.234+0530] {processor.py:186} INFO - Started process (PID=26342) to work on /Users/parthmac/Desktop/Projects/Flight Data Engineering/flight-env/lib/python3.12/site-packages/airflow/example_dags/example_subdag_operator.py
[2025-09-02T16:57:38.234+0530] {processor.py:914} INFO - Processing file /Users/parthmac/Desktop/Projects/Flight Data Engineering/flight-env/lib/python3.12/site-packages/airflow/example_dags/example_subdag_operator.py for tasks to queue
[2025-09-02T16:57:38.234+0530] {logging_mixin.py:190} INFO - [2025-09-02T16:57:38.234+0530] {dagbag.py:588} INFO - Filling up the DagBag from /Users/parthmac/Desktop/Projects/Flight Data Engineering/flight-env/lib/python3.12/site-packages/airflow/example_dags/example_subdag_operator.py
[2025-09-02T16:57:38.261+0530] {processor.py:925} INFO - DAG(s) 'example_subdag_operator.section-1', 'example_subdag_operator.section-2', 'example_subdag_operator' retrieved from /Users/parthmac/Desktop/Projects/Flight Data Engineering/flight-env/lib/python3.12/site-packages/airflow/example_dags/example_subdag_operator.py
[2025-09-02T16:57:38.481+0530] {logging_mixin.py:190} INFO - [2025-09-02T16:57:38.481+0530] {override.py:1900} INFO - Created Permission View: can edit on DAG:example_subdag_operator
[2025-09-02T16:57:38.484+0530] {logging_mixin.py:190} INFO - [2025-09-02T16:57:38.484+0530] {override.py:1900} INFO - Created Permission View: can delete on DAG:example_subdag_operator
[2025-09-02T16:57:38.485+0530] {logging_mixin.py:190} INFO - [2025-09-02T16:57:38.485+0530] {override.py:1900} INFO - Created Permission View: can read on DAG:example_subdag_operator
[2025-09-02T16:57:38.487+0530] {logging_mixin.py:190} INFO - [2025-09-02T16:57:38.487+0530] {override.py:1900} INFO - Created Permission View: can create on DAG Run:example_subdag_operator
[2025-09-02T16:57:38.488+0530] {logging_mixin.py:190} INFO - [2025-09-02T16:57:38.488+0530] {override.py:1900} INFO - Created Permission View: can delete on DAG Run:example_subdag_operator
[2025-09-02T16:57:38.489+0530] {logging_mixin.py:190} INFO - [2025-09-02T16:57:38.489+0530] {override.py:1900} INFO - Created Permission View: menu access on DAG Run:example_subdag_operator
[2025-09-02T16:57:38.491+0530] {logging_mixin.py:190} INFO - [2025-09-02T16:57:38.491+0530] {override.py:1900} INFO - Created Permission View: can read on DAG Run:example_subdag_operator
[2025-09-02T16:57:38.491+0530] {logging_mixin.py:190} INFO - [2025-09-02T16:57:38.491+0530] {dag.py:3239} INFO - Sync 3 DAGs
[2025-09-02T16:57:38.494+0530] {logging_mixin.py:190} INFO - [2025-09-02T16:57:38.494+0530] {dag.py:3262} INFO - Creating ORM DAG for example_subdag_operator.section-1
[2025-09-02T16:57:38.494+0530] {logging_mixin.py:190} INFO - [2025-09-02T16:57:38.494+0530] {dag.py:3262} INFO - Creating ORM DAG for example_subdag_operator.section-2
[2025-09-02T16:57:38.494+0530] {logging_mixin.py:190} INFO - [2025-09-02T16:57:38.494+0530] {dag.py:3262} INFO - Creating ORM DAG for example_subdag_operator
[2025-09-02T16:57:38.496+0530] {logging_mixin.py:190} INFO - [2025-09-02T16:57:38.496+0530] {dag.py:4180} INFO - Setting next_dagrun for example_subdag_operator to 2022-01-01 00:00:00+00:00, run_after=2022-01-01 00:00:00+00:00
[2025-09-02T16:57:38.496+0530] {logging_mixin.py:190} INFO - [2025-09-02T16:57:38.496+0530] {dag.py:4180} INFO - Setting next_dagrun for example_subdag_operator.section-1 to None, run_after=None
[2025-09-02T16:57:38.496+0530] {logging_mixin.py:190} INFO - [2025-09-02T16:57:38.496+0530] {dag.py:4180} INFO - Setting next_dagrun for example_subdag_operator.section-2 to None, run_after=None
[2025-09-02T16:57:38.498+0530] {logging_mixin.py:190} INFO - [2025-09-02T16:57:38.497+0530] {dag.py:3239} INFO - Sync 2 DAGs
[2025-09-02T16:57:38.499+0530] {logging_mixin.py:190} INFO - [2025-09-02T16:57:38.499+0530] {dag.py:4180} INFO - Setting next_dagrun for example_subdag_operator.section-1 to None, run_after=None
[2025-09-02T16:57:38.499+0530] {logging_mixin.py:190} INFO - [2025-09-02T16:57:38.499+0530] {dag.py:4180} INFO - Setting next_dagrun for example_subdag_operator.section-2 to None, run_after=None
[2025-09-02T16:57:38.502+0530] {processor.py:208} INFO - Processing /Users/parthmac/Desktop/Projects/Flight Data Engineering/flight-env/lib/python3.12/site-packages/airflow/example_dags/example_subdag_operator.py took 0.269 seconds
[2025-09-02T16:59:09.237+0530] {processor.py:186} INFO - Started process (PID=26413) to work on /Users/parthmac/Desktop/Projects/Flight Data Engineering/flight-env/lib/python3.12/site-packages/airflow/example_dags/example_subdag_operator.py
[2025-09-02T16:59:09.237+0530] {processor.py:914} INFO - Processing file /Users/parthmac/Desktop/Projects/Flight Data Engineering/flight-env/lib/python3.12/site-packages/airflow/example_dags/example_subdag_operator.py for tasks to queue
[2025-09-02T16:59:09.238+0530] {logging_mixin.py:190} INFO - [2025-09-02T16:59:09.237+0530] {dagbag.py:588} INFO - Filling up the DagBag from /Users/parthmac/Desktop/Projects/Flight Data Engineering/flight-env/lib/python3.12/site-packages/airflow/example_dags/example_subdag_operator.py
[2025-09-02T16:59:09.264+0530] {processor.py:925} INFO - DAG(s) 'example_subdag_operator.section-1', 'example_subdag_operator.section-2', 'example_subdag_operator' retrieved from /Users/parthmac/Desktop/Projects/Flight Data Engineering/flight-env/lib/python3.12/site-packages/airflow/example_dags/example_subdag_operator.py
[2025-09-02T16:59:09.469+0530] {logging_mixin.py:190} INFO - [2025-09-02T16:59:09.469+0530] {dag.py:3239} INFO - Sync 3 DAGs
[2025-09-02T16:59:09.474+0530] {logging_mixin.py:190} INFO - [2025-09-02T16:59:09.474+0530] {dag.py:4180} INFO - Setting next_dagrun for example_subdag_operator to 2022-01-01 00:00:00+00:00, run_after=2022-01-01 00:00:00+00:00
[2025-09-02T16:59:09.475+0530] {logging_mixin.py:190} INFO - [2025-09-02T16:59:09.475+0530] {dag.py:4180} INFO - Setting next_dagrun for example_subdag_operator.section-1 to None, run_after=None
[2025-09-02T16:59:09.475+0530] {logging_mixin.py:190} INFO - [2025-09-02T16:59:09.475+0530] {dag.py:4180} INFO - Setting next_dagrun for example_subdag_operator.section-2 to None, run_after=None
[2025-09-02T16:59:09.477+0530] {logging_mixin.py:190} INFO - [2025-09-02T16:59:09.477+0530] {dag.py:3239} INFO - Sync 2 DAGs
[2025-09-02T16:59:09.478+0530] {logging_mixin.py:190} INFO - [2025-09-02T16:59:09.478+0530] {dag.py:4180} INFO - Setting next_dagrun for example_subdag_operator.section-1 to None, run_after=None
[2025-09-02T16:59:09.478+0530] {logging_mixin.py:190} INFO - [2025-09-02T16:59:09.478+0530] {dag.py:4180} INFO - Setting next_dagrun for example_subdag_operator.section-2 to None, run_after=None
[2025-09-02T16:59:09.481+0530] {processor.py:208} INFO - Processing /Users/parthmac/Desktop/Projects/Flight Data Engineering/flight-env/lib/python3.12/site-packages/airflow/example_dags/example_subdag_operator.py took 0.245 seconds
[2025-09-02T17:05:32.519+0530] {processor.py:186} INFO - Started process (PID=27591) to work on /Users/parthmac/Desktop/Projects/Flight Data Engineering/flight-env/lib/python3.12/site-packages/airflow/example_dags/example_subdag_operator.py
[2025-09-02T17:05:32.520+0530] {processor.py:914} INFO - Processing file /Users/parthmac/Desktop/Projects/Flight Data Engineering/flight-env/lib/python3.12/site-packages/airflow/example_dags/example_subdag_operator.py for tasks to queue
[2025-09-02T17:05:32.520+0530] {logging_mixin.py:190} INFO - [2025-09-02T17:05:32.520+0530] {dagbag.py:588} INFO - Filling up the DagBag from /Users/parthmac/Desktop/Projects/Flight Data Engineering/flight-env/lib/python3.12/site-packages/airflow/example_dags/example_subdag_operator.py
[2025-09-02T17:05:32.546+0530] {processor.py:925} INFO - DAG(s) 'example_subdag_operator.section-1', 'example_subdag_operator.section-2', 'example_subdag_operator' retrieved from /Users/parthmac/Desktop/Projects/Flight Data Engineering/flight-env/lib/python3.12/site-packages/airflow/example_dags/example_subdag_operator.py
[2025-09-02T17:05:32.743+0530] {logging_mixin.py:190} INFO - [2025-09-02T17:05:32.743+0530] {dag.py:3239} INFO - Sync 3 DAGs
[2025-09-02T17:05:32.748+0530] {logging_mixin.py:190} INFO - [2025-09-02T17:05:32.748+0530] {dag.py:4180} INFO - Setting next_dagrun for example_subdag_operator to 2022-01-01 00:00:00+00:00, run_after=2022-01-01 00:00:00+00:00
[2025-09-02T17:05:32.749+0530] {logging_mixin.py:190} INFO - [2025-09-02T17:05:32.749+0530] {dag.py:4180} INFO - Setting next_dagrun for example_subdag_operator.section-1 to None, run_after=None
[2025-09-02T17:05:32.749+0530] {logging_mixin.py:190} INFO - [2025-09-02T17:05:32.749+0530] {dag.py:4180} INFO - Setting next_dagrun for example_subdag_operator.section-2 to None, run_after=None
[2025-09-02T17:05:32.750+0530] {logging_mixin.py:190} INFO - [2025-09-02T17:05:32.750+0530] {dag.py:3239} INFO - Sync 2 DAGs
[2025-09-02T17:05:32.751+0530] {logging_mixin.py:190} INFO - [2025-09-02T17:05:32.751+0530] {dag.py:4180} INFO - Setting next_dagrun for example_subdag_operator.section-1 to None, run_after=None
[2025-09-02T17:05:32.751+0530] {logging_mixin.py:190} INFO - [2025-09-02T17:05:32.751+0530] {dag.py:4180} INFO - Setting next_dagrun for example_subdag_operator.section-2 to None, run_after=None
[2025-09-02T17:05:32.754+0530] {processor.py:208} INFO - Processing /Users/parthmac/Desktop/Projects/Flight Data Engineering/flight-env/lib/python3.12/site-packages/airflow/example_dags/example_subdag_operator.py took 0.236 seconds
[2025-09-02T17:06:57.057+0530] {processor.py:186} INFO - Started process (PID=27677) to work on /Users/parthmac/Desktop/Projects/Flight Data Engineering/flight-env/lib/python3.12/site-packages/airflow/example_dags/example_subdag_operator.py
[2025-09-02T17:06:57.058+0530] {processor.py:914} INFO - Processing file /Users/parthmac/Desktop/Projects/Flight Data Engineering/flight-env/lib/python3.12/site-packages/airflow/example_dags/example_subdag_operator.py for tasks to queue
[2025-09-02T17:06:57.059+0530] {logging_mixin.py:190} INFO - [2025-09-02T17:06:57.059+0530] {dagbag.py:588} INFO - Filling up the DagBag from /Users/parthmac/Desktop/Projects/Flight Data Engineering/flight-env/lib/python3.12/site-packages/airflow/example_dags/example_subdag_operator.py
[2025-09-02T17:06:57.084+0530] {processor.py:925} INFO - DAG(s) 'example_subdag_operator.section-1', 'example_subdag_operator.section-2', 'example_subdag_operator' retrieved from /Users/parthmac/Desktop/Projects/Flight Data Engineering/flight-env/lib/python3.12/site-packages/airflow/example_dags/example_subdag_operator.py
[2025-09-02T17:06:57.281+0530] {logging_mixin.py:190} INFO - [2025-09-02T17:06:57.281+0530] {dag.py:3239} INFO - Sync 3 DAGs
[2025-09-02T17:06:57.286+0530] {logging_mixin.py:190} INFO - [2025-09-02T17:06:57.286+0530] {dag.py:4180} INFO - Setting next_dagrun for example_subdag_operator to 2022-01-01 00:00:00+00:00, run_after=2022-01-01 00:00:00+00:00
[2025-09-02T17:06:57.287+0530] {logging_mixin.py:190} INFO - [2025-09-02T17:06:57.287+0530] {dag.py:4180} INFO - Setting next_dagrun for example_subdag_operator.section-1 to None, run_after=None
[2025-09-02T17:06:57.287+0530] {logging_mixin.py:190} INFO - [2025-09-02T17:06:57.287+0530] {dag.py:4180} INFO - Setting next_dagrun for example_subdag_operator.section-2 to None, run_after=None
[2025-09-02T17:06:57.289+0530] {logging_mixin.py:190} INFO - [2025-09-02T17:06:57.289+0530] {dag.py:3239} INFO - Sync 2 DAGs
[2025-09-02T17:06:57.290+0530] {logging_mixin.py:190} INFO - [2025-09-02T17:06:57.290+0530] {dag.py:4180} INFO - Setting next_dagrun for example_subdag_operator.section-1 to None, run_after=None
[2025-09-02T17:06:57.290+0530] {logging_mixin.py:190} INFO - [2025-09-02T17:06:57.290+0530] {dag.py:4180} INFO - Setting next_dagrun for example_subdag_operator.section-2 to None, run_after=None
[2025-09-02T17:06:57.293+0530] {processor.py:208} INFO - Processing /Users/parthmac/Desktop/Projects/Flight Data Engineering/flight-env/lib/python3.12/site-packages/airflow/example_dags/example_subdag_operator.py took 0.237 seconds
[2025-09-02T17:42:29.331+0530] {processor.py:186} INFO - Started process (PID=31604) to work on /Users/parthmac/Desktop/Projects/Flight Data Engineering/flight-env/lib/python3.12/site-packages/airflow/example_dags/example_subdag_operator.py
[2025-09-02T17:42:29.332+0530] {processor.py:914} INFO - Processing file /Users/parthmac/Desktop/Projects/Flight Data Engineering/flight-env/lib/python3.12/site-packages/airflow/example_dags/example_subdag_operator.py for tasks to queue
[2025-09-02T17:42:29.332+0530] {logging_mixin.py:190} INFO - [2025-09-02T17:42:29.332+0530] {dagbag.py:588} INFO - Filling up the DagBag from /Users/parthmac/Desktop/Projects/Flight Data Engineering/flight-env/lib/python3.12/site-packages/airflow/example_dags/example_subdag_operator.py
[2025-09-02T17:42:29.357+0530] {processor.py:925} INFO - DAG(s) 'example_subdag_operator.section-1', 'example_subdag_operator.section-2', 'example_subdag_operator' retrieved from /Users/parthmac/Desktop/Projects/Flight Data Engineering/flight-env/lib/python3.12/site-packages/airflow/example_dags/example_subdag_operator.py
[2025-09-02T17:42:29.551+0530] {logging_mixin.py:190} INFO - [2025-09-02T17:42:29.551+0530] {dag.py:3239} INFO - Sync 3 DAGs
[2025-09-02T17:42:29.556+0530] {logging_mixin.py:190} INFO - [2025-09-02T17:42:29.556+0530] {dag.py:4180} INFO - Setting next_dagrun for example_subdag_operator to 2022-01-01 00:00:00+00:00, run_after=2022-01-01 00:00:00+00:00
[2025-09-02T17:42:29.557+0530] {logging_mixin.py:190} INFO - [2025-09-02T17:42:29.557+0530] {dag.py:4180} INFO - Setting next_dagrun for example_subdag_operator.section-1 to None, run_after=None
[2025-09-02T17:42:29.557+0530] {logging_mixin.py:190} INFO - [2025-09-02T17:42:29.557+0530] {dag.py:4180} INFO - Setting next_dagrun for example_subdag_operator.section-2 to None, run_after=None
[2025-09-02T17:42:29.558+0530] {logging_mixin.py:190} INFO - [2025-09-02T17:42:29.558+0530] {dag.py:3239} INFO - Sync 2 DAGs
[2025-09-02T17:42:29.559+0530] {logging_mixin.py:190} INFO - [2025-09-02T17:42:29.559+0530] {dag.py:4180} INFO - Setting next_dagrun for example_subdag_operator.section-1 to None, run_after=None
[2025-09-02T17:42:29.559+0530] {logging_mixin.py:190} INFO - [2025-09-02T17:42:29.559+0530] {dag.py:4180} INFO - Setting next_dagrun for example_subdag_operator.section-2 to None, run_after=None
[2025-09-02T17:42:29.562+0530] {processor.py:208} INFO - Processing /Users/parthmac/Desktop/Projects/Flight Data Engineering/flight-env/lib/python3.12/site-packages/airflow/example_dags/example_subdag_operator.py took 0.232 seconds
[2025-09-02T17:43:54.309+0530] {processor.py:186} INFO - Started process (PID=31744) to work on /Users/parthmac/Desktop/Projects/Flight Data Engineering/flight-env/lib/python3.12/site-packages/airflow/example_dags/example_subdag_operator.py
[2025-09-02T17:43:54.309+0530] {processor.py:914} INFO - Processing file /Users/parthmac/Desktop/Projects/Flight Data Engineering/flight-env/lib/python3.12/site-packages/airflow/example_dags/example_subdag_operator.py for tasks to queue
[2025-09-02T17:43:54.309+0530] {logging_mixin.py:190} INFO - [2025-09-02T17:43:54.309+0530] {dagbag.py:588} INFO - Filling up the DagBag from /Users/parthmac/Desktop/Projects/Flight Data Engineering/flight-env/lib/python3.12/site-packages/airflow/example_dags/example_subdag_operator.py
[2025-09-02T17:43:54.334+0530] {processor.py:925} INFO - DAG(s) 'example_subdag_operator.section-1', 'example_subdag_operator.section-2', 'example_subdag_operator' retrieved from /Users/parthmac/Desktop/Projects/Flight Data Engineering/flight-env/lib/python3.12/site-packages/airflow/example_dags/example_subdag_operator.py
[2025-09-02T17:43:54.532+0530] {logging_mixin.py:190} INFO - [2025-09-02T17:43:54.532+0530] {dag.py:3239} INFO - Sync 3 DAGs
[2025-09-02T17:43:54.536+0530] {logging_mixin.py:190} INFO - [2025-09-02T17:43:54.536+0530] {dag.py:4180} INFO - Setting next_dagrun for example_subdag_operator to 2022-01-01 00:00:00+00:00, run_after=2022-01-01 00:00:00+00:00
[2025-09-02T17:43:54.537+0530] {logging_mixin.py:190} INFO - [2025-09-02T17:43:54.537+0530] {dag.py:4180} INFO - Setting next_dagrun for example_subdag_operator.section-1 to None, run_after=None
[2025-09-02T17:43:54.537+0530] {logging_mixin.py:190} INFO - [2025-09-02T17:43:54.537+0530] {dag.py:4180} INFO - Setting next_dagrun for example_subdag_operator.section-2 to None, run_after=None
[2025-09-02T17:43:54.539+0530] {logging_mixin.py:190} INFO - [2025-09-02T17:43:54.539+0530] {dag.py:3239} INFO - Sync 2 DAGs
[2025-09-02T17:43:54.540+0530] {logging_mixin.py:190} INFO - [2025-09-02T17:43:54.540+0530] {dag.py:4180} INFO - Setting next_dagrun for example_subdag_operator.section-1 to None, run_after=None
[2025-09-02T17:43:54.540+0530] {logging_mixin.py:190} INFO - [2025-09-02T17:43:54.540+0530] {dag.py:4180} INFO - Setting next_dagrun for example_subdag_operator.section-2 to None, run_after=None
[2025-09-02T17:43:54.543+0530] {processor.py:208} INFO - Processing /Users/parthmac/Desktop/Projects/Flight Data Engineering/flight-env/lib/python3.12/site-packages/airflow/example_dags/example_subdag_operator.py took 0.235 seconds
[2025-09-02T17:46:54.554+0530] {processor.py:186} INFO - Started process (PID=32582) to work on /Users/parthmac/Desktop/Projects/Flight Data Engineering/flight-env/lib/python3.12/site-packages/airflow/example_dags/example_subdag_operator.py
[2025-09-02T17:46:54.554+0530] {processor.py:914} INFO - Processing file /Users/parthmac/Desktop/Projects/Flight Data Engineering/flight-env/lib/python3.12/site-packages/airflow/example_dags/example_subdag_operator.py for tasks to queue
[2025-09-02T17:46:54.554+0530] {logging_mixin.py:190} INFO - [2025-09-02T17:46:54.554+0530] {dagbag.py:588} INFO - Filling up the DagBag from /Users/parthmac/Desktop/Projects/Flight Data Engineering/flight-env/lib/python3.12/site-packages/airflow/example_dags/example_subdag_operator.py
[2025-09-02T17:46:54.579+0530] {processor.py:925} INFO - DAG(s) 'example_subdag_operator.section-1', 'example_subdag_operator.section-2', 'example_subdag_operator' retrieved from /Users/parthmac/Desktop/Projects/Flight Data Engineering/flight-env/lib/python3.12/site-packages/airflow/example_dags/example_subdag_operator.py
[2025-09-02T17:46:54.790+0530] {logging_mixin.py:190} INFO - [2025-09-02T17:46:54.790+0530] {dag.py:3239} INFO - Sync 3 DAGs
[2025-09-02T17:46:54.795+0530] {logging_mixin.py:190} INFO - [2025-09-02T17:46:54.794+0530] {dag.py:4180} INFO - Setting next_dagrun for example_subdag_operator to 2022-01-01 00:00:00+00:00, run_after=2022-01-01 00:00:00+00:00
[2025-09-02T17:46:54.795+0530] {logging_mixin.py:190} INFO - [2025-09-02T17:46:54.795+0530] {dag.py:4180} INFO - Setting next_dagrun for example_subdag_operator.section-1 to None, run_after=None
[2025-09-02T17:46:54.796+0530] {logging_mixin.py:190} INFO - [2025-09-02T17:46:54.796+0530] {dag.py:4180} INFO - Setting next_dagrun for example_subdag_operator.section-2 to None, run_after=None
[2025-09-02T17:46:54.797+0530] {logging_mixin.py:190} INFO - [2025-09-02T17:46:54.797+0530] {dag.py:3239} INFO - Sync 2 DAGs
[2025-09-02T17:46:54.798+0530] {logging_mixin.py:190} INFO - [2025-09-02T17:46:54.798+0530] {dag.py:4180} INFO - Setting next_dagrun for example_subdag_operator.section-1 to None, run_after=None
[2025-09-02T17:46:54.798+0530] {logging_mixin.py:190} INFO - [2025-09-02T17:46:54.798+0530] {dag.py:4180} INFO - Setting next_dagrun for example_subdag_operator.section-2 to None, run_after=None
[2025-09-02T17:46:54.801+0530] {processor.py:208} INFO - Processing /Users/parthmac/Desktop/Projects/Flight Data Engineering/flight-env/lib/python3.12/site-packages/airflow/example_dags/example_subdag_operator.py took 0.248 seconds
[2025-09-02T17:48:18.943+0530] {processor.py:186} INFO - Started process (PID=32697) to work on /Users/parthmac/Desktop/Projects/Flight Data Engineering/flight-env/lib/python3.12/site-packages/airflow/example_dags/example_subdag_operator.py
[2025-09-02T17:48:18.943+0530] {processor.py:914} INFO - Processing file /Users/parthmac/Desktop/Projects/Flight Data Engineering/flight-env/lib/python3.12/site-packages/airflow/example_dags/example_subdag_operator.py for tasks to queue
[2025-09-02T17:48:18.943+0530] {logging_mixin.py:190} INFO - [2025-09-02T17:48:18.943+0530] {dagbag.py:588} INFO - Filling up the DagBag from /Users/parthmac/Desktop/Projects/Flight Data Engineering/flight-env/lib/python3.12/site-packages/airflow/example_dags/example_subdag_operator.py
[2025-09-02T17:48:18.969+0530] {processor.py:925} INFO - DAG(s) 'example_subdag_operator.section-1', 'example_subdag_operator.section-2', 'example_subdag_operator' retrieved from /Users/parthmac/Desktop/Projects/Flight Data Engineering/flight-env/lib/python3.12/site-packages/airflow/example_dags/example_subdag_operator.py
[2025-09-02T17:48:19.169+0530] {logging_mixin.py:190} INFO - [2025-09-02T17:48:19.169+0530] {dag.py:3239} INFO - Sync 3 DAGs
[2025-09-02T17:48:19.174+0530] {logging_mixin.py:190} INFO - [2025-09-02T17:48:19.174+0530] {dag.py:4180} INFO - Setting next_dagrun for example_subdag_operator to 2022-01-01 00:00:00+00:00, run_after=2022-01-01 00:00:00+00:00
[2025-09-02T17:48:19.175+0530] {logging_mixin.py:190} INFO - [2025-09-02T17:48:19.175+0530] {dag.py:4180} INFO - Setting next_dagrun for example_subdag_operator.section-1 to None, run_after=None
[2025-09-02T17:48:19.175+0530] {logging_mixin.py:190} INFO - [2025-09-02T17:48:19.175+0530] {dag.py:4180} INFO - Setting next_dagrun for example_subdag_operator.section-2 to None, run_after=None
[2025-09-02T17:48:19.176+0530] {logging_mixin.py:190} INFO - [2025-09-02T17:48:19.176+0530] {dag.py:3239} INFO - Sync 2 DAGs
[2025-09-02T17:48:19.177+0530] {logging_mixin.py:190} INFO - [2025-09-02T17:48:19.177+0530] {dag.py:4180} INFO - Setting next_dagrun for example_subdag_operator.section-1 to None, run_after=None
[2025-09-02T17:48:19.177+0530] {logging_mixin.py:190} INFO - [2025-09-02T17:48:19.177+0530] {dag.py:4180} INFO - Setting next_dagrun for example_subdag_operator.section-2 to None, run_after=None
[2025-09-02T17:48:19.181+0530] {processor.py:208} INFO - Processing /Users/parthmac/Desktop/Projects/Flight Data Engineering/flight-env/lib/python3.12/site-packages/airflow/example_dags/example_subdag_operator.py took 0.239 seconds
[2025-09-02T17:50:06.674+0530] {processor.py:186} INFO - Started process (PID=33137) to work on /Users/parthmac/Desktop/Projects/Flight Data Engineering/flight-env/lib/python3.12/site-packages/airflow/example_dags/example_subdag_operator.py
[2025-09-02T17:50:06.674+0530] {processor.py:914} INFO - Processing file /Users/parthmac/Desktop/Projects/Flight Data Engineering/flight-env/lib/python3.12/site-packages/airflow/example_dags/example_subdag_operator.py for tasks to queue
[2025-09-02T17:50:06.675+0530] {logging_mixin.py:190} INFO - [2025-09-02T17:50:06.675+0530] {dagbag.py:588} INFO - Filling up the DagBag from /Users/parthmac/Desktop/Projects/Flight Data Engineering/flight-env/lib/python3.12/site-packages/airflow/example_dags/example_subdag_operator.py
[2025-09-02T17:50:06.700+0530] {processor.py:925} INFO - DAG(s) 'example_subdag_operator.section-1', 'example_subdag_operator.section-2', 'example_subdag_operator' retrieved from /Users/parthmac/Desktop/Projects/Flight Data Engineering/flight-env/lib/python3.12/site-packages/airflow/example_dags/example_subdag_operator.py
[2025-09-02T17:50:06.900+0530] {logging_mixin.py:190} INFO - [2025-09-02T17:50:06.900+0530] {dag.py:3239} INFO - Sync 3 DAGs
[2025-09-02T17:50:06.904+0530] {logging_mixin.py:190} INFO - [2025-09-02T17:50:06.904+0530] {dag.py:4180} INFO - Setting next_dagrun for example_subdag_operator to 2022-01-01 00:00:00+00:00, run_after=2022-01-01 00:00:00+00:00
[2025-09-02T17:50:06.905+0530] {logging_mixin.py:190} INFO - [2025-09-02T17:50:06.905+0530] {dag.py:4180} INFO - Setting next_dagrun for example_subdag_operator.section-1 to None, run_after=None
[2025-09-02T17:50:06.905+0530] {logging_mixin.py:190} INFO - [2025-09-02T17:50:06.905+0530] {dag.py:4180} INFO - Setting next_dagrun for example_subdag_operator.section-2 to None, run_after=None
[2025-09-02T17:50:06.907+0530] {logging_mixin.py:190} INFO - [2025-09-02T17:50:06.907+0530] {dag.py:3239} INFO - Sync 2 DAGs
[2025-09-02T17:50:06.908+0530] {logging_mixin.py:190} INFO - [2025-09-02T17:50:06.908+0530] {dag.py:4180} INFO - Setting next_dagrun for example_subdag_operator.section-1 to None, run_after=None
[2025-09-02T17:50:06.908+0530] {logging_mixin.py:190} INFO - [2025-09-02T17:50:06.908+0530] {dag.py:4180} INFO - Setting next_dagrun for example_subdag_operator.section-2 to None, run_after=None
[2025-09-02T17:50:06.911+0530] {processor.py:208} INFO - Processing /Users/parthmac/Desktop/Projects/Flight Data Engineering/flight-env/lib/python3.12/site-packages/airflow/example_dags/example_subdag_operator.py took 0.238 seconds
[2025-09-02T17:54:34.280+0530] {processor.py:186} INFO - Started process (PID=34771) to work on /Users/parthmac/Desktop/Projects/Flight Data Engineering/flight-env/lib/python3.12/site-packages/airflow/example_dags/example_subdag_operator.py
[2025-09-02T17:54:34.281+0530] {processor.py:914} INFO - Processing file /Users/parthmac/Desktop/Projects/Flight Data Engineering/flight-env/lib/python3.12/site-packages/airflow/example_dags/example_subdag_operator.py for tasks to queue
[2025-09-02T17:54:34.281+0530] {logging_mixin.py:190} INFO - [2025-09-02T17:54:34.281+0530] {dagbag.py:588} INFO - Filling up the DagBag from /Users/parthmac/Desktop/Projects/Flight Data Engineering/flight-env/lib/python3.12/site-packages/airflow/example_dags/example_subdag_operator.py
[2025-09-02T17:54:34.306+0530] {processor.py:925} INFO - DAG(s) 'example_subdag_operator.section-1', 'example_subdag_operator.section-2', 'example_subdag_operator' retrieved from /Users/parthmac/Desktop/Projects/Flight Data Engineering/flight-env/lib/python3.12/site-packages/airflow/example_dags/example_subdag_operator.py
[2025-09-02T17:54:34.509+0530] {logging_mixin.py:190} INFO - [2025-09-02T17:54:34.509+0530] {dag.py:3239} INFO - Sync 3 DAGs
[2025-09-02T17:54:34.514+0530] {logging_mixin.py:190} INFO - [2025-09-02T17:54:34.514+0530] {dag.py:4180} INFO - Setting next_dagrun for example_subdag_operator to 2022-01-01 00:00:00+00:00, run_after=2022-01-01 00:00:00+00:00
[2025-09-02T17:54:34.515+0530] {logging_mixin.py:190} INFO - [2025-09-02T17:54:34.514+0530] {dag.py:4180} INFO - Setting next_dagrun for example_subdag_operator.section-1 to None, run_after=None
[2025-09-02T17:54:34.515+0530] {logging_mixin.py:190} INFO - [2025-09-02T17:54:34.515+0530] {dag.py:4180} INFO - Setting next_dagrun for example_subdag_operator.section-2 to None, run_after=None
[2025-09-02T17:54:34.516+0530] {logging_mixin.py:190} INFO - [2025-09-02T17:54:34.516+0530] {dag.py:3239} INFO - Sync 2 DAGs
[2025-09-02T17:54:34.517+0530] {logging_mixin.py:190} INFO - [2025-09-02T17:54:34.517+0530] {dag.py:4180} INFO - Setting next_dagrun for example_subdag_operator.section-1 to None, run_after=None
[2025-09-02T17:54:34.517+0530] {logging_mixin.py:190} INFO - [2025-09-02T17:54:34.517+0530] {dag.py:4180} INFO - Setting next_dagrun for example_subdag_operator.section-2 to None, run_after=None
[2025-09-02T17:54:34.520+0530] {processor.py:208} INFO - Processing /Users/parthmac/Desktop/Projects/Flight Data Engineering/flight-env/lib/python3.12/site-packages/airflow/example_dags/example_subdag_operator.py took 0.241 seconds
