[2025-09-02T16:58:28.734+0530] {processor.py:186} INFO - Started process (PID=26378) to work on /Users/parthmac/Desktop/Projects/Flight Data Engineering/flight-env/lib/python3.12/site-packages/airflow/example_dags/example_complex.py
[2025-09-02T16:58:28.734+0530] {processor.py:914} INFO - Processing file /Users/parthmac/Desktop/Projects/Flight Data Engineering/flight-env/lib/python3.12/site-packages/airflow/example_dags/example_complex.py for tasks to queue
[2025-09-02T16:58:28.734+0530] {logging_mixin.py:190} INFO - [2025-09-02T16:58:28.734+0530] {dagbag.py:588} INFO - Filling up the DagBag from /Users/parthmac/Desktop/Projects/Flight Data Engineering/flight-env/lib/python3.12/site-packages/airflow/example_dags/example_complex.py
[2025-09-02T16:58:28.738+0530] {processor.py:925} INFO - DAG(s) 'example_complex' retrieved from /Users/parthmac/Desktop/Projects/Flight Data Engineering/flight-env/lib/python3.12/site-packages/airflow/example_dags/example_complex.py
[2025-09-02T16:58:28.788+0530] {logging_mixin.py:190} INFO - [2025-09-02T16:58:28.788+0530] {override.py:1900} INFO - Created Permission View: can delete on DAG:example_complex
[2025-09-02T16:58:28.791+0530] {logging_mixin.py:190} INFO - [2025-09-02T16:58:28.791+0530] {override.py:1900} INFO - Created Permission View: can edit on DAG:example_complex
[2025-09-02T16:58:28.792+0530] {logging_mixin.py:190} INFO - [2025-09-02T16:58:28.792+0530] {override.py:1900} INFO - Created Permission View: can read on DAG:example_complex
[2025-09-02T16:58:28.794+0530] {logging_mixin.py:190} INFO - [2025-09-02T16:58:28.794+0530] {override.py:1900} INFO - Created Permission View: can delete on DAG Run:example_complex
[2025-09-02T16:58:28.795+0530] {logging_mixin.py:190} INFO - [2025-09-02T16:58:28.795+0530] {override.py:1900} INFO - Created Permission View: menu access on DAG Run:example_complex
[2025-09-02T16:58:28.796+0530] {logging_mixin.py:190} INFO - [2025-09-02T16:58:28.796+0530] {override.py:1900} INFO - Created Permission View: can read on DAG Run:example_complex
[2025-09-02T16:58:28.797+0530] {logging_mixin.py:190} INFO - [2025-09-02T16:58:28.797+0530] {override.py:1900} INFO - Created Permission View: can create on DAG Run:example_complex
[2025-09-02T16:58:28.797+0530] {logging_mixin.py:190} INFO - [2025-09-02T16:58:28.797+0530] {dag.py:3239} INFO - Sync 1 DAGs
[2025-09-02T16:58:28.819+0530] {logging_mixin.py:190} INFO - [2025-09-02T16:58:28.819+0530] {dag.py:3262} INFO - Creating ORM DAG for example_complex
[2025-09-02T16:58:28.819+0530] {logging_mixin.py:190} INFO - [2025-09-02T16:58:28.819+0530] {dag.py:4180} INFO - Setting next_dagrun for example_complex to None, run_after=None
[2025-09-02T16:58:28.824+0530] {processor.py:208} INFO - Processing /Users/parthmac/Desktop/Projects/Flight Data Engineering/flight-env/lib/python3.12/site-packages/airflow/example_dags/example_complex.py took 0.091 seconds
[2025-09-02T17:06:16.114+0530] {processor.py:186} INFO - Started process (PID=27640) to work on /Users/parthmac/Desktop/Projects/Flight Data Engineering/flight-env/lib/python3.12/site-packages/airflow/example_dags/example_complex.py
[2025-09-02T17:06:16.115+0530] {processor.py:914} INFO - Processing file /Users/parthmac/Desktop/Projects/Flight Data Engineering/flight-env/lib/python3.12/site-packages/airflow/example_dags/example_complex.py for tasks to queue
[2025-09-02T17:06:16.116+0530] {logging_mixin.py:190} INFO - [2025-09-02T17:06:16.115+0530] {dagbag.py:588} INFO - Filling up the DagBag from /Users/parthmac/Desktop/Projects/Flight Data Engineering/flight-env/lib/python3.12/site-packages/airflow/example_dags/example_complex.py
[2025-09-02T17:06:16.119+0530] {processor.py:925} INFO - DAG(s) 'example_complex' retrieved from /Users/parthmac/Desktop/Projects/Flight Data Engineering/flight-env/lib/python3.12/site-packages/airflow/example_dags/example_complex.py
[2025-09-02T17:06:16.147+0530] {logging_mixin.py:190} INFO - [2025-09-02T17:06:16.146+0530] {dag.py:3239} INFO - Sync 1 DAGs
[2025-09-02T17:06:16.149+0530] {logging_mixin.py:190} INFO - [2025-09-02T17:06:16.149+0530] {dag.py:4180} INFO - Setting next_dagrun for example_complex to None, run_after=None
[2025-09-02T17:06:16.154+0530] {processor.py:208} INFO - Processing /Users/parthmac/Desktop/Projects/Flight Data Engineering/flight-env/lib/python3.12/site-packages/airflow/example_dags/example_complex.py took 0.041 seconds
[2025-09-02T17:43:12.576+0530] {processor.py:186} INFO - Started process (PID=31711) to work on /Users/parthmac/Desktop/Projects/Flight Data Engineering/flight-env/lib/python3.12/site-packages/airflow/example_dags/example_complex.py
[2025-09-02T17:43:12.577+0530] {processor.py:914} INFO - Processing file /Users/parthmac/Desktop/Projects/Flight Data Engineering/flight-env/lib/python3.12/site-packages/airflow/example_dags/example_complex.py for tasks to queue
[2025-09-02T17:43:12.578+0530] {logging_mixin.py:190} INFO - [2025-09-02T17:43:12.577+0530] {dagbag.py:588} INFO - Filling up the DagBag from /Users/parthmac/Desktop/Projects/Flight Data Engineering/flight-env/lib/python3.12/site-packages/airflow/example_dags/example_complex.py
[2025-09-02T17:43:12.581+0530] {processor.py:925} INFO - DAG(s) 'example_complex' retrieved from /Users/parthmac/Desktop/Projects/Flight Data Engineering/flight-env/lib/python3.12/site-packages/airflow/example_dags/example_complex.py
[2025-09-02T17:43:12.608+0530] {logging_mixin.py:190} INFO - [2025-09-02T17:43:12.608+0530] {dag.py:3239} INFO - Sync 1 DAGs
[2025-09-02T17:43:12.611+0530] {logging_mixin.py:190} INFO - [2025-09-02T17:43:12.611+0530] {dag.py:4180} INFO - Setting next_dagrun for example_complex to None, run_after=None
[2025-09-02T17:43:12.616+0530] {processor.py:208} INFO - Processing /Users/parthmac/Desktop/Projects/Flight Data Engineering/flight-env/lib/python3.12/site-packages/airflow/example_dags/example_complex.py took 0.040 seconds
[2025-09-02T17:47:37.336+0530] {processor.py:186} INFO - Started process (PID=32663) to work on /Users/parthmac/Desktop/Projects/Flight Data Engineering/flight-env/lib/python3.12/site-packages/airflow/example_dags/example_complex.py
[2025-09-02T17:47:37.336+0530] {processor.py:914} INFO - Processing file /Users/parthmac/Desktop/Projects/Flight Data Engineering/flight-env/lib/python3.12/site-packages/airflow/example_dags/example_complex.py for tasks to queue
[2025-09-02T17:47:37.336+0530] {logging_mixin.py:190} INFO - [2025-09-02T17:47:37.336+0530] {dagbag.py:588} INFO - Filling up the DagBag from /Users/parthmac/Desktop/Projects/Flight Data Engineering/flight-env/lib/python3.12/site-packages/airflow/example_dags/example_complex.py
[2025-09-02T17:47:37.339+0530] {processor.py:925} INFO - DAG(s) 'example_complex' retrieved from /Users/parthmac/Desktop/Projects/Flight Data Engineering/flight-env/lib/python3.12/site-packages/airflow/example_dags/example_complex.py
[2025-09-02T17:47:37.367+0530] {logging_mixin.py:190} INFO - [2025-09-02T17:47:37.367+0530] {dag.py:3239} INFO - Sync 1 DAGs
[2025-09-02T17:47:37.370+0530] {logging_mixin.py:190} INFO - [2025-09-02T17:47:37.370+0530] {dag.py:4180} INFO - Setting next_dagrun for example_complex to None, run_after=None
[2025-09-02T17:47:37.375+0530] {processor.py:208} INFO - Processing /Users/parthmac/Desktop/Projects/Flight Data Engineering/flight-env/lib/python3.12/site-packages/airflow/example_dags/example_complex.py took 0.041 seconds
[2025-09-02T17:49:24.348+0530] {processor.py:186} INFO - Started process (PID=32762) to work on /Users/parthmac/Desktop/Projects/Flight Data Engineering/flight-env/lib/python3.12/site-packages/airflow/example_dags/example_complex.py
[2025-09-02T17:49:24.349+0530] {processor.py:914} INFO - Processing file /Users/parthmac/Desktop/Projects/Flight Data Engineering/flight-env/lib/python3.12/site-packages/airflow/example_dags/example_complex.py for tasks to queue
[2025-09-02T17:49:24.349+0530] {logging_mixin.py:190} INFO - [2025-09-02T17:49:24.349+0530] {dagbag.py:588} INFO - Filling up the DagBag from /Users/parthmac/Desktop/Projects/Flight Data Engineering/flight-env/lib/python3.12/site-packages/airflow/example_dags/example_complex.py
[2025-09-02T17:49:24.352+0530] {processor.py:925} INFO - DAG(s) 'example_complex' retrieved from /Users/parthmac/Desktop/Projects/Flight Data Engineering/flight-env/lib/python3.12/site-packages/airflow/example_dags/example_complex.py
[2025-09-02T17:49:24.381+0530] {logging_mixin.py:190} INFO - [2025-09-02T17:49:24.381+0530] {dag.py:3239} INFO - Sync 1 DAGs
[2025-09-02T17:49:24.384+0530] {logging_mixin.py:190} INFO - [2025-09-02T17:49:24.384+0530] {dag.py:4180} INFO - Setting next_dagrun for example_complex to None, run_after=None
[2025-09-02T17:49:24.389+0530] {processor.py:208} INFO - Processing /Users/parthmac/Desktop/Projects/Flight Data Engineering/flight-env/lib/python3.12/site-packages/airflow/example_dags/example_complex.py took 0.042 seconds
[2025-09-02T17:51:07.350+0530] {processor.py:186} INFO - Started process (PID=33198) to work on /Users/parthmac/Desktop/Projects/Flight Data Engineering/flight-env/lib/python3.12/site-packages/airflow/example_dags/example_complex.py
[2025-09-02T17:51:07.351+0530] {processor.py:914} INFO - Processing file /Users/parthmac/Desktop/Projects/Flight Data Engineering/flight-env/lib/python3.12/site-packages/airflow/example_dags/example_complex.py for tasks to queue
[2025-09-02T17:51:07.351+0530] {logging_mixin.py:190} INFO - [2025-09-02T17:51:07.351+0530] {dagbag.py:588} INFO - Filling up the DagBag from /Users/parthmac/Desktop/Projects/Flight Data Engineering/flight-env/lib/python3.12/site-packages/airflow/example_dags/example_complex.py
[2025-09-02T17:51:07.354+0530] {processor.py:925} INFO - DAG(s) 'example_complex' retrieved from /Users/parthmac/Desktop/Projects/Flight Data Engineering/flight-env/lib/python3.12/site-packages/airflow/example_dags/example_complex.py
[2025-09-02T17:51:07.383+0530] {logging_mixin.py:190} INFO - [2025-09-02T17:51:07.383+0530] {dag.py:3239} INFO - Sync 1 DAGs
[2025-09-02T17:51:07.385+0530] {logging_mixin.py:190} INFO - [2025-09-02T17:51:07.385+0530] {dag.py:4180} INFO - Setting next_dagrun for example_complex to None, run_after=None
[2025-09-02T17:51:07.391+0530] {processor.py:208} INFO - Processing /Users/parthmac/Desktop/Projects/Flight Data Engineering/flight-env/lib/python3.12/site-packages/airflow/example_dags/example_complex.py took 0.041 seconds
