[2025-09-02T16:57:48.600+0530] {processor.py:186} INFO - Started process (PID=26350) to work on /Users/parthmac/Desktop/Projects/Flight Data Engineering/flight-env/lib/python3.12/site-packages/airflow/example_dags/example_setup_teardown.py
[2025-09-02T16:57:48.600+0530] {processor.py:914} INFO - Processing file /Users/parthmac/Desktop/Projects/Flight Data Engineering/flight-env/lib/python3.12/site-packages/airflow/example_dags/example_setup_teardown.py for tasks to queue
[2025-09-02T16:57:48.600+0530] {logging_mixin.py:190} INFO - [2025-09-02T16:57:48.600+0530] {dagbag.py:588} INFO - Filling up the DagBag from /Users/parthmac/Desktop/Projects/Flight Data Engineering/flight-env/lib/python3.12/site-packages/airflow/example_dags/example_setup_teardown.py
[2025-09-02T16:57:48.603+0530] {processor.py:925} INFO - DAG(s) 'example_setup_teardown' retrieved from /Users/parthmac/Desktop/Projects/Flight Data Engineering/flight-env/lib/python3.12/site-packages/airflow/example_dags/example_setup_teardown.py
[2025-09-02T16:57:48.651+0530] {logging_mixin.py:190} INFO - [2025-09-02T16:57:48.651+0530] {override.py:1900} INFO - Created Permission View: can edit on DAG:example_setup_teardown
[2025-09-02T16:57:48.653+0530] {logging_mixin.py:190} INFO - [2025-09-02T16:57:48.653+0530] {override.py:1900} INFO - Created Permission View: can delete on DAG:example_setup_teardown
[2025-09-02T16:57:48.654+0530] {logging_mixin.py:190} INFO - [2025-09-02T16:57:48.654+0530] {override.py:1900} INFO - Created Permission View: can read on DAG:example_setup_teardown
[2025-09-02T16:57:48.656+0530] {logging_mixin.py:190} INFO - [2025-09-02T16:57:48.656+0530] {override.py:1900} INFO - Created Permission View: menu access on DAG Run:example_setup_teardown
[2025-09-02T16:57:48.657+0530] {logging_mixin.py:190} INFO - [2025-09-02T16:57:48.657+0530] {override.py:1900} INFO - Created Permission View: can create on DAG Run:example_setup_teardown
[2025-09-02T16:57:48.659+0530] {logging_mixin.py:190} INFO - [2025-09-02T16:57:48.659+0530] {override.py:1900} INFO - Created Permission View: can delete on DAG Run:example_setup_teardown
[2025-09-02T16:57:48.660+0530] {logging_mixin.py:190} INFO - [2025-09-02T16:57:48.660+0530] {override.py:1900} INFO - Created Permission View: can read on DAG Run:example_setup_teardown
[2025-09-02T16:57:48.660+0530] {logging_mixin.py:190} INFO - [2025-09-02T16:57:48.660+0530] {dag.py:3239} INFO - Sync 1 DAGs
[2025-09-02T16:57:48.682+0530] {logging_mixin.py:190} INFO - [2025-09-02T16:57:48.682+0530] {dag.py:3262} INFO - Creating ORM DAG for example_setup_teardown
[2025-09-02T16:57:48.682+0530] {logging_mixin.py:190} INFO - [2025-09-02T16:57:48.682+0530] {dag.py:4180} INFO - Setting next_dagrun for example_setup_teardown to None, run_after=None
[2025-09-02T16:57:48.686+0530] {processor.py:208} INFO - Processing /Users/parthmac/Desktop/Projects/Flight Data Engineering/flight-env/lib/python3.12/site-packages/airflow/example_dags/example_setup_teardown.py took 0.087 seconds
[2025-09-02T16:59:18.141+0530] {processor.py:186} INFO - Started process (PID=26424) to work on /Users/parthmac/Desktop/Projects/Flight Data Engineering/flight-env/lib/python3.12/site-packages/airflow/example_dags/example_setup_teardown.py
[2025-09-02T16:59:18.142+0530] {processor.py:914} INFO - Processing file /Users/parthmac/Desktop/Projects/Flight Data Engineering/flight-env/lib/python3.12/site-packages/airflow/example_dags/example_setup_teardown.py for tasks to queue
[2025-09-02T16:59:18.142+0530] {logging_mixin.py:190} INFO - [2025-09-02T16:59:18.142+0530] {dagbag.py:588} INFO - Filling up the DagBag from /Users/parthmac/Desktop/Projects/Flight Data Engineering/flight-env/lib/python3.12/site-packages/airflow/example_dags/example_setup_teardown.py
[2025-09-02T16:59:18.145+0530] {processor.py:925} INFO - DAG(s) 'example_setup_teardown' retrieved from /Users/parthmac/Desktop/Projects/Flight Data Engineering/flight-env/lib/python3.12/site-packages/airflow/example_dags/example_setup_teardown.py
[2025-09-02T16:59:18.172+0530] {logging_mixin.py:190} INFO - [2025-09-02T16:59:18.172+0530] {dag.py:3239} INFO - Sync 1 DAGs
[2025-09-02T16:59:18.176+0530] {logging_mixin.py:190} INFO - [2025-09-02T16:59:18.176+0530] {dag.py:4180} INFO - Setting next_dagrun for example_setup_teardown to None, run_after=None
[2025-09-02T16:59:18.181+0530] {processor.py:208} INFO - Processing /Users/parthmac/Desktop/Projects/Flight Data Engineering/flight-env/lib/python3.12/site-packages/airflow/example_dags/example_setup_teardown.py took 0.041 seconds
[2025-09-02T17:05:41.574+0530] {processor.py:186} INFO - Started process (PID=27611) to work on /Users/parthmac/Desktop/Projects/Flight Data Engineering/flight-env/lib/python3.12/site-packages/airflow/example_dags/example_setup_teardown.py
[2025-09-02T17:05:41.575+0530] {processor.py:914} INFO - Processing file /Users/parthmac/Desktop/Projects/Flight Data Engineering/flight-env/lib/python3.12/site-packages/airflow/example_dags/example_setup_teardown.py for tasks to queue
[2025-09-02T17:05:41.575+0530] {logging_mixin.py:190} INFO - [2025-09-02T17:05:41.575+0530] {dagbag.py:588} INFO - Filling up the DagBag from /Users/parthmac/Desktop/Projects/Flight Data Engineering/flight-env/lib/python3.12/site-packages/airflow/example_dags/example_setup_teardown.py
[2025-09-02T17:05:41.578+0530] {processor.py:925} INFO - DAG(s) 'example_setup_teardown' retrieved from /Users/parthmac/Desktop/Projects/Flight Data Engineering/flight-env/lib/python3.12/site-packages/airflow/example_dags/example_setup_teardown.py
[2025-09-02T17:05:41.602+0530] {logging_mixin.py:190} INFO - [2025-09-02T17:05:41.602+0530] {dag.py:3239} INFO - Sync 1 DAGs
[2025-09-02T17:05:41.605+0530] {logging_mixin.py:190} INFO - [2025-09-02T17:05:41.605+0530] {dag.py:4180} INFO - Setting next_dagrun for example_setup_teardown to None, run_after=None
[2025-09-02T17:05:41.609+0530] {processor.py:208} INFO - Processing /Users/parthmac/Desktop/Projects/Flight Data Engineering/flight-env/lib/python3.12/site-packages/airflow/example_dags/example_setup_teardown.py took 0.036 seconds
[2025-09-02T17:07:05.997+0530] {processor.py:186} INFO - Started process (PID=27691) to work on /Users/parthmac/Desktop/Projects/Flight Data Engineering/flight-env/lib/python3.12/site-packages/airflow/example_dags/example_setup_teardown.py
[2025-09-02T17:07:05.998+0530] {processor.py:914} INFO - Processing file /Users/parthmac/Desktop/Projects/Flight Data Engineering/flight-env/lib/python3.12/site-packages/airflow/example_dags/example_setup_teardown.py for tasks to queue
[2025-09-02T17:07:05.998+0530] {logging_mixin.py:190} INFO - [2025-09-02T17:07:05.998+0530] {dagbag.py:588} INFO - Filling up the DagBag from /Users/parthmac/Desktop/Projects/Flight Data Engineering/flight-env/lib/python3.12/site-packages/airflow/example_dags/example_setup_teardown.py
[2025-09-02T17:07:06.001+0530] {processor.py:925} INFO - DAG(s) 'example_setup_teardown' retrieved from /Users/parthmac/Desktop/Projects/Flight Data Engineering/flight-env/lib/python3.12/site-packages/airflow/example_dags/example_setup_teardown.py
[2025-09-02T17:07:06.026+0530] {logging_mixin.py:190} INFO - [2025-09-02T17:07:06.026+0530] {dag.py:3239} INFO - Sync 1 DAGs
[2025-09-02T17:07:06.029+0530] {logging_mixin.py:190} INFO - [2025-09-02T17:07:06.029+0530] {dag.py:4180} INFO - Setting next_dagrun for example_setup_teardown to None, run_after=None
[2025-09-02T17:07:06.033+0530] {processor.py:208} INFO - Processing /Users/parthmac/Desktop/Projects/Flight Data Engineering/flight-env/lib/python3.12/site-packages/airflow/example_dags/example_setup_teardown.py took 0.037 seconds
[2025-09-02T17:42:38.966+0530] {processor.py:186} INFO - Started process (PID=31643) to work on /Users/parthmac/Desktop/Projects/Flight Data Engineering/flight-env/lib/python3.12/site-packages/airflow/example_dags/example_setup_teardown.py
[2025-09-02T17:42:38.966+0530] {processor.py:914} INFO - Processing file /Users/parthmac/Desktop/Projects/Flight Data Engineering/flight-env/lib/python3.12/site-packages/airflow/example_dags/example_setup_teardown.py for tasks to queue
[2025-09-02T17:42:38.967+0530] {logging_mixin.py:190} INFO - [2025-09-02T17:42:38.966+0530] {dagbag.py:588} INFO - Filling up the DagBag from /Users/parthmac/Desktop/Projects/Flight Data Engineering/flight-env/lib/python3.12/site-packages/airflow/example_dags/example_setup_teardown.py
[2025-09-02T17:42:38.969+0530] {processor.py:925} INFO - DAG(s) 'example_setup_teardown' retrieved from /Users/parthmac/Desktop/Projects/Flight Data Engineering/flight-env/lib/python3.12/site-packages/airflow/example_dags/example_setup_teardown.py
[2025-09-02T17:42:38.996+0530] {logging_mixin.py:190} INFO - [2025-09-02T17:42:38.996+0530] {dag.py:3239} INFO - Sync 1 DAGs
[2025-09-02T17:42:38.999+0530] {logging_mixin.py:190} INFO - [2025-09-02T17:42:38.999+0530] {dag.py:4180} INFO - Setting next_dagrun for example_setup_teardown to None, run_after=None
[2025-09-02T17:42:39.005+0530] {processor.py:208} INFO - Processing /Users/parthmac/Desktop/Projects/Flight Data Engineering/flight-env/lib/python3.12/site-packages/airflow/example_dags/example_setup_teardown.py took 0.040 seconds
[2025-09-02T17:44:03.260+0530] {processor.py:186} INFO - Started process (PID=31753) to work on /Users/parthmac/Desktop/Projects/Flight Data Engineering/flight-env/lib/python3.12/site-packages/airflow/example_dags/example_setup_teardown.py
[2025-09-02T17:44:03.260+0530] {processor.py:914} INFO - Processing file /Users/parthmac/Desktop/Projects/Flight Data Engineering/flight-env/lib/python3.12/site-packages/airflow/example_dags/example_setup_teardown.py for tasks to queue
[2025-09-02T17:44:03.260+0530] {logging_mixin.py:190} INFO - [2025-09-02T17:44:03.260+0530] {dagbag.py:588} INFO - Filling up the DagBag from /Users/parthmac/Desktop/Projects/Flight Data Engineering/flight-env/lib/python3.12/site-packages/airflow/example_dags/example_setup_teardown.py
[2025-09-02T17:44:03.262+0530] {processor.py:925} INFO - DAG(s) 'example_setup_teardown' retrieved from /Users/parthmac/Desktop/Projects/Flight Data Engineering/flight-env/lib/python3.12/site-packages/airflow/example_dags/example_setup_teardown.py
[2025-09-02T17:44:03.287+0530] {logging_mixin.py:190} INFO - [2025-09-02T17:44:03.287+0530] {dag.py:3239} INFO - Sync 1 DAGs
[2025-09-02T17:44:03.290+0530] {logging_mixin.py:190} INFO - [2025-09-02T17:44:03.290+0530] {dag.py:4180} INFO - Setting next_dagrun for example_setup_teardown to None, run_after=None
[2025-09-02T17:44:03.295+0530] {processor.py:208} INFO - Processing /Users/parthmac/Desktop/Projects/Flight Data Engineering/flight-env/lib/python3.12/site-packages/airflow/example_dags/example_setup_teardown.py took 0.036 seconds
[2025-09-02T17:47:02.874+0530] {processor.py:186} INFO - Started process (PID=32625) to work on /Users/parthmac/Desktop/Projects/Flight Data Engineering/flight-env/lib/python3.12/site-packages/airflow/example_dags/example_setup_teardown.py
[2025-09-02T17:47:02.874+0530] {processor.py:914} INFO - Processing file /Users/parthmac/Desktop/Projects/Flight Data Engineering/flight-env/lib/python3.12/site-packages/airflow/example_dags/example_setup_teardown.py for tasks to queue
[2025-09-02T17:47:02.874+0530] {logging_mixin.py:190} INFO - [2025-09-02T17:47:02.874+0530] {dagbag.py:588} INFO - Filling up the DagBag from /Users/parthmac/Desktop/Projects/Flight Data Engineering/flight-env/lib/python3.12/site-packages/airflow/example_dags/example_setup_teardown.py
[2025-09-02T17:47:02.876+0530] {processor.py:925} INFO - DAG(s) 'example_setup_teardown' retrieved from /Users/parthmac/Desktop/Projects/Flight Data Engineering/flight-env/lib/python3.12/site-packages/airflow/example_dags/example_setup_teardown.py
[2025-09-02T17:47:02.901+0530] {logging_mixin.py:190} INFO - [2025-09-02T17:47:02.901+0530] {dag.py:3239} INFO - Sync 1 DAGs
[2025-09-02T17:47:02.904+0530] {logging_mixin.py:190} INFO - [2025-09-02T17:47:02.904+0530] {dag.py:4180} INFO - Setting next_dagrun for example_setup_teardown to None, run_after=None
[2025-09-02T17:47:02.909+0530] {processor.py:208} INFO - Processing /Users/parthmac/Desktop/Projects/Flight Data Engineering/flight-env/lib/python3.12/site-packages/airflow/example_dags/example_setup_teardown.py took 0.036 seconds
[2025-09-02T17:48:27.411+0530] {processor.py:186} INFO - Started process (PID=32716) to work on /Users/parthmac/Desktop/Projects/Flight Data Engineering/flight-env/lib/python3.12/site-packages/airflow/example_dags/example_setup_teardown.py
[2025-09-02T17:48:27.411+0530] {processor.py:914} INFO - Processing file /Users/parthmac/Desktop/Projects/Flight Data Engineering/flight-env/lib/python3.12/site-packages/airflow/example_dags/example_setup_teardown.py for tasks to queue
[2025-09-02T17:48:27.412+0530] {logging_mixin.py:190} INFO - [2025-09-02T17:48:27.412+0530] {dagbag.py:588} INFO - Filling up the DagBag from /Users/parthmac/Desktop/Projects/Flight Data Engineering/flight-env/lib/python3.12/site-packages/airflow/example_dags/example_setup_teardown.py
[2025-09-02T17:48:27.414+0530] {processor.py:925} INFO - DAG(s) 'example_setup_teardown' retrieved from /Users/parthmac/Desktop/Projects/Flight Data Engineering/flight-env/lib/python3.12/site-packages/airflow/example_dags/example_setup_teardown.py
[2025-09-02T17:48:27.439+0530] {logging_mixin.py:190} INFO - [2025-09-02T17:48:27.439+0530] {dag.py:3239} INFO - Sync 1 DAGs
[2025-09-02T17:48:27.442+0530] {logging_mixin.py:190} INFO - [2025-09-02T17:48:27.442+0530] {dag.py:4180} INFO - Setting next_dagrun for example_setup_teardown to None, run_after=None
[2025-09-02T17:48:27.447+0530] {processor.py:208} INFO - Processing /Users/parthmac/Desktop/Projects/Flight Data Engineering/flight-env/lib/python3.12/site-packages/airflow/example_dags/example_setup_teardown.py took 0.037 seconds
[2025-09-02T17:50:15.775+0530] {processor.py:186} INFO - Started process (PID=33143) to work on /Users/parthmac/Desktop/Projects/Flight Data Engineering/flight-env/lib/python3.12/site-packages/airflow/example_dags/example_setup_teardown.py
[2025-09-02T17:50:15.775+0530] {processor.py:914} INFO - Processing file /Users/parthmac/Desktop/Projects/Flight Data Engineering/flight-env/lib/python3.12/site-packages/airflow/example_dags/example_setup_teardown.py for tasks to queue
[2025-09-02T17:50:15.775+0530] {logging_mixin.py:190} INFO - [2025-09-02T17:50:15.775+0530] {dagbag.py:588} INFO - Filling up the DagBag from /Users/parthmac/Desktop/Projects/Flight Data Engineering/flight-env/lib/python3.12/site-packages/airflow/example_dags/example_setup_teardown.py
[2025-09-02T17:50:15.778+0530] {processor.py:925} INFO - DAG(s) 'example_setup_teardown' retrieved from /Users/parthmac/Desktop/Projects/Flight Data Engineering/flight-env/lib/python3.12/site-packages/airflow/example_dags/example_setup_teardown.py
[2025-09-02T17:50:15.803+0530] {logging_mixin.py:190} INFO - [2025-09-02T17:50:15.803+0530] {dag.py:3239} INFO - Sync 1 DAGs
[2025-09-02T17:50:15.806+0530] {logging_mixin.py:190} INFO - [2025-09-02T17:50:15.806+0530] {dag.py:4180} INFO - Setting next_dagrun for example_setup_teardown to None, run_after=None
[2025-09-02T17:50:15.811+0530] {processor.py:208} INFO - Processing /Users/parthmac/Desktop/Projects/Flight Data Engineering/flight-env/lib/python3.12/site-packages/airflow/example_dags/example_setup_teardown.py took 0.037 seconds
