[2025-09-02T16:58:29.715+0530] {processor.py:186} INFO - Started process (PID=26380) to work on /Users/parthmac/Desktop/Projects/Flight Data Engineering/flight-env/lib/python3.12/site-packages/airflow/example_dags/example_branch_python_dop_operator_3.py
[2025-09-02T16:58:29.716+0530] {processor.py:914} INFO - Processing file /Users/parthmac/Desktop/Projects/Flight Data Engineering/flight-env/lib/python3.12/site-packages/airflow/example_dags/example_branch_python_dop_operator_3.py for tasks to queue
[2025-09-02T16:58:29.716+0530] {logging_mixin.py:190} INFO - [2025-09-02T16:58:29.716+0530] {dagbag.py:588} INFO - Filling up the DagBag from /Users/parthmac/Desktop/Projects/Flight Data Engineering/flight-env/lib/python3.12/site-packages/airflow/example_dags/example_branch_python_dop_operator_3.py
[2025-09-02T16:58:29.728+0530] {processor.py:925} INFO - DAG(s) 'example_branch_dop_operator_v3' retrieved from /Users/parthmac/Desktop/Projects/Flight Data Engineering/flight-env/lib/python3.12/site-packages/airflow/example_dags/example_branch_python_dop_operator_3.py
[2025-09-02T16:58:29.795+0530] {logging_mixin.py:190} INFO - [2025-09-02T16:58:29.794+0530] {override.py:1900} INFO - Created Permission View: can edit on DAG:example_branch_dop_operator_v3
[2025-09-02T16:58:29.797+0530] {logging_mixin.py:190} INFO - [2025-09-02T16:58:29.797+0530] {override.py:1900} INFO - Created Permission View: can read on DAG:example_branch_dop_operator_v3
[2025-09-02T16:58:29.798+0530] {logging_mixin.py:190} INFO - [2025-09-02T16:58:29.798+0530] {override.py:1900} INFO - Created Permission View: can delete on DAG:example_branch_dop_operator_v3
[2025-09-02T16:58:29.800+0530] {logging_mixin.py:190} INFO - [2025-09-02T16:58:29.800+0530] {override.py:1900} INFO - Created Permission View: can create on DAG Run:example_branch_dop_operator_v3
[2025-09-02T16:58:29.801+0530] {logging_mixin.py:190} INFO - [2025-09-02T16:58:29.801+0530] {override.py:1900} INFO - Created Permission View: menu access on DAG Run:example_branch_dop_operator_v3
[2025-09-02T16:58:29.803+0530] {logging_mixin.py:190} INFO - [2025-09-02T16:58:29.803+0530] {override.py:1900} INFO - Created Permission View: can read on DAG Run:example_branch_dop_operator_v3
[2025-09-02T16:58:29.804+0530] {logging_mixin.py:190} INFO - [2025-09-02T16:58:29.804+0530] {override.py:1900} INFO - Created Permission View: can delete on DAG Run:example_branch_dop_operator_v3
[2025-09-02T16:58:29.804+0530] {logging_mixin.py:190} INFO - [2025-09-02T16:58:29.804+0530] {dag.py:3239} INFO - Sync 1 DAGs
[2025-09-02T16:58:29.807+0530] {logging_mixin.py:190} INFO - [2025-09-02T16:58:29.807+0530] {dag.py:3262} INFO - Creating ORM DAG for example_branch_dop_operator_v3
[2025-09-02T16:58:29.810+0530] {logging_mixin.py:190} INFO - [2025-09-02T16:58:29.810+0530] {dag.py:4180} INFO - Setting next_dagrun for example_branch_dop_operator_v3 to 2025-09-02 11:27:00+00:00, run_after=2025-09-02 11:28:00+00:00
[2025-09-02T16:58:29.815+0530] {processor.py:208} INFO - Processing /Users/parthmac/Desktop/Projects/Flight Data Engineering/flight-env/lib/python3.12/site-packages/airflow/example_dags/example_branch_python_dop_operator_3.py took 0.100 seconds
[2025-09-02T17:06:16.972+0530] {processor.py:186} INFO - Started process (PID=27641) to work on /Users/parthmac/Desktop/Projects/Flight Data Engineering/flight-env/lib/python3.12/site-packages/airflow/example_dags/example_branch_python_dop_operator_3.py
[2025-09-02T17:06:16.973+0530] {processor.py:914} INFO - Processing file /Users/parthmac/Desktop/Projects/Flight Data Engineering/flight-env/lib/python3.12/site-packages/airflow/example_dags/example_branch_python_dop_operator_3.py for tasks to queue
[2025-09-02T17:06:16.973+0530] {logging_mixin.py:190} INFO - [2025-09-02T17:06:16.973+0530] {dagbag.py:588} INFO - Filling up the DagBag from /Users/parthmac/Desktop/Projects/Flight Data Engineering/flight-env/lib/python3.12/site-packages/airflow/example_dags/example_branch_python_dop_operator_3.py
[2025-09-02T17:06:16.985+0530] {processor.py:925} INFO - DAG(s) 'example_branch_dop_operator_v3' retrieved from /Users/parthmac/Desktop/Projects/Flight Data Engineering/flight-env/lib/python3.12/site-packages/airflow/example_dags/example_branch_python_dop_operator_3.py
[2025-09-02T17:06:17.008+0530] {logging_mixin.py:190} INFO - [2025-09-02T17:06:17.008+0530] {dag.py:3239} INFO - Sync 1 DAGs
[2025-09-02T17:06:17.013+0530] {logging_mixin.py:190} INFO - [2025-09-02T17:06:17.013+0530] {dag.py:4180} INFO - Setting next_dagrun for example_branch_dop_operator_v3 to 2025-09-02 11:35:00+00:00, run_after=2025-09-02 11:36:00+00:00
[2025-09-02T17:06:17.018+0530] {processor.py:208} INFO - Processing /Users/parthmac/Desktop/Projects/Flight Data Engineering/flight-env/lib/python3.12/site-packages/airflow/example_dags/example_branch_python_dop_operator_3.py took 0.047 seconds
[2025-09-02T17:43:14.186+0530] {processor.py:186} INFO - Started process (PID=31712) to work on /Users/parthmac/Desktop/Projects/Flight Data Engineering/flight-env/lib/python3.12/site-packages/airflow/example_dags/example_branch_python_dop_operator_3.py
[2025-09-02T17:43:14.187+0530] {processor.py:914} INFO - Processing file /Users/parthmac/Desktop/Projects/Flight Data Engineering/flight-env/lib/python3.12/site-packages/airflow/example_dags/example_branch_python_dop_operator_3.py for tasks to queue
[2025-09-02T17:43:14.187+0530] {logging_mixin.py:190} INFO - [2025-09-02T17:43:14.187+0530] {dagbag.py:588} INFO - Filling up the DagBag from /Users/parthmac/Desktop/Projects/Flight Data Engineering/flight-env/lib/python3.12/site-packages/airflow/example_dags/example_branch_python_dop_operator_3.py
[2025-09-02T17:43:14.199+0530] {processor.py:925} INFO - DAG(s) 'example_branch_dop_operator_v3' retrieved from /Users/parthmac/Desktop/Projects/Flight Data Engineering/flight-env/lib/python3.12/site-packages/airflow/example_dags/example_branch_python_dop_operator_3.py
[2025-09-02T17:43:14.223+0530] {logging_mixin.py:190} INFO - [2025-09-02T17:43:14.223+0530] {dag.py:3239} INFO - Sync 1 DAGs
[2025-09-02T17:43:14.228+0530] {logging_mixin.py:190} INFO - [2025-09-02T17:43:14.228+0530] {dag.py:4180} INFO - Setting next_dagrun for example_branch_dop_operator_v3 to 2025-09-02 12:12:00+00:00, run_after=2025-09-02 12:13:00+00:00
[2025-09-02T17:43:14.232+0530] {processor.py:208} INFO - Processing /Users/parthmac/Desktop/Projects/Flight Data Engineering/flight-env/lib/python3.12/site-packages/airflow/example_dags/example_branch_python_dop_operator_3.py took 0.047 seconds
[2025-09-02T17:47:38.305+0530] {processor.py:186} INFO - Started process (PID=32664) to work on /Users/parthmac/Desktop/Projects/Flight Data Engineering/flight-env/lib/python3.12/site-packages/airflow/example_dags/example_branch_python_dop_operator_3.py
[2025-09-02T17:47:38.305+0530] {processor.py:914} INFO - Processing file /Users/parthmac/Desktop/Projects/Flight Data Engineering/flight-env/lib/python3.12/site-packages/airflow/example_dags/example_branch_python_dop_operator_3.py for tasks to queue
[2025-09-02T17:47:38.305+0530] {logging_mixin.py:190} INFO - [2025-09-02T17:47:38.305+0530] {dagbag.py:588} INFO - Filling up the DagBag from /Users/parthmac/Desktop/Projects/Flight Data Engineering/flight-env/lib/python3.12/site-packages/airflow/example_dags/example_branch_python_dop_operator_3.py
[2025-09-02T17:47:38.317+0530] {processor.py:925} INFO - DAG(s) 'example_branch_dop_operator_v3' retrieved from /Users/parthmac/Desktop/Projects/Flight Data Engineering/flight-env/lib/python3.12/site-packages/airflow/example_dags/example_branch_python_dop_operator_3.py
[2025-09-02T17:47:38.341+0530] {logging_mixin.py:190} INFO - [2025-09-02T17:47:38.341+0530] {dag.py:3239} INFO - Sync 1 DAGs
[2025-09-02T17:47:38.346+0530] {logging_mixin.py:190} INFO - [2025-09-02T17:47:38.346+0530] {dag.py:4180} INFO - Setting next_dagrun for example_branch_dop_operator_v3 to 2025-09-02 12:16:00+00:00, run_after=2025-09-02 12:17:00+00:00
[2025-09-02T17:47:38.351+0530] {processor.py:208} INFO - Processing /Users/parthmac/Desktop/Projects/Flight Data Engineering/flight-env/lib/python3.12/site-packages/airflow/example_dags/example_branch_python_dop_operator_3.py took 0.047 seconds
[2025-09-02T17:49:25.990+0530] {processor.py:186} INFO - Started process (PID=32763) to work on /Users/parthmac/Desktop/Projects/Flight Data Engineering/flight-env/lib/python3.12/site-packages/airflow/example_dags/example_branch_python_dop_operator_3.py
[2025-09-02T17:49:25.990+0530] {processor.py:914} INFO - Processing file /Users/parthmac/Desktop/Projects/Flight Data Engineering/flight-env/lib/python3.12/site-packages/airflow/example_dags/example_branch_python_dop_operator_3.py for tasks to queue
[2025-09-02T17:49:25.991+0530] {logging_mixin.py:190} INFO - [2025-09-02T17:49:25.991+0530] {dagbag.py:588} INFO - Filling up the DagBag from /Users/parthmac/Desktop/Projects/Flight Data Engineering/flight-env/lib/python3.12/site-packages/airflow/example_dags/example_branch_python_dop_operator_3.py
[2025-09-02T17:49:26.004+0530] {processor.py:925} INFO - DAG(s) 'example_branch_dop_operator_v3' retrieved from /Users/parthmac/Desktop/Projects/Flight Data Engineering/flight-env/lib/python3.12/site-packages/airflow/example_dags/example_branch_python_dop_operator_3.py
[2025-09-02T17:49:26.029+0530] {logging_mixin.py:190} INFO - [2025-09-02T17:49:26.029+0530] {dag.py:3239} INFO - Sync 1 DAGs
[2025-09-02T17:49:26.034+0530] {logging_mixin.py:190} INFO - [2025-09-02T17:49:26.034+0530] {dag.py:4180} INFO - Setting next_dagrun for example_branch_dop_operator_v3 to 2025-09-02 12:18:00+00:00, run_after=2025-09-02 12:19:00+00:00
[2025-09-02T17:49:26.039+0530] {processor.py:208} INFO - Processing /Users/parthmac/Desktop/Projects/Flight Data Engineering/flight-env/lib/python3.12/site-packages/airflow/example_dags/example_branch_python_dop_operator_3.py took 0.050 seconds
[2025-09-02T17:51:08.761+0530] {processor.py:186} INFO - Started process (PID=33199) to work on /Users/parthmac/Desktop/Projects/Flight Data Engineering/flight-env/lib/python3.12/site-packages/airflow/example_dags/example_branch_python_dop_operator_3.py
[2025-09-02T17:51:08.761+0530] {processor.py:914} INFO - Processing file /Users/parthmac/Desktop/Projects/Flight Data Engineering/flight-env/lib/python3.12/site-packages/airflow/example_dags/example_branch_python_dop_operator_3.py for tasks to queue
[2025-09-02T17:51:08.761+0530] {logging_mixin.py:190} INFO - [2025-09-02T17:51:08.761+0530] {dagbag.py:588} INFO - Filling up the DagBag from /Users/parthmac/Desktop/Projects/Flight Data Engineering/flight-env/lib/python3.12/site-packages/airflow/example_dags/example_branch_python_dop_operator_3.py
[2025-09-02T17:51:08.774+0530] {processor.py:925} INFO - DAG(s) 'example_branch_dop_operator_v3' retrieved from /Users/parthmac/Desktop/Projects/Flight Data Engineering/flight-env/lib/python3.12/site-packages/airflow/example_dags/example_branch_python_dop_operator_3.py
[2025-09-02T17:51:08.799+0530] {logging_mixin.py:190} INFO - [2025-09-02T17:51:08.799+0530] {dag.py:3239} INFO - Sync 1 DAGs
[2025-09-02T17:51:08.804+0530] {logging_mixin.py:190} INFO - [2025-09-02T17:51:08.804+0530] {dag.py:4180} INFO - Setting next_dagrun for example_branch_dop_operator_v3 to 2025-09-02 12:20:00+00:00, run_after=2025-09-02 12:21:00+00:00
[2025-09-02T17:51:08.809+0530] {processor.py:208} INFO - Processing /Users/parthmac/Desktop/Projects/Flight Data Engineering/flight-env/lib/python3.12/site-packages/airflow/example_dags/example_branch_python_dop_operator_3.py took 0.049 seconds
