[2025-09-02T16:58:40.503+0530] {processor.py:186} INFO - Started process (PID=26388) to work on /Users/parthmac/Desktop/Projects/Flight Data Engineering/flight-env/lib/python3.12/site-packages/airflow/example_dags/example_bash_decorator.py
[2025-09-02T16:58:40.503+0530] {processor.py:914} INFO - Processing file /Users/parthmac/Desktop/Projects/Flight Data Engineering/flight-env/lib/python3.12/site-packages/airflow/example_dags/example_bash_decorator.py for tasks to queue
[2025-09-02T16:58:40.504+0530] {logging_mixin.py:190} INFO - [2025-09-02T16:58:40.504+0530] {dagbag.py:588} INFO - Filling up the DagBag from /Users/parthmac/Desktop/Projects/Flight Data Engineering/flight-env/lib/python3.12/site-packages/airflow/example_dags/example_bash_decorator.py
[2025-09-02T16:58:40.517+0530] {processor.py:925} INFO - DAG(s) 'example_bash_decorator' retrieved from /Users/parthmac/Desktop/Projects/Flight Data Engineering/flight-env/lib/python3.12/site-packages/airflow/example_dags/example_bash_decorator.py
[2025-09-02T16:58:40.582+0530] {logging_mixin.py:190} INFO - [2025-09-02T16:58:40.582+0530] {override.py:1900} INFO - Created Permission View: can edit on DAG:example_bash_decorator
[2025-09-02T16:58:40.584+0530] {logging_mixin.py:190} INFO - [2025-09-02T16:58:40.584+0530] {override.py:1900} INFO - Created Permission View: can read on DAG:example_bash_decorator
[2025-09-02T16:58:40.586+0530] {logging_mixin.py:190} INFO - [2025-09-02T16:58:40.586+0530] {override.py:1900} INFO - Created Permission View: can delete on DAG:example_bash_decorator
[2025-09-02T16:58:40.588+0530] {logging_mixin.py:190} INFO - [2025-09-02T16:58:40.588+0530] {override.py:1900} INFO - Created Permission View: menu access on DAG Run:example_bash_decorator
[2025-09-02T16:58:40.589+0530] {logging_mixin.py:190} INFO - [2025-09-02T16:58:40.589+0530] {override.py:1900} INFO - Created Permission View: can create on DAG Run:example_bash_decorator
[2025-09-02T16:58:40.590+0530] {logging_mixin.py:190} INFO - [2025-09-02T16:58:40.590+0530] {override.py:1900} INFO - Created Permission View: can read on DAG Run:example_bash_decorator
[2025-09-02T16:58:40.592+0530] {logging_mixin.py:190} INFO - [2025-09-02T16:58:40.592+0530] {override.py:1900} INFO - Created Permission View: can delete on DAG Run:example_bash_decorator
[2025-09-02T16:58:40.592+0530] {logging_mixin.py:190} INFO - [2025-09-02T16:58:40.592+0530] {dag.py:3239} INFO - Sync 1 DAGs
[2025-09-02T16:58:40.595+0530] {logging_mixin.py:190} INFO - [2025-09-02T16:58:40.595+0530] {dag.py:3262} INFO - Creating ORM DAG for example_bash_decorator
[2025-09-02T16:58:40.595+0530] {logging_mixin.py:190} INFO - [2025-09-02T16:58:40.595+0530] {dag.py:4180} INFO - Setting next_dagrun for example_bash_decorator to None, run_after=None
[2025-09-02T16:58:40.598+0530] {processor.py:208} INFO - Processing /Users/parthmac/Desktop/Projects/Flight Data Engineering/flight-env/lib/python3.12/site-packages/airflow/example_dags/example_bash_decorator.py took 0.096 seconds
[2025-09-02T17:06:27.337+0530] {processor.py:186} INFO - Started process (PID=27649) to work on /Users/parthmac/Desktop/Projects/Flight Data Engineering/flight-env/lib/python3.12/site-packages/airflow/example_dags/example_bash_decorator.py
[2025-09-02T17:06:27.338+0530] {processor.py:914} INFO - Processing file /Users/parthmac/Desktop/Projects/Flight Data Engineering/flight-env/lib/python3.12/site-packages/airflow/example_dags/example_bash_decorator.py for tasks to queue
[2025-09-02T17:06:27.338+0530] {logging_mixin.py:190} INFO - [2025-09-02T17:06:27.338+0530] {dagbag.py:588} INFO - Filling up the DagBag from /Users/parthmac/Desktop/Projects/Flight Data Engineering/flight-env/lib/python3.12/site-packages/airflow/example_dags/example_bash_decorator.py
[2025-09-02T17:06:27.351+0530] {processor.py:925} INFO - DAG(s) 'example_bash_decorator' retrieved from /Users/parthmac/Desktop/Projects/Flight Data Engineering/flight-env/lib/python3.12/site-packages/airflow/example_dags/example_bash_decorator.py
[2025-09-02T17:06:27.417+0530] {logging_mixin.py:190} INFO - [2025-09-02T17:06:27.417+0530] {dag.py:3239} INFO - Sync 1 DAGs
[2025-09-02T17:06:27.419+0530] {logging_mixin.py:190} INFO - [2025-09-02T17:06:27.419+0530] {dag.py:4180} INFO - Setting next_dagrun for example_bash_decorator to None, run_after=None
[2025-09-02T17:06:27.424+0530] {processor.py:208} INFO - Processing /Users/parthmac/Desktop/Projects/Flight Data Engineering/flight-env/lib/python3.12/site-packages/airflow/example_dags/example_bash_decorator.py took 0.088 seconds
[2025-09-02T17:43:23.232+0530] {processor.py:186} INFO - Started process (PID=31719) to work on /Users/parthmac/Desktop/Projects/Flight Data Engineering/flight-env/lib/python3.12/site-packages/airflow/example_dags/example_bash_decorator.py
[2025-09-02T17:43:23.233+0530] {processor.py:914} INFO - Processing file /Users/parthmac/Desktop/Projects/Flight Data Engineering/flight-env/lib/python3.12/site-packages/airflow/example_dags/example_bash_decorator.py for tasks to queue
[2025-09-02T17:43:23.234+0530] {logging_mixin.py:190} INFO - [2025-09-02T17:43:23.233+0530] {dagbag.py:588} INFO - Filling up the DagBag from /Users/parthmac/Desktop/Projects/Flight Data Engineering/flight-env/lib/python3.12/site-packages/airflow/example_dags/example_bash_decorator.py
[2025-09-02T17:43:23.247+0530] {processor.py:925} INFO - DAG(s) 'example_bash_decorator' retrieved from /Users/parthmac/Desktop/Projects/Flight Data Engineering/flight-env/lib/python3.12/site-packages/airflow/example_dags/example_bash_decorator.py
[2025-09-02T17:43:23.319+0530] {logging_mixin.py:190} INFO - [2025-09-02T17:43:23.319+0530] {dag.py:3239} INFO - Sync 1 DAGs
[2025-09-02T17:43:23.321+0530] {logging_mixin.py:190} INFO - [2025-09-02T17:43:23.321+0530] {dag.py:4180} INFO - Setting next_dagrun for example_bash_decorator to None, run_after=None
[2025-09-02T17:43:23.327+0530] {processor.py:208} INFO - Processing /Users/parthmac/Desktop/Projects/Flight Data Engineering/flight-env/lib/python3.12/site-packages/airflow/example_dags/example_bash_decorator.py took 0.096 seconds
[2025-09-02T17:47:48.555+0530] {processor.py:186} INFO - Started process (PID=32671) to work on /Users/parthmac/Desktop/Projects/Flight Data Engineering/flight-env/lib/python3.12/site-packages/airflow/example_dags/example_bash_decorator.py
[2025-09-02T17:47:48.555+0530] {processor.py:914} INFO - Processing file /Users/parthmac/Desktop/Projects/Flight Data Engineering/flight-env/lib/python3.12/site-packages/airflow/example_dags/example_bash_decorator.py for tasks to queue
[2025-09-02T17:47:48.556+0530] {logging_mixin.py:190} INFO - [2025-09-02T17:47:48.556+0530] {dagbag.py:588} INFO - Filling up the DagBag from /Users/parthmac/Desktop/Projects/Flight Data Engineering/flight-env/lib/python3.12/site-packages/airflow/example_dags/example_bash_decorator.py
[2025-09-02T17:47:48.570+0530] {processor.py:925} INFO - DAG(s) 'example_bash_decorator' retrieved from /Users/parthmac/Desktop/Projects/Flight Data Engineering/flight-env/lib/python3.12/site-packages/airflow/example_dags/example_bash_decorator.py
[2025-09-02T17:47:48.641+0530] {logging_mixin.py:190} INFO - [2025-09-02T17:47:48.641+0530] {dag.py:3239} INFO - Sync 1 DAGs
[2025-09-02T17:47:48.644+0530] {logging_mixin.py:190} INFO - [2025-09-02T17:47:48.644+0530] {dag.py:4180} INFO - Setting next_dagrun for example_bash_decorator to None, run_after=None
[2025-09-02T17:47:48.649+0530] {processor.py:208} INFO - Processing /Users/parthmac/Desktop/Projects/Flight Data Engineering/flight-env/lib/python3.12/site-packages/airflow/example_dags/example_bash_decorator.py took 0.095 seconds
[2025-09-02T17:49:36.061+0530] {processor.py:186} INFO - Started process (PID=32771) to work on /Users/parthmac/Desktop/Projects/Flight Data Engineering/flight-env/lib/python3.12/site-packages/airflow/example_dags/example_bash_decorator.py
[2025-09-02T17:49:36.061+0530] {processor.py:914} INFO - Processing file /Users/parthmac/Desktop/Projects/Flight Data Engineering/flight-env/lib/python3.12/site-packages/airflow/example_dags/example_bash_decorator.py for tasks to queue
[2025-09-02T17:49:36.062+0530] {logging_mixin.py:190} INFO - [2025-09-02T17:49:36.062+0530] {dagbag.py:588} INFO - Filling up the DagBag from /Users/parthmac/Desktop/Projects/Flight Data Engineering/flight-env/lib/python3.12/site-packages/airflow/example_dags/example_bash_decorator.py
[2025-09-02T17:49:36.075+0530] {processor.py:925} INFO - DAG(s) 'example_bash_decorator' retrieved from /Users/parthmac/Desktop/Projects/Flight Data Engineering/flight-env/lib/python3.12/site-packages/airflow/example_dags/example_bash_decorator.py
[2025-09-02T17:49:36.142+0530] {logging_mixin.py:190} INFO - [2025-09-02T17:49:36.142+0530] {dag.py:3239} INFO - Sync 1 DAGs
[2025-09-02T17:49:36.145+0530] {logging_mixin.py:190} INFO - [2025-09-02T17:49:36.145+0530] {dag.py:4180} INFO - Setting next_dagrun for example_bash_decorator to None, run_after=None
[2025-09-02T17:49:36.150+0530] {processor.py:208} INFO - Processing /Users/parthmac/Desktop/Projects/Flight Data Engineering/flight-env/lib/python3.12/site-packages/airflow/example_dags/example_bash_decorator.py took 0.090 seconds
[2025-09-02T17:51:19.245+0530] {processor.py:186} INFO - Started process (PID=33210) to work on /Users/parthmac/Desktop/Projects/Flight Data Engineering/flight-env/lib/python3.12/site-packages/airflow/example_dags/example_bash_decorator.py
[2025-09-02T17:51:19.245+0530] {processor.py:914} INFO - Processing file /Users/parthmac/Desktop/Projects/Flight Data Engineering/flight-env/lib/python3.12/site-packages/airflow/example_dags/example_bash_decorator.py for tasks to queue
[2025-09-02T17:51:19.245+0530] {logging_mixin.py:190} INFO - [2025-09-02T17:51:19.245+0530] {dagbag.py:588} INFO - Filling up the DagBag from /Users/parthmac/Desktop/Projects/Flight Data Engineering/flight-env/lib/python3.12/site-packages/airflow/example_dags/example_bash_decorator.py
[2025-09-02T17:51:19.258+0530] {processor.py:925} INFO - DAG(s) 'example_bash_decorator' retrieved from /Users/parthmac/Desktop/Projects/Flight Data Engineering/flight-env/lib/python3.12/site-packages/airflow/example_dags/example_bash_decorator.py
[2025-09-02T17:51:19.324+0530] {logging_mixin.py:190} INFO - [2025-09-02T17:51:19.324+0530] {dag.py:3239} INFO - Sync 1 DAGs
[2025-09-02T17:51:19.326+0530] {logging_mixin.py:190} INFO - [2025-09-02T17:51:19.326+0530] {dag.py:4180} INFO - Setting next_dagrun for example_bash_decorator to None, run_after=None
[2025-09-02T17:51:19.332+0530] {processor.py:208} INFO - Processing /Users/parthmac/Desktop/Projects/Flight Data Engineering/flight-env/lib/python3.12/site-packages/airflow/example_dags/example_bash_decorator.py took 0.088 seconds
