[2025-09-02T16:57:54.085+0530] {processor.py:186} INFO - Started process (PID=26353) to work on /Users/parthmac/Desktop/Projects/Flight Data Engineering/flight-env/lib/python3.12/site-packages/airflow/example_dags/example_python_operator.py
[2025-09-02T16:57:54.085+0530] {processor.py:914} INFO - Processing file /Users/parthmac/Desktop/Projects/Flight Data Engineering/flight-env/lib/python3.12/site-packages/airflow/example_dags/example_python_operator.py for tasks to queue
[2025-09-02T16:57:54.086+0530] {logging_mixin.py:190} INFO - [2025-09-02T16:57:54.086+0530] {dagbag.py:588} INFO - Filling up the DagBag from /Users/parthmac/Desktop/Projects/Flight Data Engineering/flight-env/lib/python3.12/site-packages/airflow/example_dags/example_python_operator.py
[2025-09-02T16:57:54.094+0530] {logging_mixin.py:190} INFO - [2025-09-02T16:57:54.094+0530] {example_python_operator.py:93} WARNING - The virtalenv_python example task requires virtualenv, please install it.
[2025-09-02T16:57:54.094+0530] {processor.py:925} INFO - DAG(s) 'example_python_operator' retrieved from /Users/parthmac/Desktop/Projects/Flight Data Engineering/flight-env/lib/python3.12/site-packages/airflow/example_dags/example_python_operator.py
[2025-09-02T16:57:54.142+0530] {logging_mixin.py:190} INFO - [2025-09-02T16:57:54.142+0530] {override.py:1900} INFO - Created Permission View: can read on DAG:example_python_operator
[2025-09-02T16:57:54.164+0530] {logging_mixin.py:190} INFO - [2025-09-02T16:57:54.164+0530] {override.py:1900} INFO - Created Permission View: can delete on DAG:example_python_operator
[2025-09-02T16:57:54.165+0530] {logging_mixin.py:190} INFO - [2025-09-02T16:57:54.165+0530] {override.py:1900} INFO - Created Permission View: can edit on DAG:example_python_operator
[2025-09-02T16:57:54.167+0530] {logging_mixin.py:190} INFO - [2025-09-02T16:57:54.167+0530] {override.py:1900} INFO - Created Permission View: can create on DAG Run:example_python_operator
[2025-09-02T16:57:54.169+0530] {logging_mixin.py:190} INFO - [2025-09-02T16:57:54.168+0530] {override.py:1900} INFO - Created Permission View: can read on DAG Run:example_python_operator
[2025-09-02T16:57:54.170+0530] {logging_mixin.py:190} INFO - [2025-09-02T16:57:54.170+0530] {override.py:1900} INFO - Created Permission View: menu access on DAG Run:example_python_operator
[2025-09-02T16:57:54.171+0530] {logging_mixin.py:190} INFO - [2025-09-02T16:57:54.171+0530] {override.py:1900} INFO - Created Permission View: can delete on DAG Run:example_python_operator
[2025-09-02T16:57:54.171+0530] {logging_mixin.py:190} INFO - [2025-09-02T16:57:54.171+0530] {dag.py:3239} INFO - Sync 1 DAGs
[2025-09-02T16:57:54.174+0530] {logging_mixin.py:190} INFO - [2025-09-02T16:57:54.174+0530] {dag.py:3262} INFO - Creating ORM DAG for example_python_operator
[2025-09-02T16:57:54.174+0530] {logging_mixin.py:190} INFO - [2025-09-02T16:57:54.174+0530] {dag.py:4180} INFO - Setting next_dagrun for example_python_operator to None, run_after=None
[2025-09-02T16:57:54.178+0530] {processor.py:208} INFO - Processing /Users/parthmac/Desktop/Projects/Flight Data Engineering/flight-env/lib/python3.12/site-packages/airflow/example_dags/example_python_operator.py took 0.094 seconds
[2025-09-02T16:59:23.659+0530] {processor.py:186} INFO - Started process (PID=26429) to work on /Users/parthmac/Desktop/Projects/Flight Data Engineering/flight-env/lib/python3.12/site-packages/airflow/example_dags/example_python_operator.py
[2025-09-02T16:59:23.659+0530] {processor.py:914} INFO - Processing file /Users/parthmac/Desktop/Projects/Flight Data Engineering/flight-env/lib/python3.12/site-packages/airflow/example_dags/example_python_operator.py for tasks to queue
[2025-09-02T16:59:23.660+0530] {logging_mixin.py:190} INFO - [2025-09-02T16:59:23.660+0530] {dagbag.py:588} INFO - Filling up the DagBag from /Users/parthmac/Desktop/Projects/Flight Data Engineering/flight-env/lib/python3.12/site-packages/airflow/example_dags/example_python_operator.py
[2025-09-02T16:59:23.668+0530] {logging_mixin.py:190} INFO - [2025-09-02T16:59:23.668+0530] {example_python_operator.py:93} WARNING - The virtalenv_python example task requires virtualenv, please install it.
[2025-09-02T16:59:23.669+0530] {processor.py:925} INFO - DAG(s) 'example_python_operator' retrieved from /Users/parthmac/Desktop/Projects/Flight Data Engineering/flight-env/lib/python3.12/site-packages/airflow/example_dags/example_python_operator.py
[2025-09-02T16:59:23.695+0530] {logging_mixin.py:190} INFO - [2025-09-02T16:59:23.695+0530] {dag.py:3239} INFO - Sync 1 DAGs
[2025-09-02T16:59:23.698+0530] {logging_mixin.py:190} INFO - [2025-09-02T16:59:23.698+0530] {dag.py:4180} INFO - Setting next_dagrun for example_python_operator to None, run_after=None
[2025-09-02T16:59:23.703+0530] {processor.py:208} INFO - Processing /Users/parthmac/Desktop/Projects/Flight Data Engineering/flight-env/lib/python3.12/site-packages/airflow/example_dags/example_python_operator.py took 0.046 seconds
[2025-09-02T17:05:46.796+0530] {processor.py:186} INFO - Started process (PID=27616) to work on /Users/parthmac/Desktop/Projects/Flight Data Engineering/flight-env/lib/python3.12/site-packages/airflow/example_dags/example_python_operator.py
[2025-09-02T17:05:46.798+0530] {processor.py:914} INFO - Processing file /Users/parthmac/Desktop/Projects/Flight Data Engineering/flight-env/lib/python3.12/site-packages/airflow/example_dags/example_python_operator.py for tasks to queue
[2025-09-02T17:05:46.798+0530] {logging_mixin.py:190} INFO - [2025-09-02T17:05:46.798+0530] {dagbag.py:588} INFO - Filling up the DagBag from /Users/parthmac/Desktop/Projects/Flight Data Engineering/flight-env/lib/python3.12/site-packages/airflow/example_dags/example_python_operator.py
[2025-09-02T17:05:46.805+0530] {logging_mixin.py:190} INFO - [2025-09-02T17:05:46.805+0530] {example_python_operator.py:93} WARNING - The virtalenv_python example task requires virtualenv, please install it.
[2025-09-02T17:05:46.806+0530] {processor.py:925} INFO - DAG(s) 'example_python_operator' retrieved from /Users/parthmac/Desktop/Projects/Flight Data Engineering/flight-env/lib/python3.12/site-packages/airflow/example_dags/example_python_operator.py
[2025-09-02T17:05:46.830+0530] {logging_mixin.py:190} INFO - [2025-09-02T17:05:46.830+0530] {dag.py:3239} INFO - Sync 1 DAGs
[2025-09-02T17:05:46.833+0530] {logging_mixin.py:190} INFO - [2025-09-02T17:05:46.833+0530] {dag.py:4180} INFO - Setting next_dagrun for example_python_operator to None, run_after=None
[2025-09-02T17:05:46.838+0530] {processor.py:208} INFO - Processing /Users/parthmac/Desktop/Projects/Flight Data Engineering/flight-env/lib/python3.12/site-packages/airflow/example_dags/example_python_operator.py took 0.042 seconds
[2025-09-02T17:07:09.516+0530] {processor.py:186} INFO - Started process (PID=27696) to work on /Users/parthmac/Desktop/Projects/Flight Data Engineering/flight-env/lib/python3.12/site-packages/airflow/example_dags/example_python_operator.py
[2025-09-02T17:07:09.517+0530] {processor.py:914} INFO - Processing file /Users/parthmac/Desktop/Projects/Flight Data Engineering/flight-env/lib/python3.12/site-packages/airflow/example_dags/example_python_operator.py for tasks to queue
[2025-09-02T17:07:09.518+0530] {logging_mixin.py:190} INFO - [2025-09-02T17:07:09.518+0530] {dagbag.py:588} INFO - Filling up the DagBag from /Users/parthmac/Desktop/Projects/Flight Data Engineering/flight-env/lib/python3.12/site-packages/airflow/example_dags/example_python_operator.py
[2025-09-02T17:07:09.525+0530] {logging_mixin.py:190} INFO - [2025-09-02T17:07:09.525+0530] {example_python_operator.py:93} WARNING - The virtalenv_python example task requires virtualenv, please install it.
[2025-09-02T17:07:09.526+0530] {processor.py:925} INFO - DAG(s) 'example_python_operator' retrieved from /Users/parthmac/Desktop/Projects/Flight Data Engineering/flight-env/lib/python3.12/site-packages/airflow/example_dags/example_python_operator.py
[2025-09-02T17:07:09.551+0530] {logging_mixin.py:190} INFO - [2025-09-02T17:07:09.551+0530] {dag.py:3239} INFO - Sync 1 DAGs
[2025-09-02T17:07:09.554+0530] {logging_mixin.py:190} INFO - [2025-09-02T17:07:09.554+0530] {dag.py:4180} INFO - Setting next_dagrun for example_python_operator to None, run_after=None
[2025-09-02T17:07:09.558+0530] {processor.py:208} INFO - Processing /Users/parthmac/Desktop/Projects/Flight Data Engineering/flight-env/lib/python3.12/site-packages/airflow/example_dags/example_python_operator.py took 0.043 seconds
[2025-09-02T17:42:44.357+0530] {processor.py:186} INFO - Started process (PID=31674) to work on /Users/parthmac/Desktop/Projects/Flight Data Engineering/flight-env/lib/python3.12/site-packages/airflow/example_dags/example_python_operator.py
[2025-09-02T17:42:44.358+0530] {processor.py:914} INFO - Processing file /Users/parthmac/Desktop/Projects/Flight Data Engineering/flight-env/lib/python3.12/site-packages/airflow/example_dags/example_python_operator.py for tasks to queue
[2025-09-02T17:42:44.358+0530] {logging_mixin.py:190} INFO - [2025-09-02T17:42:44.358+0530] {dagbag.py:588} INFO - Filling up the DagBag from /Users/parthmac/Desktop/Projects/Flight Data Engineering/flight-env/lib/python3.12/site-packages/airflow/example_dags/example_python_operator.py
[2025-09-02T17:42:44.365+0530] {logging_mixin.py:190} INFO - [2025-09-02T17:42:44.365+0530] {example_python_operator.py:93} WARNING - The virtalenv_python example task requires virtualenv, please install it.
[2025-09-02T17:42:44.366+0530] {processor.py:925} INFO - DAG(s) 'example_python_operator' retrieved from /Users/parthmac/Desktop/Projects/Flight Data Engineering/flight-env/lib/python3.12/site-packages/airflow/example_dags/example_python_operator.py
[2025-09-02T17:42:44.391+0530] {logging_mixin.py:190} INFO - [2025-09-02T17:42:44.391+0530] {dag.py:3239} INFO - Sync 1 DAGs
[2025-09-02T17:42:44.394+0530] {logging_mixin.py:190} INFO - [2025-09-02T17:42:44.394+0530] {dag.py:4180} INFO - Setting next_dagrun for example_python_operator to None, run_after=None
[2025-09-02T17:42:44.399+0530] {processor.py:208} INFO - Processing /Users/parthmac/Desktop/Projects/Flight Data Engineering/flight-env/lib/python3.12/site-packages/airflow/example_dags/example_python_operator.py took 0.043 seconds
[2025-09-02T17:44:07.636+0530] {processor.py:186} INFO - Started process (PID=31756) to work on /Users/parthmac/Desktop/Projects/Flight Data Engineering/flight-env/lib/python3.12/site-packages/airflow/example_dags/example_python_operator.py
[2025-09-02T17:44:07.636+0530] {processor.py:914} INFO - Processing file /Users/parthmac/Desktop/Projects/Flight Data Engineering/flight-env/lib/python3.12/site-packages/airflow/example_dags/example_python_operator.py for tasks to queue
[2025-09-02T17:44:07.637+0530] {logging_mixin.py:190} INFO - [2025-09-02T17:44:07.637+0530] {dagbag.py:588} INFO - Filling up the DagBag from /Users/parthmac/Desktop/Projects/Flight Data Engineering/flight-env/lib/python3.12/site-packages/airflow/example_dags/example_python_operator.py
[2025-09-02T17:44:07.644+0530] {logging_mixin.py:190} INFO - [2025-09-02T17:44:07.644+0530] {example_python_operator.py:93} WARNING - The virtalenv_python example task requires virtualenv, please install it.
[2025-09-02T17:44:07.645+0530] {processor.py:925} INFO - DAG(s) 'example_python_operator' retrieved from /Users/parthmac/Desktop/Projects/Flight Data Engineering/flight-env/lib/python3.12/site-packages/airflow/example_dags/example_python_operator.py
[2025-09-02T17:44:07.669+0530] {logging_mixin.py:190} INFO - [2025-09-02T17:44:07.669+0530] {dag.py:3239} INFO - Sync 1 DAGs
[2025-09-02T17:44:07.673+0530] {logging_mixin.py:190} INFO - [2025-09-02T17:44:07.673+0530] {dag.py:4180} INFO - Setting next_dagrun for example_python_operator to None, run_after=None
[2025-09-02T17:44:07.677+0530] {processor.py:208} INFO - Processing /Users/parthmac/Desktop/Projects/Flight Data Engineering/flight-env/lib/python3.12/site-packages/airflow/example_dags/example_python_operator.py took 0.042 seconds
[2025-09-02T17:47:08.081+0530] {processor.py:186} INFO - Started process (PID=32634) to work on /Users/parthmac/Desktop/Projects/Flight Data Engineering/flight-env/lib/python3.12/site-packages/airflow/example_dags/example_python_operator.py
[2025-09-02T17:47:08.082+0530] {processor.py:914} INFO - Processing file /Users/parthmac/Desktop/Projects/Flight Data Engineering/flight-env/lib/python3.12/site-packages/airflow/example_dags/example_python_operator.py for tasks to queue
[2025-09-02T17:47:08.082+0530] {logging_mixin.py:190} INFO - [2025-09-02T17:47:08.082+0530] {dagbag.py:588} INFO - Filling up the DagBag from /Users/parthmac/Desktop/Projects/Flight Data Engineering/flight-env/lib/python3.12/site-packages/airflow/example_dags/example_python_operator.py
[2025-09-02T17:47:08.090+0530] {logging_mixin.py:190} INFO - [2025-09-02T17:47:08.089+0530] {example_python_operator.py:93} WARNING - The virtalenv_python example task requires virtualenv, please install it.
[2025-09-02T17:47:08.090+0530] {processor.py:925} INFO - DAG(s) 'example_python_operator' retrieved from /Users/parthmac/Desktop/Projects/Flight Data Engineering/flight-env/lib/python3.12/site-packages/airflow/example_dags/example_python_operator.py
[2025-09-02T17:47:08.115+0530] {logging_mixin.py:190} INFO - [2025-09-02T17:47:08.115+0530] {dag.py:3239} INFO - Sync 1 DAGs
[2025-09-02T17:47:08.118+0530] {logging_mixin.py:190} INFO - [2025-09-02T17:47:08.118+0530] {dag.py:4180} INFO - Setting next_dagrun for example_python_operator to None, run_after=None
[2025-09-02T17:47:08.123+0530] {processor.py:208} INFO - Processing /Users/parthmac/Desktop/Projects/Flight Data Engineering/flight-env/lib/python3.12/site-packages/airflow/example_dags/example_python_operator.py took 0.042 seconds
[2025-09-02T17:48:31.289+0530] {processor.py:186} INFO - Started process (PID=32720) to work on /Users/parthmac/Desktop/Projects/Flight Data Engineering/flight-env/lib/python3.12/site-packages/airflow/example_dags/example_python_operator.py
[2025-09-02T17:48:31.289+0530] {processor.py:914} INFO - Processing file /Users/parthmac/Desktop/Projects/Flight Data Engineering/flight-env/lib/python3.12/site-packages/airflow/example_dags/example_python_operator.py for tasks to queue
[2025-09-02T17:48:31.289+0530] {logging_mixin.py:190} INFO - [2025-09-02T17:48:31.289+0530] {dagbag.py:588} INFO - Filling up the DagBag from /Users/parthmac/Desktop/Projects/Flight Data Engineering/flight-env/lib/python3.12/site-packages/airflow/example_dags/example_python_operator.py
[2025-09-02T17:48:31.296+0530] {logging_mixin.py:190} INFO - [2025-09-02T17:48:31.296+0530] {example_python_operator.py:93} WARNING - The virtalenv_python example task requires virtualenv, please install it.
[2025-09-02T17:48:31.297+0530] {processor.py:925} INFO - DAG(s) 'example_python_operator' retrieved from /Users/parthmac/Desktop/Projects/Flight Data Engineering/flight-env/lib/python3.12/site-packages/airflow/example_dags/example_python_operator.py
[2025-09-02T17:48:31.322+0530] {logging_mixin.py:190} INFO - [2025-09-02T17:48:31.322+0530] {dag.py:3239} INFO - Sync 1 DAGs
[2025-09-02T17:48:31.325+0530] {logging_mixin.py:190} INFO - [2025-09-02T17:48:31.325+0530] {dag.py:4180} INFO - Setting next_dagrun for example_python_operator to None, run_after=None
[2025-09-02T17:48:31.330+0530] {processor.py:208} INFO - Processing /Users/parthmac/Desktop/Projects/Flight Data Engineering/flight-env/lib/python3.12/site-packages/airflow/example_dags/example_python_operator.py took 0.042 seconds
[2025-09-02T17:50:19.978+0530] {processor.py:186} INFO - Started process (PID=33146) to work on /Users/parthmac/Desktop/Projects/Flight Data Engineering/flight-env/lib/python3.12/site-packages/airflow/example_dags/example_python_operator.py
[2025-09-02T17:50:19.979+0530] {processor.py:914} INFO - Processing file /Users/parthmac/Desktop/Projects/Flight Data Engineering/flight-env/lib/python3.12/site-packages/airflow/example_dags/example_python_operator.py for tasks to queue
[2025-09-02T17:50:19.979+0530] {logging_mixin.py:190} INFO - [2025-09-02T17:50:19.979+0530] {dagbag.py:588} INFO - Filling up the DagBag from /Users/parthmac/Desktop/Projects/Flight Data Engineering/flight-env/lib/python3.12/site-packages/airflow/example_dags/example_python_operator.py
[2025-09-02T17:50:19.986+0530] {logging_mixin.py:190} INFO - [2025-09-02T17:50:19.986+0530] {example_python_operator.py:93} WARNING - The virtalenv_python example task requires virtualenv, please install it.
[2025-09-02T17:50:19.987+0530] {processor.py:925} INFO - DAG(s) 'example_python_operator' retrieved from /Users/parthmac/Desktop/Projects/Flight Data Engineering/flight-env/lib/python3.12/site-packages/airflow/example_dags/example_python_operator.py
[2025-09-02T17:50:20.012+0530] {logging_mixin.py:190} INFO - [2025-09-02T17:50:20.012+0530] {dag.py:3239} INFO - Sync 1 DAGs
[2025-09-02T17:50:20.015+0530] {logging_mixin.py:190} INFO - [2025-09-02T17:50:20.015+0530] {dag.py:4180} INFO - Setting next_dagrun for example_python_operator to None, run_after=None
[2025-09-02T17:50:20.020+0530] {processor.py:208} INFO - Processing /Users/parthmac/Desktop/Projects/Flight Data Engineering/flight-env/lib/python3.12/site-packages/airflow/example_dags/example_python_operator.py took 0.042 seconds
