[2025-09-02T16:58:26.994+0530] {processor.py:186} INFO - Started process (PID=26377) to work on /Users/parthmac/Desktop/Projects/Flight Data Engineering/flight-env/lib/python3.12/site-packages/airflow/example_dags/example_dag_decorator.py
[2025-09-02T16:58:26.994+0530] {processor.py:914} INFO - Processing file /Users/parthmac/Desktop/Projects/Flight Data Engineering/flight-env/lib/python3.12/site-packages/airflow/example_dags/example_dag_decorator.py for tasks to queue
[2025-09-02T16:58:26.994+0530] {logging_mixin.py:190} INFO - [2025-09-02T16:58:26.994+0530] {dagbag.py:588} INFO - Filling up the DagBag from /Users/parthmac/Desktop/Projects/Flight Data Engineering/flight-env/lib/python3.12/site-packages/airflow/example_dags/example_dag_decorator.py
[2025-09-02T16:58:27.056+0530] {processor.py:925} INFO - DAG(s) 'example_dag_decorator' retrieved from /Users/parthmac/Desktop/Projects/Flight Data Engineering/flight-env/lib/python3.12/site-packages/airflow/example_dags/example_dag_decorator.py
[2025-09-02T16:58:27.120+0530] {logging_mixin.py:190} INFO - [2025-09-02T16:58:27.120+0530] {override.py:1900} INFO - Created Permission View: can read on DAG:example_dag_decorator
[2025-09-02T16:58:27.122+0530] {logging_mixin.py:190} INFO - [2025-09-02T16:58:27.122+0530] {override.py:1900} INFO - Created Permission View: can delete on DAG:example_dag_decorator
[2025-09-02T16:58:27.124+0530] {logging_mixin.py:190} INFO - [2025-09-02T16:58:27.123+0530] {override.py:1900} INFO - Created Permission View: can edit on DAG:example_dag_decorator
[2025-09-02T16:58:27.125+0530] {logging_mixin.py:190} INFO - [2025-09-02T16:58:27.125+0530] {override.py:1900} INFO - Created Permission View: can read on DAG Run:example_dag_decorator
[2025-09-02T16:58:27.127+0530] {logging_mixin.py:190} INFO - [2025-09-02T16:58:27.127+0530] {override.py:1900} INFO - Created Permission View: can delete on DAG Run:example_dag_decorator
[2025-09-02T16:58:27.128+0530] {logging_mixin.py:190} INFO - [2025-09-02T16:58:27.128+0530] {override.py:1900} INFO - Created Permission View: can create on DAG Run:example_dag_decorator
[2025-09-02T16:58:27.129+0530] {logging_mixin.py:190} INFO - [2025-09-02T16:58:27.129+0530] {override.py:1900} INFO - Created Permission View: menu access on DAG Run:example_dag_decorator
[2025-09-02T16:58:27.129+0530] {logging_mixin.py:190} INFO - [2025-09-02T16:58:27.129+0530] {dag.py:3239} INFO - Sync 1 DAGs
[2025-09-02T16:58:27.132+0530] {logging_mixin.py:190} INFO - [2025-09-02T16:58:27.132+0530] {dag.py:3262} INFO - Creating ORM DAG for example_dag_decorator
[2025-09-02T16:58:27.132+0530] {logging_mixin.py:190} INFO - [2025-09-02T16:58:27.132+0530] {dag.py:4180} INFO - Setting next_dagrun for example_dag_decorator to None, run_after=None
[2025-09-02T16:58:27.136+0530] {processor.py:208} INFO - Processing /Users/parthmac/Desktop/Projects/Flight Data Engineering/flight-env/lib/python3.12/site-packages/airflow/example_dags/example_dag_decorator.py took 0.144 seconds
[2025-09-02T17:06:14.388+0530] {processor.py:186} INFO - Started process (PID=27639) to work on /Users/parthmac/Desktop/Projects/Flight Data Engineering/flight-env/lib/python3.12/site-packages/airflow/example_dags/example_dag_decorator.py
[2025-09-02T17:06:14.389+0530] {processor.py:914} INFO - Processing file /Users/parthmac/Desktop/Projects/Flight Data Engineering/flight-env/lib/python3.12/site-packages/airflow/example_dags/example_dag_decorator.py for tasks to queue
[2025-09-02T17:06:14.389+0530] {logging_mixin.py:190} INFO - [2025-09-02T17:06:14.389+0530] {dagbag.py:588} INFO - Filling up the DagBag from /Users/parthmac/Desktop/Projects/Flight Data Engineering/flight-env/lib/python3.12/site-packages/airflow/example_dags/example_dag_decorator.py
[2025-09-02T17:06:14.448+0530] {processor.py:925} INFO - DAG(s) 'example_dag_decorator' retrieved from /Users/parthmac/Desktop/Projects/Flight Data Engineering/flight-env/lib/python3.12/site-packages/airflow/example_dags/example_dag_decorator.py
[2025-09-02T17:06:14.518+0530] {logging_mixin.py:190} INFO - [2025-09-02T17:06:14.518+0530] {dag.py:3239} INFO - Sync 1 DAGs
[2025-09-02T17:06:14.521+0530] {logging_mixin.py:190} INFO - [2025-09-02T17:06:14.521+0530] {dag.py:4180} INFO - Setting next_dagrun for example_dag_decorator to None, run_after=None
[2025-09-02T17:06:14.526+0530] {processor.py:208} INFO - Processing /Users/parthmac/Desktop/Projects/Flight Data Engineering/flight-env/lib/python3.12/site-packages/airflow/example_dags/example_dag_decorator.py took 0.138 seconds
[2025-09-02T17:43:10.860+0530] {processor.py:186} INFO - Started process (PID=31710) to work on /Users/parthmac/Desktop/Projects/Flight Data Engineering/flight-env/lib/python3.12/site-packages/airflow/example_dags/example_dag_decorator.py
[2025-09-02T17:43:10.861+0530] {processor.py:914} INFO - Processing file /Users/parthmac/Desktop/Projects/Flight Data Engineering/flight-env/lib/python3.12/site-packages/airflow/example_dags/example_dag_decorator.py for tasks to queue
[2025-09-02T17:43:10.861+0530] {logging_mixin.py:190} INFO - [2025-09-02T17:43:10.861+0530] {dagbag.py:588} INFO - Filling up the DagBag from /Users/parthmac/Desktop/Projects/Flight Data Engineering/flight-env/lib/python3.12/site-packages/airflow/example_dags/example_dag_decorator.py
[2025-09-02T17:43:10.905+0530] {processor.py:925} INFO - DAG(s) 'example_dag_decorator' retrieved from /Users/parthmac/Desktop/Projects/Flight Data Engineering/flight-env/lib/python3.12/site-packages/airflow/example_dags/example_dag_decorator.py
[2025-09-02T17:43:10.975+0530] {logging_mixin.py:190} INFO - [2025-09-02T17:43:10.975+0530] {dag.py:3239} INFO - Sync 1 DAGs
[2025-09-02T17:43:10.978+0530] {logging_mixin.py:190} INFO - [2025-09-02T17:43:10.978+0530] {dag.py:4180} INFO - Setting next_dagrun for example_dag_decorator to None, run_after=None
[2025-09-02T17:43:10.983+0530] {processor.py:208} INFO - Processing /Users/parthmac/Desktop/Projects/Flight Data Engineering/flight-env/lib/python3.12/site-packages/airflow/example_dags/example_dag_decorator.py took 0.124 seconds
[2025-09-02T17:47:35.565+0530] {processor.py:186} INFO - Started process (PID=32662) to work on /Users/parthmac/Desktop/Projects/Flight Data Engineering/flight-env/lib/python3.12/site-packages/airflow/example_dags/example_dag_decorator.py
[2025-09-02T17:47:35.565+0530] {processor.py:914} INFO - Processing file /Users/parthmac/Desktop/Projects/Flight Data Engineering/flight-env/lib/python3.12/site-packages/airflow/example_dags/example_dag_decorator.py for tasks to queue
[2025-09-02T17:47:35.565+0530] {logging_mixin.py:190} INFO - [2025-09-02T17:47:35.565+0530] {dagbag.py:588} INFO - Filling up the DagBag from /Users/parthmac/Desktop/Projects/Flight Data Engineering/flight-env/lib/python3.12/site-packages/airflow/example_dags/example_dag_decorator.py
[2025-09-02T17:47:35.612+0530] {processor.py:925} INFO - DAG(s) 'example_dag_decorator' retrieved from /Users/parthmac/Desktop/Projects/Flight Data Engineering/flight-env/lib/python3.12/site-packages/airflow/example_dags/example_dag_decorator.py
[2025-09-02T17:47:35.679+0530] {logging_mixin.py:190} INFO - [2025-09-02T17:47:35.679+0530] {dag.py:3239} INFO - Sync 1 DAGs
[2025-09-02T17:47:35.682+0530] {logging_mixin.py:190} INFO - [2025-09-02T17:47:35.682+0530] {dag.py:4180} INFO - Setting next_dagrun for example_dag_decorator to None, run_after=None
[2025-09-02T17:47:35.688+0530] {processor.py:208} INFO - Processing /Users/parthmac/Desktop/Projects/Flight Data Engineering/flight-env/lib/python3.12/site-packages/airflow/example_dags/example_dag_decorator.py took 0.124 seconds
[2025-09-02T17:49:23.089+0530] {processor.py:186} INFO - Started process (PID=32761) to work on /Users/parthmac/Desktop/Projects/Flight Data Engineering/flight-env/lib/python3.12/site-packages/airflow/example_dags/example_dag_decorator.py
[2025-09-02T17:49:23.089+0530] {processor.py:914} INFO - Processing file /Users/parthmac/Desktop/Projects/Flight Data Engineering/flight-env/lib/python3.12/site-packages/airflow/example_dags/example_dag_decorator.py for tasks to queue
[2025-09-02T17:49:23.089+0530] {logging_mixin.py:190} INFO - [2025-09-02T17:49:23.089+0530] {dagbag.py:588} INFO - Filling up the DagBag from /Users/parthmac/Desktop/Projects/Flight Data Engineering/flight-env/lib/python3.12/site-packages/airflow/example_dags/example_dag_decorator.py
[2025-09-02T17:49:23.136+0530] {processor.py:925} INFO - DAG(s) 'example_dag_decorator' retrieved from /Users/parthmac/Desktop/Projects/Flight Data Engineering/flight-env/lib/python3.12/site-packages/airflow/example_dags/example_dag_decorator.py
[2025-09-02T17:49:23.204+0530] {logging_mixin.py:190} INFO - [2025-09-02T17:49:23.204+0530] {dag.py:3239} INFO - Sync 1 DAGs
[2025-09-02T17:49:23.206+0530] {logging_mixin.py:190} INFO - [2025-09-02T17:49:23.206+0530] {dag.py:4180} INFO - Setting next_dagrun for example_dag_decorator to None, run_after=None
[2025-09-02T17:49:23.212+0530] {processor.py:208} INFO - Processing /Users/parthmac/Desktop/Projects/Flight Data Engineering/flight-env/lib/python3.12/site-packages/airflow/example_dags/example_dag_decorator.py took 0.124 seconds
[2025-09-02T17:51:05.653+0530] {processor.py:186} INFO - Started process (PID=33197) to work on /Users/parthmac/Desktop/Projects/Flight Data Engineering/flight-env/lib/python3.12/site-packages/airflow/example_dags/example_dag_decorator.py
[2025-09-02T17:51:05.653+0530] {processor.py:914} INFO - Processing file /Users/parthmac/Desktop/Projects/Flight Data Engineering/flight-env/lib/python3.12/site-packages/airflow/example_dags/example_dag_decorator.py for tasks to queue
[2025-09-02T17:51:05.653+0530] {logging_mixin.py:190} INFO - [2025-09-02T17:51:05.653+0530] {dagbag.py:588} INFO - Filling up the DagBag from /Users/parthmac/Desktop/Projects/Flight Data Engineering/flight-env/lib/python3.12/site-packages/airflow/example_dags/example_dag_decorator.py
[2025-09-02T17:51:05.698+0530] {processor.py:925} INFO - DAG(s) 'example_dag_decorator' retrieved from /Users/parthmac/Desktop/Projects/Flight Data Engineering/flight-env/lib/python3.12/site-packages/airflow/example_dags/example_dag_decorator.py
[2025-09-02T17:51:05.762+0530] {logging_mixin.py:190} INFO - [2025-09-02T17:51:05.761+0530] {dag.py:3239} INFO - Sync 1 DAGs
[2025-09-02T17:51:05.764+0530] {logging_mixin.py:190} INFO - [2025-09-02T17:51:05.764+0530] {dag.py:4180} INFO - Setting next_dagrun for example_dag_decorator to None, run_after=None
[2025-09-02T17:51:05.770+0530] {processor.py:208} INFO - Processing /Users/parthmac/Desktop/Projects/Flight Data Engineering/flight-env/lib/python3.12/site-packages/airflow/example_dags/example_dag_decorator.py took 0.118 seconds
