[2025-09-02T16:58:35.405+0530] {processor.py:186} INFO - Started process (PID=26384) to work on /Users/parthmac/Desktop/Projects/Flight Data Engineering/flight-env/lib/python3.12/site-packages/airflow/example_dags/example_branch_day_of_week_operator.py
[2025-09-02T16:58:35.405+0530] {processor.py:914} INFO - Processing file /Users/parthmac/Desktop/Projects/Flight Data Engineering/flight-env/lib/python3.12/site-packages/airflow/example_dags/example_branch_day_of_week_operator.py for tasks to queue
[2025-09-02T16:58:35.406+0530] {logging_mixin.py:190} INFO - [2025-09-02T16:58:35.406+0530] {dagbag.py:588} INFO - Filling up the DagBag from /Users/parthmac/Desktop/Projects/Flight Data Engineering/flight-env/lib/python3.12/site-packages/airflow/example_dags/example_branch_day_of_week_operator.py
[2025-09-02T16:58:35.409+0530] {processor.py:925} INFO - DAG(s) 'example_weekday_branch_operator' retrieved from /Users/parthmac/Desktop/Projects/Flight Data Engineering/flight-env/lib/python3.12/site-packages/airflow/example_dags/example_branch_day_of_week_operator.py
[2025-09-02T16:58:35.457+0530] {logging_mixin.py:190} INFO - [2025-09-02T16:58:35.457+0530] {override.py:1900} INFO - Created Permission View: can edit on DAG:example_weekday_branch_operator
[2025-09-02T16:58:35.460+0530] {logging_mixin.py:190} INFO - [2025-09-02T16:58:35.460+0530] {override.py:1900} INFO - Created Permission View: can delete on DAG:example_weekday_branch_operator
[2025-09-02T16:58:35.461+0530] {logging_mixin.py:190} INFO - [2025-09-02T16:58:35.461+0530] {override.py:1900} INFO - Created Permission View: can read on DAG:example_weekday_branch_operator
[2025-09-02T16:58:35.463+0530] {logging_mixin.py:190} INFO - [2025-09-02T16:58:35.463+0530] {override.py:1900} INFO - Created Permission View: can create on DAG Run:example_weekday_branch_operator
[2025-09-02T16:58:35.464+0530] {logging_mixin.py:190} INFO - [2025-09-02T16:58:35.464+0530] {override.py:1900} INFO - Created Permission View: menu access on DAG Run:example_weekday_branch_operator
[2025-09-02T16:58:35.466+0530] {logging_mixin.py:190} INFO - [2025-09-02T16:58:35.466+0530] {override.py:1900} INFO - Created Permission View: can delete on DAG Run:example_weekday_branch_operator
[2025-09-02T16:58:35.467+0530] {logging_mixin.py:190} INFO - [2025-09-02T16:58:35.467+0530] {override.py:1900} INFO - Created Permission View: can read on DAG Run:example_weekday_branch_operator
[2025-09-02T16:58:35.467+0530] {logging_mixin.py:190} INFO - [2025-09-02T16:58:35.467+0530] {dag.py:3239} INFO - Sync 1 DAGs
[2025-09-02T16:58:35.489+0530] {logging_mixin.py:190} INFO - [2025-09-02T16:58:35.489+0530] {dag.py:3262} INFO - Creating ORM DAG for example_weekday_branch_operator
[2025-09-02T16:58:35.492+0530] {logging_mixin.py:190} INFO - [2025-09-02T16:58:35.492+0530] {dag.py:4180} INFO - Setting next_dagrun for example_weekday_branch_operator to 2025-09-01 00:00:00+00:00, run_after=2025-09-02 00:00:00+00:00
[2025-09-02T16:58:35.496+0530] {processor.py:208} INFO - Processing /Users/parthmac/Desktop/Projects/Flight Data Engineering/flight-env/lib/python3.12/site-packages/airflow/example_dags/example_branch_day_of_week_operator.py took 0.092 seconds
[2025-09-02T17:06:22.687+0530] {processor.py:186} INFO - Started process (PID=27646) to work on /Users/parthmac/Desktop/Projects/Flight Data Engineering/flight-env/lib/python3.12/site-packages/airflow/example_dags/example_branch_day_of_week_operator.py
[2025-09-02T17:06:22.688+0530] {processor.py:914} INFO - Processing file /Users/parthmac/Desktop/Projects/Flight Data Engineering/flight-env/lib/python3.12/site-packages/airflow/example_dags/example_branch_day_of_week_operator.py for tasks to queue
[2025-09-02T17:06:22.689+0530] {logging_mixin.py:190} INFO - [2025-09-02T17:06:22.689+0530] {dagbag.py:588} INFO - Filling up the DagBag from /Users/parthmac/Desktop/Projects/Flight Data Engineering/flight-env/lib/python3.12/site-packages/airflow/example_dags/example_branch_day_of_week_operator.py
[2025-09-02T17:06:22.691+0530] {processor.py:925} INFO - DAG(s) 'example_weekday_branch_operator' retrieved from /Users/parthmac/Desktop/Projects/Flight Data Engineering/flight-env/lib/python3.12/site-packages/airflow/example_dags/example_branch_day_of_week_operator.py
[2025-09-02T17:06:22.716+0530] {logging_mixin.py:190} INFO - [2025-09-02T17:06:22.716+0530] {dag.py:3239} INFO - Sync 1 DAGs
[2025-09-02T17:06:22.720+0530] {logging_mixin.py:190} INFO - [2025-09-02T17:06:22.720+0530] {dag.py:4180} INFO - Setting next_dagrun for example_weekday_branch_operator to 2025-09-01 00:00:00+00:00, run_after=2025-09-02 00:00:00+00:00
[2025-09-02T17:06:22.725+0530] {processor.py:208} INFO - Processing /Users/parthmac/Desktop/Projects/Flight Data Engineering/flight-env/lib/python3.12/site-packages/airflow/example_dags/example_branch_day_of_week_operator.py took 0.038 seconds
[2025-09-02T17:43:19.896+0530] {processor.py:186} INFO - Started process (PID=31716) to work on /Users/parthmac/Desktop/Projects/Flight Data Engineering/flight-env/lib/python3.12/site-packages/airflow/example_dags/example_branch_day_of_week_operator.py
[2025-09-02T17:43:19.897+0530] {processor.py:914} INFO - Processing file /Users/parthmac/Desktop/Projects/Flight Data Engineering/flight-env/lib/python3.12/site-packages/airflow/example_dags/example_branch_day_of_week_operator.py for tasks to queue
[2025-09-02T17:43:19.897+0530] {logging_mixin.py:190} INFO - [2025-09-02T17:43:19.897+0530] {dagbag.py:588} INFO - Filling up the DagBag from /Users/parthmac/Desktop/Projects/Flight Data Engineering/flight-env/lib/python3.12/site-packages/airflow/example_dags/example_branch_day_of_week_operator.py
[2025-09-02T17:43:19.900+0530] {processor.py:925} INFO - DAG(s) 'example_weekday_branch_operator' retrieved from /Users/parthmac/Desktop/Projects/Flight Data Engineering/flight-env/lib/python3.12/site-packages/airflow/example_dags/example_branch_day_of_week_operator.py
[2025-09-02T17:43:19.927+0530] {logging_mixin.py:190} INFO - [2025-09-02T17:43:19.927+0530] {dag.py:3239} INFO - Sync 1 DAGs
[2025-09-02T17:43:19.932+0530] {logging_mixin.py:190} INFO - [2025-09-02T17:43:19.932+0530] {dag.py:4180} INFO - Setting next_dagrun for example_weekday_branch_operator to 2025-09-01 00:00:00+00:00, run_after=2025-09-02 00:00:00+00:00
[2025-09-02T17:43:19.937+0530] {processor.py:208} INFO - Processing /Users/parthmac/Desktop/Projects/Flight Data Engineering/flight-env/lib/python3.12/site-packages/airflow/example_dags/example_branch_day_of_week_operator.py took 0.042 seconds
[2025-09-02T17:47:44.519+0530] {processor.py:186} INFO - Started process (PID=32668) to work on /Users/parthmac/Desktop/Projects/Flight Data Engineering/flight-env/lib/python3.12/site-packages/airflow/example_dags/example_branch_day_of_week_operator.py
[2025-09-02T17:47:44.520+0530] {processor.py:914} INFO - Processing file /Users/parthmac/Desktop/Projects/Flight Data Engineering/flight-env/lib/python3.12/site-packages/airflow/example_dags/example_branch_day_of_week_operator.py for tasks to queue
[2025-09-02T17:47:44.520+0530] {logging_mixin.py:190} INFO - [2025-09-02T17:47:44.520+0530] {dagbag.py:588} INFO - Filling up the DagBag from /Users/parthmac/Desktop/Projects/Flight Data Engineering/flight-env/lib/python3.12/site-packages/airflow/example_dags/example_branch_day_of_week_operator.py
[2025-09-02T17:47:44.523+0530] {processor.py:925} INFO - DAG(s) 'example_weekday_branch_operator' retrieved from /Users/parthmac/Desktop/Projects/Flight Data Engineering/flight-env/lib/python3.12/site-packages/airflow/example_dags/example_branch_day_of_week_operator.py
[2025-09-02T17:47:44.550+0530] {logging_mixin.py:190} INFO - [2025-09-02T17:47:44.550+0530] {dag.py:3239} INFO - Sync 1 DAGs
[2025-09-02T17:47:44.555+0530] {logging_mixin.py:190} INFO - [2025-09-02T17:47:44.555+0530] {dag.py:4180} INFO - Setting next_dagrun for example_weekday_branch_operator to 2025-09-01 00:00:00+00:00, run_after=2025-09-02 00:00:00+00:00
[2025-09-02T17:47:44.560+0530] {processor.py:208} INFO - Processing /Users/parthmac/Desktop/Projects/Flight Data Engineering/flight-env/lib/python3.12/site-packages/airflow/example_dags/example_branch_day_of_week_operator.py took 0.042 seconds
[2025-09-02T17:49:32.062+0530] {processor.py:186} INFO - Started process (PID=32768) to work on /Users/parthmac/Desktop/Projects/Flight Data Engineering/flight-env/lib/python3.12/site-packages/airflow/example_dags/example_branch_day_of_week_operator.py
[2025-09-02T17:49:32.062+0530] {processor.py:914} INFO - Processing file /Users/parthmac/Desktop/Projects/Flight Data Engineering/flight-env/lib/python3.12/site-packages/airflow/example_dags/example_branch_day_of_week_operator.py for tasks to queue
[2025-09-02T17:49:32.062+0530] {logging_mixin.py:190} INFO - [2025-09-02T17:49:32.062+0530] {dagbag.py:588} INFO - Filling up the DagBag from /Users/parthmac/Desktop/Projects/Flight Data Engineering/flight-env/lib/python3.12/site-packages/airflow/example_dags/example_branch_day_of_week_operator.py
[2025-09-02T17:49:32.065+0530] {processor.py:925} INFO - DAG(s) 'example_weekday_branch_operator' retrieved from /Users/parthmac/Desktop/Projects/Flight Data Engineering/flight-env/lib/python3.12/site-packages/airflow/example_dags/example_branch_day_of_week_operator.py
[2025-09-02T17:49:32.091+0530] {logging_mixin.py:190} INFO - [2025-09-02T17:49:32.091+0530] {dag.py:3239} INFO - Sync 1 DAGs
[2025-09-02T17:49:32.095+0530] {logging_mixin.py:190} INFO - [2025-09-02T17:49:32.095+0530] {dag.py:4180} INFO - Setting next_dagrun for example_weekday_branch_operator to 2025-09-01 00:00:00+00:00, run_after=2025-09-02 00:00:00+00:00
[2025-09-02T17:49:32.101+0530] {processor.py:208} INFO - Processing /Users/parthmac/Desktop/Projects/Flight Data Engineering/flight-env/lib/python3.12/site-packages/airflow/example_dags/example_branch_day_of_week_operator.py took 0.040 seconds
[2025-09-02T17:51:14.383+0530] {processor.py:186} INFO - Started process (PID=33205) to work on /Users/parthmac/Desktop/Projects/Flight Data Engineering/flight-env/lib/python3.12/site-packages/airflow/example_dags/example_branch_day_of_week_operator.py
[2025-09-02T17:51:14.383+0530] {processor.py:914} INFO - Processing file /Users/parthmac/Desktop/Projects/Flight Data Engineering/flight-env/lib/python3.12/site-packages/airflow/example_dags/example_branch_day_of_week_operator.py for tasks to queue
[2025-09-02T17:51:14.383+0530] {logging_mixin.py:190} INFO - [2025-09-02T17:51:14.383+0530] {dagbag.py:588} INFO - Filling up the DagBag from /Users/parthmac/Desktop/Projects/Flight Data Engineering/flight-env/lib/python3.12/site-packages/airflow/example_dags/example_branch_day_of_week_operator.py
[2025-09-02T17:51:14.386+0530] {processor.py:925} INFO - DAG(s) 'example_weekday_branch_operator' retrieved from /Users/parthmac/Desktop/Projects/Flight Data Engineering/flight-env/lib/python3.12/site-packages/airflow/example_dags/example_branch_day_of_week_operator.py
[2025-09-02T17:51:14.412+0530] {logging_mixin.py:190} INFO - [2025-09-02T17:51:14.411+0530] {dag.py:3239} INFO - Sync 1 DAGs
[2025-09-02T17:51:14.416+0530] {logging_mixin.py:190} INFO - [2025-09-02T17:51:14.416+0530] {dag.py:4180} INFO - Setting next_dagrun for example_weekday_branch_operator to 2025-09-01 00:00:00+00:00, run_after=2025-09-02 00:00:00+00:00
[2025-09-02T17:51:14.421+0530] {processor.py:208} INFO - Processing /Users/parthmac/Desktop/Projects/Flight Data Engineering/flight-env/lib/python3.12/site-packages/airflow/example_dags/example_branch_day_of_week_operator.py took 0.039 seconds
