[2025-09-02T16:57:45.229+0530] {processor.py:186} INFO - Started process (PID=26347) to work on /Users/parthmac/Desktop/Projects/Flight Data Engineering/flight-env/lib/python3.12/site-packages/airflow/example_dags/example_short_circuit_decorator.py
[2025-09-02T16:57:45.229+0530] {processor.py:914} INFO - Processing file /Users/parthmac/Desktop/Projects/Flight Data Engineering/flight-env/lib/python3.12/site-packages/airflow/example_dags/example_short_circuit_decorator.py for tasks to queue
[2025-09-02T16:57:45.230+0530] {logging_mixin.py:190} INFO - [2025-09-02T16:57:45.230+0530] {dagbag.py:588} INFO - Filling up the DagBag from /Users/parthmac/Desktop/Projects/Flight Data Engineering/flight-env/lib/python3.12/site-packages/airflow/example_dags/example_short_circuit_decorator.py
[2025-09-02T16:57:45.242+0530] {processor.py:925} INFO - DAG(s) 'example_short_circuit_decorator' retrieved from /Users/parthmac/Desktop/Projects/Flight Data Engineering/flight-env/lib/python3.12/site-packages/airflow/example_dags/example_short_circuit_decorator.py
[2025-09-02T16:57:45.310+0530] {logging_mixin.py:190} INFO - [2025-09-02T16:57:45.310+0530] {override.py:1900} INFO - Created Permission View: can delete on DAG:example_short_circuit_decorator
[2025-09-02T16:57:45.312+0530] {logging_mixin.py:190} INFO - [2025-09-02T16:57:45.312+0530] {override.py:1900} INFO - Created Permission View: can read on DAG:example_short_circuit_decorator
[2025-09-02T16:57:45.314+0530] {logging_mixin.py:190} INFO - [2025-09-02T16:57:45.314+0530] {override.py:1900} INFO - Created Permission View: can edit on DAG:example_short_circuit_decorator
[2025-09-02T16:57:45.316+0530] {logging_mixin.py:190} INFO - [2025-09-02T16:57:45.316+0530] {override.py:1900} INFO - Created Permission View: can create on DAG Run:example_short_circuit_decorator
[2025-09-02T16:57:45.317+0530] {logging_mixin.py:190} INFO - [2025-09-02T16:57:45.317+0530] {override.py:1900} INFO - Created Permission View: menu access on DAG Run:example_short_circuit_decorator
[2025-09-02T16:57:45.318+0530] {logging_mixin.py:190} INFO - [2025-09-02T16:57:45.318+0530] {override.py:1900} INFO - Created Permission View: can read on DAG Run:example_short_circuit_decorator
[2025-09-02T16:57:45.319+0530] {logging_mixin.py:190} INFO - [2025-09-02T16:57:45.319+0530] {override.py:1900} INFO - Created Permission View: can delete on DAG Run:example_short_circuit_decorator
[2025-09-02T16:57:45.319+0530] {logging_mixin.py:190} INFO - [2025-09-02T16:57:45.319+0530] {dag.py:3239} INFO - Sync 1 DAGs
[2025-09-02T16:57:45.322+0530] {logging_mixin.py:190} INFO - [2025-09-02T16:57:45.322+0530] {dag.py:3262} INFO - Creating ORM DAG for example_short_circuit_decorator
[2025-09-02T16:57:45.322+0530] {logging_mixin.py:190} INFO - [2025-09-02T16:57:45.322+0530] {dag.py:4180} INFO - Setting next_dagrun for example_short_circuit_decorator to None, run_after=None
[2025-09-02T16:57:45.327+0530] {processor.py:208} INFO - Processing /Users/parthmac/Desktop/Projects/Flight Data Engineering/flight-env/lib/python3.12/site-packages/airflow/example_dags/example_short_circuit_decorator.py took 0.098 seconds
[2025-09-02T16:59:14.706+0530] {processor.py:186} INFO - Started process (PID=26421) to work on /Users/parthmac/Desktop/Projects/Flight Data Engineering/flight-env/lib/python3.12/site-packages/airflow/example_dags/example_short_circuit_decorator.py
[2025-09-02T16:59:14.707+0530] {processor.py:914} INFO - Processing file /Users/parthmac/Desktop/Projects/Flight Data Engineering/flight-env/lib/python3.12/site-packages/airflow/example_dags/example_short_circuit_decorator.py for tasks to queue
[2025-09-02T16:59:14.708+0530] {logging_mixin.py:190} INFO - [2025-09-02T16:59:14.708+0530] {dagbag.py:588} INFO - Filling up the DagBag from /Users/parthmac/Desktop/Projects/Flight Data Engineering/flight-env/lib/python3.12/site-packages/airflow/example_dags/example_short_circuit_decorator.py
[2025-09-02T16:59:14.720+0530] {processor.py:925} INFO - DAG(s) 'example_short_circuit_decorator' retrieved from /Users/parthmac/Desktop/Projects/Flight Data Engineering/flight-env/lib/python3.12/site-packages/airflow/example_dags/example_short_circuit_decorator.py
[2025-09-02T16:59:14.747+0530] {logging_mixin.py:190} INFO - [2025-09-02T16:59:14.747+0530] {dag.py:3239} INFO - Sync 1 DAGs
[2025-09-02T16:59:14.751+0530] {logging_mixin.py:190} INFO - [2025-09-02T16:59:14.751+0530] {dag.py:4180} INFO - Setting next_dagrun for example_short_circuit_decorator to None, run_after=None
[2025-09-02T16:59:14.757+0530] {processor.py:208} INFO - Processing /Users/parthmac/Desktop/Projects/Flight Data Engineering/flight-env/lib/python3.12/site-packages/airflow/example_dags/example_short_circuit_decorator.py took 0.051 seconds
[2025-09-02T17:05:39.191+0530] {processor.py:186} INFO - Started process (PID=27609) to work on /Users/parthmac/Desktop/Projects/Flight Data Engineering/flight-env/lib/python3.12/site-packages/airflow/example_dags/example_short_circuit_decorator.py
[2025-09-02T17:05:39.192+0530] {processor.py:914} INFO - Processing file /Users/parthmac/Desktop/Projects/Flight Data Engineering/flight-env/lib/python3.12/site-packages/airflow/example_dags/example_short_circuit_decorator.py for tasks to queue
[2025-09-02T17:05:39.192+0530] {logging_mixin.py:190} INFO - [2025-09-02T17:05:39.192+0530] {dagbag.py:588} INFO - Filling up the DagBag from /Users/parthmac/Desktop/Projects/Flight Data Engineering/flight-env/lib/python3.12/site-packages/airflow/example_dags/example_short_circuit_decorator.py
[2025-09-02T17:05:39.203+0530] {processor.py:925} INFO - DAG(s) 'example_short_circuit_decorator' retrieved from /Users/parthmac/Desktop/Projects/Flight Data Engineering/flight-env/lib/python3.12/site-packages/airflow/example_dags/example_short_circuit_decorator.py
[2025-09-02T17:05:39.228+0530] {logging_mixin.py:190} INFO - [2025-09-02T17:05:39.228+0530] {dag.py:3239} INFO - Sync 1 DAGs
[2025-09-02T17:05:39.230+0530] {logging_mixin.py:190} INFO - [2025-09-02T17:05:39.230+0530] {dag.py:4180} INFO - Setting next_dagrun for example_short_circuit_decorator to None, run_after=None
[2025-09-02T17:05:39.235+0530] {processor.py:208} INFO - Processing /Users/parthmac/Desktop/Projects/Flight Data Engineering/flight-env/lib/python3.12/site-packages/airflow/example_dags/example_short_circuit_decorator.py took 0.045 seconds
[2025-09-02T17:07:02.875+0530] {processor.py:186} INFO - Started process (PID=27689) to work on /Users/parthmac/Desktop/Projects/Flight Data Engineering/flight-env/lib/python3.12/site-packages/airflow/example_dags/example_short_circuit_decorator.py
[2025-09-02T17:07:02.876+0530] {processor.py:914} INFO - Processing file /Users/parthmac/Desktop/Projects/Flight Data Engineering/flight-env/lib/python3.12/site-packages/airflow/example_dags/example_short_circuit_decorator.py for tasks to queue
[2025-09-02T17:07:02.877+0530] {logging_mixin.py:190} INFO - [2025-09-02T17:07:02.877+0530] {dagbag.py:588} INFO - Filling up the DagBag from /Users/parthmac/Desktop/Projects/Flight Data Engineering/flight-env/lib/python3.12/site-packages/airflow/example_dags/example_short_circuit_decorator.py
[2025-09-02T17:07:02.889+0530] {processor.py:925} INFO - DAG(s) 'example_short_circuit_decorator' retrieved from /Users/parthmac/Desktop/Projects/Flight Data Engineering/flight-env/lib/python3.12/site-packages/airflow/example_dags/example_short_circuit_decorator.py
[2025-09-02T17:07:02.914+0530] {logging_mixin.py:190} INFO - [2025-09-02T17:07:02.914+0530] {dag.py:3239} INFO - Sync 1 DAGs
[2025-09-02T17:07:02.917+0530] {logging_mixin.py:190} INFO - [2025-09-02T17:07:02.917+0530] {dag.py:4180} INFO - Setting next_dagrun for example_short_circuit_decorator to None, run_after=None
[2025-09-02T17:07:02.922+0530] {processor.py:208} INFO - Processing /Users/parthmac/Desktop/Projects/Flight Data Engineering/flight-env/lib/python3.12/site-packages/airflow/example_dags/example_short_circuit_decorator.py took 0.047 seconds
[2025-09-02T17:42:35.306+0530] {processor.py:186} INFO - Started process (PID=31626) to work on /Users/parthmac/Desktop/Projects/Flight Data Engineering/flight-env/lib/python3.12/site-packages/airflow/example_dags/example_short_circuit_decorator.py
[2025-09-02T17:42:35.307+0530] {processor.py:914} INFO - Processing file /Users/parthmac/Desktop/Projects/Flight Data Engineering/flight-env/lib/python3.12/site-packages/airflow/example_dags/example_short_circuit_decorator.py for tasks to queue
[2025-09-02T17:42:35.307+0530] {logging_mixin.py:190} INFO - [2025-09-02T17:42:35.307+0530] {dagbag.py:588} INFO - Filling up the DagBag from /Users/parthmac/Desktop/Projects/Flight Data Engineering/flight-env/lib/python3.12/site-packages/airflow/example_dags/example_short_circuit_decorator.py
[2025-09-02T17:42:35.320+0530] {processor.py:925} INFO - DAG(s) 'example_short_circuit_decorator' retrieved from /Users/parthmac/Desktop/Projects/Flight Data Engineering/flight-env/lib/python3.12/site-packages/airflow/example_dags/example_short_circuit_decorator.py
[2025-09-02T17:42:35.347+0530] {logging_mixin.py:190} INFO - [2025-09-02T17:42:35.347+0530] {dag.py:3239} INFO - Sync 1 DAGs
[2025-09-02T17:42:35.350+0530] {logging_mixin.py:190} INFO - [2025-09-02T17:42:35.350+0530] {dag.py:4180} INFO - Setting next_dagrun for example_short_circuit_decorator to None, run_after=None
[2025-09-02T17:42:35.355+0530] {processor.py:208} INFO - Processing /Users/parthmac/Desktop/Projects/Flight Data Engineering/flight-env/lib/python3.12/site-packages/airflow/example_dags/example_short_circuit_decorator.py took 0.051 seconds
[2025-09-02T17:44:00.180+0530] {processor.py:186} INFO - Started process (PID=31750) to work on /Users/parthmac/Desktop/Projects/Flight Data Engineering/flight-env/lib/python3.12/site-packages/airflow/example_dags/example_short_circuit_decorator.py
[2025-09-02T17:44:00.180+0530] {processor.py:914} INFO - Processing file /Users/parthmac/Desktop/Projects/Flight Data Engineering/flight-env/lib/python3.12/site-packages/airflow/example_dags/example_short_circuit_decorator.py for tasks to queue
[2025-09-02T17:44:00.180+0530] {logging_mixin.py:190} INFO - [2025-09-02T17:44:00.180+0530] {dagbag.py:588} INFO - Filling up the DagBag from /Users/parthmac/Desktop/Projects/Flight Data Engineering/flight-env/lib/python3.12/site-packages/airflow/example_dags/example_short_circuit_decorator.py
[2025-09-02T17:44:00.192+0530] {processor.py:925} INFO - DAG(s) 'example_short_circuit_decorator' retrieved from /Users/parthmac/Desktop/Projects/Flight Data Engineering/flight-env/lib/python3.12/site-packages/airflow/example_dags/example_short_circuit_decorator.py
[2025-09-02T17:44:00.216+0530] {logging_mixin.py:190} INFO - [2025-09-02T17:44:00.216+0530] {dag.py:3239} INFO - Sync 1 DAGs
[2025-09-02T17:44:00.219+0530] {logging_mixin.py:190} INFO - [2025-09-02T17:44:00.219+0530] {dag.py:4180} INFO - Setting next_dagrun for example_short_circuit_decorator to None, run_after=None
[2025-09-02T17:44:00.224+0530] {processor.py:208} INFO - Processing /Users/parthmac/Desktop/Projects/Flight Data Engineering/flight-env/lib/python3.12/site-packages/airflow/example_dags/example_short_circuit_decorator.py took 0.045 seconds
[2025-09-02T17:47:00.507+0530] {processor.py:186} INFO - Started process (PID=32587) to work on /Users/parthmac/Desktop/Projects/Flight Data Engineering/flight-env/lib/python3.12/site-packages/airflow/example_dags/example_short_circuit_decorator.py
[2025-09-02T17:47:00.508+0530] {processor.py:914} INFO - Processing file /Users/parthmac/Desktop/Projects/Flight Data Engineering/flight-env/lib/python3.12/site-packages/airflow/example_dags/example_short_circuit_decorator.py for tasks to queue
[2025-09-02T17:47:00.508+0530] {logging_mixin.py:190} INFO - [2025-09-02T17:47:00.508+0530] {dagbag.py:588} INFO - Filling up the DagBag from /Users/parthmac/Desktop/Projects/Flight Data Engineering/flight-env/lib/python3.12/site-packages/airflow/example_dags/example_short_circuit_decorator.py
[2025-09-02T17:47:00.519+0530] {processor.py:925} INFO - DAG(s) 'example_short_circuit_decorator' retrieved from /Users/parthmac/Desktop/Projects/Flight Data Engineering/flight-env/lib/python3.12/site-packages/airflow/example_dags/example_short_circuit_decorator.py
[2025-09-02T17:47:00.544+0530] {logging_mixin.py:190} INFO - [2025-09-02T17:47:00.544+0530] {dag.py:3239} INFO - Sync 1 DAGs
[2025-09-02T17:47:00.546+0530] {logging_mixin.py:190} INFO - [2025-09-02T17:47:00.546+0530] {dag.py:4180} INFO - Setting next_dagrun for example_short_circuit_decorator to None, run_after=None
[2025-09-02T17:47:00.551+0530] {processor.py:208} INFO - Processing /Users/parthmac/Desktop/Projects/Flight Data Engineering/flight-env/lib/python3.12/site-packages/airflow/example_dags/example_short_circuit_decorator.py took 0.045 seconds
[2025-09-02T17:48:24.131+0530] {processor.py:186} INFO - Started process (PID=32714) to work on /Users/parthmac/Desktop/Projects/Flight Data Engineering/flight-env/lib/python3.12/site-packages/airflow/example_dags/example_short_circuit_decorator.py
[2025-09-02T17:48:24.131+0530] {processor.py:914} INFO - Processing file /Users/parthmac/Desktop/Projects/Flight Data Engineering/flight-env/lib/python3.12/site-packages/airflow/example_dags/example_short_circuit_decorator.py for tasks to queue
[2025-09-02T17:48:24.132+0530] {logging_mixin.py:190} INFO - [2025-09-02T17:48:24.132+0530] {dagbag.py:588} INFO - Filling up the DagBag from /Users/parthmac/Desktop/Projects/Flight Data Engineering/flight-env/lib/python3.12/site-packages/airflow/example_dags/example_short_circuit_decorator.py
[2025-09-02T17:48:24.143+0530] {processor.py:925} INFO - DAG(s) 'example_short_circuit_decorator' retrieved from /Users/parthmac/Desktop/Projects/Flight Data Engineering/flight-env/lib/python3.12/site-packages/airflow/example_dags/example_short_circuit_decorator.py
[2025-09-02T17:48:24.168+0530] {logging_mixin.py:190} INFO - [2025-09-02T17:48:24.168+0530] {dag.py:3239} INFO - Sync 1 DAGs
[2025-09-02T17:48:24.171+0530] {logging_mixin.py:190} INFO - [2025-09-02T17:48:24.171+0530] {dag.py:4180} INFO - Setting next_dagrun for example_short_circuit_decorator to None, run_after=None
[2025-09-02T17:48:24.176+0530] {processor.py:208} INFO - Processing /Users/parthmac/Desktop/Projects/Flight Data Engineering/flight-env/lib/python3.12/site-packages/airflow/example_dags/example_short_circuit_decorator.py took 0.046 seconds
[2025-09-02T17:50:12.507+0530] {processor.py:186} INFO - Started process (PID=33141) to work on /Users/parthmac/Desktop/Projects/Flight Data Engineering/flight-env/lib/python3.12/site-packages/airflow/example_dags/example_short_circuit_decorator.py
[2025-09-02T17:50:12.508+0530] {processor.py:914} INFO - Processing file /Users/parthmac/Desktop/Projects/Flight Data Engineering/flight-env/lib/python3.12/site-packages/airflow/example_dags/example_short_circuit_decorator.py for tasks to queue
[2025-09-02T17:50:12.508+0530] {logging_mixin.py:190} INFO - [2025-09-02T17:50:12.508+0530] {dagbag.py:588} INFO - Filling up the DagBag from /Users/parthmac/Desktop/Projects/Flight Data Engineering/flight-env/lib/python3.12/site-packages/airflow/example_dags/example_short_circuit_decorator.py
[2025-09-02T17:50:12.519+0530] {processor.py:925} INFO - DAG(s) 'example_short_circuit_decorator' retrieved from /Users/parthmac/Desktop/Projects/Flight Data Engineering/flight-env/lib/python3.12/site-packages/airflow/example_dags/example_short_circuit_decorator.py
[2025-09-02T17:50:12.544+0530] {logging_mixin.py:190} INFO - [2025-09-02T17:50:12.544+0530] {dag.py:3239} INFO - Sync 1 DAGs
[2025-09-02T17:50:12.547+0530] {logging_mixin.py:190} INFO - [2025-09-02T17:50:12.547+0530] {dag.py:4180} INFO - Setting next_dagrun for example_short_circuit_decorator to None, run_after=None
[2025-09-02T17:50:12.552+0530] {processor.py:208} INFO - Processing /Users/parthmac/Desktop/Projects/Flight Data Engineering/flight-env/lib/python3.12/site-packages/airflow/example_dags/example_short_circuit_decorator.py took 0.045 seconds
