[2025-09-02T16:58:18.352+0530] {processor.py:186} INFO - Started process (PID=26371) to work on /Users/parthmac/Desktop/Projects/Flight Data Engineering/flight-env/lib/python3.12/site-packages/airflow/example_dags/example_dynamic_task_mapping.py
[2025-09-02T16:58:18.352+0530] {processor.py:914} INFO - Processing file /Users/parthmac/Desktop/Projects/Flight Data Engineering/flight-env/lib/python3.12/site-packages/airflow/example_dags/example_dynamic_task_mapping.py for tasks to queue
[2025-09-02T16:58:18.352+0530] {logging_mixin.py:190} INFO - [2025-09-02T16:58:18.352+0530] {dagbag.py:588} INFO - Filling up the DagBag from /Users/parthmac/Desktop/Projects/Flight Data Engineering/flight-env/lib/python3.12/site-packages/airflow/example_dags/example_dynamic_task_mapping.py
[2025-09-02T16:58:18.365+0530] {processor.py:925} INFO - DAG(s) 'example_dynamic_task_mapping' retrieved from /Users/parthmac/Desktop/Projects/Flight Data Engineering/flight-env/lib/python3.12/site-packages/airflow/example_dags/example_dynamic_task_mapping.py
[2025-09-02T16:58:18.437+0530] {logging_mixin.py:190} INFO - [2025-09-02T16:58:18.436+0530] {override.py:1900} INFO - Created Permission View: can delete on DAG:example_dynamic_task_mapping
[2025-09-02T16:58:18.440+0530] {logging_mixin.py:190} INFO - [2025-09-02T16:58:18.439+0530] {override.py:1900} INFO - Created Permission View: can read on DAG:example_dynamic_task_mapping
[2025-09-02T16:58:18.441+0530] {logging_mixin.py:190} INFO - [2025-09-02T16:58:18.441+0530] {override.py:1900} INFO - Created Permission View: can edit on DAG:example_dynamic_task_mapping
[2025-09-02T16:58:18.443+0530] {logging_mixin.py:190} INFO - [2025-09-02T16:58:18.443+0530] {override.py:1900} INFO - Created Permission View: can create on DAG Run:example_dynamic_task_mapping
[2025-09-02T16:58:18.445+0530] {logging_mixin.py:190} INFO - [2025-09-02T16:58:18.445+0530] {override.py:1900} INFO - Created Permission View: can read on DAG Run:example_dynamic_task_mapping
[2025-09-02T16:58:18.447+0530] {logging_mixin.py:190} INFO - [2025-09-02T16:58:18.447+0530] {override.py:1900} INFO - Created Permission View: can delete on DAG Run:example_dynamic_task_mapping
[2025-09-02T16:58:18.448+0530] {logging_mixin.py:190} INFO - [2025-09-02T16:58:18.448+0530] {override.py:1900} INFO - Created Permission View: menu access on DAG Run:example_dynamic_task_mapping
[2025-09-02T16:58:18.448+0530] {logging_mixin.py:190} INFO - [2025-09-02T16:58:18.448+0530] {dag.py:3239} INFO - Sync 1 DAGs
[2025-09-02T16:58:18.452+0530] {logging_mixin.py:190} INFO - [2025-09-02T16:58:18.452+0530] {dag.py:3262} INFO - Creating ORM DAG for example_dynamic_task_mapping
[2025-09-02T16:58:18.452+0530] {logging_mixin.py:190} INFO - [2025-09-02T16:58:18.452+0530] {dag.py:4180} INFO - Setting next_dagrun for example_dynamic_task_mapping to None, run_after=None
[2025-09-02T16:58:18.457+0530] {processor.py:208} INFO - Processing /Users/parthmac/Desktop/Projects/Flight Data Engineering/flight-env/lib/python3.12/site-packages/airflow/example_dags/example_dynamic_task_mapping.py took 0.106 seconds
[2025-09-02T17:06:06.347+0530] {processor.py:186} INFO - Started process (PID=27633) to work on /Users/parthmac/Desktop/Projects/Flight Data Engineering/flight-env/lib/python3.12/site-packages/airflow/example_dags/example_dynamic_task_mapping.py
[2025-09-02T17:06:06.348+0530] {processor.py:914} INFO - Processing file /Users/parthmac/Desktop/Projects/Flight Data Engineering/flight-env/lib/python3.12/site-packages/airflow/example_dags/example_dynamic_task_mapping.py for tasks to queue
[2025-09-02T17:06:06.348+0530] {logging_mixin.py:190} INFO - [2025-09-02T17:06:06.348+0530] {dagbag.py:588} INFO - Filling up the DagBag from /Users/parthmac/Desktop/Projects/Flight Data Engineering/flight-env/lib/python3.12/site-packages/airflow/example_dags/example_dynamic_task_mapping.py
[2025-09-02T17:06:06.359+0530] {processor.py:925} INFO - DAG(s) 'example_dynamic_task_mapping' retrieved from /Users/parthmac/Desktop/Projects/Flight Data Engineering/flight-env/lib/python3.12/site-packages/airflow/example_dags/example_dynamic_task_mapping.py
[2025-09-02T17:06:06.383+0530] {logging_mixin.py:190} INFO - [2025-09-02T17:06:06.383+0530] {dag.py:3239} INFO - Sync 1 DAGs
[2025-09-02T17:06:06.386+0530] {logging_mixin.py:190} INFO - [2025-09-02T17:06:06.386+0530] {dag.py:4180} INFO - Setting next_dagrun for example_dynamic_task_mapping to None, run_after=None
[2025-09-02T17:06:06.390+0530] {processor.py:208} INFO - Processing /Users/parthmac/Desktop/Projects/Flight Data Engineering/flight-env/lib/python3.12/site-packages/airflow/example_dags/example_dynamic_task_mapping.py took 0.044 seconds
[2025-09-02T17:07:54.323+0530] {processor.py:186} INFO - Started process (PID=27763) to work on /Users/parthmac/Desktop/Projects/Flight Data Engineering/flight-env/lib/python3.12/site-packages/airflow/example_dags/example_dynamic_task_mapping.py
[2025-09-02T17:07:54.324+0530] {processor.py:914} INFO - Processing file /Users/parthmac/Desktop/Projects/Flight Data Engineering/flight-env/lib/python3.12/site-packages/airflow/example_dags/example_dynamic_task_mapping.py for tasks to queue
[2025-09-02T17:07:54.324+0530] {logging_mixin.py:190} INFO - [2025-09-02T17:07:54.324+0530] {dagbag.py:588} INFO - Filling up the DagBag from /Users/parthmac/Desktop/Projects/Flight Data Engineering/flight-env/lib/python3.12/site-packages/airflow/example_dags/example_dynamic_task_mapping.py
[2025-09-02T17:07:54.336+0530] {processor.py:925} INFO - DAG(s) 'example_dynamic_task_mapping' retrieved from /Users/parthmac/Desktop/Projects/Flight Data Engineering/flight-env/lib/python3.12/site-packages/airflow/example_dags/example_dynamic_task_mapping.py
[2025-09-02T17:07:54.360+0530] {logging_mixin.py:190} INFO - [2025-09-02T17:07:54.360+0530] {dag.py:3239} INFO - Sync 1 DAGs
[2025-09-02T17:07:54.363+0530] {logging_mixin.py:190} INFO - [2025-09-02T17:07:54.363+0530] {dag.py:4180} INFO - Setting next_dagrun for example_dynamic_task_mapping to None, run_after=None
[2025-09-02T17:07:54.368+0530] {processor.py:208} INFO - Processing /Users/parthmac/Desktop/Projects/Flight Data Engineering/flight-env/lib/python3.12/site-packages/airflow/example_dags/example_dynamic_task_mapping.py took 0.046 seconds
[2025-09-02T17:43:03.761+0530] {processor.py:186} INFO - Started process (PID=31698) to work on /Users/parthmac/Desktop/Projects/Flight Data Engineering/flight-env/lib/python3.12/site-packages/airflow/example_dags/example_dynamic_task_mapping.py
[2025-09-02T17:43:03.761+0530] {processor.py:914} INFO - Processing file /Users/parthmac/Desktop/Projects/Flight Data Engineering/flight-env/lib/python3.12/site-packages/airflow/example_dags/example_dynamic_task_mapping.py for tasks to queue
[2025-09-02T17:43:03.761+0530] {logging_mixin.py:190} INFO - [2025-09-02T17:43:03.761+0530] {dagbag.py:588} INFO - Filling up the DagBag from /Users/parthmac/Desktop/Projects/Flight Data Engineering/flight-env/lib/python3.12/site-packages/airflow/example_dags/example_dynamic_task_mapping.py
[2025-09-02T17:43:03.772+0530] {processor.py:925} INFO - DAG(s) 'example_dynamic_task_mapping' retrieved from /Users/parthmac/Desktop/Projects/Flight Data Engineering/flight-env/lib/python3.12/site-packages/airflow/example_dags/example_dynamic_task_mapping.py
[2025-09-02T17:43:03.796+0530] {logging_mixin.py:190} INFO - [2025-09-02T17:43:03.796+0530] {dag.py:3239} INFO - Sync 1 DAGs
[2025-09-02T17:43:03.799+0530] {logging_mixin.py:190} INFO - [2025-09-02T17:43:03.799+0530] {dag.py:4180} INFO - Setting next_dagrun for example_dynamic_task_mapping to None, run_after=None
[2025-09-02T17:43:03.803+0530] {processor.py:208} INFO - Processing /Users/parthmac/Desktop/Projects/Flight Data Engineering/flight-env/lib/python3.12/site-packages/airflow/example_dags/example_dynamic_task_mapping.py took 0.043 seconds
[2025-09-02T17:47:28.286+0530] {processor.py:186} INFO - Started process (PID=32656) to work on /Users/parthmac/Desktop/Projects/Flight Data Engineering/flight-env/lib/python3.12/site-packages/airflow/example_dags/example_dynamic_task_mapping.py
[2025-09-02T17:47:28.286+0530] {processor.py:914} INFO - Processing file /Users/parthmac/Desktop/Projects/Flight Data Engineering/flight-env/lib/python3.12/site-packages/airflow/example_dags/example_dynamic_task_mapping.py for tasks to queue
[2025-09-02T17:47:28.286+0530] {logging_mixin.py:190} INFO - [2025-09-02T17:47:28.286+0530] {dagbag.py:588} INFO - Filling up the DagBag from /Users/parthmac/Desktop/Projects/Flight Data Engineering/flight-env/lib/python3.12/site-packages/airflow/example_dags/example_dynamic_task_mapping.py
[2025-09-02T17:47:28.298+0530] {processor.py:925} INFO - DAG(s) 'example_dynamic_task_mapping' retrieved from /Users/parthmac/Desktop/Projects/Flight Data Engineering/flight-env/lib/python3.12/site-packages/airflow/example_dags/example_dynamic_task_mapping.py
[2025-09-02T17:47:28.322+0530] {logging_mixin.py:190} INFO - [2025-09-02T17:47:28.322+0530] {dag.py:3239} INFO - Sync 1 DAGs
[2025-09-02T17:47:28.325+0530] {logging_mixin.py:190} INFO - [2025-09-02T17:47:28.325+0530] {dag.py:4180} INFO - Setting next_dagrun for example_dynamic_task_mapping to None, run_after=None
[2025-09-02T17:47:28.330+0530] {processor.py:208} INFO - Processing /Users/parthmac/Desktop/Projects/Flight Data Engineering/flight-env/lib/python3.12/site-packages/airflow/example_dags/example_dynamic_task_mapping.py took 0.045 seconds
[2025-09-02T17:49:16.719+0530] {processor.py:186} INFO - Started process (PID=32756) to work on /Users/parthmac/Desktop/Projects/Flight Data Engineering/flight-env/lib/python3.12/site-packages/airflow/example_dags/example_dynamic_task_mapping.py
[2025-09-02T17:49:16.719+0530] {processor.py:914} INFO - Processing file /Users/parthmac/Desktop/Projects/Flight Data Engineering/flight-env/lib/python3.12/site-packages/airflow/example_dags/example_dynamic_task_mapping.py for tasks to queue
[2025-09-02T17:49:16.720+0530] {logging_mixin.py:190} INFO - [2025-09-02T17:49:16.720+0530] {dagbag.py:588} INFO - Filling up the DagBag from /Users/parthmac/Desktop/Projects/Flight Data Engineering/flight-env/lib/python3.12/site-packages/airflow/example_dags/example_dynamic_task_mapping.py
[2025-09-02T17:49:16.732+0530] {processor.py:925} INFO - DAG(s) 'example_dynamic_task_mapping' retrieved from /Users/parthmac/Desktop/Projects/Flight Data Engineering/flight-env/lib/python3.12/site-packages/airflow/example_dags/example_dynamic_task_mapping.py
[2025-09-02T17:49:16.758+0530] {logging_mixin.py:190} INFO - [2025-09-02T17:49:16.758+0530] {dag.py:3239} INFO - Sync 1 DAGs
[2025-09-02T17:49:16.761+0530] {logging_mixin.py:190} INFO - [2025-09-02T17:49:16.761+0530] {dag.py:4180} INFO - Setting next_dagrun for example_dynamic_task_mapping to None, run_after=None
[2025-09-02T17:49:16.766+0530] {processor.py:208} INFO - Processing /Users/parthmac/Desktop/Projects/Flight Data Engineering/flight-env/lib/python3.12/site-packages/airflow/example_dags/example_dynamic_task_mapping.py took 0.048 seconds
[2025-09-02T17:50:58.987+0530] {processor.py:186} INFO - Started process (PID=33192) to work on /Users/parthmac/Desktop/Projects/Flight Data Engineering/flight-env/lib/python3.12/site-packages/airflow/example_dags/example_dynamic_task_mapping.py
[2025-09-02T17:50:58.987+0530] {processor.py:914} INFO - Processing file /Users/parthmac/Desktop/Projects/Flight Data Engineering/flight-env/lib/python3.12/site-packages/airflow/example_dags/example_dynamic_task_mapping.py for tasks to queue
[2025-09-02T17:50:58.987+0530] {logging_mixin.py:190} INFO - [2025-09-02T17:50:58.987+0530] {dagbag.py:588} INFO - Filling up the DagBag from /Users/parthmac/Desktop/Projects/Flight Data Engineering/flight-env/lib/python3.12/site-packages/airflow/example_dags/example_dynamic_task_mapping.py
[2025-09-02T17:50:58.998+0530] {processor.py:925} INFO - DAG(s) 'example_dynamic_task_mapping' retrieved from /Users/parthmac/Desktop/Projects/Flight Data Engineering/flight-env/lib/python3.12/site-packages/airflow/example_dags/example_dynamic_task_mapping.py
[2025-09-02T17:50:59.022+0530] {logging_mixin.py:190} INFO - [2025-09-02T17:50:59.022+0530] {dag.py:3239} INFO - Sync 1 DAGs
[2025-09-02T17:50:59.025+0530] {logging_mixin.py:190} INFO - [2025-09-02T17:50:59.025+0530] {dag.py:4180} INFO - Setting next_dagrun for example_dynamic_task_mapping to None, run_after=None
[2025-09-02T17:50:59.030+0530] {processor.py:208} INFO - Processing /Users/parthmac/Desktop/Projects/Flight Data Engineering/flight-env/lib/python3.12/site-packages/airflow/example_dags/example_dynamic_task_mapping.py took 0.044 seconds
