[2025-09-02T16:57:31.320+0530] {processor.py:186} INFO - Started process (PID=26324) to work on /Users/parthmac/Desktop/Projects/Flight Data Engineering/flight-env/lib/python3.12/site-packages/airflow/example_dags/example_trigger_controller_dag.py
[2025-09-02T16:57:31.320+0530] {processor.py:914} INFO - Processing file /Users/parthmac/Desktop/Projects/Flight Data Engineering/flight-env/lib/python3.12/site-packages/airflow/example_dags/example_trigger_controller_dag.py for tasks to queue
[2025-09-02T16:57:31.320+0530] {logging_mixin.py:190} INFO - [2025-09-02T16:57:31.320+0530] {dagbag.py:588} INFO - Filling up the DagBag from /Users/parthmac/Desktop/Projects/Flight Data Engineering/flight-env/lib/python3.12/site-packages/airflow/example_dags/example_trigger_controller_dag.py
[2025-09-02T16:57:31.324+0530] {processor.py:925} INFO - DAG(s) 'example_trigger_controller_dag' retrieved from /Users/parthmac/Desktop/Projects/Flight Data Engineering/flight-env/lib/python3.12/site-packages/airflow/example_dags/example_trigger_controller_dag.py
[2025-09-02T16:57:31.369+0530] {logging_mixin.py:190} INFO - [2025-09-02T16:57:31.369+0530] {override.py:1900} INFO - Created Permission View: can delete on DAG:example_trigger_controller_dag
[2025-09-02T16:57:31.371+0530] {logging_mixin.py:190} INFO - [2025-09-02T16:57:31.371+0530] {override.py:1900} INFO - Created Permission View: can edit on DAG:example_trigger_controller_dag
[2025-09-02T16:57:31.372+0530] {logging_mixin.py:190} INFO - [2025-09-02T16:57:31.372+0530] {override.py:1900} INFO - Created Permission View: can read on DAG:example_trigger_controller_dag
[2025-09-02T16:57:31.374+0530] {logging_mixin.py:190} INFO - [2025-09-02T16:57:31.374+0530] {override.py:1900} INFO - Created Permission View: menu access on DAG Run:example_trigger_controller_dag
[2025-09-02T16:57:31.375+0530] {logging_mixin.py:190} INFO - [2025-09-02T16:57:31.375+0530] {override.py:1900} INFO - Created Permission View: can create on DAG Run:example_trigger_controller_dag
[2025-09-02T16:57:31.376+0530] {logging_mixin.py:190} INFO - [2025-09-02T16:57:31.376+0530] {override.py:1900} INFO - Created Permission View: can delete on DAG Run:example_trigger_controller_dag
[2025-09-02T16:57:31.378+0530] {logging_mixin.py:190} INFO - [2025-09-02T16:57:31.378+0530] {override.py:1900} INFO - Created Permission View: can read on DAG Run:example_trigger_controller_dag
[2025-09-02T16:57:31.378+0530] {logging_mixin.py:190} INFO - [2025-09-02T16:57:31.378+0530] {dag.py:3239} INFO - Sync 1 DAGs
[2025-09-02T16:57:31.400+0530] {logging_mixin.py:190} INFO - [2025-09-02T16:57:31.400+0530] {dag.py:3262} INFO - Creating ORM DAG for example_trigger_controller_dag
[2025-09-02T16:57:31.402+0530] {logging_mixin.py:190} INFO - [2025-09-02T16:57:31.402+0530] {dag.py:4180} INFO - Setting next_dagrun for example_trigger_controller_dag to 2021-01-01 00:00:00+00:00, run_after=2021-01-01 00:00:00+00:00
[2025-09-02T16:57:31.406+0530] {processor.py:208} INFO - Processing /Users/parthmac/Desktop/Projects/Flight Data Engineering/flight-env/lib/python3.12/site-packages/airflow/example_dags/example_trigger_controller_dag.py took 0.087 seconds
[2025-09-02T16:59:02.486+0530] {processor.py:186} INFO - Started process (PID=26409) to work on /Users/parthmac/Desktop/Projects/Flight Data Engineering/flight-env/lib/python3.12/site-packages/airflow/example_dags/example_trigger_controller_dag.py
[2025-09-02T16:59:02.487+0530] {processor.py:914} INFO - Processing file /Users/parthmac/Desktop/Projects/Flight Data Engineering/flight-env/lib/python3.12/site-packages/airflow/example_dags/example_trigger_controller_dag.py for tasks to queue
[2025-09-02T16:59:02.487+0530] {logging_mixin.py:190} INFO - [2025-09-02T16:59:02.487+0530] {dagbag.py:588} INFO - Filling up the DagBag from /Users/parthmac/Desktop/Projects/Flight Data Engineering/flight-env/lib/python3.12/site-packages/airflow/example_dags/example_trigger_controller_dag.py
[2025-09-02T16:59:02.490+0530] {processor.py:925} INFO - DAG(s) 'example_trigger_controller_dag' retrieved from /Users/parthmac/Desktop/Projects/Flight Data Engineering/flight-env/lib/python3.12/site-packages/airflow/example_dags/example_trigger_controller_dag.py
[2025-09-02T16:59:02.513+0530] {logging_mixin.py:190} INFO - [2025-09-02T16:59:02.513+0530] {dag.py:3239} INFO - Sync 1 DAGs
[2025-09-02T16:59:02.517+0530] {logging_mixin.py:190} INFO - [2025-09-02T16:59:02.517+0530] {dag.py:4180} INFO - Setting next_dagrun for example_trigger_controller_dag to 2021-01-01 00:00:00+00:00, run_after=2021-01-01 00:00:00+00:00
[2025-09-02T16:59:02.522+0530] {processor.py:208} INFO - Processing /Users/parthmac/Desktop/Projects/Flight Data Engineering/flight-env/lib/python3.12/site-packages/airflow/example_dags/example_trigger_controller_dag.py took 0.037 seconds
[2025-09-02T17:05:25.856+0530] {processor.py:186} INFO - Started process (PID=27587) to work on /Users/parthmac/Desktop/Projects/Flight Data Engineering/flight-env/lib/python3.12/site-packages/airflow/example_dags/example_trigger_controller_dag.py
[2025-09-02T17:05:25.857+0530] {processor.py:914} INFO - Processing file /Users/parthmac/Desktop/Projects/Flight Data Engineering/flight-env/lib/python3.12/site-packages/airflow/example_dags/example_trigger_controller_dag.py for tasks to queue
[2025-09-02T17:05:25.857+0530] {logging_mixin.py:190} INFO - [2025-09-02T17:05:25.857+0530] {dagbag.py:588} INFO - Filling up the DagBag from /Users/parthmac/Desktop/Projects/Flight Data Engineering/flight-env/lib/python3.12/site-packages/airflow/example_dags/example_trigger_controller_dag.py
[2025-09-02T17:05:25.860+0530] {processor.py:925} INFO - DAG(s) 'example_trigger_controller_dag' retrieved from /Users/parthmac/Desktop/Projects/Flight Data Engineering/flight-env/lib/python3.12/site-packages/airflow/example_dags/example_trigger_controller_dag.py
[2025-09-02T17:05:25.882+0530] {logging_mixin.py:190} INFO - [2025-09-02T17:05:25.882+0530] {dag.py:3239} INFO - Sync 1 DAGs
[2025-09-02T17:05:25.887+0530] {logging_mixin.py:190} INFO - [2025-09-02T17:05:25.886+0530] {dag.py:4180} INFO - Setting next_dagrun for example_trigger_controller_dag to 2021-01-01 00:00:00+00:00, run_after=2021-01-01 00:00:00+00:00
[2025-09-02T17:05:25.891+0530] {processor.py:208} INFO - Processing /Users/parthmac/Desktop/Projects/Flight Data Engineering/flight-env/lib/python3.12/site-packages/airflow/example_dags/example_trigger_controller_dag.py took 0.036 seconds
[2025-09-02T17:06:50.374+0530] {processor.py:186} INFO - Started process (PID=27669) to work on /Users/parthmac/Desktop/Projects/Flight Data Engineering/flight-env/lib/python3.12/site-packages/airflow/example_dags/example_trigger_controller_dag.py
[2025-09-02T17:06:50.375+0530] {processor.py:914} INFO - Processing file /Users/parthmac/Desktop/Projects/Flight Data Engineering/flight-env/lib/python3.12/site-packages/airflow/example_dags/example_trigger_controller_dag.py for tasks to queue
[2025-09-02T17:06:50.375+0530] {logging_mixin.py:190} INFO - [2025-09-02T17:06:50.375+0530] {dagbag.py:588} INFO - Filling up the DagBag from /Users/parthmac/Desktop/Projects/Flight Data Engineering/flight-env/lib/python3.12/site-packages/airflow/example_dags/example_trigger_controller_dag.py
[2025-09-02T17:06:50.378+0530] {processor.py:925} INFO - DAG(s) 'example_trigger_controller_dag' retrieved from /Users/parthmac/Desktop/Projects/Flight Data Engineering/flight-env/lib/python3.12/site-packages/airflow/example_dags/example_trigger_controller_dag.py
[2025-09-02T17:06:50.402+0530] {logging_mixin.py:190} INFO - [2025-09-02T17:06:50.401+0530] {dag.py:3239} INFO - Sync 1 DAGs
[2025-09-02T17:06:50.406+0530] {logging_mixin.py:190} INFO - [2025-09-02T17:06:50.406+0530] {dag.py:4180} INFO - Setting next_dagrun for example_trigger_controller_dag to 2021-01-01 00:00:00+00:00, run_after=2021-01-01 00:00:00+00:00
[2025-09-02T17:06:50.411+0530] {processor.py:208} INFO - Processing /Users/parthmac/Desktop/Projects/Flight Data Engineering/flight-env/lib/python3.12/site-packages/airflow/example_dags/example_trigger_controller_dag.py took 0.037 seconds
[2025-09-02T17:07:43.614+0530] {processor.py:186} INFO - Started process (PID=27745) to work on /Users/parthmac/Desktop/Projects/Flight Data Engineering/flight-env/lib/python3.12/site-packages/airflow/example_dags/example_trigger_controller_dag.py
[2025-09-02T17:07:43.615+0530] {processor.py:914} INFO - Processing file /Users/parthmac/Desktop/Projects/Flight Data Engineering/flight-env/lib/python3.12/site-packages/airflow/example_dags/example_trigger_controller_dag.py for tasks to queue
[2025-09-02T17:07:43.615+0530] {logging_mixin.py:190} INFO - [2025-09-02T17:07:43.615+0530] {dagbag.py:588} INFO - Filling up the DagBag from /Users/parthmac/Desktop/Projects/Flight Data Engineering/flight-env/lib/python3.12/site-packages/airflow/example_dags/example_trigger_controller_dag.py
[2025-09-02T17:07:43.618+0530] {processor.py:925} INFO - DAG(s) 'example_trigger_controller_dag' retrieved from /Users/parthmac/Desktop/Projects/Flight Data Engineering/flight-env/lib/python3.12/site-packages/airflow/example_dags/example_trigger_controller_dag.py
[2025-09-02T17:07:43.641+0530] {logging_mixin.py:190} INFO - [2025-09-02T17:07:43.641+0530] {dag.py:3239} INFO - Sync 1 DAGs
[2025-09-02T17:07:43.646+0530] {logging_mixin.py:190} INFO - [2025-09-02T17:07:43.645+0530] {dag.py:4180} INFO - Setting next_dagrun for example_trigger_controller_dag to 2021-01-01 00:00:00+00:00, run_after=2021-01-01 00:00:00+00:00
[2025-09-02T17:07:43.650+0530] {processor.py:208} INFO - Processing /Users/parthmac/Desktop/Projects/Flight Data Engineering/flight-env/lib/python3.12/site-packages/airflow/example_dags/example_trigger_controller_dag.py took 0.037 seconds
[2025-09-02T17:42:22.694+0530] {processor.py:186} INFO - Started process (PID=31600) to work on /Users/parthmac/Desktop/Projects/Flight Data Engineering/flight-env/lib/python3.12/site-packages/airflow/example_dags/example_trigger_controller_dag.py
[2025-09-02T17:42:22.694+0530] {processor.py:914} INFO - Processing file /Users/parthmac/Desktop/Projects/Flight Data Engineering/flight-env/lib/python3.12/site-packages/airflow/example_dags/example_trigger_controller_dag.py for tasks to queue
[2025-09-02T17:42:22.695+0530] {logging_mixin.py:190} INFO - [2025-09-02T17:42:22.695+0530] {dagbag.py:588} INFO - Filling up the DagBag from /Users/parthmac/Desktop/Projects/Flight Data Engineering/flight-env/lib/python3.12/site-packages/airflow/example_dags/example_trigger_controller_dag.py
[2025-09-02T17:42:22.697+0530] {processor.py:925} INFO - DAG(s) 'example_trigger_controller_dag' retrieved from /Users/parthmac/Desktop/Projects/Flight Data Engineering/flight-env/lib/python3.12/site-packages/airflow/example_dags/example_trigger_controller_dag.py
[2025-09-02T17:42:22.719+0530] {logging_mixin.py:190} INFO - [2025-09-02T17:42:22.719+0530] {dag.py:3239} INFO - Sync 1 DAGs
[2025-09-02T17:42:22.723+0530] {logging_mixin.py:190} INFO - [2025-09-02T17:42:22.723+0530] {dag.py:4180} INFO - Setting next_dagrun for example_trigger_controller_dag to 2021-01-01 00:00:00+00:00, run_after=2021-01-01 00:00:00+00:00
[2025-09-02T17:42:22.729+0530] {processor.py:208} INFO - Processing /Users/parthmac/Desktop/Projects/Flight Data Engineering/flight-env/lib/python3.12/site-packages/airflow/example_dags/example_trigger_controller_dag.py took 0.036 seconds
[2025-09-02T17:43:47.652+0530] {processor.py:186} INFO - Started process (PID=31740) to work on /Users/parthmac/Desktop/Projects/Flight Data Engineering/flight-env/lib/python3.12/site-packages/airflow/example_dags/example_trigger_controller_dag.py
[2025-09-02T17:43:47.652+0530] {processor.py:914} INFO - Processing file /Users/parthmac/Desktop/Projects/Flight Data Engineering/flight-env/lib/python3.12/site-packages/airflow/example_dags/example_trigger_controller_dag.py for tasks to queue
[2025-09-02T17:43:47.653+0530] {logging_mixin.py:190} INFO - [2025-09-02T17:43:47.653+0530] {dagbag.py:588} INFO - Filling up the DagBag from /Users/parthmac/Desktop/Projects/Flight Data Engineering/flight-env/lib/python3.12/site-packages/airflow/example_dags/example_trigger_controller_dag.py
[2025-09-02T17:43:47.656+0530] {processor.py:925} INFO - DAG(s) 'example_trigger_controller_dag' retrieved from /Users/parthmac/Desktop/Projects/Flight Data Engineering/flight-env/lib/python3.12/site-packages/airflow/example_dags/example_trigger_controller_dag.py
[2025-09-02T17:43:47.678+0530] {logging_mixin.py:190} INFO - [2025-09-02T17:43:47.678+0530] {dag.py:3239} INFO - Sync 1 DAGs
[2025-09-02T17:43:47.682+0530] {logging_mixin.py:190} INFO - [2025-09-02T17:43:47.682+0530] {dag.py:4180} INFO - Setting next_dagrun for example_trigger_controller_dag to 2021-01-01 00:00:00+00:00, run_after=2021-01-01 00:00:00+00:00
[2025-09-02T17:43:47.687+0530] {processor.py:208} INFO - Processing /Users/parthmac/Desktop/Projects/Flight Data Engineering/flight-env/lib/python3.12/site-packages/airflow/example_dags/example_trigger_controller_dag.py took 0.036 seconds
[2025-09-02T17:46:48.220+0530] {processor.py:186} INFO - Started process (PID=32578) to work on /Users/parthmac/Desktop/Projects/Flight Data Engineering/flight-env/lib/python3.12/site-packages/airflow/example_dags/example_trigger_controller_dag.py
[2025-09-02T17:46:48.221+0530] {processor.py:914} INFO - Processing file /Users/parthmac/Desktop/Projects/Flight Data Engineering/flight-env/lib/python3.12/site-packages/airflow/example_dags/example_trigger_controller_dag.py for tasks to queue
[2025-09-02T17:46:48.221+0530] {logging_mixin.py:190} INFO - [2025-09-02T17:46:48.221+0530] {dagbag.py:588} INFO - Filling up the DagBag from /Users/parthmac/Desktop/Projects/Flight Data Engineering/flight-env/lib/python3.12/site-packages/airflow/example_dags/example_trigger_controller_dag.py
[2025-09-02T17:46:48.224+0530] {processor.py:925} INFO - DAG(s) 'example_trigger_controller_dag' retrieved from /Users/parthmac/Desktop/Projects/Flight Data Engineering/flight-env/lib/python3.12/site-packages/airflow/example_dags/example_trigger_controller_dag.py
[2025-09-02T17:46:48.247+0530] {logging_mixin.py:190} INFO - [2025-09-02T17:46:48.247+0530] {dag.py:3239} INFO - Sync 1 DAGs
[2025-09-02T17:46:48.251+0530] {logging_mixin.py:190} INFO - [2025-09-02T17:46:48.251+0530] {dag.py:4180} INFO - Setting next_dagrun for example_trigger_controller_dag to 2021-01-01 00:00:00+00:00, run_after=2021-01-01 00:00:00+00:00
[2025-09-02T17:46:48.257+0530] {processor.py:208} INFO - Processing /Users/parthmac/Desktop/Projects/Flight Data Engineering/flight-env/lib/python3.12/site-packages/airflow/example_dags/example_trigger_controller_dag.py took 0.037 seconds
[2025-09-02T17:48:12.470+0530] {processor.py:186} INFO - Started process (PID=32689) to work on /Users/parthmac/Desktop/Projects/Flight Data Engineering/flight-env/lib/python3.12/site-packages/airflow/example_dags/example_trigger_controller_dag.py
[2025-09-02T17:48:12.470+0530] {processor.py:914} INFO - Processing file /Users/parthmac/Desktop/Projects/Flight Data Engineering/flight-env/lib/python3.12/site-packages/airflow/example_dags/example_trigger_controller_dag.py for tasks to queue
[2025-09-02T17:48:12.471+0530] {logging_mixin.py:190} INFO - [2025-09-02T17:48:12.470+0530] {dagbag.py:588} INFO - Filling up the DagBag from /Users/parthmac/Desktop/Projects/Flight Data Engineering/flight-env/lib/python3.12/site-packages/airflow/example_dags/example_trigger_controller_dag.py
[2025-09-02T17:48:12.473+0530] {processor.py:925} INFO - DAG(s) 'example_trigger_controller_dag' retrieved from /Users/parthmac/Desktop/Projects/Flight Data Engineering/flight-env/lib/python3.12/site-packages/airflow/example_dags/example_trigger_controller_dag.py
[2025-09-02T17:48:12.497+0530] {logging_mixin.py:190} INFO - [2025-09-02T17:48:12.496+0530] {dag.py:3239} INFO - Sync 1 DAGs
[2025-09-02T17:48:12.501+0530] {logging_mixin.py:190} INFO - [2025-09-02T17:48:12.501+0530] {dag.py:4180} INFO - Setting next_dagrun for example_trigger_controller_dag to 2021-01-01 00:00:00+00:00, run_after=2021-01-01 00:00:00+00:00
[2025-09-02T17:48:12.506+0530] {processor.py:208} INFO - Processing /Users/parthmac/Desktop/Projects/Flight Data Engineering/flight-env/lib/python3.12/site-packages/airflow/example_dags/example_trigger_controller_dag.py took 0.037 seconds
[2025-09-02T17:49:06.202+0530] {processor.py:186} INFO - Started process (PID=32749) to work on /Users/parthmac/Desktop/Projects/Flight Data Engineering/flight-env/lib/python3.12/site-packages/airflow/example_dags/example_trigger_controller_dag.py
[2025-09-02T17:49:06.203+0530] {processor.py:914} INFO - Processing file /Users/parthmac/Desktop/Projects/Flight Data Engineering/flight-env/lib/python3.12/site-packages/airflow/example_dags/example_trigger_controller_dag.py for tasks to queue
[2025-09-02T17:49:06.203+0530] {logging_mixin.py:190} INFO - [2025-09-02T17:49:06.203+0530] {dagbag.py:588} INFO - Filling up the DagBag from /Users/parthmac/Desktop/Projects/Flight Data Engineering/flight-env/lib/python3.12/site-packages/airflow/example_dags/example_trigger_controller_dag.py
[2025-09-02T17:49:06.206+0530] {processor.py:925} INFO - DAG(s) 'example_trigger_controller_dag' retrieved from /Users/parthmac/Desktop/Projects/Flight Data Engineering/flight-env/lib/python3.12/site-packages/airflow/example_dags/example_trigger_controller_dag.py
[2025-09-02T17:49:06.230+0530] {logging_mixin.py:190} INFO - [2025-09-02T17:49:06.230+0530] {dag.py:3239} INFO - Sync 1 DAGs
[2025-09-02T17:49:06.235+0530] {logging_mixin.py:190} INFO - [2025-09-02T17:49:06.235+0530] {dag.py:4180} INFO - Setting next_dagrun for example_trigger_controller_dag to 2021-01-01 00:00:00+00:00, run_after=2021-01-01 00:00:00+00:00
[2025-09-02T17:49:06.240+0530] {processor.py:208} INFO - Processing /Users/parthmac/Desktop/Projects/Flight Data Engineering/flight-env/lib/python3.12/site-packages/airflow/example_dags/example_trigger_controller_dag.py took 0.039 seconds
[2025-09-02T17:50:01.043+0530] {processor.py:186} INFO - Started process (PID=33024) to work on /Users/parthmac/Desktop/Projects/Flight Data Engineering/flight-env/lib/python3.12/site-packages/airflow/example_dags/example_trigger_controller_dag.py
[2025-09-02T17:50:01.043+0530] {processor.py:914} INFO - Processing file /Users/parthmac/Desktop/Projects/Flight Data Engineering/flight-env/lib/python3.12/site-packages/airflow/example_dags/example_trigger_controller_dag.py for tasks to queue
[2025-09-02T17:50:01.043+0530] {logging_mixin.py:190} INFO - [2025-09-02T17:50:01.043+0530] {dagbag.py:588} INFO - Filling up the DagBag from /Users/parthmac/Desktop/Projects/Flight Data Engineering/flight-env/lib/python3.12/site-packages/airflow/example_dags/example_trigger_controller_dag.py
[2025-09-02T17:50:01.046+0530] {processor.py:925} INFO - DAG(s) 'example_trigger_controller_dag' retrieved from /Users/parthmac/Desktop/Projects/Flight Data Engineering/flight-env/lib/python3.12/site-packages/airflow/example_dags/example_trigger_controller_dag.py
[2025-09-02T17:50:01.070+0530] {logging_mixin.py:190} INFO - [2025-09-02T17:50:01.070+0530] {dag.py:3239} INFO - Sync 1 DAGs
[2025-09-02T17:50:01.075+0530] {logging_mixin.py:190} INFO - [2025-09-02T17:50:01.074+0530] {dag.py:4180} INFO - Setting next_dagrun for example_trigger_controller_dag to 2021-01-01 00:00:00+00:00, run_after=2021-01-01 00:00:00+00:00
[2025-09-02T17:50:01.081+0530] {processor.py:208} INFO - Processing /Users/parthmac/Desktop/Projects/Flight Data Engineering/flight-env/lib/python3.12/site-packages/airflow/example_dags/example_trigger_controller_dag.py took 0.039 seconds
[2025-09-02T17:54:27.489+0530] {processor.py:186} INFO - Started process (PID=34766) to work on /Users/parthmac/Desktop/Projects/Flight Data Engineering/flight-env/lib/python3.12/site-packages/airflow/example_dags/example_trigger_controller_dag.py
[2025-09-02T17:54:27.490+0530] {processor.py:914} INFO - Processing file /Users/parthmac/Desktop/Projects/Flight Data Engineering/flight-env/lib/python3.12/site-packages/airflow/example_dags/example_trigger_controller_dag.py for tasks to queue
[2025-09-02T17:54:27.490+0530] {logging_mixin.py:190} INFO - [2025-09-02T17:54:27.490+0530] {dagbag.py:588} INFO - Filling up the DagBag from /Users/parthmac/Desktop/Projects/Flight Data Engineering/flight-env/lib/python3.12/site-packages/airflow/example_dags/example_trigger_controller_dag.py
[2025-09-02T17:54:27.493+0530] {processor.py:925} INFO - DAG(s) 'example_trigger_controller_dag' retrieved from /Users/parthmac/Desktop/Projects/Flight Data Engineering/flight-env/lib/python3.12/site-packages/airflow/example_dags/example_trigger_controller_dag.py
[2025-09-02T17:54:27.517+0530] {logging_mixin.py:190} INFO - [2025-09-02T17:54:27.517+0530] {dag.py:3239} INFO - Sync 1 DAGs
[2025-09-02T17:54:27.521+0530] {logging_mixin.py:190} INFO - [2025-09-02T17:54:27.521+0530] {dag.py:4180} INFO - Setting next_dagrun for example_trigger_controller_dag to 2021-01-01 00:00:00+00:00, run_after=2021-01-01 00:00:00+00:00
[2025-09-02T17:54:27.526+0530] {processor.py:208} INFO - Processing /Users/parthmac/Desktop/Projects/Flight Data Engineering/flight-env/lib/python3.12/site-packages/airflow/example_dags/example_trigger_controller_dag.py took 0.038 seconds
