[2025-09-02T16:57:36.565+0530] {processor.py:186} INFO - Started process (PID=26341) to work on /Users/parthmac/Desktop/Projects/Flight Data Engineering/flight-env/lib/python3.12/site-packages/airflow/example_dags/example_task_group.py
[2025-09-02T16:57:36.566+0530] {processor.py:914} INFO - Processing file /Users/parthmac/Desktop/Projects/Flight Data Engineering/flight-env/lib/python3.12/site-packages/airflow/example_dags/example_task_group.py for tasks to queue
[2025-09-02T16:57:36.566+0530] {logging_mixin.py:190} INFO - [2025-09-02T16:57:36.566+0530] {dagbag.py:588} INFO - Filling up the DagBag from /Users/parthmac/Desktop/Projects/Flight Data Engineering/flight-env/lib/python3.12/site-packages/airflow/example_dags/example_task_group.py
[2025-09-02T16:57:36.568+0530] {processor.py:925} INFO - DAG(s) 'example_task_group' retrieved from /Users/parthmac/Desktop/Projects/Flight Data Engineering/flight-env/lib/python3.12/site-packages/airflow/example_dags/example_task_group.py
[2025-09-02T16:57:36.616+0530] {logging_mixin.py:190} INFO - [2025-09-02T16:57:36.616+0530] {override.py:1900} INFO - Created Permission View: can delete on DAG:example_task_group
[2025-09-02T16:57:36.618+0530] {logging_mixin.py:190} INFO - [2025-09-02T16:57:36.618+0530] {override.py:1900} INFO - Created Permission View: can read on DAG:example_task_group
[2025-09-02T16:57:36.619+0530] {logging_mixin.py:190} INFO - [2025-09-02T16:57:36.619+0530] {override.py:1900} INFO - Created Permission View: can edit on DAG:example_task_group
[2025-09-02T16:57:36.621+0530] {logging_mixin.py:190} INFO - [2025-09-02T16:57:36.621+0530] {override.py:1900} INFO - Created Permission View: menu access on DAG Run:example_task_group
[2025-09-02T16:57:36.622+0530] {logging_mixin.py:190} INFO - [2025-09-02T16:57:36.622+0530] {override.py:1900} INFO - Created Permission View: can create on DAG Run:example_task_group
[2025-09-02T16:57:36.624+0530] {logging_mixin.py:190} INFO - [2025-09-02T16:57:36.624+0530] {override.py:1900} INFO - Created Permission View: can read on DAG Run:example_task_group
[2025-09-02T16:57:36.625+0530] {logging_mixin.py:190} INFO - [2025-09-02T16:57:36.625+0530] {override.py:1900} INFO - Created Permission View: can delete on DAG Run:example_task_group
[2025-09-02T16:57:36.625+0530] {logging_mixin.py:190} INFO - [2025-09-02T16:57:36.625+0530] {dag.py:3239} INFO - Sync 1 DAGs
[2025-09-02T16:57:36.646+0530] {logging_mixin.py:190} INFO - [2025-09-02T16:57:36.646+0530] {dag.py:3262} INFO - Creating ORM DAG for example_task_group
[2025-09-02T16:57:36.646+0530] {logging_mixin.py:190} INFO - [2025-09-02T16:57:36.646+0530] {dag.py:4180} INFO - Setting next_dagrun for example_task_group to None, run_after=None
[2025-09-02T16:57:36.651+0530] {processor.py:208} INFO - Processing /Users/parthmac/Desktop/Projects/Flight Data Engineering/flight-env/lib/python3.12/site-packages/airflow/example_dags/example_task_group.py took 0.087 seconds
[2025-09-02T16:59:07.600+0530] {processor.py:186} INFO - Started process (PID=26412) to work on /Users/parthmac/Desktop/Projects/Flight Data Engineering/flight-env/lib/python3.12/site-packages/airflow/example_dags/example_task_group.py
[2025-09-02T16:59:07.602+0530] {processor.py:914} INFO - Processing file /Users/parthmac/Desktop/Projects/Flight Data Engineering/flight-env/lib/python3.12/site-packages/airflow/example_dags/example_task_group.py for tasks to queue
[2025-09-02T16:59:07.602+0530] {logging_mixin.py:190} INFO - [2025-09-02T16:59:07.602+0530] {dagbag.py:588} INFO - Filling up the DagBag from /Users/parthmac/Desktop/Projects/Flight Data Engineering/flight-env/lib/python3.12/site-packages/airflow/example_dags/example_task_group.py
[2025-09-02T16:59:07.605+0530] {processor.py:925} INFO - DAG(s) 'example_task_group' retrieved from /Users/parthmac/Desktop/Projects/Flight Data Engineering/flight-env/lib/python3.12/site-packages/airflow/example_dags/example_task_group.py
[2025-09-02T16:59:07.631+0530] {logging_mixin.py:190} INFO - [2025-09-02T16:59:07.631+0530] {dag.py:3239} INFO - Sync 1 DAGs
[2025-09-02T16:59:07.634+0530] {logging_mixin.py:190} INFO - [2025-09-02T16:59:07.634+0530] {dag.py:4180} INFO - Setting next_dagrun for example_task_group to None, run_after=None
[2025-09-02T16:59:07.639+0530] {processor.py:208} INFO - Processing /Users/parthmac/Desktop/Projects/Flight Data Engineering/flight-env/lib/python3.12/site-packages/airflow/example_dags/example_task_group.py took 0.039 seconds
[2025-09-02T17:05:30.899+0530] {processor.py:186} INFO - Started process (PID=27590) to work on /Users/parthmac/Desktop/Projects/Flight Data Engineering/flight-env/lib/python3.12/site-packages/airflow/example_dags/example_task_group.py
[2025-09-02T17:05:30.900+0530] {processor.py:914} INFO - Processing file /Users/parthmac/Desktop/Projects/Flight Data Engineering/flight-env/lib/python3.12/site-packages/airflow/example_dags/example_task_group.py for tasks to queue
[2025-09-02T17:05:30.900+0530] {logging_mixin.py:190} INFO - [2025-09-02T17:05:30.900+0530] {dagbag.py:588} INFO - Filling up the DagBag from /Users/parthmac/Desktop/Projects/Flight Data Engineering/flight-env/lib/python3.12/site-packages/airflow/example_dags/example_task_group.py
[2025-09-02T17:05:30.903+0530] {processor.py:925} INFO - DAG(s) 'example_task_group' retrieved from /Users/parthmac/Desktop/Projects/Flight Data Engineering/flight-env/lib/python3.12/site-packages/airflow/example_dags/example_task_group.py
[2025-09-02T17:05:30.927+0530] {logging_mixin.py:190} INFO - [2025-09-02T17:05:30.927+0530] {dag.py:3239} INFO - Sync 1 DAGs
[2025-09-02T17:05:30.930+0530] {logging_mixin.py:190} INFO - [2025-09-02T17:05:30.930+0530] {dag.py:4180} INFO - Setting next_dagrun for example_task_group to None, run_after=None
[2025-09-02T17:05:30.934+0530] {processor.py:208} INFO - Processing /Users/parthmac/Desktop/Projects/Flight Data Engineering/flight-env/lib/python3.12/site-packages/airflow/example_dags/example_task_group.py took 0.036 seconds
[2025-09-02T17:06:55.446+0530] {processor.py:186} INFO - Started process (PID=27674) to work on /Users/parthmac/Desktop/Projects/Flight Data Engineering/flight-env/lib/python3.12/site-packages/airflow/example_dags/example_task_group.py
[2025-09-02T17:06:55.447+0530] {processor.py:914} INFO - Processing file /Users/parthmac/Desktop/Projects/Flight Data Engineering/flight-env/lib/python3.12/site-packages/airflow/example_dags/example_task_group.py for tasks to queue
[2025-09-02T17:06:55.447+0530] {logging_mixin.py:190} INFO - [2025-09-02T17:06:55.447+0530] {dagbag.py:588} INFO - Filling up the DagBag from /Users/parthmac/Desktop/Projects/Flight Data Engineering/flight-env/lib/python3.12/site-packages/airflow/example_dags/example_task_group.py
[2025-09-02T17:06:55.450+0530] {processor.py:925} INFO - DAG(s) 'example_task_group' retrieved from /Users/parthmac/Desktop/Projects/Flight Data Engineering/flight-env/lib/python3.12/site-packages/airflow/example_dags/example_task_group.py
[2025-09-02T17:06:55.475+0530] {logging_mixin.py:190} INFO - [2025-09-02T17:06:55.475+0530] {dag.py:3239} INFO - Sync 1 DAGs
[2025-09-02T17:06:55.477+0530] {logging_mixin.py:190} INFO - [2025-09-02T17:06:55.477+0530] {dag.py:4180} INFO - Setting next_dagrun for example_task_group to None, run_after=None
[2025-09-02T17:06:55.482+0530] {processor.py:208} INFO - Processing /Users/parthmac/Desktop/Projects/Flight Data Engineering/flight-env/lib/python3.12/site-packages/airflow/example_dags/example_task_group.py took 0.037 seconds
[2025-09-02T17:42:27.721+0530] {processor.py:186} INFO - Started process (PID=31603) to work on /Users/parthmac/Desktop/Projects/Flight Data Engineering/flight-env/lib/python3.12/site-packages/airflow/example_dags/example_task_group.py
[2025-09-02T17:42:27.722+0530] {processor.py:914} INFO - Processing file /Users/parthmac/Desktop/Projects/Flight Data Engineering/flight-env/lib/python3.12/site-packages/airflow/example_dags/example_task_group.py for tasks to queue
[2025-09-02T17:42:27.722+0530] {logging_mixin.py:190} INFO - [2025-09-02T17:42:27.722+0530] {dagbag.py:588} INFO - Filling up the DagBag from /Users/parthmac/Desktop/Projects/Flight Data Engineering/flight-env/lib/python3.12/site-packages/airflow/example_dags/example_task_group.py
[2025-09-02T17:42:27.725+0530] {processor.py:925} INFO - DAG(s) 'example_task_group' retrieved from /Users/parthmac/Desktop/Projects/Flight Data Engineering/flight-env/lib/python3.12/site-packages/airflow/example_dags/example_task_group.py
[2025-09-02T17:42:27.750+0530] {logging_mixin.py:190} INFO - [2025-09-02T17:42:27.750+0530] {dag.py:3239} INFO - Sync 1 DAGs
[2025-09-02T17:42:27.753+0530] {logging_mixin.py:190} INFO - [2025-09-02T17:42:27.753+0530] {dag.py:4180} INFO - Setting next_dagrun for example_task_group to None, run_after=None
[2025-09-02T17:42:27.758+0530] {processor.py:208} INFO - Processing /Users/parthmac/Desktop/Projects/Flight Data Engineering/flight-env/lib/python3.12/site-packages/airflow/example_dags/example_task_group.py took 0.038 seconds
[2025-09-02T17:43:52.701+0530] {processor.py:186} INFO - Started process (PID=31743) to work on /Users/parthmac/Desktop/Projects/Flight Data Engineering/flight-env/lib/python3.12/site-packages/airflow/example_dags/example_task_group.py
[2025-09-02T17:43:52.701+0530] {processor.py:914} INFO - Processing file /Users/parthmac/Desktop/Projects/Flight Data Engineering/flight-env/lib/python3.12/site-packages/airflow/example_dags/example_task_group.py for tasks to queue
[2025-09-02T17:43:52.702+0530] {logging_mixin.py:190} INFO - [2025-09-02T17:43:52.702+0530] {dagbag.py:588} INFO - Filling up the DagBag from /Users/parthmac/Desktop/Projects/Flight Data Engineering/flight-env/lib/python3.12/site-packages/airflow/example_dags/example_task_group.py
[2025-09-02T17:43:52.704+0530] {processor.py:925} INFO - DAG(s) 'example_task_group' retrieved from /Users/parthmac/Desktop/Projects/Flight Data Engineering/flight-env/lib/python3.12/site-packages/airflow/example_dags/example_task_group.py
[2025-09-02T17:43:52.729+0530] {logging_mixin.py:190} INFO - [2025-09-02T17:43:52.729+0530] {dag.py:3239} INFO - Sync 1 DAGs
[2025-09-02T17:43:52.731+0530] {logging_mixin.py:190} INFO - [2025-09-02T17:43:52.731+0530] {dag.py:4180} INFO - Setting next_dagrun for example_task_group to None, run_after=None
[2025-09-02T17:43:52.736+0530] {processor.py:208} INFO - Processing /Users/parthmac/Desktop/Projects/Flight Data Engineering/flight-env/lib/python3.12/site-packages/airflow/example_dags/example_task_group.py took 0.036 seconds
[2025-09-02T17:46:53.288+0530] {processor.py:186} INFO - Started process (PID=32581) to work on /Users/parthmac/Desktop/Projects/Flight Data Engineering/flight-env/lib/python3.12/site-packages/airflow/example_dags/example_task_group.py
[2025-09-02T17:46:53.289+0530] {processor.py:914} INFO - Processing file /Users/parthmac/Desktop/Projects/Flight Data Engineering/flight-env/lib/python3.12/site-packages/airflow/example_dags/example_task_group.py for tasks to queue
[2025-09-02T17:46:53.289+0530] {logging_mixin.py:190} INFO - [2025-09-02T17:46:53.289+0530] {dagbag.py:588} INFO - Filling up the DagBag from /Users/parthmac/Desktop/Projects/Flight Data Engineering/flight-env/lib/python3.12/site-packages/airflow/example_dags/example_task_group.py
[2025-09-02T17:46:53.291+0530] {processor.py:925} INFO - DAG(s) 'example_task_group' retrieved from /Users/parthmac/Desktop/Projects/Flight Data Engineering/flight-env/lib/python3.12/site-packages/airflow/example_dags/example_task_group.py
[2025-09-02T17:46:53.316+0530] {logging_mixin.py:190} INFO - [2025-09-02T17:46:53.316+0530] {dag.py:3239} INFO - Sync 1 DAGs
[2025-09-02T17:46:53.318+0530] {logging_mixin.py:190} INFO - [2025-09-02T17:46:53.318+0530] {dag.py:4180} INFO - Setting next_dagrun for example_task_group to None, run_after=None
[2025-09-02T17:46:53.323+0530] {processor.py:208} INFO - Processing /Users/parthmac/Desktop/Projects/Flight Data Engineering/flight-env/lib/python3.12/site-packages/airflow/example_dags/example_task_group.py took 0.036 seconds
[2025-09-02T17:48:17.337+0530] {processor.py:186} INFO - Started process (PID=32694) to work on /Users/parthmac/Desktop/Projects/Flight Data Engineering/flight-env/lib/python3.12/site-packages/airflow/example_dags/example_task_group.py
[2025-09-02T17:48:17.337+0530] {processor.py:914} INFO - Processing file /Users/parthmac/Desktop/Projects/Flight Data Engineering/flight-env/lib/python3.12/site-packages/airflow/example_dags/example_task_group.py for tasks to queue
[2025-09-02T17:48:17.337+0530] {logging_mixin.py:190} INFO - [2025-09-02T17:48:17.337+0530] {dagbag.py:588} INFO - Filling up the DagBag from /Users/parthmac/Desktop/Projects/Flight Data Engineering/flight-env/lib/python3.12/site-packages/airflow/example_dags/example_task_group.py
[2025-09-02T17:48:17.340+0530] {processor.py:925} INFO - DAG(s) 'example_task_group' retrieved from /Users/parthmac/Desktop/Projects/Flight Data Engineering/flight-env/lib/python3.12/site-packages/airflow/example_dags/example_task_group.py
[2025-09-02T17:48:17.365+0530] {logging_mixin.py:190} INFO - [2025-09-02T17:48:17.365+0530] {dag.py:3239} INFO - Sync 1 DAGs
[2025-09-02T17:48:17.368+0530] {logging_mixin.py:190} INFO - [2025-09-02T17:48:17.368+0530] {dag.py:4180} INFO - Setting next_dagrun for example_task_group to None, run_after=None
[2025-09-02T17:48:17.374+0530] {processor.py:208} INFO - Processing /Users/parthmac/Desktop/Projects/Flight Data Engineering/flight-env/lib/python3.12/site-packages/airflow/example_dags/example_task_group.py took 0.038 seconds
[2025-09-02T17:50:05.805+0530] {processor.py:186} INFO - Started process (PID=33136) to work on /Users/parthmac/Desktop/Projects/Flight Data Engineering/flight-env/lib/python3.12/site-packages/airflow/example_dags/example_task_group.py
[2025-09-02T17:50:05.806+0530] {processor.py:914} INFO - Processing file /Users/parthmac/Desktop/Projects/Flight Data Engineering/flight-env/lib/python3.12/site-packages/airflow/example_dags/example_task_group.py for tasks to queue
[2025-09-02T17:50:05.806+0530] {logging_mixin.py:190} INFO - [2025-09-02T17:50:05.806+0530] {dagbag.py:588} INFO - Filling up the DagBag from /Users/parthmac/Desktop/Projects/Flight Data Engineering/flight-env/lib/python3.12/site-packages/airflow/example_dags/example_task_group.py
[2025-09-02T17:50:05.808+0530] {processor.py:925} INFO - DAG(s) 'example_task_group' retrieved from /Users/parthmac/Desktop/Projects/Flight Data Engineering/flight-env/lib/python3.12/site-packages/airflow/example_dags/example_task_group.py
[2025-09-02T17:50:05.833+0530] {logging_mixin.py:190} INFO - [2025-09-02T17:50:05.833+0530] {dag.py:3239} INFO - Sync 1 DAGs
[2025-09-02T17:50:05.836+0530] {logging_mixin.py:190} INFO - [2025-09-02T17:50:05.836+0530] {dag.py:4180} INFO - Setting next_dagrun for example_task_group to None, run_after=None
[2025-09-02T17:50:05.841+0530] {processor.py:208} INFO - Processing /Users/parthmac/Desktop/Projects/Flight Data Engineering/flight-env/lib/python3.12/site-packages/airflow/example_dags/example_task_group.py took 0.037 seconds
[2025-09-02T17:54:32.650+0530] {processor.py:186} INFO - Started process (PID=34770) to work on /Users/parthmac/Desktop/Projects/Flight Data Engineering/flight-env/lib/python3.12/site-packages/airflow/example_dags/example_task_group.py
[2025-09-02T17:54:32.651+0530] {processor.py:914} INFO - Processing file /Users/parthmac/Desktop/Projects/Flight Data Engineering/flight-env/lib/python3.12/site-packages/airflow/example_dags/example_task_group.py for tasks to queue
[2025-09-02T17:54:32.651+0530] {logging_mixin.py:190} INFO - [2025-09-02T17:54:32.651+0530] {dagbag.py:588} INFO - Filling up the DagBag from /Users/parthmac/Desktop/Projects/Flight Data Engineering/flight-env/lib/python3.12/site-packages/airflow/example_dags/example_task_group.py
[2025-09-02T17:54:32.654+0530] {processor.py:925} INFO - DAG(s) 'example_task_group' retrieved from /Users/parthmac/Desktop/Projects/Flight Data Engineering/flight-env/lib/python3.12/site-packages/airflow/example_dags/example_task_group.py
[2025-09-02T17:54:32.680+0530] {logging_mixin.py:190} INFO - [2025-09-02T17:54:32.680+0530] {dag.py:3239} INFO - Sync 1 DAGs
[2025-09-02T17:54:32.683+0530] {logging_mixin.py:190} INFO - [2025-09-02T17:54:32.683+0530] {dag.py:4180} INFO - Setting next_dagrun for example_task_group to None, run_after=None
[2025-09-02T17:54:32.688+0530] {processor.py:208} INFO - Processing /Users/parthmac/Desktop/Projects/Flight Data Engineering/flight-env/lib/python3.12/site-packages/airflow/example_dags/example_task_group.py took 0.039 seconds
