[2025-09-02T16:58:21.772+0530] {processor.py:186} INFO - Started process (PID=26373) to work on /Users/parthmac/Desktop/Projects/Flight Data Engineering/flight-env/lib/python3.12/site-packages/airflow/example_dags/example_datasets.py
[2025-09-02T16:58:21.772+0530] {processor.py:914} INFO - Processing file /Users/parthmac/Desktop/Projects/Flight Data Engineering/flight-env/lib/python3.12/site-packages/airflow/example_dags/example_datasets.py for tasks to queue
[2025-09-02T16:58:21.772+0530] {logging_mixin.py:190} INFO - [2025-09-02T16:58:21.772+0530] {dagbag.py:588} INFO - Filling up the DagBag from /Users/parthmac/Desktop/Projects/Flight Data Engineering/flight-env/lib/python3.12/site-packages/airflow/example_dags/example_datasets.py
[2025-09-02T16:58:21.785+0530] {processor.py:925} INFO - DAG(s) 'conditional_dataset_and_time_based_timetable', 'consume_1_and_2_with_dataset_expressions', 'dataset_consumes_1_never_scheduled', 'dataset_consumes_1', 'consume_1_or_2_with_dataset_expressions', 'dataset_produces_2', 'dataset_consumes_unknown_never_scheduled', 'dataset_produces_1', 'dataset_consumes_1_and_2', 'consume_1_or_both_2_and_3_with_dataset_expressions' retrieved from /Users/parthmac/Desktop/Projects/Flight Data Engineering/flight-env/lib/python3.12/site-packages/airflow/example_dags/example_datasets.py
[2025-09-02T16:58:21.832+0530] {logging_mixin.py:190} INFO - [2025-09-02T16:58:21.832+0530] {override.py:1900} INFO - Created Permission View: can read on DAG:conditional_dataset_and_time_based_timetable
[2025-09-02T16:58:21.854+0530] {logging_mixin.py:190} INFO - [2025-09-02T16:58:21.854+0530] {override.py:1900} INFO - Created Permission View: can delete on DAG:conditional_dataset_and_time_based_timetable
[2025-09-02T16:58:21.856+0530] {logging_mixin.py:190} INFO - [2025-09-02T16:58:21.856+0530] {override.py:1900} INFO - Created Permission View: can edit on DAG:conditional_dataset_and_time_based_timetable
[2025-09-02T16:58:21.858+0530] {logging_mixin.py:190} INFO - [2025-09-02T16:58:21.858+0530] {override.py:1900} INFO - Created Permission View: can delete on DAG Run:conditional_dataset_and_time_based_timetable
[2025-09-02T16:58:21.859+0530] {logging_mixin.py:190} INFO - [2025-09-02T16:58:21.859+0530] {override.py:1900} INFO - Created Permission View: can read on DAG Run:conditional_dataset_and_time_based_timetable
[2025-09-02T16:58:21.860+0530] {logging_mixin.py:190} INFO - [2025-09-02T16:58:21.860+0530] {override.py:1900} INFO - Created Permission View: can create on DAG Run:conditional_dataset_and_time_based_timetable
[2025-09-02T16:58:21.862+0530] {logging_mixin.py:190} INFO - [2025-09-02T16:58:21.861+0530] {override.py:1900} INFO - Created Permission View: menu access on DAG Run:conditional_dataset_and_time_based_timetable
[2025-09-02T16:58:21.865+0530] {logging_mixin.py:190} INFO - [2025-09-02T16:58:21.865+0530] {override.py:1900} INFO - Created Permission View: can read on DAG:consume_1_and_2_with_dataset_expressions
[2025-09-02T16:58:21.866+0530] {logging_mixin.py:190} INFO - [2025-09-02T16:58:21.866+0530] {override.py:1900} INFO - Created Permission View: can delete on DAG:consume_1_and_2_with_dataset_expressions
[2025-09-02T16:58:21.867+0530] {logging_mixin.py:190} INFO - [2025-09-02T16:58:21.867+0530] {override.py:1900} INFO - Created Permission View: can edit on DAG:consume_1_and_2_with_dataset_expressions
[2025-09-02T16:58:21.869+0530] {logging_mixin.py:190} INFO - [2025-09-02T16:58:21.869+0530] {override.py:1900} INFO - Created Permission View: can delete on DAG Run:consume_1_and_2_with_dataset_expressions
[2025-09-02T16:58:21.870+0530] {logging_mixin.py:190} INFO - [2025-09-02T16:58:21.870+0530] {override.py:1900} INFO - Created Permission View: can read on DAG Run:consume_1_and_2_with_dataset_expressions
[2025-09-02T16:58:21.871+0530] {logging_mixin.py:190} INFO - [2025-09-02T16:58:21.871+0530] {override.py:1900} INFO - Created Permission View: can create on DAG Run:consume_1_and_2_with_dataset_expressions
[2025-09-02T16:58:21.873+0530] {logging_mixin.py:190} INFO - [2025-09-02T16:58:21.873+0530] {override.py:1900} INFO - Created Permission View: menu access on DAG Run:consume_1_and_2_with_dataset_expressions
[2025-09-02T16:58:21.875+0530] {logging_mixin.py:190} INFO - [2025-09-02T16:58:21.875+0530] {override.py:1900} INFO - Created Permission View: can read on DAG:dataset_consumes_1_never_scheduled
[2025-09-02T16:58:21.877+0530] {logging_mixin.py:190} INFO - [2025-09-02T16:58:21.877+0530] {override.py:1900} INFO - Created Permission View: can delete on DAG:dataset_consumes_1_never_scheduled
[2025-09-02T16:58:21.878+0530] {logging_mixin.py:190} INFO - [2025-09-02T16:58:21.878+0530] {override.py:1900} INFO - Created Permission View: can edit on DAG:dataset_consumes_1_never_scheduled
[2025-09-02T16:58:21.879+0530] {logging_mixin.py:190} INFO - [2025-09-02T16:58:21.879+0530] {override.py:1900} INFO - Created Permission View: can delete on DAG Run:dataset_consumes_1_never_scheduled
[2025-09-02T16:58:21.881+0530] {logging_mixin.py:190} INFO - [2025-09-02T16:58:21.881+0530] {override.py:1900} INFO - Created Permission View: can read on DAG Run:dataset_consumes_1_never_scheduled
[2025-09-02T16:58:21.882+0530] {logging_mixin.py:190} INFO - [2025-09-02T16:58:21.882+0530] {override.py:1900} INFO - Created Permission View: can create on DAG Run:dataset_consumes_1_never_scheduled
[2025-09-02T16:58:21.883+0530] {logging_mixin.py:190} INFO - [2025-09-02T16:58:21.883+0530] {override.py:1900} INFO - Created Permission View: menu access on DAG Run:dataset_consumes_1_never_scheduled
[2025-09-02T16:58:21.886+0530] {logging_mixin.py:190} INFO - [2025-09-02T16:58:21.886+0530] {override.py:1900} INFO - Created Permission View: can read on DAG:dataset_consumes_1
[2025-09-02T16:58:21.887+0530] {logging_mixin.py:190} INFO - [2025-09-02T16:58:21.887+0530] {override.py:1900} INFO - Created Permission View: can delete on DAG:dataset_consumes_1
[2025-09-02T16:58:21.888+0530] {logging_mixin.py:190} INFO - [2025-09-02T16:58:21.888+0530] {override.py:1900} INFO - Created Permission View: can edit on DAG:dataset_consumes_1
[2025-09-02T16:58:21.890+0530] {logging_mixin.py:190} INFO - [2025-09-02T16:58:21.890+0530] {override.py:1900} INFO - Created Permission View: can delete on DAG Run:dataset_consumes_1
[2025-09-02T16:58:21.891+0530] {logging_mixin.py:190} INFO - [2025-09-02T16:58:21.891+0530] {override.py:1900} INFO - Created Permission View: can read on DAG Run:dataset_consumes_1
[2025-09-02T16:58:21.892+0530] {logging_mixin.py:190} INFO - [2025-09-02T16:58:21.892+0530] {override.py:1900} INFO - Created Permission View: can create on DAG Run:dataset_consumes_1
[2025-09-02T16:58:21.893+0530] {logging_mixin.py:190} INFO - [2025-09-02T16:58:21.893+0530] {override.py:1900} INFO - Created Permission View: menu access on DAG Run:dataset_consumes_1
[2025-09-02T16:58:21.896+0530] {logging_mixin.py:190} INFO - [2025-09-02T16:58:21.896+0530] {override.py:1900} INFO - Created Permission View: can read on DAG:consume_1_or_2_with_dataset_expressions
[2025-09-02T16:58:21.897+0530] {logging_mixin.py:190} INFO - [2025-09-02T16:58:21.897+0530] {override.py:1900} INFO - Created Permission View: can delete on DAG:consume_1_or_2_with_dataset_expressions
[2025-09-02T16:58:21.898+0530] {logging_mixin.py:190} INFO - [2025-09-02T16:58:21.898+0530] {override.py:1900} INFO - Created Permission View: can edit on DAG:consume_1_or_2_with_dataset_expressions
[2025-09-02T16:58:21.900+0530] {logging_mixin.py:190} INFO - [2025-09-02T16:58:21.900+0530] {override.py:1900} INFO - Created Permission View: can delete on DAG Run:consume_1_or_2_with_dataset_expressions
[2025-09-02T16:58:21.901+0530] {logging_mixin.py:190} INFO - [2025-09-02T16:58:21.901+0530] {override.py:1900} INFO - Created Permission View: can read on DAG Run:consume_1_or_2_with_dataset_expressions
[2025-09-02T16:58:21.902+0530] {logging_mixin.py:190} INFO - [2025-09-02T16:58:21.902+0530] {override.py:1900} INFO - Created Permission View: can create on DAG Run:consume_1_or_2_with_dataset_expressions
[2025-09-02T16:58:21.903+0530] {logging_mixin.py:190} INFO - [2025-09-02T16:58:21.903+0530] {override.py:1900} INFO - Created Permission View: menu access on DAG Run:consume_1_or_2_with_dataset_expressions
[2025-09-02T16:58:21.906+0530] {logging_mixin.py:190} INFO - [2025-09-02T16:58:21.906+0530] {override.py:1900} INFO - Created Permission View: can read on DAG:dataset_produces_2
[2025-09-02T16:58:21.907+0530] {logging_mixin.py:190} INFO - [2025-09-02T16:58:21.907+0530] {override.py:1900} INFO - Created Permission View: can delete on DAG:dataset_produces_2
[2025-09-02T16:58:21.908+0530] {logging_mixin.py:190} INFO - [2025-09-02T16:58:21.908+0530] {override.py:1900} INFO - Created Permission View: can edit on DAG:dataset_produces_2
[2025-09-02T16:58:21.910+0530] {logging_mixin.py:190} INFO - [2025-09-02T16:58:21.910+0530] {override.py:1900} INFO - Created Permission View: can delete on DAG Run:dataset_produces_2
[2025-09-02T16:58:21.911+0530] {logging_mixin.py:190} INFO - [2025-09-02T16:58:21.911+0530] {override.py:1900} INFO - Created Permission View: can read on DAG Run:dataset_produces_2
[2025-09-02T16:58:21.912+0530] {logging_mixin.py:190} INFO - [2025-09-02T16:58:21.912+0530] {override.py:1900} INFO - Created Permission View: can create on DAG Run:dataset_produces_2
[2025-09-02T16:58:21.913+0530] {logging_mixin.py:190} INFO - [2025-09-02T16:58:21.913+0530] {override.py:1900} INFO - Created Permission View: menu access on DAG Run:dataset_produces_2
[2025-09-02T16:58:21.916+0530] {logging_mixin.py:190} INFO - [2025-09-02T16:58:21.916+0530] {override.py:1900} INFO - Created Permission View: can read on DAG:dataset_consumes_unknown_never_scheduled
[2025-09-02T16:58:21.917+0530] {logging_mixin.py:190} INFO - [2025-09-02T16:58:21.917+0530] {override.py:1900} INFO - Created Permission View: can delete on DAG:dataset_consumes_unknown_never_scheduled
[2025-09-02T16:58:21.918+0530] {logging_mixin.py:190} INFO - [2025-09-02T16:58:21.918+0530] {override.py:1900} INFO - Created Permission View: can edit on DAG:dataset_consumes_unknown_never_scheduled
[2025-09-02T16:58:21.920+0530] {logging_mixin.py:190} INFO - [2025-09-02T16:58:21.920+0530] {override.py:1900} INFO - Created Permission View: can delete on DAG Run:dataset_consumes_unknown_never_scheduled
[2025-09-02T16:58:21.921+0530] {logging_mixin.py:190} INFO - [2025-09-02T16:58:21.921+0530] {override.py:1900} INFO - Created Permission View: can read on DAG Run:dataset_consumes_unknown_never_scheduled
[2025-09-02T16:58:21.922+0530] {logging_mixin.py:190} INFO - [2025-09-02T16:58:21.922+0530] {override.py:1900} INFO - Created Permission View: can create on DAG Run:dataset_consumes_unknown_never_scheduled
[2025-09-02T16:58:21.923+0530] {logging_mixin.py:190} INFO - [2025-09-02T16:58:21.923+0530] {override.py:1900} INFO - Created Permission View: menu access on DAG Run:dataset_consumes_unknown_never_scheduled
[2025-09-02T16:58:21.926+0530] {logging_mixin.py:190} INFO - [2025-09-02T16:58:21.926+0530] {override.py:1900} INFO - Created Permission View: can read on DAG:dataset_produces_1
[2025-09-02T16:58:21.927+0530] {logging_mixin.py:190} INFO - [2025-09-02T16:58:21.927+0530] {override.py:1900} INFO - Created Permission View: can delete on DAG:dataset_produces_1
[2025-09-02T16:58:21.928+0530] {logging_mixin.py:190} INFO - [2025-09-02T16:58:21.928+0530] {override.py:1900} INFO - Created Permission View: can edit on DAG:dataset_produces_1
[2025-09-02T16:58:21.930+0530] {logging_mixin.py:190} INFO - [2025-09-02T16:58:21.930+0530] {override.py:1900} INFO - Created Permission View: can delete on DAG Run:dataset_produces_1
[2025-09-02T16:58:21.931+0530] {logging_mixin.py:190} INFO - [2025-09-02T16:58:21.931+0530] {override.py:1900} INFO - Created Permission View: can read on DAG Run:dataset_produces_1
[2025-09-02T16:58:21.932+0530] {logging_mixin.py:190} INFO - [2025-09-02T16:58:21.932+0530] {override.py:1900} INFO - Created Permission View: can create on DAG Run:dataset_produces_1
[2025-09-02T16:58:21.933+0530] {logging_mixin.py:190} INFO - [2025-09-02T16:58:21.933+0530] {override.py:1900} INFO - Created Permission View: menu access on DAG Run:dataset_produces_1
[2025-09-02T16:58:21.936+0530] {logging_mixin.py:190} INFO - [2025-09-02T16:58:21.936+0530] {override.py:1900} INFO - Created Permission View: can read on DAG:dataset_consumes_1_and_2
[2025-09-02T16:58:21.937+0530] {logging_mixin.py:190} INFO - [2025-09-02T16:58:21.937+0530] {override.py:1900} INFO - Created Permission View: can delete on DAG:dataset_consumes_1_and_2
[2025-09-02T16:58:21.938+0530] {logging_mixin.py:190} INFO - [2025-09-02T16:58:21.938+0530] {override.py:1900} INFO - Created Permission View: can edit on DAG:dataset_consumes_1_and_2
[2025-09-02T16:58:21.940+0530] {logging_mixin.py:190} INFO - [2025-09-02T16:58:21.940+0530] {override.py:1900} INFO - Created Permission View: can delete on DAG Run:dataset_consumes_1_and_2
[2025-09-02T16:58:21.941+0530] {logging_mixin.py:190} INFO - [2025-09-02T16:58:21.941+0530] {override.py:1900} INFO - Created Permission View: can read on DAG Run:dataset_consumes_1_and_2
[2025-09-02T16:58:21.942+0530] {logging_mixin.py:190} INFO - [2025-09-02T16:58:21.942+0530] {override.py:1900} INFO - Created Permission View: can create on DAG Run:dataset_consumes_1_and_2
[2025-09-02T16:58:21.943+0530] {logging_mixin.py:190} INFO - [2025-09-02T16:58:21.943+0530] {override.py:1900} INFO - Created Permission View: menu access on DAG Run:dataset_consumes_1_and_2
[2025-09-02T16:58:21.946+0530] {logging_mixin.py:190} INFO - [2025-09-02T16:58:21.946+0530] {override.py:1900} INFO - Created Permission View: can read on DAG:consume_1_or_both_2_and_3_with_dataset_expressions
[2025-09-02T16:58:21.947+0530] {logging_mixin.py:190} INFO - [2025-09-02T16:58:21.947+0530] {override.py:1900} INFO - Created Permission View: can delete on DAG:consume_1_or_both_2_and_3_with_dataset_expressions
[2025-09-02T16:58:21.948+0530] {logging_mixin.py:190} INFO - [2025-09-02T16:58:21.948+0530] {override.py:1900} INFO - Created Permission View: can edit on DAG:consume_1_or_both_2_and_3_with_dataset_expressions
[2025-09-02T16:58:21.950+0530] {logging_mixin.py:190} INFO - [2025-09-02T16:58:21.950+0530] {override.py:1900} INFO - Created Permission View: can delete on DAG Run:consume_1_or_both_2_and_3_with_dataset_expressions
[2025-09-02T16:58:21.951+0530] {logging_mixin.py:190} INFO - [2025-09-02T16:58:21.951+0530] {override.py:1900} INFO - Created Permission View: can read on DAG Run:consume_1_or_both_2_and_3_with_dataset_expressions
[2025-09-02T16:58:21.953+0530] {logging_mixin.py:190} INFO - [2025-09-02T16:58:21.953+0530] {override.py:1900} INFO - Created Permission View: can create on DAG Run:consume_1_or_both_2_and_3_with_dataset_expressions
[2025-09-02T16:58:21.954+0530] {logging_mixin.py:190} INFO - [2025-09-02T16:58:21.954+0530] {override.py:1900} INFO - Created Permission View: menu access on DAG Run:consume_1_or_both_2_and_3_with_dataset_expressions
[2025-09-02T16:58:21.954+0530] {logging_mixin.py:190} INFO - [2025-09-02T16:58:21.954+0530] {dag.py:3239} INFO - Sync 10 DAGs
[2025-09-02T16:58:21.957+0530] {logging_mixin.py:190} INFO - [2025-09-02T16:58:21.957+0530] {dag.py:3262} INFO - Creating ORM DAG for conditional_dataset_and_time_based_timetable
[2025-09-02T16:58:21.957+0530] {logging_mixin.py:190} INFO - [2025-09-02T16:58:21.957+0530] {dag.py:3262} INFO - Creating ORM DAG for consume_1_or_2_with_dataset_expressions
[2025-09-02T16:58:21.958+0530] {logging_mixin.py:190} INFO - [2025-09-02T16:58:21.958+0530] {dag.py:3262} INFO - Creating ORM DAG for dataset_produces_1
[2025-09-02T16:58:21.958+0530] {logging_mixin.py:190} INFO - [2025-09-02T16:58:21.958+0530] {dag.py:3262} INFO - Creating ORM DAG for dataset_consumes_1
[2025-09-02T16:58:21.958+0530] {logging_mixin.py:190} INFO - [2025-09-02T16:58:21.958+0530] {dag.py:3262} INFO - Creating ORM DAG for dataset_consumes_unknown_never_scheduled
[2025-09-02T16:58:21.958+0530] {logging_mixin.py:190} INFO - [2025-09-02T16:58:21.958+0530] {dag.py:3262} INFO - Creating ORM DAG for dataset_consumes_1_and_2
[2025-09-02T16:58:21.958+0530] {logging_mixin.py:190} INFO - [2025-09-02T16:58:21.958+0530] {dag.py:3262} INFO - Creating ORM DAG for dataset_produces_2
[2025-09-02T16:58:21.958+0530] {logging_mixin.py:190} INFO - [2025-09-02T16:58:21.958+0530] {dag.py:3262} INFO - Creating ORM DAG for consume_1_and_2_with_dataset_expressions
[2025-09-02T16:58:21.958+0530] {logging_mixin.py:190} INFO - [2025-09-02T16:58:21.958+0530] {dag.py:3262} INFO - Creating ORM DAG for consume_1_or_both_2_and_3_with_dataset_expressions
[2025-09-02T16:58:21.958+0530] {logging_mixin.py:190} INFO - [2025-09-02T16:58:21.958+0530] {dag.py:3262} INFO - Creating ORM DAG for dataset_consumes_1_never_scheduled
[2025-09-02T16:58:21.961+0530] {logging_mixin.py:190} INFO - [2025-09-02T16:58:21.960+0530] {dag.py:4180} INFO - Setting next_dagrun for conditional_dataset_and_time_based_timetable to 2025-08-27 01:00:00+00:00, run_after=2025-08-27 01:00:00+00:00
[2025-09-02T16:58:21.961+0530] {logging_mixin.py:190} INFO - [2025-09-02T16:58:21.961+0530] {dag.py:4180} INFO - Setting next_dagrun for consume_1_and_2_with_dataset_expressions to None, run_after=None
[2025-09-02T16:58:21.961+0530] {logging_mixin.py:190} INFO - [2025-09-02T16:58:21.961+0530] {dag.py:4180} INFO - Setting next_dagrun for consume_1_or_2_with_dataset_expressions to None, run_after=None
[2025-09-02T16:58:21.961+0530] {logging_mixin.py:190} INFO - [2025-09-02T16:58:21.961+0530] {dag.py:4180} INFO - Setting next_dagrun for consume_1_or_both_2_and_3_with_dataset_expressions to None, run_after=None
[2025-09-02T16:58:21.961+0530] {logging_mixin.py:190} INFO - [2025-09-02T16:58:21.961+0530] {dag.py:4180} INFO - Setting next_dagrun for dataset_consumes_1 to None, run_after=None
[2025-09-02T16:58:21.961+0530] {logging_mixin.py:190} INFO - [2025-09-02T16:58:21.961+0530] {dag.py:4180} INFO - Setting next_dagrun for dataset_consumes_1_and_2 to None, run_after=None
[2025-09-02T16:58:21.961+0530] {logging_mixin.py:190} INFO - [2025-09-02T16:58:21.961+0530] {dag.py:4180} INFO - Setting next_dagrun for dataset_consumes_1_never_scheduled to None, run_after=None
[2025-09-02T16:58:21.961+0530] {logging_mixin.py:190} INFO - [2025-09-02T16:58:21.961+0530] {dag.py:4180} INFO - Setting next_dagrun for dataset_consumes_unknown_never_scheduled to None, run_after=None
[2025-09-02T16:58:21.962+0530] {logging_mixin.py:190} INFO - [2025-09-02T16:58:21.962+0530] {dag.py:4180} INFO - Setting next_dagrun for dataset_produces_1 to 2025-09-01 00:00:00+00:00, run_after=2025-09-02 00:00:00+00:00
[2025-09-02T16:58:21.962+0530] {logging_mixin.py:190} INFO - [2025-09-02T16:58:21.962+0530] {dag.py:4180} INFO - Setting next_dagrun for dataset_produces_2 to None, run_after=None
[2025-09-02T16:58:22.149+0530] {processor.py:208} INFO - Processing /Users/parthmac/Desktop/Projects/Flight Data Engineering/flight-env/lib/python3.12/site-packages/airflow/example_dags/example_datasets.py took 0.378 seconds
[2025-09-02T17:06:09.455+0530] {processor.py:186} INFO - Started process (PID=27636) to work on /Users/parthmac/Desktop/Projects/Flight Data Engineering/flight-env/lib/python3.12/site-packages/airflow/example_dags/example_datasets.py
[2025-09-02T17:06:09.457+0530] {processor.py:914} INFO - Processing file /Users/parthmac/Desktop/Projects/Flight Data Engineering/flight-env/lib/python3.12/site-packages/airflow/example_dags/example_datasets.py for tasks to queue
[2025-09-02T17:06:09.457+0530] {logging_mixin.py:190} INFO - [2025-09-02T17:06:09.457+0530] {dagbag.py:588} INFO - Filling up the DagBag from /Users/parthmac/Desktop/Projects/Flight Data Engineering/flight-env/lib/python3.12/site-packages/airflow/example_dags/example_datasets.py
[2025-09-02T17:06:09.468+0530] {processor.py:925} INFO - DAG(s) 'conditional_dataset_and_time_based_timetable', 'dataset_consumes_1_never_scheduled', 'consume_1_and_2_with_dataset_expressions', 'dataset_consumes_unknown_never_scheduled', 'consume_1_or_2_with_dataset_expressions', 'dataset_consumes_1_and_2', 'consume_1_or_both_2_and_3_with_dataset_expressions', 'dataset_produces_1', 'dataset_produces_2', 'dataset_consumes_1' retrieved from /Users/parthmac/Desktop/Projects/Flight Data Engineering/flight-env/lib/python3.12/site-packages/airflow/example_dags/example_datasets.py
[2025-09-02T17:06:09.497+0530] {logging_mixin.py:190} INFO - [2025-09-02T17:06:09.497+0530] {dag.py:3239} INFO - Sync 10 DAGs
[2025-09-02T17:06:09.503+0530] {logging_mixin.py:190} INFO - [2025-09-02T17:06:09.503+0530] {dag.py:4180} INFO - Setting next_dagrun for conditional_dataset_and_time_based_timetable to 2025-08-27 01:00:00+00:00, run_after=2025-08-27 01:00:00+00:00
[2025-09-02T17:06:09.504+0530] {logging_mixin.py:190} INFO - [2025-09-02T17:06:09.504+0530] {dag.py:4180} INFO - Setting next_dagrun for consume_1_and_2_with_dataset_expressions to None, run_after=None
[2025-09-02T17:06:09.504+0530] {logging_mixin.py:190} INFO - [2025-09-02T17:06:09.504+0530] {dag.py:4180} INFO - Setting next_dagrun for consume_1_or_2_with_dataset_expressions to None, run_after=None
[2025-09-02T17:06:09.504+0530] {logging_mixin.py:190} INFO - [2025-09-02T17:06:09.504+0530] {dag.py:4180} INFO - Setting next_dagrun for consume_1_or_both_2_and_3_with_dataset_expressions to None, run_after=None
[2025-09-02T17:06:09.504+0530] {logging_mixin.py:190} INFO - [2025-09-02T17:06:09.504+0530] {dag.py:4180} INFO - Setting next_dagrun for dataset_consumes_1 to None, run_after=None
[2025-09-02T17:06:09.505+0530] {logging_mixin.py:190} INFO - [2025-09-02T17:06:09.505+0530] {dag.py:4180} INFO - Setting next_dagrun for dataset_consumes_1_and_2 to None, run_after=None
[2025-09-02T17:06:09.505+0530] {logging_mixin.py:190} INFO - [2025-09-02T17:06:09.505+0530] {dag.py:4180} INFO - Setting next_dagrun for dataset_consumes_1_never_scheduled to None, run_after=None
[2025-09-02T17:06:09.505+0530] {logging_mixin.py:190} INFO - [2025-09-02T17:06:09.505+0530] {dag.py:4180} INFO - Setting next_dagrun for dataset_consumes_unknown_never_scheduled to None, run_after=None
[2025-09-02T17:06:09.505+0530] {logging_mixin.py:190} INFO - [2025-09-02T17:06:09.505+0530] {dag.py:4180} INFO - Setting next_dagrun for dataset_produces_1 to 2025-09-01 00:00:00+00:00, run_after=2025-09-02 00:00:00+00:00
[2025-09-02T17:06:09.506+0530] {logging_mixin.py:190} INFO - [2025-09-02T17:06:09.506+0530] {dag.py:4180} INFO - Setting next_dagrun for dataset_produces_2 to None, run_after=None
[2025-09-02T17:06:09.512+0530] {processor.py:208} INFO - Processing /Users/parthmac/Desktop/Projects/Flight Data Engineering/flight-env/lib/python3.12/site-packages/airflow/example_dags/example_datasets.py took 0.057 seconds
[2025-09-02T17:43:06.898+0530] {processor.py:186} INFO - Started process (PID=31700) to work on /Users/parthmac/Desktop/Projects/Flight Data Engineering/flight-env/lib/python3.12/site-packages/airflow/example_dags/example_datasets.py
[2025-09-02T17:43:06.899+0530] {processor.py:914} INFO - Processing file /Users/parthmac/Desktop/Projects/Flight Data Engineering/flight-env/lib/python3.12/site-packages/airflow/example_dags/example_datasets.py for tasks to queue
[2025-09-02T17:43:06.900+0530] {logging_mixin.py:190} INFO - [2025-09-02T17:43:06.900+0530] {dagbag.py:588} INFO - Filling up the DagBag from /Users/parthmac/Desktop/Projects/Flight Data Engineering/flight-env/lib/python3.12/site-packages/airflow/example_dags/example_datasets.py
[2025-09-02T17:43:06.913+0530] {processor.py:925} INFO - DAG(s) 'dataset_consumes_1', 'consume_1_or_2_with_dataset_expressions', 'conditional_dataset_and_time_based_timetable', 'dataset_produces_2', 'dataset_consumes_1_and_2', 'dataset_consumes_unknown_never_scheduled', 'consume_1_and_2_with_dataset_expressions', 'consume_1_or_both_2_and_3_with_dataset_expressions', 'dataset_consumes_1_never_scheduled', 'dataset_produces_1' retrieved from /Users/parthmac/Desktop/Projects/Flight Data Engineering/flight-env/lib/python3.12/site-packages/airflow/example_dags/example_datasets.py
[2025-09-02T17:43:06.942+0530] {logging_mixin.py:190} INFO - [2025-09-02T17:43:06.942+0530] {dag.py:3239} INFO - Sync 10 DAGs
[2025-09-02T17:43:06.947+0530] {logging_mixin.py:190} INFO - [2025-09-02T17:43:06.947+0530] {dag.py:4180} INFO - Setting next_dagrun for conditional_dataset_and_time_based_timetable to 2025-08-27 01:00:00+00:00, run_after=2025-08-27 01:00:00+00:00
[2025-09-02T17:43:06.948+0530] {logging_mixin.py:190} INFO - [2025-09-02T17:43:06.948+0530] {dag.py:4180} INFO - Setting next_dagrun for consume_1_and_2_with_dataset_expressions to None, run_after=None
[2025-09-02T17:43:06.948+0530] {logging_mixin.py:190} INFO - [2025-09-02T17:43:06.948+0530] {dag.py:4180} INFO - Setting next_dagrun for consume_1_or_2_with_dataset_expressions to None, run_after=None
[2025-09-02T17:43:06.948+0530] {logging_mixin.py:190} INFO - [2025-09-02T17:43:06.948+0530] {dag.py:4180} INFO - Setting next_dagrun for consume_1_or_both_2_and_3_with_dataset_expressions to None, run_after=None
[2025-09-02T17:43:06.949+0530] {logging_mixin.py:190} INFO - [2025-09-02T17:43:06.949+0530] {dag.py:4180} INFO - Setting next_dagrun for dataset_consumes_1 to None, run_after=None
[2025-09-02T17:43:06.949+0530] {logging_mixin.py:190} INFO - [2025-09-02T17:43:06.949+0530] {dag.py:4180} INFO - Setting next_dagrun for dataset_consumes_1_and_2 to None, run_after=None
[2025-09-02T17:43:06.949+0530] {logging_mixin.py:190} INFO - [2025-09-02T17:43:06.949+0530] {dag.py:4180} INFO - Setting next_dagrun for dataset_consumes_1_never_scheduled to None, run_after=None
[2025-09-02T17:43:06.949+0530] {logging_mixin.py:190} INFO - [2025-09-02T17:43:06.949+0530] {dag.py:4180} INFO - Setting next_dagrun for dataset_consumes_unknown_never_scheduled to None, run_after=None
[2025-09-02T17:43:06.950+0530] {logging_mixin.py:190} INFO - [2025-09-02T17:43:06.950+0530] {dag.py:4180} INFO - Setting next_dagrun for dataset_produces_1 to 2025-09-01 00:00:00+00:00, run_after=2025-09-02 00:00:00+00:00
[2025-09-02T17:43:06.950+0530] {logging_mixin.py:190} INFO - [2025-09-02T17:43:06.950+0530] {dag.py:4180} INFO - Setting next_dagrun for dataset_produces_2 to None, run_after=None
[2025-09-02T17:43:06.956+0530] {processor.py:208} INFO - Processing /Users/parthmac/Desktop/Projects/Flight Data Engineering/flight-env/lib/python3.12/site-packages/airflow/example_dags/example_datasets.py took 0.059 seconds
[2025-09-02T17:47:31.559+0530] {processor.py:186} INFO - Started process (PID=32659) to work on /Users/parthmac/Desktop/Projects/Flight Data Engineering/flight-env/lib/python3.12/site-packages/airflow/example_dags/example_datasets.py
[2025-09-02T17:47:31.559+0530] {processor.py:914} INFO - Processing file /Users/parthmac/Desktop/Projects/Flight Data Engineering/flight-env/lib/python3.12/site-packages/airflow/example_dags/example_datasets.py for tasks to queue
[2025-09-02T17:47:31.560+0530] {logging_mixin.py:190} INFO - [2025-09-02T17:47:31.559+0530] {dagbag.py:588} INFO - Filling up the DagBag from /Users/parthmac/Desktop/Projects/Flight Data Engineering/flight-env/lib/python3.12/site-packages/airflow/example_dags/example_datasets.py
[2025-09-02T17:47:31.573+0530] {processor.py:925} INFO - DAG(s) 'dataset_produces_2', 'consume_1_or_both_2_and_3_with_dataset_expressions', 'consume_1_or_2_with_dataset_expressions', 'dataset_produces_1', 'dataset_consumes_1', 'conditional_dataset_and_time_based_timetable', 'dataset_consumes_1_and_2', 'dataset_consumes_1_never_scheduled', 'dataset_consumes_unknown_never_scheduled', 'consume_1_and_2_with_dataset_expressions' retrieved from /Users/parthmac/Desktop/Projects/Flight Data Engineering/flight-env/lib/python3.12/site-packages/airflow/example_dags/example_datasets.py
[2025-09-02T17:47:31.603+0530] {logging_mixin.py:190} INFO - [2025-09-02T17:47:31.603+0530] {dag.py:3239} INFO - Sync 10 DAGs
[2025-09-02T17:47:31.609+0530] {logging_mixin.py:190} INFO - [2025-09-02T17:47:31.609+0530] {dag.py:4180} INFO - Setting next_dagrun for conditional_dataset_and_time_based_timetable to 2025-08-27 01:00:00+00:00, run_after=2025-08-27 01:00:00+00:00
[2025-09-02T17:47:31.609+0530] {logging_mixin.py:190} INFO - [2025-09-02T17:47:31.609+0530] {dag.py:4180} INFO - Setting next_dagrun for consume_1_and_2_with_dataset_expressions to None, run_after=None
[2025-09-02T17:47:31.610+0530] {logging_mixin.py:190} INFO - [2025-09-02T17:47:31.610+0530] {dag.py:4180} INFO - Setting next_dagrun for consume_1_or_2_with_dataset_expressions to None, run_after=None
[2025-09-02T17:47:31.610+0530] {logging_mixin.py:190} INFO - [2025-09-02T17:47:31.610+0530] {dag.py:4180} INFO - Setting next_dagrun for consume_1_or_both_2_and_3_with_dataset_expressions to None, run_after=None
[2025-09-02T17:47:31.610+0530] {logging_mixin.py:190} INFO - [2025-09-02T17:47:31.610+0530] {dag.py:4180} INFO - Setting next_dagrun for dataset_consumes_1 to None, run_after=None
[2025-09-02T17:47:31.610+0530] {logging_mixin.py:190} INFO - [2025-09-02T17:47:31.610+0530] {dag.py:4180} INFO - Setting next_dagrun for dataset_consumes_1_and_2 to None, run_after=None
[2025-09-02T17:47:31.611+0530] {logging_mixin.py:190} INFO - [2025-09-02T17:47:31.611+0530] {dag.py:4180} INFO - Setting next_dagrun for dataset_consumes_1_never_scheduled to None, run_after=None
[2025-09-02T17:47:31.611+0530] {logging_mixin.py:190} INFO - [2025-09-02T17:47:31.611+0530] {dag.py:4180} INFO - Setting next_dagrun for dataset_consumes_unknown_never_scheduled to None, run_after=None
[2025-09-02T17:47:31.611+0530] {logging_mixin.py:190} INFO - [2025-09-02T17:47:31.611+0530] {dag.py:4180} INFO - Setting next_dagrun for dataset_produces_1 to 2025-09-01 00:00:00+00:00, run_after=2025-09-02 00:00:00+00:00
[2025-09-02T17:47:31.611+0530] {logging_mixin.py:190} INFO - [2025-09-02T17:47:31.611+0530] {dag.py:4180} INFO - Setting next_dagrun for dataset_produces_2 to None, run_after=None
[2025-09-02T17:47:31.618+0530] {processor.py:208} INFO - Processing /Users/parthmac/Desktop/Projects/Flight Data Engineering/flight-env/lib/python3.12/site-packages/airflow/example_dags/example_datasets.py took 0.060 seconds
[2025-09-02T17:49:19.106+0530] {processor.py:186} INFO - Started process (PID=32758) to work on /Users/parthmac/Desktop/Projects/Flight Data Engineering/flight-env/lib/python3.12/site-packages/airflow/example_dags/example_datasets.py
[2025-09-02T17:49:19.107+0530] {processor.py:914} INFO - Processing file /Users/parthmac/Desktop/Projects/Flight Data Engineering/flight-env/lib/python3.12/site-packages/airflow/example_dags/example_datasets.py for tasks to queue
[2025-09-02T17:49:19.107+0530] {logging_mixin.py:190} INFO - [2025-09-02T17:49:19.107+0530] {dagbag.py:588} INFO - Filling up the DagBag from /Users/parthmac/Desktop/Projects/Flight Data Engineering/flight-env/lib/python3.12/site-packages/airflow/example_dags/example_datasets.py
[2025-09-02T17:49:19.120+0530] {processor.py:925} INFO - DAG(s) 'consume_1_and_2_with_dataset_expressions', 'dataset_consumes_1', 'dataset_consumes_unknown_never_scheduled', 'consume_1_or_2_with_dataset_expressions', 'dataset_consumes_1_and_2', 'dataset_produces_1', 'conditional_dataset_and_time_based_timetable', 'consume_1_or_both_2_and_3_with_dataset_expressions', 'dataset_produces_2', 'dataset_consumes_1_never_scheduled' retrieved from /Users/parthmac/Desktop/Projects/Flight Data Engineering/flight-env/lib/python3.12/site-packages/airflow/example_dags/example_datasets.py
[2025-09-02T17:49:19.151+0530] {logging_mixin.py:190} INFO - [2025-09-02T17:49:19.151+0530] {dag.py:3239} INFO - Sync 10 DAGs
[2025-09-02T17:49:19.157+0530] {logging_mixin.py:190} INFO - [2025-09-02T17:49:19.157+0530] {dag.py:4180} INFO - Setting next_dagrun for conditional_dataset_and_time_based_timetable to 2025-08-27 01:00:00+00:00, run_after=2025-08-27 01:00:00+00:00
[2025-09-02T17:49:19.158+0530] {logging_mixin.py:190} INFO - [2025-09-02T17:49:19.158+0530] {dag.py:4180} INFO - Setting next_dagrun for consume_1_and_2_with_dataset_expressions to None, run_after=None
[2025-09-02T17:49:19.158+0530] {logging_mixin.py:190} INFO - [2025-09-02T17:49:19.158+0530] {dag.py:4180} INFO - Setting next_dagrun for consume_1_or_2_with_dataset_expressions to None, run_after=None
[2025-09-02T17:49:19.158+0530] {logging_mixin.py:190} INFO - [2025-09-02T17:49:19.158+0530] {dag.py:4180} INFO - Setting next_dagrun for consume_1_or_both_2_and_3_with_dataset_expressions to None, run_after=None
[2025-09-02T17:49:19.158+0530] {logging_mixin.py:190} INFO - [2025-09-02T17:49:19.158+0530] {dag.py:4180} INFO - Setting next_dagrun for dataset_consumes_1 to None, run_after=None
[2025-09-02T17:49:19.158+0530] {logging_mixin.py:190} INFO - [2025-09-02T17:49:19.158+0530] {dag.py:4180} INFO - Setting next_dagrun for dataset_consumes_1_and_2 to None, run_after=None
[2025-09-02T17:49:19.159+0530] {logging_mixin.py:190} INFO - [2025-09-02T17:49:19.159+0530] {dag.py:4180} INFO - Setting next_dagrun for dataset_consumes_1_never_scheduled to None, run_after=None
[2025-09-02T17:49:19.159+0530] {logging_mixin.py:190} INFO - [2025-09-02T17:49:19.159+0530] {dag.py:4180} INFO - Setting next_dagrun for dataset_consumes_unknown_never_scheduled to None, run_after=None
[2025-09-02T17:49:19.159+0530] {logging_mixin.py:190} INFO - [2025-09-02T17:49:19.159+0530] {dag.py:4180} INFO - Setting next_dagrun for dataset_produces_1 to 2025-09-01 00:00:00+00:00, run_after=2025-09-02 00:00:00+00:00
[2025-09-02T17:49:19.160+0530] {logging_mixin.py:190} INFO - [2025-09-02T17:49:19.159+0530] {dag.py:4180} INFO - Setting next_dagrun for dataset_produces_2 to None, run_after=None
[2025-09-02T17:49:19.167+0530] {processor.py:208} INFO - Processing /Users/parthmac/Desktop/Projects/Flight Data Engineering/flight-env/lib/python3.12/site-packages/airflow/example_dags/example_datasets.py took 0.062 seconds
[2025-09-02T17:51:02.260+0530] {processor.py:186} INFO - Started process (PID=33194) to work on /Users/parthmac/Desktop/Projects/Flight Data Engineering/flight-env/lib/python3.12/site-packages/airflow/example_dags/example_datasets.py
[2025-09-02T17:51:02.260+0530] {processor.py:914} INFO - Processing file /Users/parthmac/Desktop/Projects/Flight Data Engineering/flight-env/lib/python3.12/site-packages/airflow/example_dags/example_datasets.py for tasks to queue
[2025-09-02T17:51:02.260+0530] {logging_mixin.py:190} INFO - [2025-09-02T17:51:02.260+0530] {dagbag.py:588} INFO - Filling up the DagBag from /Users/parthmac/Desktop/Projects/Flight Data Engineering/flight-env/lib/python3.12/site-packages/airflow/example_dags/example_datasets.py
[2025-09-02T17:51:02.274+0530] {processor.py:925} INFO - DAG(s) 'dataset_produces_2', 'consume_1_or_2_with_dataset_expressions', 'conditional_dataset_and_time_based_timetable', 'consume_1_and_2_with_dataset_expressions', 'dataset_produces_1', 'dataset_consumes_1', 'dataset_consumes_1_and_2', 'consume_1_or_both_2_and_3_with_dataset_expressions', 'dataset_consumes_unknown_never_scheduled', 'dataset_consumes_1_never_scheduled' retrieved from /Users/parthmac/Desktop/Projects/Flight Data Engineering/flight-env/lib/python3.12/site-packages/airflow/example_dags/example_datasets.py
[2025-09-02T17:51:02.307+0530] {logging_mixin.py:190} INFO - [2025-09-02T17:51:02.307+0530] {dag.py:3239} INFO - Sync 10 DAGs
[2025-09-02T17:51:02.313+0530] {logging_mixin.py:190} INFO - [2025-09-02T17:51:02.313+0530] {dag.py:4180} INFO - Setting next_dagrun for conditional_dataset_and_time_based_timetable to 2025-08-27 01:00:00+00:00, run_after=2025-08-27 01:00:00+00:00
[2025-09-02T17:51:02.314+0530] {logging_mixin.py:190} INFO - [2025-09-02T17:51:02.313+0530] {dag.py:4180} INFO - Setting next_dagrun for consume_1_and_2_with_dataset_expressions to None, run_after=None
[2025-09-02T17:51:02.314+0530] {logging_mixin.py:190} INFO - [2025-09-02T17:51:02.314+0530] {dag.py:4180} INFO - Setting next_dagrun for consume_1_or_2_with_dataset_expressions to None, run_after=None
[2025-09-02T17:51:02.314+0530] {logging_mixin.py:190} INFO - [2025-09-02T17:51:02.314+0530] {dag.py:4180} INFO - Setting next_dagrun for consume_1_or_both_2_and_3_with_dataset_expressions to None, run_after=None
[2025-09-02T17:51:02.314+0530] {logging_mixin.py:190} INFO - [2025-09-02T17:51:02.314+0530] {dag.py:4180} INFO - Setting next_dagrun for dataset_consumes_1 to None, run_after=None
[2025-09-02T17:51:02.314+0530] {logging_mixin.py:190} INFO - [2025-09-02T17:51:02.314+0530] {dag.py:4180} INFO - Setting next_dagrun for dataset_consumes_1_and_2 to None, run_after=None
[2025-09-02T17:51:02.315+0530] {logging_mixin.py:190} INFO - [2025-09-02T17:51:02.315+0530] {dag.py:4180} INFO - Setting next_dagrun for dataset_consumes_1_never_scheduled to None, run_after=None
[2025-09-02T17:51:02.315+0530] {logging_mixin.py:190} INFO - [2025-09-02T17:51:02.315+0530] {dag.py:4180} INFO - Setting next_dagrun for dataset_consumes_unknown_never_scheduled to None, run_after=None
[2025-09-02T17:51:02.315+0530] {logging_mixin.py:190} INFO - [2025-09-02T17:51:02.315+0530] {dag.py:4180} INFO - Setting next_dagrun for dataset_produces_1 to 2025-09-01 00:00:00+00:00, run_after=2025-09-02 00:00:00+00:00
[2025-09-02T17:51:02.315+0530] {logging_mixin.py:190} INFO - [2025-09-02T17:51:02.315+0530] {dag.py:4180} INFO - Setting next_dagrun for dataset_produces_2 to None, run_after=None
[2025-09-02T17:51:02.322+0530] {processor.py:208} INFO - Processing /Users/parthmac/Desktop/Projects/Flight Data Engineering/flight-env/lib/python3.12/site-packages/airflow/example_dags/example_datasets.py took 0.064 seconds
