[2025-09-02T16:57:59.217+0530] {processor.py:186} INFO - Started process (PID=26358) to work on /Users/parthmac/Desktop/Projects/Flight Data Engineering/flight-env/lib/python3.12/site-packages/airflow/example_dags/example_params_ui_tutorial.py
[2025-09-02T16:57:59.218+0530] {processor.py:914} INFO - Processing file /Users/parthmac/Desktop/Projects/Flight Data Engineering/flight-env/lib/python3.12/site-packages/airflow/example_dags/example_params_ui_tutorial.py for tasks to queue
[2025-09-02T16:57:59.218+0530] {logging_mixin.py:190} INFO - [2025-09-02T16:57:59.218+0530] {dagbag.py:588} INFO - Filling up the DagBag from /Users/parthmac/Desktop/Projects/Flight Data Engineering/flight-env/lib/python3.12/site-packages/airflow/example_dags/example_params_ui_tutorial.py
[2025-09-02T16:57:59.231+0530] {processor.py:925} INFO - DAG(s) 'example_params_ui_tutorial' retrieved from /Users/parthmac/Desktop/Projects/Flight Data Engineering/flight-env/lib/python3.12/site-packages/airflow/example_dags/example_params_ui_tutorial.py
[2025-09-02T16:57:59.309+0530] {logging_mixin.py:190} INFO - [2025-09-02T16:57:59.309+0530] {override.py:1900} INFO - Created Permission View: can edit on DAG:example_params_ui_tutorial
[2025-09-02T16:57:59.311+0530] {logging_mixin.py:190} INFO - [2025-09-02T16:57:59.311+0530] {override.py:1900} INFO - Created Permission View: can delete on DAG:example_params_ui_tutorial
[2025-09-02T16:57:59.313+0530] {logging_mixin.py:190} INFO - [2025-09-02T16:57:59.313+0530] {override.py:1900} INFO - Created Permission View: can read on DAG:example_params_ui_tutorial
[2025-09-02T16:57:59.314+0530] {logging_mixin.py:190} INFO - [2025-09-02T16:57:59.314+0530] {override.py:1900} INFO - Created Permission View: menu access on DAG Run:example_params_ui_tutorial
[2025-09-02T16:57:59.316+0530] {logging_mixin.py:190} INFO - [2025-09-02T16:57:59.316+0530] {override.py:1900} INFO - Created Permission View: can create on DAG Run:example_params_ui_tutorial
[2025-09-02T16:57:59.317+0530] {logging_mixin.py:190} INFO - [2025-09-02T16:57:59.317+0530] {override.py:1900} INFO - Created Permission View: can delete on DAG Run:example_params_ui_tutorial
[2025-09-02T16:57:59.318+0530] {logging_mixin.py:190} INFO - [2025-09-02T16:57:59.318+0530] {override.py:1900} INFO - Created Permission View: can read on DAG Run:example_params_ui_tutorial
[2025-09-02T16:57:59.318+0530] {logging_mixin.py:190} INFO - [2025-09-02T16:57:59.318+0530] {dag.py:3239} INFO - Sync 1 DAGs
[2025-09-02T16:57:59.321+0530] {logging_mixin.py:190} INFO - [2025-09-02T16:57:59.321+0530] {dag.py:3262} INFO - Creating ORM DAG for example_params_ui_tutorial
[2025-09-02T16:57:59.321+0530] {logging_mixin.py:190} INFO - [2025-09-02T16:57:59.321+0530] {dag.py:4180} INFO - Setting next_dagrun for example_params_ui_tutorial to None, run_after=None
[2025-09-02T16:57:59.325+0530] {processor.py:208} INFO - Processing /Users/parthmac/Desktop/Projects/Flight Data Engineering/flight-env/lib/python3.12/site-packages/airflow/example_dags/example_params_ui_tutorial.py took 0.109 seconds
[2025-09-02T16:59:28.620+0530] {processor.py:186} INFO - Started process (PID=26436) to work on /Users/parthmac/Desktop/Projects/Flight Data Engineering/flight-env/lib/python3.12/site-packages/airflow/example_dags/example_params_ui_tutorial.py
[2025-09-02T16:59:28.621+0530] {processor.py:914} INFO - Processing file /Users/parthmac/Desktop/Projects/Flight Data Engineering/flight-env/lib/python3.12/site-packages/airflow/example_dags/example_params_ui_tutorial.py for tasks to queue
[2025-09-02T16:59:28.621+0530] {logging_mixin.py:190} INFO - [2025-09-02T16:59:28.621+0530] {dagbag.py:588} INFO - Filling up the DagBag from /Users/parthmac/Desktop/Projects/Flight Data Engineering/flight-env/lib/python3.12/site-packages/airflow/example_dags/example_params_ui_tutorial.py
[2025-09-02T16:59:28.634+0530] {processor.py:925} INFO - DAG(s) 'example_params_ui_tutorial' retrieved from /Users/parthmac/Desktop/Projects/Flight Data Engineering/flight-env/lib/python3.12/site-packages/airflow/example_dags/example_params_ui_tutorial.py
[2025-09-02T16:59:28.665+0530] {logging_mixin.py:190} INFO - [2025-09-02T16:59:28.665+0530] {dag.py:3239} INFO - Sync 1 DAGs
[2025-09-02T16:59:28.668+0530] {logging_mixin.py:190} INFO - [2025-09-02T16:59:28.668+0530] {dag.py:4180} INFO - Setting next_dagrun for example_params_ui_tutorial to None, run_after=None
[2025-09-02T16:59:28.674+0530] {processor.py:208} INFO - Processing /Users/parthmac/Desktop/Projects/Flight Data Engineering/flight-env/lib/python3.12/site-packages/airflow/example_dags/example_params_ui_tutorial.py took 0.055 seconds
[2025-09-02T17:05:51.592+0530] {processor.py:186} INFO - Started process (PID=27619) to work on /Users/parthmac/Desktop/Projects/Flight Data Engineering/flight-env/lib/python3.12/site-packages/airflow/example_dags/example_params_ui_tutorial.py
[2025-09-02T17:05:51.593+0530] {processor.py:914} INFO - Processing file /Users/parthmac/Desktop/Projects/Flight Data Engineering/flight-env/lib/python3.12/site-packages/airflow/example_dags/example_params_ui_tutorial.py for tasks to queue
[2025-09-02T17:05:51.593+0530] {logging_mixin.py:190} INFO - [2025-09-02T17:05:51.593+0530] {dagbag.py:588} INFO - Filling up the DagBag from /Users/parthmac/Desktop/Projects/Flight Data Engineering/flight-env/lib/python3.12/site-packages/airflow/example_dags/example_params_ui_tutorial.py
[2025-09-02T17:05:51.605+0530] {processor.py:925} INFO - DAG(s) 'example_params_ui_tutorial' retrieved from /Users/parthmac/Desktop/Projects/Flight Data Engineering/flight-env/lib/python3.12/site-packages/airflow/example_dags/example_params_ui_tutorial.py
[2025-09-02T17:05:51.635+0530] {logging_mixin.py:190} INFO - [2025-09-02T17:05:51.635+0530] {dag.py:3239} INFO - Sync 1 DAGs
[2025-09-02T17:05:51.637+0530] {logging_mixin.py:190} INFO - [2025-09-02T17:05:51.637+0530] {dag.py:4180} INFO - Setting next_dagrun for example_params_ui_tutorial to None, run_after=None
[2025-09-02T17:05:51.642+0530] {processor.py:208} INFO - Processing /Users/parthmac/Desktop/Projects/Flight Data Engineering/flight-env/lib/python3.12/site-packages/airflow/example_dags/example_params_ui_tutorial.py took 0.051 seconds
[2025-09-02T17:07:14.331+0530] {processor.py:186} INFO - Started process (PID=27700) to work on /Users/parthmac/Desktop/Projects/Flight Data Engineering/flight-env/lib/python3.12/site-packages/airflow/example_dags/example_params_ui_tutorial.py
[2025-09-02T17:07:14.332+0530] {processor.py:914} INFO - Processing file /Users/parthmac/Desktop/Projects/Flight Data Engineering/flight-env/lib/python3.12/site-packages/airflow/example_dags/example_params_ui_tutorial.py for tasks to queue
[2025-09-02T17:07:14.332+0530] {logging_mixin.py:190} INFO - [2025-09-02T17:07:14.332+0530] {dagbag.py:588} INFO - Filling up the DagBag from /Users/parthmac/Desktop/Projects/Flight Data Engineering/flight-env/lib/python3.12/site-packages/airflow/example_dags/example_params_ui_tutorial.py
[2025-09-02T17:07:14.344+0530] {processor.py:925} INFO - DAG(s) 'example_params_ui_tutorial' retrieved from /Users/parthmac/Desktop/Projects/Flight Data Engineering/flight-env/lib/python3.12/site-packages/airflow/example_dags/example_params_ui_tutorial.py
[2025-09-02T17:07:14.374+0530] {logging_mixin.py:190} INFO - [2025-09-02T17:07:14.374+0530] {dag.py:3239} INFO - Sync 1 DAGs
[2025-09-02T17:07:14.377+0530] {logging_mixin.py:190} INFO - [2025-09-02T17:07:14.377+0530] {dag.py:4180} INFO - Setting next_dagrun for example_params_ui_tutorial to None, run_after=None
[2025-09-02T17:07:14.382+0530] {processor.py:208} INFO - Processing /Users/parthmac/Desktop/Projects/Flight Data Engineering/flight-env/lib/python3.12/site-packages/airflow/example_dags/example_params_ui_tutorial.py took 0.051 seconds
[2025-09-02T17:42:48.357+0530] {processor.py:186} INFO - Started process (PID=31681) to work on /Users/parthmac/Desktop/Projects/Flight Data Engineering/flight-env/lib/python3.12/site-packages/airflow/example_dags/example_params_ui_tutorial.py
[2025-09-02T17:42:48.357+0530] {processor.py:914} INFO - Processing file /Users/parthmac/Desktop/Projects/Flight Data Engineering/flight-env/lib/python3.12/site-packages/airflow/example_dags/example_params_ui_tutorial.py for tasks to queue
[2025-09-02T17:42:48.358+0530] {logging_mixin.py:190} INFO - [2025-09-02T17:42:48.358+0530] {dagbag.py:588} INFO - Filling up the DagBag from /Users/parthmac/Desktop/Projects/Flight Data Engineering/flight-env/lib/python3.12/site-packages/airflow/example_dags/example_params_ui_tutorial.py
[2025-09-02T17:42:48.369+0530] {processor.py:925} INFO - DAG(s) 'example_params_ui_tutorial' retrieved from /Users/parthmac/Desktop/Projects/Flight Data Engineering/flight-env/lib/python3.12/site-packages/airflow/example_dags/example_params_ui_tutorial.py
[2025-09-02T17:42:48.398+0530] {logging_mixin.py:190} INFO - [2025-09-02T17:42:48.398+0530] {dag.py:3239} INFO - Sync 1 DAGs
[2025-09-02T17:42:48.401+0530] {logging_mixin.py:190} INFO - [2025-09-02T17:42:48.401+0530] {dag.py:4180} INFO - Setting next_dagrun for example_params_ui_tutorial to None, run_after=None
[2025-09-02T17:42:48.406+0530] {processor.py:208} INFO - Processing /Users/parthmac/Desktop/Projects/Flight Data Engineering/flight-env/lib/python3.12/site-packages/airflow/example_dags/example_params_ui_tutorial.py took 0.050 seconds
[2025-09-02T17:47:12.013+0530] {processor.py:186} INFO - Started process (PID=32637) to work on /Users/parthmac/Desktop/Projects/Flight Data Engineering/flight-env/lib/python3.12/site-packages/airflow/example_dags/example_params_ui_tutorial.py
[2025-09-02T17:47:12.013+0530] {processor.py:914} INFO - Processing file /Users/parthmac/Desktop/Projects/Flight Data Engineering/flight-env/lib/python3.12/site-packages/airflow/example_dags/example_params_ui_tutorial.py for tasks to queue
[2025-09-02T17:47:12.013+0530] {logging_mixin.py:190} INFO - [2025-09-02T17:47:12.013+0530] {dagbag.py:588} INFO - Filling up the DagBag from /Users/parthmac/Desktop/Projects/Flight Data Engineering/flight-env/lib/python3.12/site-packages/airflow/example_dags/example_params_ui_tutorial.py
[2025-09-02T17:47:12.025+0530] {processor.py:925} INFO - DAG(s) 'example_params_ui_tutorial' retrieved from /Users/parthmac/Desktop/Projects/Flight Data Engineering/flight-env/lib/python3.12/site-packages/airflow/example_dags/example_params_ui_tutorial.py
[2025-09-02T17:47:12.054+0530] {logging_mixin.py:190} INFO - [2025-09-02T17:47:12.054+0530] {dag.py:3239} INFO - Sync 1 DAGs
[2025-09-02T17:47:12.057+0530] {logging_mixin.py:190} INFO - [2025-09-02T17:47:12.057+0530] {dag.py:4180} INFO - Setting next_dagrun for example_params_ui_tutorial to None, run_after=None
[2025-09-02T17:47:12.061+0530] {processor.py:208} INFO - Processing /Users/parthmac/Desktop/Projects/Flight Data Engineering/flight-env/lib/python3.12/site-packages/airflow/example_dags/example_params_ui_tutorial.py took 0.049 seconds
[2025-09-02T17:48:35.546+0530] {processor.py:186} INFO - Started process (PID=32723) to work on /Users/parthmac/Desktop/Projects/Flight Data Engineering/flight-env/lib/python3.12/site-packages/airflow/example_dags/example_params_ui_tutorial.py
[2025-09-02T17:48:35.547+0530] {processor.py:914} INFO - Processing file /Users/parthmac/Desktop/Projects/Flight Data Engineering/flight-env/lib/python3.12/site-packages/airflow/example_dags/example_params_ui_tutorial.py for tasks to queue
[2025-09-02T17:48:35.547+0530] {logging_mixin.py:190} INFO - [2025-09-02T17:48:35.547+0530] {dagbag.py:588} INFO - Filling up the DagBag from /Users/parthmac/Desktop/Projects/Flight Data Engineering/flight-env/lib/python3.12/site-packages/airflow/example_dags/example_params_ui_tutorial.py
[2025-09-02T17:48:35.559+0530] {processor.py:925} INFO - DAG(s) 'example_params_ui_tutorial' retrieved from /Users/parthmac/Desktop/Projects/Flight Data Engineering/flight-env/lib/python3.12/site-packages/airflow/example_dags/example_params_ui_tutorial.py
[2025-09-02T17:48:35.589+0530] {logging_mixin.py:190} INFO - [2025-09-02T17:48:35.589+0530] {dag.py:3239} INFO - Sync 1 DAGs
[2025-09-02T17:48:35.592+0530] {logging_mixin.py:190} INFO - [2025-09-02T17:48:35.592+0530] {dag.py:4180} INFO - Setting next_dagrun for example_params_ui_tutorial to None, run_after=None
[2025-09-02T17:48:35.597+0530] {processor.py:208} INFO - Processing /Users/parthmac/Desktop/Projects/Flight Data Engineering/flight-env/lib/python3.12/site-packages/airflow/example_dags/example_params_ui_tutorial.py took 0.052 seconds
[2025-09-02T17:50:23.970+0530] {processor.py:186} INFO - Started process (PID=33162) to work on /Users/parthmac/Desktop/Projects/Flight Data Engineering/flight-env/lib/python3.12/site-packages/airflow/example_dags/example_params_ui_tutorial.py
[2025-09-02T17:50:23.971+0530] {processor.py:914} INFO - Processing file /Users/parthmac/Desktop/Projects/Flight Data Engineering/flight-env/lib/python3.12/site-packages/airflow/example_dags/example_params_ui_tutorial.py for tasks to queue
[2025-09-02T17:50:23.971+0530] {logging_mixin.py:190} INFO - [2025-09-02T17:50:23.971+0530] {dagbag.py:588} INFO - Filling up the DagBag from /Users/parthmac/Desktop/Projects/Flight Data Engineering/flight-env/lib/python3.12/site-packages/airflow/example_dags/example_params_ui_tutorial.py
[2025-09-02T17:50:23.983+0530] {processor.py:925} INFO - DAG(s) 'example_params_ui_tutorial' retrieved from /Users/parthmac/Desktop/Projects/Flight Data Engineering/flight-env/lib/python3.12/site-packages/airflow/example_dags/example_params_ui_tutorial.py
[2025-09-02T17:50:24.012+0530] {logging_mixin.py:190} INFO - [2025-09-02T17:50:24.012+0530] {dag.py:3239} INFO - Sync 1 DAGs
[2025-09-02T17:50:24.015+0530] {logging_mixin.py:190} INFO - [2025-09-02T17:50:24.015+0530] {dag.py:4180} INFO - Setting next_dagrun for example_params_ui_tutorial to None, run_after=None
[2025-09-02T17:50:24.020+0530] {processor.py:208} INFO - Processing /Users/parthmac/Desktop/Projects/Flight Data Engineering/flight-env/lib/python3.12/site-packages/airflow/example_dags/example_params_ui_tutorial.py took 0.050 seconds
