[2025-09-02T16:57:33.004+0530] {processor.py:186} INFO - Started process (PID=26325) to work on /Users/parthmac/Desktop/Projects/Flight Data Engineering/flight-env/lib/python3.12/site-packages/airflow/example_dags/example_time_delta_sensor_async.py
[2025-09-02T16:57:33.007+0530] {processor.py:914} INFO - Processing file /Users/parthmac/Desktop/Projects/Flight Data Engineering/flight-env/lib/python3.12/site-packages/airflow/example_dags/example_time_delta_sensor_async.py for tasks to queue
[2025-09-02T16:57:33.007+0530] {logging_mixin.py:190} INFO - [2025-09-02T16:57:33.007+0530] {dagbag.py:588} INFO - Filling up the DagBag from /Users/parthmac/Desktop/Projects/Flight Data Engineering/flight-env/lib/python3.12/site-packages/airflow/example_dags/example_time_delta_sensor_async.py
[2025-09-02T16:57:33.010+0530] {processor.py:925} INFO - DAG(s) 'example_time_delta_sensor_async' retrieved from /Users/parthmac/Desktop/Projects/Flight Data Engineering/flight-env/lib/python3.12/site-packages/airflow/example_dags/example_time_delta_sensor_async.py
[2025-09-02T16:57:33.258+0530] {logging_mixin.py:190} INFO - [2025-09-02T16:57:33.258+0530] {override.py:1900} INFO - Created Permission View: can edit on DAG:example_time_delta_sensor_async
[2025-09-02T16:57:33.261+0530] {logging_mixin.py:190} INFO - [2025-09-02T16:57:33.261+0530] {override.py:1900} INFO - Created Permission View: can delete on DAG:example_time_delta_sensor_async
[2025-09-02T16:57:33.262+0530] {logging_mixin.py:190} INFO - [2025-09-02T16:57:33.262+0530] {override.py:1900} INFO - Created Permission View: can read on DAG:example_time_delta_sensor_async
[2025-09-02T16:57:33.264+0530] {logging_mixin.py:190} INFO - [2025-09-02T16:57:33.264+0530] {override.py:1900} INFO - Created Permission View: menu access on DAG Run:example_time_delta_sensor_async
[2025-09-02T16:57:33.265+0530] {logging_mixin.py:190} INFO - [2025-09-02T16:57:33.265+0530] {override.py:1900} INFO - Created Permission View: can create on DAG Run:example_time_delta_sensor_async
[2025-09-02T16:57:33.266+0530] {logging_mixin.py:190} INFO - [2025-09-02T16:57:33.266+0530] {override.py:1900} INFO - Created Permission View: can delete on DAG Run:example_time_delta_sensor_async
[2025-09-02T16:57:33.267+0530] {logging_mixin.py:190} INFO - [2025-09-02T16:57:33.267+0530] {override.py:1900} INFO - Created Permission View: can read on DAG Run:example_time_delta_sensor_async
[2025-09-02T16:57:33.267+0530] {logging_mixin.py:190} INFO - [2025-09-02T16:57:33.267+0530] {dag.py:3239} INFO - Sync 1 DAGs
[2025-09-02T16:57:33.270+0530] {logging_mixin.py:190} INFO - [2025-09-02T16:57:33.270+0530] {dag.py:3262} INFO - Creating ORM DAG for example_time_delta_sensor_async
[2025-09-02T16:57:33.270+0530] {logging_mixin.py:190} INFO - [2025-09-02T16:57:33.270+0530] {dag.py:4180} INFO - Setting next_dagrun for example_time_delta_sensor_async to None, run_after=None
[2025-09-02T16:57:33.274+0530] {processor.py:208} INFO - Processing /Users/parthmac/Desktop/Projects/Flight Data Engineering/flight-env/lib/python3.12/site-packages/airflow/example_dags/example_time_delta_sensor_async.py took 0.274 seconds
[2025-09-02T16:59:04.099+0530] {processor.py:186} INFO - Started process (PID=26410) to work on /Users/parthmac/Desktop/Projects/Flight Data Engineering/flight-env/lib/python3.12/site-packages/airflow/example_dags/example_time_delta_sensor_async.py
[2025-09-02T16:59:04.100+0530] {processor.py:914} INFO - Processing file /Users/parthmac/Desktop/Projects/Flight Data Engineering/flight-env/lib/python3.12/site-packages/airflow/example_dags/example_time_delta_sensor_async.py for tasks to queue
[2025-09-02T16:59:04.100+0530] {logging_mixin.py:190} INFO - [2025-09-02T16:59:04.100+0530] {dagbag.py:588} INFO - Filling up the DagBag from /Users/parthmac/Desktop/Projects/Flight Data Engineering/flight-env/lib/python3.12/site-packages/airflow/example_dags/example_time_delta_sensor_async.py
[2025-09-02T16:59:04.103+0530] {processor.py:925} INFO - DAG(s) 'example_time_delta_sensor_async' retrieved from /Users/parthmac/Desktop/Projects/Flight Data Engineering/flight-env/lib/python3.12/site-packages/airflow/example_dags/example_time_delta_sensor_async.py
[2025-09-02T16:59:04.330+0530] {logging_mixin.py:190} INFO - [2025-09-02T16:59:04.330+0530] {dag.py:3239} INFO - Sync 1 DAGs
[2025-09-02T16:59:04.334+0530] {logging_mixin.py:190} INFO - [2025-09-02T16:59:04.334+0530] {dag.py:4180} INFO - Setting next_dagrun for example_time_delta_sensor_async to None, run_after=None
[2025-09-02T16:59:04.339+0530] {processor.py:208} INFO - Processing /Users/parthmac/Desktop/Projects/Flight Data Engineering/flight-env/lib/python3.12/site-packages/airflow/example_dags/example_time_delta_sensor_async.py took 0.241 seconds
[2025-09-02T17:05:27.471+0530] {processor.py:186} INFO - Started process (PID=27588) to work on /Users/parthmac/Desktop/Projects/Flight Data Engineering/flight-env/lib/python3.12/site-packages/airflow/example_dags/example_time_delta_sensor_async.py
[2025-09-02T17:05:27.472+0530] {processor.py:914} INFO - Processing file /Users/parthmac/Desktop/Projects/Flight Data Engineering/flight-env/lib/python3.12/site-packages/airflow/example_dags/example_time_delta_sensor_async.py for tasks to queue
[2025-09-02T17:05:27.472+0530] {logging_mixin.py:190} INFO - [2025-09-02T17:05:27.472+0530] {dagbag.py:588} INFO - Filling up the DagBag from /Users/parthmac/Desktop/Projects/Flight Data Engineering/flight-env/lib/python3.12/site-packages/airflow/example_dags/example_time_delta_sensor_async.py
[2025-09-02T17:05:27.474+0530] {processor.py:925} INFO - DAG(s) 'example_time_delta_sensor_async' retrieved from /Users/parthmac/Desktop/Projects/Flight Data Engineering/flight-env/lib/python3.12/site-packages/airflow/example_dags/example_time_delta_sensor_async.py
[2025-09-02T17:05:27.689+0530] {logging_mixin.py:190} INFO - [2025-09-02T17:05:27.689+0530] {dag.py:3239} INFO - Sync 1 DAGs
[2025-09-02T17:05:27.692+0530] {logging_mixin.py:190} INFO - [2025-09-02T17:05:27.692+0530] {dag.py:4180} INFO - Setting next_dagrun for example_time_delta_sensor_async to None, run_after=None
[2025-09-02T17:05:27.697+0530] {processor.py:208} INFO - Processing /Users/parthmac/Desktop/Projects/Flight Data Engineering/flight-env/lib/python3.12/site-packages/airflow/example_dags/example_time_delta_sensor_async.py took 0.227 seconds
[2025-09-02T17:06:51.994+0530] {processor.py:186} INFO - Started process (PID=27672) to work on /Users/parthmac/Desktop/Projects/Flight Data Engineering/flight-env/lib/python3.12/site-packages/airflow/example_dags/example_time_delta_sensor_async.py
[2025-09-02T17:06:51.995+0530] {processor.py:914} INFO - Processing file /Users/parthmac/Desktop/Projects/Flight Data Engineering/flight-env/lib/python3.12/site-packages/airflow/example_dags/example_time_delta_sensor_async.py for tasks to queue
[2025-09-02T17:06:51.995+0530] {logging_mixin.py:190} INFO - [2025-09-02T17:06:51.995+0530] {dagbag.py:588} INFO - Filling up the DagBag from /Users/parthmac/Desktop/Projects/Flight Data Engineering/flight-env/lib/python3.12/site-packages/airflow/example_dags/example_time_delta_sensor_async.py
[2025-09-02T17:06:51.998+0530] {processor.py:925} INFO - DAG(s) 'example_time_delta_sensor_async' retrieved from /Users/parthmac/Desktop/Projects/Flight Data Engineering/flight-env/lib/python3.12/site-packages/airflow/example_dags/example_time_delta_sensor_async.py
[2025-09-02T17:06:52.224+0530] {logging_mixin.py:190} INFO - [2025-09-02T17:06:52.224+0530] {dag.py:3239} INFO - Sync 1 DAGs
[2025-09-02T17:06:52.227+0530] {logging_mixin.py:190} INFO - [2025-09-02T17:06:52.227+0530] {dag.py:4180} INFO - Setting next_dagrun for example_time_delta_sensor_async to None, run_after=None
[2025-09-02T17:06:52.232+0530] {processor.py:208} INFO - Processing /Users/parthmac/Desktop/Projects/Flight Data Engineering/flight-env/lib/python3.12/site-packages/airflow/example_dags/example_time_delta_sensor_async.py took 0.239 seconds
[2025-09-02T17:07:45.230+0530] {processor.py:186} INFO - Started process (PID=27746) to work on /Users/parthmac/Desktop/Projects/Flight Data Engineering/flight-env/lib/python3.12/site-packages/airflow/example_dags/example_time_delta_sensor_async.py
[2025-09-02T17:07:45.231+0530] {processor.py:914} INFO - Processing file /Users/parthmac/Desktop/Projects/Flight Data Engineering/flight-env/lib/python3.12/site-packages/airflow/example_dags/example_time_delta_sensor_async.py for tasks to queue
[2025-09-02T17:07:45.231+0530] {logging_mixin.py:190} INFO - [2025-09-02T17:07:45.231+0530] {dagbag.py:588} INFO - Filling up the DagBag from /Users/parthmac/Desktop/Projects/Flight Data Engineering/flight-env/lib/python3.12/site-packages/airflow/example_dags/example_time_delta_sensor_async.py
[2025-09-02T17:07:45.234+0530] {processor.py:925} INFO - DAG(s) 'example_time_delta_sensor_async' retrieved from /Users/parthmac/Desktop/Projects/Flight Data Engineering/flight-env/lib/python3.12/site-packages/airflow/example_dags/example_time_delta_sensor_async.py
[2025-09-02T17:07:45.458+0530] {logging_mixin.py:190} INFO - [2025-09-02T17:07:45.458+0530] {dag.py:3239} INFO - Sync 1 DAGs
[2025-09-02T17:07:45.461+0530] {logging_mixin.py:190} INFO - [2025-09-02T17:07:45.461+0530] {dag.py:4180} INFO - Setting next_dagrun for example_time_delta_sensor_async to None, run_after=None
[2025-09-02T17:07:45.466+0530] {processor.py:208} INFO - Processing /Users/parthmac/Desktop/Projects/Flight Data Engineering/flight-env/lib/python3.12/site-packages/airflow/example_dags/example_time_delta_sensor_async.py took 0.237 seconds
[2025-09-02T17:42:24.287+0530] {processor.py:186} INFO - Started process (PID=31601) to work on /Users/parthmac/Desktop/Projects/Flight Data Engineering/flight-env/lib/python3.12/site-packages/airflow/example_dags/example_time_delta_sensor_async.py
[2025-09-02T17:42:24.287+0530] {processor.py:914} INFO - Processing file /Users/parthmac/Desktop/Projects/Flight Data Engineering/flight-env/lib/python3.12/site-packages/airflow/example_dags/example_time_delta_sensor_async.py for tasks to queue
[2025-09-02T17:42:24.288+0530] {logging_mixin.py:190} INFO - [2025-09-02T17:42:24.288+0530] {dagbag.py:588} INFO - Filling up the DagBag from /Users/parthmac/Desktop/Projects/Flight Data Engineering/flight-env/lib/python3.12/site-packages/airflow/example_dags/example_time_delta_sensor_async.py
[2025-09-02T17:42:24.289+0530] {processor.py:925} INFO - DAG(s) 'example_time_delta_sensor_async' retrieved from /Users/parthmac/Desktop/Projects/Flight Data Engineering/flight-env/lib/python3.12/site-packages/airflow/example_dags/example_time_delta_sensor_async.py
[2025-09-02T17:42:24.501+0530] {logging_mixin.py:190} INFO - [2025-09-02T17:42:24.501+0530] {dag.py:3239} INFO - Sync 1 DAGs
[2025-09-02T17:42:24.504+0530] {logging_mixin.py:190} INFO - [2025-09-02T17:42:24.504+0530] {dag.py:4180} INFO - Setting next_dagrun for example_time_delta_sensor_async to None, run_after=None
[2025-09-02T17:42:24.509+0530] {processor.py:208} INFO - Processing /Users/parthmac/Desktop/Projects/Flight Data Engineering/flight-env/lib/python3.12/site-packages/airflow/example_dags/example_time_delta_sensor_async.py took 0.223 seconds
[2025-09-02T17:43:49.262+0530] {processor.py:186} INFO - Started process (PID=31741) to work on /Users/parthmac/Desktop/Projects/Flight Data Engineering/flight-env/lib/python3.12/site-packages/airflow/example_dags/example_time_delta_sensor_async.py
[2025-09-02T17:43:49.262+0530] {processor.py:914} INFO - Processing file /Users/parthmac/Desktop/Projects/Flight Data Engineering/flight-env/lib/python3.12/site-packages/airflow/example_dags/example_time_delta_sensor_async.py for tasks to queue
[2025-09-02T17:43:49.262+0530] {logging_mixin.py:190} INFO - [2025-09-02T17:43:49.262+0530] {dagbag.py:588} INFO - Filling up the DagBag from /Users/parthmac/Desktop/Projects/Flight Data Engineering/flight-env/lib/python3.12/site-packages/airflow/example_dags/example_time_delta_sensor_async.py
[2025-09-02T17:43:49.264+0530] {processor.py:925} INFO - DAG(s) 'example_time_delta_sensor_async' retrieved from /Users/parthmac/Desktop/Projects/Flight Data Engineering/flight-env/lib/python3.12/site-packages/airflow/example_dags/example_time_delta_sensor_async.py
[2025-09-02T17:43:49.481+0530] {logging_mixin.py:190} INFO - [2025-09-02T17:43:49.481+0530] {dag.py:3239} INFO - Sync 1 DAGs
[2025-09-02T17:43:49.484+0530] {logging_mixin.py:190} INFO - [2025-09-02T17:43:49.484+0530] {dag.py:4180} INFO - Setting next_dagrun for example_time_delta_sensor_async to None, run_after=None
[2025-09-02T17:43:49.489+0530] {processor.py:208} INFO - Processing /Users/parthmac/Desktop/Projects/Flight Data Engineering/flight-env/lib/python3.12/site-packages/airflow/example_dags/example_time_delta_sensor_async.py took 0.228 seconds
[2025-09-02T17:46:49.827+0530] {processor.py:186} INFO - Started process (PID=32579) to work on /Users/parthmac/Desktop/Projects/Flight Data Engineering/flight-env/lib/python3.12/site-packages/airflow/example_dags/example_time_delta_sensor_async.py
[2025-09-02T17:46:49.828+0530] {processor.py:914} INFO - Processing file /Users/parthmac/Desktop/Projects/Flight Data Engineering/flight-env/lib/python3.12/site-packages/airflow/example_dags/example_time_delta_sensor_async.py for tasks to queue
[2025-09-02T17:46:49.828+0530] {logging_mixin.py:190} INFO - [2025-09-02T17:46:49.828+0530] {dagbag.py:588} INFO - Filling up the DagBag from /Users/parthmac/Desktop/Projects/Flight Data Engineering/flight-env/lib/python3.12/site-packages/airflow/example_dags/example_time_delta_sensor_async.py
[2025-09-02T17:46:49.830+0530] {processor.py:925} INFO - DAG(s) 'example_time_delta_sensor_async' retrieved from /Users/parthmac/Desktop/Projects/Flight Data Engineering/flight-env/lib/python3.12/site-packages/airflow/example_dags/example_time_delta_sensor_async.py
[2025-09-02T17:46:50.046+0530] {logging_mixin.py:190} INFO - [2025-09-02T17:46:50.046+0530] {dag.py:3239} INFO - Sync 1 DAGs
[2025-09-02T17:46:50.049+0530] {logging_mixin.py:190} INFO - [2025-09-02T17:46:50.049+0530] {dag.py:4180} INFO - Setting next_dagrun for example_time_delta_sensor_async to None, run_after=None
[2025-09-02T17:46:50.054+0530] {processor.py:208} INFO - Processing /Users/parthmac/Desktop/Projects/Flight Data Engineering/flight-env/lib/python3.12/site-packages/airflow/example_dags/example_time_delta_sensor_async.py took 0.228 seconds
[2025-09-02T17:48:14.088+0530] {processor.py:186} INFO - Started process (PID=32692) to work on /Users/parthmac/Desktop/Projects/Flight Data Engineering/flight-env/lib/python3.12/site-packages/airflow/example_dags/example_time_delta_sensor_async.py
[2025-09-02T17:48:14.089+0530] {processor.py:914} INFO - Processing file /Users/parthmac/Desktop/Projects/Flight Data Engineering/flight-env/lib/python3.12/site-packages/airflow/example_dags/example_time_delta_sensor_async.py for tasks to queue
[2025-09-02T17:48:14.089+0530] {logging_mixin.py:190} INFO - [2025-09-02T17:48:14.089+0530] {dagbag.py:588} INFO - Filling up the DagBag from /Users/parthmac/Desktop/Projects/Flight Data Engineering/flight-env/lib/python3.12/site-packages/airflow/example_dags/example_time_delta_sensor_async.py
[2025-09-02T17:48:14.091+0530] {processor.py:925} INFO - DAG(s) 'example_time_delta_sensor_async' retrieved from /Users/parthmac/Desktop/Projects/Flight Data Engineering/flight-env/lib/python3.12/site-packages/airflow/example_dags/example_time_delta_sensor_async.py
[2025-09-02T17:48:14.314+0530] {logging_mixin.py:190} INFO - [2025-09-02T17:48:14.314+0530] {dag.py:3239} INFO - Sync 1 DAGs
[2025-09-02T17:48:14.317+0530] {logging_mixin.py:190} INFO - [2025-09-02T17:48:14.317+0530] {dag.py:4180} INFO - Setting next_dagrun for example_time_delta_sensor_async to None, run_after=None
[2025-09-02T17:48:14.322+0530] {processor.py:208} INFO - Processing /Users/parthmac/Desktop/Projects/Flight Data Engineering/flight-env/lib/python3.12/site-packages/airflow/example_dags/example_time_delta_sensor_async.py took 0.235 seconds
[2025-09-02T17:50:02.680+0530] {processor.py:186} INFO - Started process (PID=33132) to work on /Users/parthmac/Desktop/Projects/Flight Data Engineering/flight-env/lib/python3.12/site-packages/airflow/example_dags/example_time_delta_sensor_async.py
[2025-09-02T17:50:02.680+0530] {processor.py:914} INFO - Processing file /Users/parthmac/Desktop/Projects/Flight Data Engineering/flight-env/lib/python3.12/site-packages/airflow/example_dags/example_time_delta_sensor_async.py for tasks to queue
[2025-09-02T17:50:02.680+0530] {logging_mixin.py:190} INFO - [2025-09-02T17:50:02.680+0530] {dagbag.py:588} INFO - Filling up the DagBag from /Users/parthmac/Desktop/Projects/Flight Data Engineering/flight-env/lib/python3.12/site-packages/airflow/example_dags/example_time_delta_sensor_async.py
[2025-09-02T17:50:02.682+0530] {processor.py:925} INFO - DAG(s) 'example_time_delta_sensor_async' retrieved from /Users/parthmac/Desktop/Projects/Flight Data Engineering/flight-env/lib/python3.12/site-packages/airflow/example_dags/example_time_delta_sensor_async.py
[2025-09-02T17:50:02.902+0530] {logging_mixin.py:190} INFO - [2025-09-02T17:50:02.902+0530] {dag.py:3239} INFO - Sync 1 DAGs
[2025-09-02T17:50:02.905+0530] {logging_mixin.py:190} INFO - [2025-09-02T17:50:02.905+0530] {dag.py:4180} INFO - Setting next_dagrun for example_time_delta_sensor_async to None, run_after=None
[2025-09-02T17:50:02.910+0530] {processor.py:208} INFO - Processing /Users/parthmac/Desktop/Projects/Flight Data Engineering/flight-env/lib/python3.12/site-packages/airflow/example_dags/example_time_delta_sensor_async.py took 0.231 seconds
[2025-09-02T17:54:29.134+0530] {processor.py:186} INFO - Started process (PID=34767) to work on /Users/parthmac/Desktop/Projects/Flight Data Engineering/flight-env/lib/python3.12/site-packages/airflow/example_dags/example_time_delta_sensor_async.py
[2025-09-02T17:54:29.135+0530] {processor.py:914} INFO - Processing file /Users/parthmac/Desktop/Projects/Flight Data Engineering/flight-env/lib/python3.12/site-packages/airflow/example_dags/example_time_delta_sensor_async.py for tasks to queue
[2025-09-02T17:54:29.135+0530] {logging_mixin.py:190} INFO - [2025-09-02T17:54:29.135+0530] {dagbag.py:588} INFO - Filling up the DagBag from /Users/parthmac/Desktop/Projects/Flight Data Engineering/flight-env/lib/python3.12/site-packages/airflow/example_dags/example_time_delta_sensor_async.py
[2025-09-02T17:54:29.137+0530] {processor.py:925} INFO - DAG(s) 'example_time_delta_sensor_async' retrieved from /Users/parthmac/Desktop/Projects/Flight Data Engineering/flight-env/lib/python3.12/site-packages/airflow/example_dags/example_time_delta_sensor_async.py
[2025-09-02T17:54:29.363+0530] {logging_mixin.py:190} INFO - [2025-09-02T17:54:29.363+0530] {dag.py:3239} INFO - Sync 1 DAGs
[2025-09-02T17:54:29.366+0530] {logging_mixin.py:190} INFO - [2025-09-02T17:54:29.366+0530] {dag.py:4180} INFO - Setting next_dagrun for example_time_delta_sensor_async to None, run_after=None
[2025-09-02T17:54:29.371+0530] {processor.py:208} INFO - Processing /Users/parthmac/Desktop/Projects/Flight Data Engineering/flight-env/lib/python3.12/site-packages/airflow/example_dags/example_time_delta_sensor_async.py took 0.238 seconds
