[2025-09-02T16:57:52.185+0530] {processor.py:186} INFO - Started process (PID=26352) to work on /Users/parthmac/Desktop/Projects/Flight Data Engineering/flight-env/lib/python3.12/site-packages/airflow/example_dags/example_sensor_decorator.py
[2025-09-02T16:57:52.186+0530] {processor.py:914} INFO - Processing file /Users/parthmac/Desktop/Projects/Flight Data Engineering/flight-env/lib/python3.12/site-packages/airflow/example_dags/example_sensor_decorator.py for tasks to queue
[2025-09-02T16:57:52.186+0530] {logging_mixin.py:190} INFO - [2025-09-02T16:57:52.186+0530] {dagbag.py:588} INFO - Filling up the DagBag from /Users/parthmac/Desktop/Projects/Flight Data Engineering/flight-env/lib/python3.12/site-packages/airflow/example_dags/example_sensor_decorator.py
[2025-09-02T16:57:52.198+0530] {processor.py:925} INFO - DAG(s) 'example_sensor_decorator' retrieved from /Users/parthmac/Desktop/Projects/Flight Data Engineering/flight-env/lib/python3.12/site-packages/airflow/example_dags/example_sensor_decorator.py
[2025-09-02T16:57:52.444+0530] {logging_mixin.py:190} INFO - [2025-09-02T16:57:52.444+0530] {override.py:1900} INFO - Created Permission View: can edit on DAG:example_sensor_decorator
[2025-09-02T16:57:52.446+0530] {logging_mixin.py:190} INFO - [2025-09-02T16:57:52.446+0530] {override.py:1900} INFO - Created Permission View: can read on DAG:example_sensor_decorator
[2025-09-02T16:57:52.448+0530] {logging_mixin.py:190} INFO - [2025-09-02T16:57:52.448+0530] {override.py:1900} INFO - Created Permission View: can delete on DAG:example_sensor_decorator
[2025-09-02T16:57:52.450+0530] {logging_mixin.py:190} INFO - [2025-09-02T16:57:52.449+0530] {override.py:1900} INFO - Created Permission View: can create on DAG Run:example_sensor_decorator
[2025-09-02T16:57:52.451+0530] {logging_mixin.py:190} INFO - [2025-09-02T16:57:52.451+0530] {override.py:1900} INFO - Created Permission View: can read on DAG Run:example_sensor_decorator
[2025-09-02T16:57:52.452+0530] {logging_mixin.py:190} INFO - [2025-09-02T16:57:52.452+0530] {override.py:1900} INFO - Created Permission View: can delete on DAG Run:example_sensor_decorator
[2025-09-02T16:57:52.453+0530] {logging_mixin.py:190} INFO - [2025-09-02T16:57:52.453+0530] {override.py:1900} INFO - Created Permission View: menu access on DAG Run:example_sensor_decorator
[2025-09-02T16:57:52.453+0530] {logging_mixin.py:190} INFO - [2025-09-02T16:57:52.453+0530] {dag.py:3239} INFO - Sync 1 DAGs
[2025-09-02T16:57:52.457+0530] {logging_mixin.py:190} INFO - [2025-09-02T16:57:52.457+0530] {dag.py:3262} INFO - Creating ORM DAG for example_sensor_decorator
[2025-09-02T16:57:52.457+0530] {logging_mixin.py:190} INFO - [2025-09-02T16:57:52.457+0530] {dag.py:4180} INFO - Setting next_dagrun for example_sensor_decorator to None, run_after=None
[2025-09-02T16:57:52.461+0530] {processor.py:208} INFO - Processing /Users/parthmac/Desktop/Projects/Flight Data Engineering/flight-env/lib/python3.12/site-packages/airflow/example_dags/example_sensor_decorator.py took 0.277 seconds
[2025-09-02T16:59:21.745+0530] {processor.py:186} INFO - Started process (PID=26428) to work on /Users/parthmac/Desktop/Projects/Flight Data Engineering/flight-env/lib/python3.12/site-packages/airflow/example_dags/example_sensor_decorator.py
[2025-09-02T16:59:21.746+0530] {processor.py:914} INFO - Processing file /Users/parthmac/Desktop/Projects/Flight Data Engineering/flight-env/lib/python3.12/site-packages/airflow/example_dags/example_sensor_decorator.py for tasks to queue
[2025-09-02T16:59:21.746+0530] {logging_mixin.py:190} INFO - [2025-09-02T16:59:21.746+0530] {dagbag.py:588} INFO - Filling up the DagBag from /Users/parthmac/Desktop/Projects/Flight Data Engineering/flight-env/lib/python3.12/site-packages/airflow/example_dags/example_sensor_decorator.py
[2025-09-02T16:59:21.759+0530] {processor.py:925} INFO - DAG(s) 'example_sensor_decorator' retrieved from /Users/parthmac/Desktop/Projects/Flight Data Engineering/flight-env/lib/python3.12/site-packages/airflow/example_dags/example_sensor_decorator.py
[2025-09-02T16:59:22.001+0530] {logging_mixin.py:190} INFO - [2025-09-02T16:59:22.001+0530] {dag.py:3239} INFO - Sync 1 DAGs
[2025-09-02T16:59:22.004+0530] {logging_mixin.py:190} INFO - [2025-09-02T16:59:22.004+0530] {dag.py:4180} INFO - Setting next_dagrun for example_sensor_decorator to None, run_after=None
[2025-09-02T16:59:22.012+0530] {processor.py:208} INFO - Processing /Users/parthmac/Desktop/Projects/Flight Data Engineering/flight-env/lib/python3.12/site-packages/airflow/example_dags/example_sensor_decorator.py took 0.268 seconds
[2025-09-02T17:05:44.961+0530] {processor.py:186} INFO - Started process (PID=27615) to work on /Users/parthmac/Desktop/Projects/Flight Data Engineering/flight-env/lib/python3.12/site-packages/airflow/example_dags/example_sensor_decorator.py
[2025-09-02T17:05:44.962+0530] {processor.py:914} INFO - Processing file /Users/parthmac/Desktop/Projects/Flight Data Engineering/flight-env/lib/python3.12/site-packages/airflow/example_dags/example_sensor_decorator.py for tasks to queue
[2025-09-02T17:05:44.962+0530] {logging_mixin.py:190} INFO - [2025-09-02T17:05:44.962+0530] {dagbag.py:588} INFO - Filling up the DagBag from /Users/parthmac/Desktop/Projects/Flight Data Engineering/flight-env/lib/python3.12/site-packages/airflow/example_dags/example_sensor_decorator.py
[2025-09-02T17:05:44.973+0530] {processor.py:925} INFO - DAG(s) 'example_sensor_decorator' retrieved from /Users/parthmac/Desktop/Projects/Flight Data Engineering/flight-env/lib/python3.12/site-packages/airflow/example_dags/example_sensor_decorator.py
[2025-09-02T17:05:45.190+0530] {logging_mixin.py:190} INFO - [2025-09-02T17:05:45.190+0530] {dag.py:3239} INFO - Sync 1 DAGs
[2025-09-02T17:05:45.192+0530] {logging_mixin.py:190} INFO - [2025-09-02T17:05:45.192+0530] {dag.py:4180} INFO - Setting next_dagrun for example_sensor_decorator to None, run_after=None
[2025-09-02T17:05:45.197+0530] {processor.py:208} INFO - Processing /Users/parthmac/Desktop/Projects/Flight Data Engineering/flight-env/lib/python3.12/site-packages/airflow/example_dags/example_sensor_decorator.py took 0.237 seconds
[2025-09-02T17:07:08.476+0530] {processor.py:186} INFO - Started process (PID=27695) to work on /Users/parthmac/Desktop/Projects/Flight Data Engineering/flight-env/lib/python3.12/site-packages/airflow/example_dags/example_sensor_decorator.py
[2025-09-02T17:07:08.477+0530] {processor.py:914} INFO - Processing file /Users/parthmac/Desktop/Projects/Flight Data Engineering/flight-env/lib/python3.12/site-packages/airflow/example_dags/example_sensor_decorator.py for tasks to queue
[2025-09-02T17:07:08.477+0530] {logging_mixin.py:190} INFO - [2025-09-02T17:07:08.477+0530] {dagbag.py:588} INFO - Filling up the DagBag from /Users/parthmac/Desktop/Projects/Flight Data Engineering/flight-env/lib/python3.12/site-packages/airflow/example_dags/example_sensor_decorator.py
[2025-09-02T17:07:08.489+0530] {processor.py:925} INFO - DAG(s) 'example_sensor_decorator' retrieved from /Users/parthmac/Desktop/Projects/Flight Data Engineering/flight-env/lib/python3.12/site-packages/airflow/example_dags/example_sensor_decorator.py
[2025-09-02T17:07:08.708+0530] {logging_mixin.py:190} INFO - [2025-09-02T17:07:08.708+0530] {dag.py:3239} INFO - Sync 1 DAGs
[2025-09-02T17:07:08.711+0530] {logging_mixin.py:190} INFO - [2025-09-02T17:07:08.711+0530] {dag.py:4180} INFO - Setting next_dagrun for example_sensor_decorator to None, run_after=None
[2025-09-02T17:07:08.716+0530] {processor.py:208} INFO - Processing /Users/parthmac/Desktop/Projects/Flight Data Engineering/flight-env/lib/python3.12/site-packages/airflow/example_dags/example_sensor_decorator.py took 0.241 seconds
[2025-09-02T17:42:42.498+0530] {processor.py:186} INFO - Started process (PID=31673) to work on /Users/parthmac/Desktop/Projects/Flight Data Engineering/flight-env/lib/python3.12/site-packages/airflow/example_dags/example_sensor_decorator.py
[2025-09-02T17:42:42.499+0530] {processor.py:914} INFO - Processing file /Users/parthmac/Desktop/Projects/Flight Data Engineering/flight-env/lib/python3.12/site-packages/airflow/example_dags/example_sensor_decorator.py for tasks to queue
[2025-09-02T17:42:42.499+0530] {logging_mixin.py:190} INFO - [2025-09-02T17:42:42.499+0530] {dagbag.py:588} INFO - Filling up the DagBag from /Users/parthmac/Desktop/Projects/Flight Data Engineering/flight-env/lib/python3.12/site-packages/airflow/example_dags/example_sensor_decorator.py
[2025-09-02T17:42:42.510+0530] {processor.py:925} INFO - DAG(s) 'example_sensor_decorator' retrieved from /Users/parthmac/Desktop/Projects/Flight Data Engineering/flight-env/lib/python3.12/site-packages/airflow/example_dags/example_sensor_decorator.py
[2025-09-02T17:42:42.731+0530] {logging_mixin.py:190} INFO - [2025-09-02T17:42:42.731+0530] {dag.py:3239} INFO - Sync 1 DAGs
[2025-09-02T17:42:42.734+0530] {logging_mixin.py:190} INFO - [2025-09-02T17:42:42.734+0530] {dag.py:4180} INFO - Setting next_dagrun for example_sensor_decorator to None, run_after=None
[2025-09-02T17:42:42.739+0530] {processor.py:208} INFO - Processing /Users/parthmac/Desktop/Projects/Flight Data Engineering/flight-env/lib/python3.12/site-packages/airflow/example_dags/example_sensor_decorator.py took 0.242 seconds
[2025-09-02T17:44:05.787+0530] {processor.py:186} INFO - Started process (PID=31755) to work on /Users/parthmac/Desktop/Projects/Flight Data Engineering/flight-env/lib/python3.12/site-packages/airflow/example_dags/example_sensor_decorator.py
[2025-09-02T17:44:05.787+0530] {processor.py:914} INFO - Processing file /Users/parthmac/Desktop/Projects/Flight Data Engineering/flight-env/lib/python3.12/site-packages/airflow/example_dags/example_sensor_decorator.py for tasks to queue
[2025-09-02T17:44:05.787+0530] {logging_mixin.py:190} INFO - [2025-09-02T17:44:05.787+0530] {dagbag.py:588} INFO - Filling up the DagBag from /Users/parthmac/Desktop/Projects/Flight Data Engineering/flight-env/lib/python3.12/site-packages/airflow/example_dags/example_sensor_decorator.py
[2025-09-02T17:44:05.799+0530] {processor.py:925} INFO - DAG(s) 'example_sensor_decorator' retrieved from /Users/parthmac/Desktop/Projects/Flight Data Engineering/flight-env/lib/python3.12/site-packages/airflow/example_dags/example_sensor_decorator.py
[2025-09-02T17:44:06.021+0530] {logging_mixin.py:190} INFO - [2025-09-02T17:44:06.021+0530] {dag.py:3239} INFO - Sync 1 DAGs
[2025-09-02T17:44:06.024+0530] {logging_mixin.py:190} INFO - [2025-09-02T17:44:06.024+0530] {dag.py:4180} INFO - Setting next_dagrun for example_sensor_decorator to None, run_after=None
[2025-09-02T17:44:06.030+0530] {processor.py:208} INFO - Processing /Users/parthmac/Desktop/Projects/Flight Data Engineering/flight-env/lib/python3.12/site-packages/airflow/example_dags/example_sensor_decorator.py took 0.244 seconds
[2025-09-02T17:47:06.234+0530] {processor.py:186} INFO - Started process (PID=32633) to work on /Users/parthmac/Desktop/Projects/Flight Data Engineering/flight-env/lib/python3.12/site-packages/airflow/example_dags/example_sensor_decorator.py
[2025-09-02T17:47:06.234+0530] {processor.py:914} INFO - Processing file /Users/parthmac/Desktop/Projects/Flight Data Engineering/flight-env/lib/python3.12/site-packages/airflow/example_dags/example_sensor_decorator.py for tasks to queue
[2025-09-02T17:47:06.235+0530] {logging_mixin.py:190} INFO - [2025-09-02T17:47:06.235+0530] {dagbag.py:588} INFO - Filling up the DagBag from /Users/parthmac/Desktop/Projects/Flight Data Engineering/flight-env/lib/python3.12/site-packages/airflow/example_dags/example_sensor_decorator.py
[2025-09-02T17:47:06.246+0530] {processor.py:925} INFO - DAG(s) 'example_sensor_decorator' retrieved from /Users/parthmac/Desktop/Projects/Flight Data Engineering/flight-env/lib/python3.12/site-packages/airflow/example_dags/example_sensor_decorator.py
[2025-09-02T17:47:06.470+0530] {logging_mixin.py:190} INFO - [2025-09-02T17:47:06.470+0530] {dag.py:3239} INFO - Sync 1 DAGs
[2025-09-02T17:47:06.473+0530] {logging_mixin.py:190} INFO - [2025-09-02T17:47:06.473+0530] {dag.py:4180} INFO - Setting next_dagrun for example_sensor_decorator to None, run_after=None
[2025-09-02T17:47:06.478+0530] {processor.py:208} INFO - Processing /Users/parthmac/Desktop/Projects/Flight Data Engineering/flight-env/lib/python3.12/site-packages/airflow/example_dags/example_sensor_decorator.py took 0.245 seconds
[2025-09-02T17:48:29.884+0530] {processor.py:186} INFO - Started process (PID=32718) to work on /Users/parthmac/Desktop/Projects/Flight Data Engineering/flight-env/lib/python3.12/site-packages/airflow/example_dags/example_sensor_decorator.py
[2025-09-02T17:48:29.884+0530] {processor.py:914} INFO - Processing file /Users/parthmac/Desktop/Projects/Flight Data Engineering/flight-env/lib/python3.12/site-packages/airflow/example_dags/example_sensor_decorator.py for tasks to queue
[2025-09-02T17:48:29.884+0530] {logging_mixin.py:190} INFO - [2025-09-02T17:48:29.884+0530] {dagbag.py:588} INFO - Filling up the DagBag from /Users/parthmac/Desktop/Projects/Flight Data Engineering/flight-env/lib/python3.12/site-packages/airflow/example_dags/example_sensor_decorator.py
[2025-09-02T17:48:29.896+0530] {processor.py:925} INFO - DAG(s) 'example_sensor_decorator' retrieved from /Users/parthmac/Desktop/Projects/Flight Data Engineering/flight-env/lib/python3.12/site-packages/airflow/example_dags/example_sensor_decorator.py
[2025-09-02T17:48:30.116+0530] {logging_mixin.py:190} INFO - [2025-09-02T17:48:30.116+0530] {dag.py:3239} INFO - Sync 1 DAGs
[2025-09-02T17:48:30.119+0530] {logging_mixin.py:190} INFO - [2025-09-02T17:48:30.119+0530] {dag.py:4180} INFO - Setting next_dagrun for example_sensor_decorator to None, run_after=None
[2025-09-02T17:48:30.124+0530] {processor.py:208} INFO - Processing /Users/parthmac/Desktop/Projects/Flight Data Engineering/flight-env/lib/python3.12/site-packages/airflow/example_dags/example_sensor_decorator.py took 0.241 seconds
[2025-09-02T17:50:18.137+0530] {processor.py:186} INFO - Started process (PID=33145) to work on /Users/parthmac/Desktop/Projects/Flight Data Engineering/flight-env/lib/python3.12/site-packages/airflow/example_dags/example_sensor_decorator.py
[2025-09-02T17:50:18.138+0530] {processor.py:914} INFO - Processing file /Users/parthmac/Desktop/Projects/Flight Data Engineering/flight-env/lib/python3.12/site-packages/airflow/example_dags/example_sensor_decorator.py for tasks to queue
[2025-09-02T17:50:18.138+0530] {logging_mixin.py:190} INFO - [2025-09-02T17:50:18.138+0530] {dagbag.py:588} INFO - Filling up the DagBag from /Users/parthmac/Desktop/Projects/Flight Data Engineering/flight-env/lib/python3.12/site-packages/airflow/example_dags/example_sensor_decorator.py
[2025-09-02T17:50:18.149+0530] {processor.py:925} INFO - DAG(s) 'example_sensor_decorator' retrieved from /Users/parthmac/Desktop/Projects/Flight Data Engineering/flight-env/lib/python3.12/site-packages/airflow/example_dags/example_sensor_decorator.py
[2025-09-02T17:50:18.368+0530] {logging_mixin.py:190} INFO - [2025-09-02T17:50:18.368+0530] {dag.py:3239} INFO - Sync 1 DAGs
[2025-09-02T17:50:18.371+0530] {logging_mixin.py:190} INFO - [2025-09-02T17:50:18.371+0530] {dag.py:4180} INFO - Setting next_dagrun for example_sensor_decorator to None, run_after=None
[2025-09-02T17:50:18.376+0530] {processor.py:208} INFO - Processing /Users/parthmac/Desktop/Projects/Flight Data Engineering/flight-env/lib/python3.12/site-packages/airflow/example_dags/example_sensor_decorator.py took 0.240 seconds
