[2025-09-02T16:57:19.485+0530] {processor.py:186} INFO - Started process (PID=26311) to work on /Users/parthmac/Desktop/Projects/Flight Data Engineering/flight-env/lib/python3.12/site-packages/airflow/example_dags/tutorial_taskflow_api.py
[2025-09-02T16:57:19.485+0530] {processor.py:914} INFO - Processing file /Users/parthmac/Desktop/Projects/Flight Data Engineering/flight-env/lib/python3.12/site-packages/airflow/example_dags/tutorial_taskflow_api.py for tasks to queue
[2025-09-02T16:57:19.486+0530] {logging_mixin.py:190} INFO - [2025-09-02T16:57:19.486+0530] {dagbag.py:588} INFO - Filling up the DagBag from /Users/parthmac/Desktop/Projects/Flight Data Engineering/flight-env/lib/python3.12/site-packages/airflow/example_dags/tutorial_taskflow_api.py
[2025-09-02T16:57:19.498+0530] {processor.py:925} INFO - DAG(s) 'tutorial_taskflow_api' retrieved from /Users/parthmac/Desktop/Projects/Flight Data Engineering/flight-env/lib/python3.12/site-packages/airflow/example_dags/tutorial_taskflow_api.py
[2025-09-02T16:57:19.564+0530] {logging_mixin.py:190} INFO - [2025-09-02T16:57:19.564+0530] {override.py:1900} INFO - Created Permission View: can read on DAG:tutorial_taskflow_api
[2025-09-02T16:57:19.566+0530] {logging_mixin.py:190} INFO - [2025-09-02T16:57:19.566+0530] {override.py:1900} INFO - Created Permission View: can edit on DAG:tutorial_taskflow_api
[2025-09-02T16:57:19.568+0530] {logging_mixin.py:190} INFO - [2025-09-02T16:57:19.568+0530] {override.py:1900} INFO - Created Permission View: can delete on DAG:tutorial_taskflow_api
[2025-09-02T16:57:19.569+0530] {logging_mixin.py:190} INFO - [2025-09-02T16:57:19.569+0530] {override.py:1900} INFO - Created Permission View: can read on DAG Run:tutorial_taskflow_api
[2025-09-02T16:57:19.571+0530] {logging_mixin.py:190} INFO - [2025-09-02T16:57:19.571+0530] {override.py:1900} INFO - Created Permission View: menu access on DAG Run:tutorial_taskflow_api
[2025-09-02T16:57:19.572+0530] {logging_mixin.py:190} INFO - [2025-09-02T16:57:19.572+0530] {override.py:1900} INFO - Created Permission View: can delete on DAG Run:tutorial_taskflow_api
[2025-09-02T16:57:19.573+0530] {logging_mixin.py:190} INFO - [2025-09-02T16:57:19.573+0530] {override.py:1900} INFO - Created Permission View: can create on DAG Run:tutorial_taskflow_api
[2025-09-02T16:57:19.573+0530] {logging_mixin.py:190} INFO - [2025-09-02T16:57:19.573+0530] {dag.py:3239} INFO - Sync 1 DAGs
[2025-09-02T16:57:19.576+0530] {logging_mixin.py:190} INFO - [2025-09-02T16:57:19.576+0530] {dag.py:3262} INFO - Creating ORM DAG for tutorial_taskflow_api
[2025-09-02T16:57:19.576+0530] {logging_mixin.py:190} INFO - [2025-09-02T16:57:19.576+0530] {dag.py:4180} INFO - Setting next_dagrun for tutorial_taskflow_api to None, run_after=None
[2025-09-02T16:57:19.581+0530] {processor.py:208} INFO - Processing /Users/parthmac/Desktop/Projects/Flight Data Engineering/flight-env/lib/python3.12/site-packages/airflow/example_dags/tutorial_taskflow_api.py took 0.096 seconds
[2025-09-02T16:58:51.058+0530] {processor.py:186} INFO - Started process (PID=26396) to work on /Users/parthmac/Desktop/Projects/Flight Data Engineering/flight-env/lib/python3.12/site-packages/airflow/example_dags/tutorial_taskflow_api.py
[2025-09-02T16:58:51.059+0530] {processor.py:914} INFO - Processing file /Users/parthmac/Desktop/Projects/Flight Data Engineering/flight-env/lib/python3.12/site-packages/airflow/example_dags/tutorial_taskflow_api.py for tasks to queue
[2025-09-02T16:58:51.059+0530] {logging_mixin.py:190} INFO - [2025-09-02T16:58:51.059+0530] {dagbag.py:588} INFO - Filling up the DagBag from /Users/parthmac/Desktop/Projects/Flight Data Engineering/flight-env/lib/python3.12/site-packages/airflow/example_dags/tutorial_taskflow_api.py
[2025-09-02T16:58:51.070+0530] {processor.py:925} INFO - DAG(s) 'tutorial_taskflow_api' retrieved from /Users/parthmac/Desktop/Projects/Flight Data Engineering/flight-env/lib/python3.12/site-packages/airflow/example_dags/tutorial_taskflow_api.py
[2025-09-02T16:58:51.093+0530] {logging_mixin.py:190} INFO - [2025-09-02T16:58:51.093+0530] {dag.py:3239} INFO - Sync 1 DAGs
[2025-09-02T16:58:51.096+0530] {logging_mixin.py:190} INFO - [2025-09-02T16:58:51.096+0530] {dag.py:4180} INFO - Setting next_dagrun for tutorial_taskflow_api to None, run_after=None
[2025-09-02T16:58:51.101+0530] {processor.py:208} INFO - Processing /Users/parthmac/Desktop/Projects/Flight Data Engineering/flight-env/lib/python3.12/site-packages/airflow/example_dags/tutorial_taskflow_api.py took 0.044 seconds
[2025-09-02T16:59:48.281+0530] {processor.py:186} INFO - Started process (PID=26470) to work on /Users/parthmac/Desktop/Projects/Flight Data Engineering/flight-env/lib/python3.12/site-packages/airflow/example_dags/tutorial_taskflow_api.py
[2025-09-02T16:59:48.282+0530] {processor.py:914} INFO - Processing file /Users/parthmac/Desktop/Projects/Flight Data Engineering/flight-env/lib/python3.12/site-packages/airflow/example_dags/tutorial_taskflow_api.py for tasks to queue
[2025-09-02T16:59:48.282+0530] {logging_mixin.py:190} INFO - [2025-09-02T16:59:48.282+0530] {dagbag.py:588} INFO - Filling up the DagBag from /Users/parthmac/Desktop/Projects/Flight Data Engineering/flight-env/lib/python3.12/site-packages/airflow/example_dags/tutorial_taskflow_api.py
[2025-09-02T16:59:48.294+0530] {processor.py:925} INFO - DAG(s) 'tutorial_taskflow_api' retrieved from /Users/parthmac/Desktop/Projects/Flight Data Engineering/flight-env/lib/python3.12/site-packages/airflow/example_dags/tutorial_taskflow_api.py
[2025-09-02T16:59:48.317+0530] {logging_mixin.py:190} INFO - [2025-09-02T16:59:48.317+0530] {dag.py:3239} INFO - Sync 1 DAGs
[2025-09-02T16:59:48.320+0530] {logging_mixin.py:190} INFO - [2025-09-02T16:59:48.320+0530] {dag.py:4180} INFO - Setting next_dagrun for tutorial_taskflow_api to None, run_after=None
[2025-09-02T16:59:48.325+0530] {processor.py:208} INFO - Processing /Users/parthmac/Desktop/Projects/Flight Data Engineering/flight-env/lib/python3.12/site-packages/airflow/example_dags/tutorial_taskflow_api.py took 0.045 seconds
[2025-09-02T17:05:14.144+0530] {processor.py:186} INFO - Started process (PID=27578) to work on /Users/parthmac/Desktop/Projects/Flight Data Engineering/flight-env/lib/python3.12/site-packages/airflow/example_dags/tutorial_taskflow_api.py
[2025-09-02T17:05:14.145+0530] {processor.py:914} INFO - Processing file /Users/parthmac/Desktop/Projects/Flight Data Engineering/flight-env/lib/python3.12/site-packages/airflow/example_dags/tutorial_taskflow_api.py for tasks to queue
[2025-09-02T17:05:14.146+0530] {logging_mixin.py:190} INFO - [2025-09-02T17:05:14.146+0530] {dagbag.py:588} INFO - Filling up the DagBag from /Users/parthmac/Desktop/Projects/Flight Data Engineering/flight-env/lib/python3.12/site-packages/airflow/example_dags/tutorial_taskflow_api.py
[2025-09-02T17:05:14.157+0530] {processor.py:925} INFO - DAG(s) 'tutorial_taskflow_api' retrieved from /Users/parthmac/Desktop/Projects/Flight Data Engineering/flight-env/lib/python3.12/site-packages/airflow/example_dags/tutorial_taskflow_api.py
[2025-09-02T17:05:14.181+0530] {logging_mixin.py:190} INFO - [2025-09-02T17:05:14.181+0530] {dag.py:3239} INFO - Sync 1 DAGs
[2025-09-02T17:05:14.184+0530] {logging_mixin.py:190} INFO - [2025-09-02T17:05:14.184+0530] {dag.py:4180} INFO - Setting next_dagrun for tutorial_taskflow_api to None, run_after=None
[2025-09-02T17:05:14.189+0530] {processor.py:208} INFO - Processing /Users/parthmac/Desktop/Projects/Flight Data Engineering/flight-env/lib/python3.12/site-packages/airflow/example_dags/tutorial_taskflow_api.py took 0.045 seconds
[2025-09-02T17:06:37.999+0530] {processor.py:186} INFO - Started process (PID=27657) to work on /Users/parthmac/Desktop/Projects/Flight Data Engineering/flight-env/lib/python3.12/site-packages/airflow/example_dags/tutorial_taskflow_api.py
[2025-09-02T17:06:38.000+0530] {processor.py:914} INFO - Processing file /Users/parthmac/Desktop/Projects/Flight Data Engineering/flight-env/lib/python3.12/site-packages/airflow/example_dags/tutorial_taskflow_api.py for tasks to queue
[2025-09-02T17:06:38.000+0530] {logging_mixin.py:190} INFO - [2025-09-02T17:06:38.000+0530] {dagbag.py:588} INFO - Filling up the DagBag from /Users/parthmac/Desktop/Projects/Flight Data Engineering/flight-env/lib/python3.12/site-packages/airflow/example_dags/tutorial_taskflow_api.py
[2025-09-02T17:06:38.011+0530] {processor.py:925} INFO - DAG(s) 'tutorial_taskflow_api' retrieved from /Users/parthmac/Desktop/Projects/Flight Data Engineering/flight-env/lib/python3.12/site-packages/airflow/example_dags/tutorial_taskflow_api.py
[2025-09-02T17:06:38.035+0530] {logging_mixin.py:190} INFO - [2025-09-02T17:06:38.035+0530] {dag.py:3239} INFO - Sync 1 DAGs
[2025-09-02T17:06:38.038+0530] {logging_mixin.py:190} INFO - [2025-09-02T17:06:38.038+0530] {dag.py:4180} INFO - Setting next_dagrun for tutorial_taskflow_api to None, run_after=None
[2025-09-02T17:06:38.042+0530] {processor.py:208} INFO - Processing /Users/parthmac/Desktop/Projects/Flight Data Engineering/flight-env/lib/python3.12/site-packages/airflow/example_dags/tutorial_taskflow_api.py took 0.044 seconds
[2025-09-02T17:07:32.374+0530] {processor.py:186} INFO - Started process (PID=27719) to work on /Users/parthmac/Desktop/Projects/Flight Data Engineering/flight-env/lib/python3.12/site-packages/airflow/example_dags/tutorial_taskflow_api.py
[2025-09-02T17:07:32.375+0530] {processor.py:914} INFO - Processing file /Users/parthmac/Desktop/Projects/Flight Data Engineering/flight-env/lib/python3.12/site-packages/airflow/example_dags/tutorial_taskflow_api.py for tasks to queue
[2025-09-02T17:07:32.376+0530] {logging_mixin.py:190} INFO - [2025-09-02T17:07:32.376+0530] {dagbag.py:588} INFO - Filling up the DagBag from /Users/parthmac/Desktop/Projects/Flight Data Engineering/flight-env/lib/python3.12/site-packages/airflow/example_dags/tutorial_taskflow_api.py
[2025-09-02T17:07:32.389+0530] {processor.py:925} INFO - DAG(s) 'tutorial_taskflow_api' retrieved from /Users/parthmac/Desktop/Projects/Flight Data Engineering/flight-env/lib/python3.12/site-packages/airflow/example_dags/tutorial_taskflow_api.py
[2025-09-02T17:07:32.413+0530] {logging_mixin.py:190} INFO - [2025-09-02T17:07:32.413+0530] {dag.py:3239} INFO - Sync 1 DAGs
[2025-09-02T17:07:32.416+0530] {logging_mixin.py:190} INFO - [2025-09-02T17:07:32.416+0530] {dag.py:4180} INFO - Setting next_dagrun for tutorial_taskflow_api to None, run_after=None
[2025-09-02T17:07:32.421+0530] {processor.py:208} INFO - Processing /Users/parthmac/Desktop/Projects/Flight Data Engineering/flight-env/lib/python3.12/site-packages/airflow/example_dags/tutorial_taskflow_api.py took 0.048 seconds
[2025-09-02T17:42:11.483+0530] {processor.py:186} INFO - Started process (PID=31578) to work on /Users/parthmac/Desktop/Projects/Flight Data Engineering/flight-env/lib/python3.12/site-packages/airflow/example_dags/tutorial_taskflow_api.py
[2025-09-02T17:42:11.483+0530] {processor.py:914} INFO - Processing file /Users/parthmac/Desktop/Projects/Flight Data Engineering/flight-env/lib/python3.12/site-packages/airflow/example_dags/tutorial_taskflow_api.py for tasks to queue
[2025-09-02T17:42:11.483+0530] {logging_mixin.py:190} INFO - [2025-09-02T17:42:11.483+0530] {dagbag.py:588} INFO - Filling up the DagBag from /Users/parthmac/Desktop/Projects/Flight Data Engineering/flight-env/lib/python3.12/site-packages/airflow/example_dags/tutorial_taskflow_api.py
[2025-09-02T17:42:11.494+0530] {processor.py:925} INFO - DAG(s) 'tutorial_taskflow_api' retrieved from /Users/parthmac/Desktop/Projects/Flight Data Engineering/flight-env/lib/python3.12/site-packages/airflow/example_dags/tutorial_taskflow_api.py
[2025-09-02T17:42:11.517+0530] {logging_mixin.py:190} INFO - [2025-09-02T17:42:11.517+0530] {dag.py:3239} INFO - Sync 1 DAGs
[2025-09-02T17:42:11.520+0530] {logging_mixin.py:190} INFO - [2025-09-02T17:42:11.520+0530] {dag.py:4180} INFO - Setting next_dagrun for tutorial_taskflow_api to None, run_after=None
[2025-09-02T17:42:11.525+0530] {processor.py:208} INFO - Processing /Users/parthmac/Desktop/Projects/Flight Data Engineering/flight-env/lib/python3.12/site-packages/airflow/example_dags/tutorial_taskflow_api.py took 0.042 seconds
[2025-09-02T17:43:35.209+0530] {processor.py:186} INFO - Started process (PID=31732) to work on /Users/parthmac/Desktop/Projects/Flight Data Engineering/flight-env/lib/python3.12/site-packages/airflow/example_dags/tutorial_taskflow_api.py
[2025-09-02T17:43:35.209+0530] {processor.py:914} INFO - Processing file /Users/parthmac/Desktop/Projects/Flight Data Engineering/flight-env/lib/python3.12/site-packages/airflow/example_dags/tutorial_taskflow_api.py for tasks to queue
[2025-09-02T17:43:35.210+0530] {logging_mixin.py:190} INFO - [2025-09-02T17:43:35.209+0530] {dagbag.py:588} INFO - Filling up the DagBag from /Users/parthmac/Desktop/Projects/Flight Data Engineering/flight-env/lib/python3.12/site-packages/airflow/example_dags/tutorial_taskflow_api.py
[2025-09-02T17:43:35.220+0530] {processor.py:925} INFO - DAG(s) 'tutorial_taskflow_api' retrieved from /Users/parthmac/Desktop/Projects/Flight Data Engineering/flight-env/lib/python3.12/site-packages/airflow/example_dags/tutorial_taskflow_api.py
[2025-09-02T17:43:35.244+0530] {logging_mixin.py:190} INFO - [2025-09-02T17:43:35.244+0530] {dag.py:3239} INFO - Sync 1 DAGs
[2025-09-02T17:43:35.247+0530] {logging_mixin.py:190} INFO - [2025-09-02T17:43:35.247+0530] {dag.py:4180} INFO - Setting next_dagrun for tutorial_taskflow_api to None, run_after=None
[2025-09-02T17:43:35.252+0530] {processor.py:208} INFO - Processing /Users/parthmac/Desktop/Projects/Flight Data Engineering/flight-env/lib/python3.12/site-packages/airflow/example_dags/tutorial_taskflow_api.py took 0.043 seconds
[2025-09-02T17:46:35.715+0530] {processor.py:186} INFO - Started process (PID=32570) to work on /Users/parthmac/Desktop/Projects/Flight Data Engineering/flight-env/lib/python3.12/site-packages/airflow/example_dags/tutorial_taskflow_api.py
[2025-09-02T17:46:35.715+0530] {processor.py:914} INFO - Processing file /Users/parthmac/Desktop/Projects/Flight Data Engineering/flight-env/lib/python3.12/site-packages/airflow/example_dags/tutorial_taskflow_api.py for tasks to queue
[2025-09-02T17:46:35.715+0530] {logging_mixin.py:190} INFO - [2025-09-02T17:46:35.715+0530] {dagbag.py:588} INFO - Filling up the DagBag from /Users/parthmac/Desktop/Projects/Flight Data Engineering/flight-env/lib/python3.12/site-packages/airflow/example_dags/tutorial_taskflow_api.py
[2025-09-02T17:46:35.726+0530] {processor.py:925} INFO - DAG(s) 'tutorial_taskflow_api' retrieved from /Users/parthmac/Desktop/Projects/Flight Data Engineering/flight-env/lib/python3.12/site-packages/airflow/example_dags/tutorial_taskflow_api.py
[2025-09-02T17:46:35.749+0530] {logging_mixin.py:190} INFO - [2025-09-02T17:46:35.749+0530] {dag.py:3239} INFO - Sync 1 DAGs
[2025-09-02T17:46:35.752+0530] {logging_mixin.py:190} INFO - [2025-09-02T17:46:35.752+0530] {dag.py:4180} INFO - Setting next_dagrun for tutorial_taskflow_api to None, run_after=None
[2025-09-02T17:46:35.757+0530] {processor.py:208} INFO - Processing /Users/parthmac/Desktop/Projects/Flight Data Engineering/flight-env/lib/python3.12/site-packages/airflow/example_dags/tutorial_taskflow_api.py took 0.043 seconds
[2025-09-02T17:48:00.908+0530] {processor.py:186} INFO - Started process (PID=32681) to work on /Users/parthmac/Desktop/Projects/Flight Data Engineering/flight-env/lib/python3.12/site-packages/airflow/example_dags/tutorial_taskflow_api.py
[2025-09-02T17:48:00.909+0530] {processor.py:914} INFO - Processing file /Users/parthmac/Desktop/Projects/Flight Data Engineering/flight-env/lib/python3.12/site-packages/airflow/example_dags/tutorial_taskflow_api.py for tasks to queue
[2025-09-02T17:48:00.909+0530] {logging_mixin.py:190} INFO - [2025-09-02T17:48:00.909+0530] {dagbag.py:588} INFO - Filling up the DagBag from /Users/parthmac/Desktop/Projects/Flight Data Engineering/flight-env/lib/python3.12/site-packages/airflow/example_dags/tutorial_taskflow_api.py
[2025-09-02T17:48:00.922+0530] {processor.py:925} INFO - DAG(s) 'tutorial_taskflow_api' retrieved from /Users/parthmac/Desktop/Projects/Flight Data Engineering/flight-env/lib/python3.12/site-packages/airflow/example_dags/tutorial_taskflow_api.py
[2025-09-02T17:48:00.946+0530] {logging_mixin.py:190} INFO - [2025-09-02T17:48:00.946+0530] {dag.py:3239} INFO - Sync 1 DAGs
[2025-09-02T17:48:00.949+0530] {logging_mixin.py:190} INFO - [2025-09-02T17:48:00.949+0530] {dag.py:4180} INFO - Setting next_dagrun for tutorial_taskflow_api to None, run_after=None
[2025-09-02T17:48:00.954+0530] {processor.py:208} INFO - Processing /Users/parthmac/Desktop/Projects/Flight Data Engineering/flight-env/lib/python3.12/site-packages/airflow/example_dags/tutorial_taskflow_api.py took 0.046 seconds
[2025-09-02T17:48:54.192+0530] {processor.py:186} INFO - Started process (PID=32737) to work on /Users/parthmac/Desktop/Projects/Flight Data Engineering/flight-env/lib/python3.12/site-packages/airflow/example_dags/tutorial_taskflow_api.py
[2025-09-02T17:48:54.193+0530] {processor.py:914} INFO - Processing file /Users/parthmac/Desktop/Projects/Flight Data Engineering/flight-env/lib/python3.12/site-packages/airflow/example_dags/tutorial_taskflow_api.py for tasks to queue
[2025-09-02T17:48:54.193+0530] {logging_mixin.py:190} INFO - [2025-09-02T17:48:54.193+0530] {dagbag.py:588} INFO - Filling up the DagBag from /Users/parthmac/Desktop/Projects/Flight Data Engineering/flight-env/lib/python3.12/site-packages/airflow/example_dags/tutorial_taskflow_api.py
[2025-09-02T17:48:54.205+0530] {processor.py:925} INFO - DAG(s) 'tutorial_taskflow_api' retrieved from /Users/parthmac/Desktop/Projects/Flight Data Engineering/flight-env/lib/python3.12/site-packages/airflow/example_dags/tutorial_taskflow_api.py
[2025-09-02T17:48:54.229+0530] {logging_mixin.py:190} INFO - [2025-09-02T17:48:54.229+0530] {dag.py:3239} INFO - Sync 1 DAGs
[2025-09-02T17:48:54.232+0530] {logging_mixin.py:190} INFO - [2025-09-02T17:48:54.232+0530] {dag.py:4180} INFO - Setting next_dagrun for tutorial_taskflow_api to None, run_after=None
[2025-09-02T17:48:54.237+0530] {processor.py:208} INFO - Processing /Users/parthmac/Desktop/Projects/Flight Data Engineering/flight-env/lib/python3.12/site-packages/airflow/example_dags/tutorial_taskflow_api.py took 0.045 seconds
[2025-09-02T17:49:49.259+0530] {processor.py:186} INFO - Started process (PID=33012) to work on /Users/parthmac/Desktop/Projects/Flight Data Engineering/flight-env/lib/python3.12/site-packages/airflow/example_dags/tutorial_taskflow_api.py
[2025-09-02T17:49:49.259+0530] {processor.py:914} INFO - Processing file /Users/parthmac/Desktop/Projects/Flight Data Engineering/flight-env/lib/python3.12/site-packages/airflow/example_dags/tutorial_taskflow_api.py for tasks to queue
[2025-09-02T17:49:49.260+0530] {logging_mixin.py:190} INFO - [2025-09-02T17:49:49.259+0530] {dagbag.py:588} INFO - Filling up the DagBag from /Users/parthmac/Desktop/Projects/Flight Data Engineering/flight-env/lib/python3.12/site-packages/airflow/example_dags/tutorial_taskflow_api.py
[2025-09-02T17:49:49.271+0530] {processor.py:925} INFO - DAG(s) 'tutorial_taskflow_api' retrieved from /Users/parthmac/Desktop/Projects/Flight Data Engineering/flight-env/lib/python3.12/site-packages/airflow/example_dags/tutorial_taskflow_api.py
[2025-09-02T17:49:49.296+0530] {logging_mixin.py:190} INFO - [2025-09-02T17:49:49.296+0530] {dag.py:3239} INFO - Sync 1 DAGs
[2025-09-02T17:49:49.299+0530] {logging_mixin.py:190} INFO - [2025-09-02T17:49:49.299+0530] {dag.py:4180} INFO - Setting next_dagrun for tutorial_taskflow_api to None, run_after=None
[2025-09-02T17:49:49.304+0530] {processor.py:208} INFO - Processing /Users/parthmac/Desktop/Projects/Flight Data Engineering/flight-env/lib/python3.12/site-packages/airflow/example_dags/tutorial_taskflow_api.py took 0.046 seconds
[2025-09-02T17:50:39.483+0530] {processor.py:186} INFO - Started process (PID=33178) to work on /Users/parthmac/Desktop/Projects/Flight Data Engineering/flight-env/lib/python3.12/site-packages/airflow/example_dags/tutorial_taskflow_api.py
[2025-09-02T17:50:39.484+0530] {processor.py:914} INFO - Processing file /Users/parthmac/Desktop/Projects/Flight Data Engineering/flight-env/lib/python3.12/site-packages/airflow/example_dags/tutorial_taskflow_api.py for tasks to queue
[2025-09-02T17:50:39.484+0530] {logging_mixin.py:190} INFO - [2025-09-02T17:50:39.484+0530] {dagbag.py:588} INFO - Filling up the DagBag from /Users/parthmac/Desktop/Projects/Flight Data Engineering/flight-env/lib/python3.12/site-packages/airflow/example_dags/tutorial_taskflow_api.py
[2025-09-02T17:50:39.496+0530] {processor.py:925} INFO - DAG(s) 'tutorial_taskflow_api' retrieved from /Users/parthmac/Desktop/Projects/Flight Data Engineering/flight-env/lib/python3.12/site-packages/airflow/example_dags/tutorial_taskflow_api.py
[2025-09-02T17:50:39.522+0530] {logging_mixin.py:190} INFO - [2025-09-02T17:50:39.522+0530] {dag.py:3239} INFO - Sync 1 DAGs
[2025-09-02T17:50:39.524+0530] {logging_mixin.py:190} INFO - [2025-09-02T17:50:39.524+0530] {dag.py:4180} INFO - Setting next_dagrun for tutorial_taskflow_api to None, run_after=None
[2025-09-02T17:50:39.529+0530] {processor.py:208} INFO - Processing /Users/parthmac/Desktop/Projects/Flight Data Engineering/flight-env/lib/python3.12/site-packages/airflow/example_dags/tutorial_taskflow_api.py took 0.047 seconds
[2025-09-02T17:51:30.829+0530] {processor.py:186} INFO - Started process (PID=33223) to work on /Users/parthmac/Desktop/Projects/Flight Data Engineering/flight-env/lib/python3.12/site-packages/airflow/example_dags/tutorial_taskflow_api.py
[2025-09-02T17:51:30.829+0530] {processor.py:914} INFO - Processing file /Users/parthmac/Desktop/Projects/Flight Data Engineering/flight-env/lib/python3.12/site-packages/airflow/example_dags/tutorial_taskflow_api.py for tasks to queue
[2025-09-02T17:51:30.829+0530] {logging_mixin.py:190} INFO - [2025-09-02T17:51:30.829+0530] {dagbag.py:588} INFO - Filling up the DagBag from /Users/parthmac/Desktop/Projects/Flight Data Engineering/flight-env/lib/python3.12/site-packages/airflow/example_dags/tutorial_taskflow_api.py
[2025-09-02T17:51:30.840+0530] {processor.py:925} INFO - DAG(s) 'tutorial_taskflow_api' retrieved from /Users/parthmac/Desktop/Projects/Flight Data Engineering/flight-env/lib/python3.12/site-packages/airflow/example_dags/tutorial_taskflow_api.py
[2025-09-02T17:51:30.864+0530] {logging_mixin.py:190} INFO - [2025-09-02T17:51:30.864+0530] {dag.py:3239} INFO - Sync 1 DAGs
[2025-09-02T17:51:30.867+0530] {logging_mixin.py:190} INFO - [2025-09-02T17:51:30.867+0530] {dag.py:4180} INFO - Setting next_dagrun for tutorial_taskflow_api to None, run_after=None
[2025-09-02T17:51:30.871+0530] {processor.py:208} INFO - Processing /Users/parthmac/Desktop/Projects/Flight Data Engineering/flight-env/lib/python3.12/site-packages/airflow/example_dags/tutorial_taskflow_api.py took 0.043 seconds
[2025-09-02T17:54:14.788+0530] {processor.py:186} INFO - Started process (PID=34721) to work on /Users/parthmac/Desktop/Projects/Flight Data Engineering/flight-env/lib/python3.12/site-packages/airflow/example_dags/tutorial_taskflow_api.py
[2025-09-02T17:54:14.789+0530] {processor.py:914} INFO - Processing file /Users/parthmac/Desktop/Projects/Flight Data Engineering/flight-env/lib/python3.12/site-packages/airflow/example_dags/tutorial_taskflow_api.py for tasks to queue
[2025-09-02T17:54:14.789+0530] {logging_mixin.py:190} INFO - [2025-09-02T17:54:14.789+0530] {dagbag.py:588} INFO - Filling up the DagBag from /Users/parthmac/Desktop/Projects/Flight Data Engineering/flight-env/lib/python3.12/site-packages/airflow/example_dags/tutorial_taskflow_api.py
[2025-09-02T17:54:14.801+0530] {processor.py:925} INFO - DAG(s) 'tutorial_taskflow_api' retrieved from /Users/parthmac/Desktop/Projects/Flight Data Engineering/flight-env/lib/python3.12/site-packages/airflow/example_dags/tutorial_taskflow_api.py
[2025-09-02T17:54:14.825+0530] {logging_mixin.py:190} INFO - [2025-09-02T17:54:14.825+0530] {dag.py:3239} INFO - Sync 1 DAGs
[2025-09-02T17:54:14.828+0530] {logging_mixin.py:190} INFO - [2025-09-02T17:54:14.827+0530] {dag.py:4180} INFO - Setting next_dagrun for tutorial_taskflow_api to None, run_after=None
[2025-09-02T17:54:14.832+0530] {processor.py:208} INFO - Processing /Users/parthmac/Desktop/Projects/Flight Data Engineering/flight-env/lib/python3.12/site-packages/airflow/example_dags/tutorial_taskflow_api.py took 0.045 seconds
