[2025-09-02T16:57:23.496+0530] {processor.py:186} INFO - Started process (PID=26317) to work on /Users/parthmac/Desktop/Projects/Flight Data Engineering/flight-env/lib/python3.12/site-packages/airflow/example_dags/tutorial.py
[2025-09-02T16:57:23.496+0530] {processor.py:914} INFO - Processing file /Users/parthmac/Desktop/Projects/Flight Data Engineering/flight-env/lib/python3.12/site-packages/airflow/example_dags/tutorial.py for tasks to queue
[2025-09-02T16:57:23.496+0530] {logging_mixin.py:190} INFO - [2025-09-02T16:57:23.496+0530] {dagbag.py:588} INFO - Filling up the DagBag from /Users/parthmac/Desktop/Projects/Flight Data Engineering/flight-env/lib/python3.12/site-packages/airflow/example_dags/tutorial.py
[2025-09-02T16:57:23.499+0530] {processor.py:925} INFO - DAG(s) 'tutorial' retrieved from /Users/parthmac/Desktop/Projects/Flight Data Engineering/flight-env/lib/python3.12/site-packages/airflow/example_dags/tutorial.py
[2025-09-02T16:57:23.546+0530] {logging_mixin.py:190} INFO - [2025-09-02T16:57:23.546+0530] {override.py:1900} INFO - Created Permission View: can delete on DAG:tutorial
[2025-09-02T16:57:23.549+0530] {logging_mixin.py:190} INFO - [2025-09-02T16:57:23.549+0530] {override.py:1900} INFO - Created Permission View: can edit on DAG:tutorial
[2025-09-02T16:57:23.550+0530] {logging_mixin.py:190} INFO - [2025-09-02T16:57:23.550+0530] {override.py:1900} INFO - Created Permission View: can read on DAG:tutorial
[2025-09-02T16:57:23.552+0530] {logging_mixin.py:190} INFO - [2025-09-02T16:57:23.552+0530] {override.py:1900} INFO - Created Permission View: can delete on DAG Run:tutorial
[2025-09-02T16:57:23.553+0530] {logging_mixin.py:190} INFO - [2025-09-02T16:57:23.553+0530] {override.py:1900} INFO - Created Permission View: can read on DAG Run:tutorial
[2025-09-02T16:57:23.554+0530] {logging_mixin.py:190} INFO - [2025-09-02T16:57:23.554+0530] {override.py:1900} INFO - Created Permission View: can create on DAG Run:tutorial
[2025-09-02T16:57:23.556+0530] {logging_mixin.py:190} INFO - [2025-09-02T16:57:23.556+0530] {override.py:1900} INFO - Created Permission View: menu access on DAG Run:tutorial
[2025-09-02T16:57:23.556+0530] {logging_mixin.py:190} INFO - [2025-09-02T16:57:23.556+0530] {dag.py:3239} INFO - Sync 1 DAGs
[2025-09-02T16:57:23.578+0530] {logging_mixin.py:190} INFO - [2025-09-02T16:57:23.577+0530] {dag.py:3262} INFO - Creating ORM DAG for tutorial
[2025-09-02T16:57:23.580+0530] {logging_mixin.py:190} INFO - [2025-09-02T16:57:23.580+0530] {dag.py:4180} INFO - Setting next_dagrun for tutorial to 2025-09-01 00:00:00+00:00, run_after=2025-09-02 00:00:00+00:00
[2025-09-02T16:57:23.585+0530] {processor.py:208} INFO - Processing /Users/parthmac/Desktop/Projects/Flight Data Engineering/flight-env/lib/python3.12/site-packages/airflow/example_dags/tutorial.py took 0.090 seconds
[2025-09-02T16:58:54.167+0530] {processor.py:186} INFO - Started process (PID=26399) to work on /Users/parthmac/Desktop/Projects/Flight Data Engineering/flight-env/lib/python3.12/site-packages/airflow/example_dags/tutorial.py
[2025-09-02T16:58:54.168+0530] {processor.py:914} INFO - Processing file /Users/parthmac/Desktop/Projects/Flight Data Engineering/flight-env/lib/python3.12/site-packages/airflow/example_dags/tutorial.py for tasks to queue
[2025-09-02T16:58:54.168+0530] {logging_mixin.py:190} INFO - [2025-09-02T16:58:54.168+0530] {dagbag.py:588} INFO - Filling up the DagBag from /Users/parthmac/Desktop/Projects/Flight Data Engineering/flight-env/lib/python3.12/site-packages/airflow/example_dags/tutorial.py
[2025-09-02T16:58:54.171+0530] {processor.py:925} INFO - DAG(s) 'tutorial' retrieved from /Users/parthmac/Desktop/Projects/Flight Data Engineering/flight-env/lib/python3.12/site-packages/airflow/example_dags/tutorial.py
[2025-09-02T16:58:54.195+0530] {logging_mixin.py:190} INFO - [2025-09-02T16:58:54.195+0530] {dag.py:3239} INFO - Sync 1 DAGs
[2025-09-02T16:58:54.200+0530] {logging_mixin.py:190} INFO - [2025-09-02T16:58:54.200+0530] {dag.py:4180} INFO - Setting next_dagrun for tutorial to 2025-09-01 00:00:00+00:00, run_after=2025-09-02 00:00:00+00:00
[2025-09-02T16:58:54.205+0530] {processor.py:208} INFO - Processing /Users/parthmac/Desktop/Projects/Flight Data Engineering/flight-env/lib/python3.12/site-packages/airflow/example_dags/tutorial.py took 0.039 seconds
[2025-09-02T16:59:52.848+0530] {processor.py:186} INFO - Started process (PID=26474) to work on /Users/parthmac/Desktop/Projects/Flight Data Engineering/flight-env/lib/python3.12/site-packages/airflow/example_dags/tutorial.py
[2025-09-02T16:59:52.849+0530] {processor.py:914} INFO - Processing file /Users/parthmac/Desktop/Projects/Flight Data Engineering/flight-env/lib/python3.12/site-packages/airflow/example_dags/tutorial.py for tasks to queue
[2025-09-02T16:59:52.849+0530] {logging_mixin.py:190} INFO - [2025-09-02T16:59:52.849+0530] {dagbag.py:588} INFO - Filling up the DagBag from /Users/parthmac/Desktop/Projects/Flight Data Engineering/flight-env/lib/python3.12/site-packages/airflow/example_dags/tutorial.py
[2025-09-02T16:59:52.851+0530] {processor.py:925} INFO - DAG(s) 'tutorial' retrieved from /Users/parthmac/Desktop/Projects/Flight Data Engineering/flight-env/lib/python3.12/site-packages/airflow/example_dags/tutorial.py
[2025-09-02T16:59:52.876+0530] {logging_mixin.py:190} INFO - [2025-09-02T16:59:52.876+0530] {dag.py:3239} INFO - Sync 1 DAGs
[2025-09-02T16:59:52.881+0530] {logging_mixin.py:190} INFO - [2025-09-02T16:59:52.881+0530] {dag.py:4180} INFO - Setting next_dagrun for tutorial to 2025-09-01 00:00:00+00:00, run_after=2025-09-02 00:00:00+00:00
[2025-09-02T16:59:52.886+0530] {processor.py:208} INFO - Processing /Users/parthmac/Desktop/Projects/Flight Data Engineering/flight-env/lib/python3.12/site-packages/airflow/example_dags/tutorial.py took 0.039 seconds
[2025-09-02T17:05:18.187+0530] {processor.py:186} INFO - Started process (PID=27581) to work on /Users/parthmac/Desktop/Projects/Flight Data Engineering/flight-env/lib/python3.12/site-packages/airflow/example_dags/tutorial.py
[2025-09-02T17:05:18.188+0530] {processor.py:914} INFO - Processing file /Users/parthmac/Desktop/Projects/Flight Data Engineering/flight-env/lib/python3.12/site-packages/airflow/example_dags/tutorial.py for tasks to queue
[2025-09-02T17:05:18.188+0530] {logging_mixin.py:190} INFO - [2025-09-02T17:05:18.188+0530] {dagbag.py:588} INFO - Filling up the DagBag from /Users/parthmac/Desktop/Projects/Flight Data Engineering/flight-env/lib/python3.12/site-packages/airflow/example_dags/tutorial.py
[2025-09-02T17:05:18.191+0530] {processor.py:925} INFO - DAG(s) 'tutorial' retrieved from /Users/parthmac/Desktop/Projects/Flight Data Engineering/flight-env/lib/python3.12/site-packages/airflow/example_dags/tutorial.py
[2025-09-02T17:05:18.215+0530] {logging_mixin.py:190} INFO - [2025-09-02T17:05:18.215+0530] {dag.py:3239} INFO - Sync 1 DAGs
[2025-09-02T17:05:18.219+0530] {logging_mixin.py:190} INFO - [2025-09-02T17:05:18.219+0530] {dag.py:4180} INFO - Setting next_dagrun for tutorial to 2025-09-01 00:00:00+00:00, run_after=2025-09-02 00:00:00+00:00
[2025-09-02T17:05:18.224+0530] {processor.py:208} INFO - Processing /Users/parthmac/Desktop/Projects/Flight Data Engineering/flight-env/lib/python3.12/site-packages/airflow/example_dags/tutorial.py took 0.038 seconds
[2025-09-02T17:06:42.014+0530] {processor.py:186} INFO - Started process (PID=27660) to work on /Users/parthmac/Desktop/Projects/Flight Data Engineering/flight-env/lib/python3.12/site-packages/airflow/example_dags/tutorial.py
[2025-09-02T17:06:42.016+0530] {processor.py:914} INFO - Processing file /Users/parthmac/Desktop/Projects/Flight Data Engineering/flight-env/lib/python3.12/site-packages/airflow/example_dags/tutorial.py for tasks to queue
[2025-09-02T17:06:42.016+0530] {logging_mixin.py:190} INFO - [2025-09-02T17:06:42.016+0530] {dagbag.py:588} INFO - Filling up the DagBag from /Users/parthmac/Desktop/Projects/Flight Data Engineering/flight-env/lib/python3.12/site-packages/airflow/example_dags/tutorial.py
[2025-09-02T17:06:42.018+0530] {processor.py:925} INFO - DAG(s) 'tutorial' retrieved from /Users/parthmac/Desktop/Projects/Flight Data Engineering/flight-env/lib/python3.12/site-packages/airflow/example_dags/tutorial.py
[2025-09-02T17:06:42.043+0530] {logging_mixin.py:190} INFO - [2025-09-02T17:06:42.043+0530] {dag.py:3239} INFO - Sync 1 DAGs
[2025-09-02T17:06:42.047+0530] {logging_mixin.py:190} INFO - [2025-09-02T17:06:42.047+0530] {dag.py:4180} INFO - Setting next_dagrun for tutorial to 2025-09-01 00:00:00+00:00, run_after=2025-09-02 00:00:00+00:00
[2025-09-02T17:06:42.052+0530] {processor.py:208} INFO - Processing /Users/parthmac/Desktop/Projects/Flight Data Engineering/flight-env/lib/python3.12/site-packages/airflow/example_dags/tutorial.py took 0.038 seconds
[2025-09-02T17:07:36.357+0530] {processor.py:186} INFO - Started process (PID=27738) to work on /Users/parthmac/Desktop/Projects/Flight Data Engineering/flight-env/lib/python3.12/site-packages/airflow/example_dags/tutorial.py
[2025-09-02T17:07:36.358+0530] {processor.py:914} INFO - Processing file /Users/parthmac/Desktop/Projects/Flight Data Engineering/flight-env/lib/python3.12/site-packages/airflow/example_dags/tutorial.py for tasks to queue
[2025-09-02T17:07:36.358+0530] {logging_mixin.py:190} INFO - [2025-09-02T17:07:36.358+0530] {dagbag.py:588} INFO - Filling up the DagBag from /Users/parthmac/Desktop/Projects/Flight Data Engineering/flight-env/lib/python3.12/site-packages/airflow/example_dags/tutorial.py
[2025-09-02T17:07:36.360+0530] {processor.py:925} INFO - DAG(s) 'tutorial' retrieved from /Users/parthmac/Desktop/Projects/Flight Data Engineering/flight-env/lib/python3.12/site-packages/airflow/example_dags/tutorial.py
[2025-09-02T17:07:36.385+0530] {logging_mixin.py:190} INFO - [2025-09-02T17:07:36.385+0530] {dag.py:3239} INFO - Sync 1 DAGs
[2025-09-02T17:07:36.389+0530] {logging_mixin.py:190} INFO - [2025-09-02T17:07:36.389+0530] {dag.py:4180} INFO - Setting next_dagrun for tutorial to 2025-09-01 00:00:00+00:00, run_after=2025-09-02 00:00:00+00:00
[2025-09-02T17:07:36.394+0530] {processor.py:208} INFO - Processing /Users/parthmac/Desktop/Projects/Flight Data Engineering/flight-env/lib/python3.12/site-packages/airflow/example_dags/tutorial.py took 0.038 seconds
[2025-09-02T17:42:15.474+0530] {processor.py:186} INFO - Started process (PID=31582) to work on /Users/parthmac/Desktop/Projects/Flight Data Engineering/flight-env/lib/python3.12/site-packages/airflow/example_dags/tutorial.py
[2025-09-02T17:42:15.475+0530] {processor.py:914} INFO - Processing file /Users/parthmac/Desktop/Projects/Flight Data Engineering/flight-env/lib/python3.12/site-packages/airflow/example_dags/tutorial.py for tasks to queue
[2025-09-02T17:42:15.475+0530] {logging_mixin.py:190} INFO - [2025-09-02T17:42:15.475+0530] {dagbag.py:588} INFO - Filling up the DagBag from /Users/parthmac/Desktop/Projects/Flight Data Engineering/flight-env/lib/python3.12/site-packages/airflow/example_dags/tutorial.py
[2025-09-02T17:42:15.477+0530] {processor.py:925} INFO - DAG(s) 'tutorial' retrieved from /Users/parthmac/Desktop/Projects/Flight Data Engineering/flight-env/lib/python3.12/site-packages/airflow/example_dags/tutorial.py
[2025-09-02T17:42:15.501+0530] {logging_mixin.py:190} INFO - [2025-09-02T17:42:15.501+0530] {dag.py:3239} INFO - Sync 1 DAGs
[2025-09-02T17:42:15.505+0530] {logging_mixin.py:190} INFO - [2025-09-02T17:42:15.505+0530] {dag.py:4180} INFO - Setting next_dagrun for tutorial to 2025-09-01 00:00:00+00:00, run_after=2025-09-02 00:00:00+00:00
[2025-09-02T17:42:15.510+0530] {processor.py:208} INFO - Processing /Users/parthmac/Desktop/Projects/Flight Data Engineering/flight-env/lib/python3.12/site-packages/airflow/example_dags/tutorial.py took 0.036 seconds
[2025-09-02T17:43:39.269+0530] {processor.py:186} INFO - Started process (PID=31735) to work on /Users/parthmac/Desktop/Projects/Flight Data Engineering/flight-env/lib/python3.12/site-packages/airflow/example_dags/tutorial.py
[2025-09-02T17:43:39.269+0530] {processor.py:914} INFO - Processing file /Users/parthmac/Desktop/Projects/Flight Data Engineering/flight-env/lib/python3.12/site-packages/airflow/example_dags/tutorial.py for tasks to queue
[2025-09-02T17:43:39.269+0530] {logging_mixin.py:190} INFO - [2025-09-02T17:43:39.269+0530] {dagbag.py:588} INFO - Filling up the DagBag from /Users/parthmac/Desktop/Projects/Flight Data Engineering/flight-env/lib/python3.12/site-packages/airflow/example_dags/tutorial.py
[2025-09-02T17:43:39.272+0530] {processor.py:925} INFO - DAG(s) 'tutorial' retrieved from /Users/parthmac/Desktop/Projects/Flight Data Engineering/flight-env/lib/python3.12/site-packages/airflow/example_dags/tutorial.py
[2025-09-02T17:43:39.297+0530] {logging_mixin.py:190} INFO - [2025-09-02T17:43:39.297+0530] {dag.py:3239} INFO - Sync 1 DAGs
[2025-09-02T17:43:39.302+0530] {logging_mixin.py:190} INFO - [2025-09-02T17:43:39.302+0530] {dag.py:4180} INFO - Setting next_dagrun for tutorial to 2025-09-01 00:00:00+00:00, run_after=2025-09-02 00:00:00+00:00
[2025-09-02T17:43:39.307+0530] {processor.py:208} INFO - Processing /Users/parthmac/Desktop/Projects/Flight Data Engineering/flight-env/lib/python3.12/site-packages/airflow/example_dags/tutorial.py took 0.039 seconds
[2025-09-02T17:46:39.717+0530] {processor.py:186} INFO - Started process (PID=32573) to work on /Users/parthmac/Desktop/Projects/Flight Data Engineering/flight-env/lib/python3.12/site-packages/airflow/example_dags/tutorial.py
[2025-09-02T17:46:39.718+0530] {processor.py:914} INFO - Processing file /Users/parthmac/Desktop/Projects/Flight Data Engineering/flight-env/lib/python3.12/site-packages/airflow/example_dags/tutorial.py for tasks to queue
[2025-09-02T17:46:39.718+0530] {logging_mixin.py:190} INFO - [2025-09-02T17:46:39.718+0530] {dagbag.py:588} INFO - Filling up the DagBag from /Users/parthmac/Desktop/Projects/Flight Data Engineering/flight-env/lib/python3.12/site-packages/airflow/example_dags/tutorial.py
[2025-09-02T17:46:39.720+0530] {processor.py:925} INFO - DAG(s) 'tutorial' retrieved from /Users/parthmac/Desktop/Projects/Flight Data Engineering/flight-env/lib/python3.12/site-packages/airflow/example_dags/tutorial.py
[2025-09-02T17:46:39.745+0530] {logging_mixin.py:190} INFO - [2025-09-02T17:46:39.745+0530] {dag.py:3239} INFO - Sync 1 DAGs
[2025-09-02T17:46:39.749+0530] {logging_mixin.py:190} INFO - [2025-09-02T17:46:39.749+0530] {dag.py:4180} INFO - Setting next_dagrun for tutorial to 2025-09-01 00:00:00+00:00, run_after=2025-09-02 00:00:00+00:00
[2025-09-02T17:46:39.754+0530] {processor.py:208} INFO - Processing /Users/parthmac/Desktop/Projects/Flight Data Engineering/flight-env/lib/python3.12/site-packages/airflow/example_dags/tutorial.py took 0.038 seconds
[2025-09-02T17:48:05.893+0530] {processor.py:186} INFO - Started process (PID=32684) to work on /Users/parthmac/Desktop/Projects/Flight Data Engineering/flight-env/lib/python3.12/site-packages/airflow/example_dags/tutorial.py
[2025-09-02T17:48:05.894+0530] {processor.py:914} INFO - Processing file /Users/parthmac/Desktop/Projects/Flight Data Engineering/flight-env/lib/python3.12/site-packages/airflow/example_dags/tutorial.py for tasks to queue
[2025-09-02T17:48:05.894+0530] {logging_mixin.py:190} INFO - [2025-09-02T17:48:05.894+0530] {dagbag.py:588} INFO - Filling up the DagBag from /Users/parthmac/Desktop/Projects/Flight Data Engineering/flight-env/lib/python3.12/site-packages/airflow/example_dags/tutorial.py
[2025-09-02T17:48:05.896+0530] {processor.py:925} INFO - DAG(s) 'tutorial' retrieved from /Users/parthmac/Desktop/Projects/Flight Data Engineering/flight-env/lib/python3.12/site-packages/airflow/example_dags/tutorial.py
[2025-09-02T17:48:05.923+0530] {logging_mixin.py:190} INFO - [2025-09-02T17:48:05.922+0530] {dag.py:3239} INFO - Sync 1 DAGs
[2025-09-02T17:48:05.927+0530] {logging_mixin.py:190} INFO - [2025-09-02T17:48:05.927+0530] {dag.py:4180} INFO - Setting next_dagrun for tutorial to 2025-09-01 00:00:00+00:00, run_after=2025-09-02 00:00:00+00:00
[2025-09-02T17:48:05.932+0530] {processor.py:208} INFO - Processing /Users/parthmac/Desktop/Projects/Flight Data Engineering/flight-env/lib/python3.12/site-packages/airflow/example_dags/tutorial.py took 0.040 seconds
[2025-09-02T17:48:58.691+0530] {processor.py:186} INFO - Started process (PID=32742) to work on /Users/parthmac/Desktop/Projects/Flight Data Engineering/flight-env/lib/python3.12/site-packages/airflow/example_dags/tutorial.py
[2025-09-02T17:48:58.691+0530] {processor.py:914} INFO - Processing file /Users/parthmac/Desktop/Projects/Flight Data Engineering/flight-env/lib/python3.12/site-packages/airflow/example_dags/tutorial.py for tasks to queue
[2025-09-02T17:48:58.692+0530] {logging_mixin.py:190} INFO - [2025-09-02T17:48:58.691+0530] {dagbag.py:588} INFO - Filling up the DagBag from /Users/parthmac/Desktop/Projects/Flight Data Engineering/flight-env/lib/python3.12/site-packages/airflow/example_dags/tutorial.py
[2025-09-02T17:48:58.694+0530] {processor.py:925} INFO - DAG(s) 'tutorial' retrieved from /Users/parthmac/Desktop/Projects/Flight Data Engineering/flight-env/lib/python3.12/site-packages/airflow/example_dags/tutorial.py
[2025-09-02T17:48:58.720+0530] {logging_mixin.py:190} INFO - [2025-09-02T17:48:58.720+0530] {dag.py:3239} INFO - Sync 1 DAGs
[2025-09-02T17:48:58.725+0530] {logging_mixin.py:190} INFO - [2025-09-02T17:48:58.725+0530] {dag.py:4180} INFO - Setting next_dagrun for tutorial to 2025-09-01 00:00:00+00:00, run_after=2025-09-02 00:00:00+00:00
[2025-09-02T17:48:58.730+0530] {processor.py:208} INFO - Processing /Users/parthmac/Desktop/Projects/Flight Data Engineering/flight-env/lib/python3.12/site-packages/airflow/example_dags/tutorial.py took 0.039 seconds
[2025-09-02T17:49:53.547+0530] {processor.py:186} INFO - Started process (PID=33015) to work on /Users/parthmac/Desktop/Projects/Flight Data Engineering/flight-env/lib/python3.12/site-packages/airflow/example_dags/tutorial.py
[2025-09-02T17:49:53.548+0530] {processor.py:914} INFO - Processing file /Users/parthmac/Desktop/Projects/Flight Data Engineering/flight-env/lib/python3.12/site-packages/airflow/example_dags/tutorial.py for tasks to queue
[2025-09-02T17:49:53.548+0530] {logging_mixin.py:190} INFO - [2025-09-02T17:49:53.548+0530] {dagbag.py:588} INFO - Filling up the DagBag from /Users/parthmac/Desktop/Projects/Flight Data Engineering/flight-env/lib/python3.12/site-packages/airflow/example_dags/tutorial.py
[2025-09-02T17:49:53.550+0530] {processor.py:925} INFO - DAG(s) 'tutorial' retrieved from /Users/parthmac/Desktop/Projects/Flight Data Engineering/flight-env/lib/python3.12/site-packages/airflow/example_dags/tutorial.py
[2025-09-02T17:49:53.575+0530] {logging_mixin.py:190} INFO - [2025-09-02T17:49:53.575+0530] {dag.py:3239} INFO - Sync 1 DAGs
[2025-09-02T17:49:53.580+0530] {logging_mixin.py:190} INFO - [2025-09-02T17:49:53.580+0530] {dag.py:4180} INFO - Setting next_dagrun for tutorial to 2025-09-01 00:00:00+00:00, run_after=2025-09-02 00:00:00+00:00
[2025-09-02T17:49:53.585+0530] {processor.py:208} INFO - Processing /Users/parthmac/Desktop/Projects/Flight Data Engineering/flight-env/lib/python3.12/site-packages/airflow/example_dags/tutorial.py took 0.039 seconds
[2025-09-02T17:50:44.410+0530] {processor.py:186} INFO - Started process (PID=33181) to work on /Users/parthmac/Desktop/Projects/Flight Data Engineering/flight-env/lib/python3.12/site-packages/airflow/example_dags/tutorial.py
[2025-09-02T17:50:44.410+0530] {processor.py:914} INFO - Processing file /Users/parthmac/Desktop/Projects/Flight Data Engineering/flight-env/lib/python3.12/site-packages/airflow/example_dags/tutorial.py for tasks to queue
[2025-09-02T17:50:44.411+0530] {logging_mixin.py:190} INFO - [2025-09-02T17:50:44.411+0530] {dagbag.py:588} INFO - Filling up the DagBag from /Users/parthmac/Desktop/Projects/Flight Data Engineering/flight-env/lib/python3.12/site-packages/airflow/example_dags/tutorial.py
[2025-09-02T17:50:44.413+0530] {processor.py:925} INFO - DAG(s) 'tutorial' retrieved from /Users/parthmac/Desktop/Projects/Flight Data Engineering/flight-env/lib/python3.12/site-packages/airflow/example_dags/tutorial.py
[2025-09-02T17:50:44.439+0530] {logging_mixin.py:190} INFO - [2025-09-02T17:50:44.439+0530] {dag.py:3239} INFO - Sync 1 DAGs
[2025-09-02T17:50:44.444+0530] {logging_mixin.py:190} INFO - [2025-09-02T17:50:44.443+0530] {dag.py:4180} INFO - Setting next_dagrun for tutorial to 2025-09-01 00:00:00+00:00, run_after=2025-09-02 00:00:00+00:00
[2025-09-02T17:50:44.448+0530] {processor.py:208} INFO - Processing /Users/parthmac/Desktop/Projects/Flight Data Engineering/flight-env/lib/python3.12/site-packages/airflow/example_dags/tutorial.py took 0.039 seconds
[2025-09-02T17:51:34.915+0530] {processor.py:186} INFO - Started process (PID=33228) to work on /Users/parthmac/Desktop/Projects/Flight Data Engineering/flight-env/lib/python3.12/site-packages/airflow/example_dags/tutorial.py
[2025-09-02T17:51:34.916+0530] {processor.py:914} INFO - Processing file /Users/parthmac/Desktop/Projects/Flight Data Engineering/flight-env/lib/python3.12/site-packages/airflow/example_dags/tutorial.py for tasks to queue
[2025-09-02T17:51:34.916+0530] {logging_mixin.py:190} INFO - [2025-09-02T17:51:34.916+0530] {dagbag.py:588} INFO - Filling up the DagBag from /Users/parthmac/Desktop/Projects/Flight Data Engineering/flight-env/lib/python3.12/site-packages/airflow/example_dags/tutorial.py
[2025-09-02T17:51:34.918+0530] {processor.py:925} INFO - DAG(s) 'tutorial' retrieved from /Users/parthmac/Desktop/Projects/Flight Data Engineering/flight-env/lib/python3.12/site-packages/airflow/example_dags/tutorial.py
[2025-09-02T17:51:34.944+0530] {logging_mixin.py:190} INFO - [2025-09-02T17:51:34.944+0530] {dag.py:3239} INFO - Sync 1 DAGs
[2025-09-02T17:51:34.949+0530] {logging_mixin.py:190} INFO - [2025-09-02T17:51:34.949+0530] {dag.py:4180} INFO - Setting next_dagrun for tutorial to 2025-09-01 00:00:00+00:00, run_after=2025-09-02 00:00:00+00:00
[2025-09-02T17:51:34.954+0530] {processor.py:208} INFO - Processing /Users/parthmac/Desktop/Projects/Flight Data Engineering/flight-env/lib/python3.12/site-packages/airflow/example_dags/tutorial.py took 0.040 seconds
[2025-09-02T17:54:19.200+0530] {processor.py:186} INFO - Started process (PID=34724) to work on /Users/parthmac/Desktop/Projects/Flight Data Engineering/flight-env/lib/python3.12/site-packages/airflow/example_dags/tutorial.py
[2025-09-02T17:54:19.202+0530] {processor.py:914} INFO - Processing file /Users/parthmac/Desktop/Projects/Flight Data Engineering/flight-env/lib/python3.12/site-packages/airflow/example_dags/tutorial.py for tasks to queue
[2025-09-02T17:54:19.202+0530] {logging_mixin.py:190} INFO - [2025-09-02T17:54:19.202+0530] {dagbag.py:588} INFO - Filling up the DagBag from /Users/parthmac/Desktop/Projects/Flight Data Engineering/flight-env/lib/python3.12/site-packages/airflow/example_dags/tutorial.py
[2025-09-02T17:54:19.204+0530] {processor.py:925} INFO - DAG(s) 'tutorial' retrieved from /Users/parthmac/Desktop/Projects/Flight Data Engineering/flight-env/lib/python3.12/site-packages/airflow/example_dags/tutorial.py
[2025-09-02T17:54:19.229+0530] {logging_mixin.py:190} INFO - [2025-09-02T17:54:19.229+0530] {dag.py:3239} INFO - Sync 1 DAGs
[2025-09-02T17:54:19.234+0530] {logging_mixin.py:190} INFO - [2025-09-02T17:54:19.234+0530] {dag.py:4180} INFO - Setting next_dagrun for tutorial to 2025-09-01 00:00:00+00:00, run_after=2025-09-02 00:00:00+00:00
[2025-09-02T17:54:19.239+0530] {processor.py:208} INFO - Processing /Users/parthmac/Desktop/Projects/Flight Data Engineering/flight-env/lib/python3.12/site-packages/airflow/example_dags/tutorial.py took 0.040 seconds
