[2025-09-02T16:57:21.839+0530] {processor.py:186} INFO - Started process (PID=26313) to work on /Users/parthmac/Desktop/Projects/Flight Data Engineering/flight-env/lib/python3.12/site-packages/airflow/example_dags/tutorial_dag.py
[2025-09-02T16:57:21.839+0530] {processor.py:914} INFO - Processing file /Users/parthmac/Desktop/Projects/Flight Data Engineering/flight-env/lib/python3.12/site-packages/airflow/example_dags/tutorial_dag.py for tasks to queue
[2025-09-02T16:57:21.839+0530] {logging_mixin.py:190} INFO - [2025-09-02T16:57:21.839+0530] {dagbag.py:588} INFO - Filling up the DagBag from /Users/parthmac/Desktop/Projects/Flight Data Engineering/flight-env/lib/python3.12/site-packages/airflow/example_dags/tutorial_dag.py
[2025-09-02T16:57:21.847+0530] {processor.py:925} INFO - DAG(s) 'tutorial_dag' retrieved from /Users/parthmac/Desktop/Projects/Flight Data Engineering/flight-env/lib/python3.12/site-packages/airflow/example_dags/tutorial_dag.py
[2025-09-02T16:57:21.895+0530] {logging_mixin.py:190} INFO - [2025-09-02T16:57:21.895+0530] {override.py:1900} INFO - Created Permission View: can delete on DAG:tutorial_dag
[2025-09-02T16:57:21.916+0530] {logging_mixin.py:190} INFO - [2025-09-02T16:57:21.916+0530] {override.py:1900} INFO - Created Permission View: can edit on DAG:tutorial_dag
[2025-09-02T16:57:21.918+0530] {logging_mixin.py:190} INFO - [2025-09-02T16:57:21.918+0530] {override.py:1900} INFO - Created Permission View: can read on DAG:tutorial_dag
[2025-09-02T16:57:21.920+0530] {logging_mixin.py:190} INFO - [2025-09-02T16:57:21.920+0530] {override.py:1900} INFO - Created Permission View: can delete on DAG Run:tutorial_dag
[2025-09-02T16:57:21.921+0530] {logging_mixin.py:190} INFO - [2025-09-02T16:57:21.921+0530] {override.py:1900} INFO - Created Permission View: can create on DAG Run:tutorial_dag
[2025-09-02T16:57:21.922+0530] {logging_mixin.py:190} INFO - [2025-09-02T16:57:21.922+0530] {override.py:1900} INFO - Created Permission View: can read on DAG Run:tutorial_dag
[2025-09-02T16:57:21.923+0530] {logging_mixin.py:190} INFO - [2025-09-02T16:57:21.923+0530] {override.py:1900} INFO - Created Permission View: menu access on DAG Run:tutorial_dag
[2025-09-02T16:57:21.924+0530] {logging_mixin.py:190} INFO - [2025-09-02T16:57:21.923+0530] {dag.py:3239} INFO - Sync 1 DAGs
[2025-09-02T16:57:21.926+0530] {logging_mixin.py:190} INFO - [2025-09-02T16:57:21.926+0530] {dag.py:3262} INFO - Creating ORM DAG for tutorial_dag
[2025-09-02T16:57:21.927+0530] {logging_mixin.py:190} INFO - [2025-09-02T16:57:21.926+0530] {dag.py:4180} INFO - Setting next_dagrun for tutorial_dag to None, run_after=None
[2025-09-02T16:57:21.931+0530] {processor.py:208} INFO - Processing /Users/parthmac/Desktop/Projects/Flight Data Engineering/flight-env/lib/python3.12/site-packages/airflow/example_dags/tutorial_dag.py took 0.093 seconds
[2025-09-02T16:58:53.438+0530] {processor.py:186} INFO - Started process (PID=26398) to work on /Users/parthmac/Desktop/Projects/Flight Data Engineering/flight-env/lib/python3.12/site-packages/airflow/example_dags/tutorial_dag.py
[2025-09-02T16:58:53.439+0530] {processor.py:914} INFO - Processing file /Users/parthmac/Desktop/Projects/Flight Data Engineering/flight-env/lib/python3.12/site-packages/airflow/example_dags/tutorial_dag.py for tasks to queue
[2025-09-02T16:58:53.439+0530] {logging_mixin.py:190} INFO - [2025-09-02T16:58:53.439+0530] {dagbag.py:588} INFO - Filling up the DagBag from /Users/parthmac/Desktop/Projects/Flight Data Engineering/flight-env/lib/python3.12/site-packages/airflow/example_dags/tutorial_dag.py
[2025-09-02T16:58:53.447+0530] {processor.py:925} INFO - DAG(s) 'tutorial_dag' retrieved from /Users/parthmac/Desktop/Projects/Flight Data Engineering/flight-env/lib/python3.12/site-packages/airflow/example_dags/tutorial_dag.py
[2025-09-02T16:58:53.471+0530] {logging_mixin.py:190} INFO - [2025-09-02T16:58:53.470+0530] {dag.py:3239} INFO - Sync 1 DAGs
[2025-09-02T16:58:53.474+0530] {logging_mixin.py:190} INFO - [2025-09-02T16:58:53.474+0530] {dag.py:4180} INFO - Setting next_dagrun for tutorial_dag to None, run_after=None
[2025-09-02T16:58:53.478+0530] {processor.py:208} INFO - Processing /Users/parthmac/Desktop/Projects/Flight Data Engineering/flight-env/lib/python3.12/site-packages/airflow/example_dags/tutorial_dag.py took 0.042 seconds
[2025-09-02T16:59:51.213+0530] {processor.py:186} INFO - Started process (PID=26473) to work on /Users/parthmac/Desktop/Projects/Flight Data Engineering/flight-env/lib/python3.12/site-packages/airflow/example_dags/tutorial_dag.py
[2025-09-02T16:59:51.214+0530] {processor.py:914} INFO - Processing file /Users/parthmac/Desktop/Projects/Flight Data Engineering/flight-env/lib/python3.12/site-packages/airflow/example_dags/tutorial_dag.py for tasks to queue
[2025-09-02T16:59:51.215+0530] {logging_mixin.py:190} INFO - [2025-09-02T16:59:51.215+0530] {dagbag.py:588} INFO - Filling up the DagBag from /Users/parthmac/Desktop/Projects/Flight Data Engineering/flight-env/lib/python3.12/site-packages/airflow/example_dags/tutorial_dag.py
[2025-09-02T16:59:51.223+0530] {processor.py:925} INFO - DAG(s) 'tutorial_dag' retrieved from /Users/parthmac/Desktop/Projects/Flight Data Engineering/flight-env/lib/python3.12/site-packages/airflow/example_dags/tutorial_dag.py
[2025-09-02T16:59:51.247+0530] {logging_mixin.py:190} INFO - [2025-09-02T16:59:51.247+0530] {dag.py:3239} INFO - Sync 1 DAGs
[2025-09-02T16:59:51.250+0530] {logging_mixin.py:190} INFO - [2025-09-02T16:59:51.250+0530] {dag.py:4180} INFO - Setting next_dagrun for tutorial_dag to None, run_after=None
[2025-09-02T16:59:51.255+0530] {processor.py:208} INFO - Processing /Users/parthmac/Desktop/Projects/Flight Data Engineering/flight-env/lib/python3.12/site-packages/airflow/example_dags/tutorial_dag.py took 0.042 seconds
[2025-09-02T17:05:16.562+0530] {processor.py:186} INFO - Started process (PID=27580) to work on /Users/parthmac/Desktop/Projects/Flight Data Engineering/flight-env/lib/python3.12/site-packages/airflow/example_dags/tutorial_dag.py
[2025-09-02T17:05:16.562+0530] {processor.py:914} INFO - Processing file /Users/parthmac/Desktop/Projects/Flight Data Engineering/flight-env/lib/python3.12/site-packages/airflow/example_dags/tutorial_dag.py for tasks to queue
[2025-09-02T17:05:16.563+0530] {logging_mixin.py:190} INFO - [2025-09-02T17:05:16.563+0530] {dagbag.py:588} INFO - Filling up the DagBag from /Users/parthmac/Desktop/Projects/Flight Data Engineering/flight-env/lib/python3.12/site-packages/airflow/example_dags/tutorial_dag.py
[2025-09-02T17:05:16.571+0530] {processor.py:925} INFO - DAG(s) 'tutorial_dag' retrieved from /Users/parthmac/Desktop/Projects/Flight Data Engineering/flight-env/lib/python3.12/site-packages/airflow/example_dags/tutorial_dag.py
[2025-09-02T17:05:16.594+0530] {logging_mixin.py:190} INFO - [2025-09-02T17:05:16.594+0530] {dag.py:3239} INFO - Sync 1 DAGs
[2025-09-02T17:05:16.598+0530] {logging_mixin.py:190} INFO - [2025-09-02T17:05:16.598+0530] {dag.py:4180} INFO - Setting next_dagrun for tutorial_dag to None, run_after=None
[2025-09-02T17:05:16.603+0530] {processor.py:208} INFO - Processing /Users/parthmac/Desktop/Projects/Flight Data Engineering/flight-env/lib/python3.12/site-packages/airflow/example_dags/tutorial_dag.py took 0.042 seconds
[2025-09-02T17:06:41.229+0530] {processor.py:186} INFO - Started process (PID=27659) to work on /Users/parthmac/Desktop/Projects/Flight Data Engineering/flight-env/lib/python3.12/site-packages/airflow/example_dags/tutorial_dag.py
[2025-09-02T17:06:41.230+0530] {processor.py:914} INFO - Processing file /Users/parthmac/Desktop/Projects/Flight Data Engineering/flight-env/lib/python3.12/site-packages/airflow/example_dags/tutorial_dag.py for tasks to queue
[2025-09-02T17:06:41.231+0530] {logging_mixin.py:190} INFO - [2025-09-02T17:06:41.231+0530] {dagbag.py:588} INFO - Filling up the DagBag from /Users/parthmac/Desktop/Projects/Flight Data Engineering/flight-env/lib/python3.12/site-packages/airflow/example_dags/tutorial_dag.py
[2025-09-02T17:06:41.238+0530] {processor.py:925} INFO - DAG(s) 'tutorial_dag' retrieved from /Users/parthmac/Desktop/Projects/Flight Data Engineering/flight-env/lib/python3.12/site-packages/airflow/example_dags/tutorial_dag.py
[2025-09-02T17:06:41.262+0530] {logging_mixin.py:190} INFO - [2025-09-02T17:06:41.262+0530] {dag.py:3239} INFO - Sync 1 DAGs
[2025-09-02T17:06:41.265+0530] {logging_mixin.py:190} INFO - [2025-09-02T17:06:41.265+0530] {dag.py:4180} INFO - Setting next_dagrun for tutorial_dag to None, run_after=None
[2025-09-02T17:06:41.270+0530] {processor.py:208} INFO - Processing /Users/parthmac/Desktop/Projects/Flight Data Engineering/flight-env/lib/python3.12/site-packages/airflow/example_dags/tutorial_dag.py took 0.041 seconds
[2025-09-02T17:07:35.613+0530] {processor.py:186} INFO - Started process (PID=27737) to work on /Users/parthmac/Desktop/Projects/Flight Data Engineering/flight-env/lib/python3.12/site-packages/airflow/example_dags/tutorial_dag.py
[2025-09-02T17:07:35.614+0530] {processor.py:914} INFO - Processing file /Users/parthmac/Desktop/Projects/Flight Data Engineering/flight-env/lib/python3.12/site-packages/airflow/example_dags/tutorial_dag.py for tasks to queue
[2025-09-02T17:07:35.614+0530] {logging_mixin.py:190} INFO - [2025-09-02T17:07:35.614+0530] {dagbag.py:588} INFO - Filling up the DagBag from /Users/parthmac/Desktop/Projects/Flight Data Engineering/flight-env/lib/python3.12/site-packages/airflow/example_dags/tutorial_dag.py
[2025-09-02T17:07:35.622+0530] {processor.py:925} INFO - DAG(s) 'tutorial_dag' retrieved from /Users/parthmac/Desktop/Projects/Flight Data Engineering/flight-env/lib/python3.12/site-packages/airflow/example_dags/tutorial_dag.py
[2025-09-02T17:07:35.647+0530] {logging_mixin.py:190} INFO - [2025-09-02T17:07:35.646+0530] {dag.py:3239} INFO - Sync 1 DAGs
[2025-09-02T17:07:35.650+0530] {logging_mixin.py:190} INFO - [2025-09-02T17:07:35.650+0530] {dag.py:4180} INFO - Setting next_dagrun for tutorial_dag to None, run_after=None
[2025-09-02T17:07:35.654+0530] {processor.py:208} INFO - Processing /Users/parthmac/Desktop/Projects/Flight Data Engineering/flight-env/lib/python3.12/site-packages/airflow/example_dags/tutorial_dag.py took 0.042 seconds
[2025-09-02T17:42:14.007+0530] {processor.py:186} INFO - Started process (PID=31581) to work on /Users/parthmac/Desktop/Projects/Flight Data Engineering/flight-env/lib/python3.12/site-packages/airflow/example_dags/tutorial_dag.py
[2025-09-02T17:42:14.008+0530] {processor.py:914} INFO - Processing file /Users/parthmac/Desktop/Projects/Flight Data Engineering/flight-env/lib/python3.12/site-packages/airflow/example_dags/tutorial_dag.py for tasks to queue
[2025-09-02T17:42:14.008+0530] {logging_mixin.py:190} INFO - [2025-09-02T17:42:14.008+0530] {dagbag.py:588} INFO - Filling up the DagBag from /Users/parthmac/Desktop/Projects/Flight Data Engineering/flight-env/lib/python3.12/site-packages/airflow/example_dags/tutorial_dag.py
[2025-09-02T17:42:14.016+0530] {processor.py:925} INFO - DAG(s) 'tutorial_dag' retrieved from /Users/parthmac/Desktop/Projects/Flight Data Engineering/flight-env/lib/python3.12/site-packages/airflow/example_dags/tutorial_dag.py
[2025-09-02T17:42:14.038+0530] {logging_mixin.py:190} INFO - [2025-09-02T17:42:14.038+0530] {dag.py:3239} INFO - Sync 1 DAGs
[2025-09-02T17:42:14.041+0530] {logging_mixin.py:190} INFO - [2025-09-02T17:42:14.041+0530] {dag.py:4180} INFO - Setting next_dagrun for tutorial_dag to None, run_after=None
[2025-09-02T17:42:14.046+0530] {processor.py:208} INFO - Processing /Users/parthmac/Desktop/Projects/Flight Data Engineering/flight-env/lib/python3.12/site-packages/airflow/example_dags/tutorial_dag.py took 0.039 seconds
[2025-09-02T17:43:38.459+0530] {processor.py:186} INFO - Started process (PID=31734) to work on /Users/parthmac/Desktop/Projects/Flight Data Engineering/flight-env/lib/python3.12/site-packages/airflow/example_dags/tutorial_dag.py
[2025-09-02T17:43:38.459+0530] {processor.py:914} INFO - Processing file /Users/parthmac/Desktop/Projects/Flight Data Engineering/flight-env/lib/python3.12/site-packages/airflow/example_dags/tutorial_dag.py for tasks to queue
[2025-09-02T17:43:38.460+0530] {logging_mixin.py:190} INFO - [2025-09-02T17:43:38.460+0530] {dagbag.py:588} INFO - Filling up the DagBag from /Users/parthmac/Desktop/Projects/Flight Data Engineering/flight-env/lib/python3.12/site-packages/airflow/example_dags/tutorial_dag.py
[2025-09-02T17:43:38.467+0530] {processor.py:925} INFO - DAG(s) 'tutorial_dag' retrieved from /Users/parthmac/Desktop/Projects/Flight Data Engineering/flight-env/lib/python3.12/site-packages/airflow/example_dags/tutorial_dag.py
[2025-09-02T17:43:38.491+0530] {logging_mixin.py:190} INFO - [2025-09-02T17:43:38.491+0530] {dag.py:3239} INFO - Sync 1 DAGs
[2025-09-02T17:43:38.494+0530] {logging_mixin.py:190} INFO - [2025-09-02T17:43:38.494+0530] {dag.py:4180} INFO - Setting next_dagrun for tutorial_dag to None, run_after=None
[2025-09-02T17:43:38.498+0530] {processor.py:208} INFO - Processing /Users/parthmac/Desktop/Projects/Flight Data Engineering/flight-env/lib/python3.12/site-packages/airflow/example_dags/tutorial_dag.py took 0.040 seconds
[2025-09-02T17:46:38.936+0530] {processor.py:186} INFO - Started process (PID=32572) to work on /Users/parthmac/Desktop/Projects/Flight Data Engineering/flight-env/lib/python3.12/site-packages/airflow/example_dags/tutorial_dag.py
[2025-09-02T17:46:38.937+0530] {processor.py:914} INFO - Processing file /Users/parthmac/Desktop/Projects/Flight Data Engineering/flight-env/lib/python3.12/site-packages/airflow/example_dags/tutorial_dag.py for tasks to queue
[2025-09-02T17:46:38.937+0530] {logging_mixin.py:190} INFO - [2025-09-02T17:46:38.937+0530] {dagbag.py:588} INFO - Filling up the DagBag from /Users/parthmac/Desktop/Projects/Flight Data Engineering/flight-env/lib/python3.12/site-packages/airflow/example_dags/tutorial_dag.py
[2025-09-02T17:46:38.945+0530] {processor.py:925} INFO - DAG(s) 'tutorial_dag' retrieved from /Users/parthmac/Desktop/Projects/Flight Data Engineering/flight-env/lib/python3.12/site-packages/airflow/example_dags/tutorial_dag.py
[2025-09-02T17:46:38.967+0530] {logging_mixin.py:190} INFO - [2025-09-02T17:46:38.967+0530] {dag.py:3239} INFO - Sync 1 DAGs
[2025-09-02T17:46:38.970+0530] {logging_mixin.py:190} INFO - [2025-09-02T17:46:38.970+0530] {dag.py:4180} INFO - Setting next_dagrun for tutorial_dag to None, run_after=None
[2025-09-02T17:46:38.975+0530] {processor.py:208} INFO - Processing /Users/parthmac/Desktop/Projects/Flight Data Engineering/flight-env/lib/python3.12/site-packages/airflow/example_dags/tutorial_dag.py took 0.040 seconds
[2025-09-02T17:48:04.263+0530] {processor.py:186} INFO - Started process (PID=32683) to work on /Users/parthmac/Desktop/Projects/Flight Data Engineering/flight-env/lib/python3.12/site-packages/airflow/example_dags/tutorial_dag.py
[2025-09-02T17:48:04.263+0530] {processor.py:914} INFO - Processing file /Users/parthmac/Desktop/Projects/Flight Data Engineering/flight-env/lib/python3.12/site-packages/airflow/example_dags/tutorial_dag.py for tasks to queue
[2025-09-02T17:48:04.264+0530] {logging_mixin.py:190} INFO - [2025-09-02T17:48:04.264+0530] {dagbag.py:588} INFO - Filling up the DagBag from /Users/parthmac/Desktop/Projects/Flight Data Engineering/flight-env/lib/python3.12/site-packages/airflow/example_dags/tutorial_dag.py
[2025-09-02T17:48:04.272+0530] {processor.py:925} INFO - DAG(s) 'tutorial_dag' retrieved from /Users/parthmac/Desktop/Projects/Flight Data Engineering/flight-env/lib/python3.12/site-packages/airflow/example_dags/tutorial_dag.py
[2025-09-02T17:48:04.297+0530] {logging_mixin.py:190} INFO - [2025-09-02T17:48:04.296+0530] {dag.py:3239} INFO - Sync 1 DAGs
[2025-09-02T17:48:04.300+0530] {logging_mixin.py:190} INFO - [2025-09-02T17:48:04.300+0530] {dag.py:4180} INFO - Setting next_dagrun for tutorial_dag to None, run_after=None
[2025-09-02T17:48:04.305+0530] {processor.py:208} INFO - Processing /Users/parthmac/Desktop/Projects/Flight Data Engineering/flight-env/lib/python3.12/site-packages/airflow/example_dags/tutorial_dag.py took 0.042 seconds
[2025-09-02T17:48:57.044+0530] {processor.py:186} INFO - Started process (PID=32739) to work on /Users/parthmac/Desktop/Projects/Flight Data Engineering/flight-env/lib/python3.12/site-packages/airflow/example_dags/tutorial_dag.py
[2025-09-02T17:48:57.044+0530] {processor.py:914} INFO - Processing file /Users/parthmac/Desktop/Projects/Flight Data Engineering/flight-env/lib/python3.12/site-packages/airflow/example_dags/tutorial_dag.py for tasks to queue
[2025-09-02T17:48:57.044+0530] {logging_mixin.py:190} INFO - [2025-09-02T17:48:57.044+0530] {dagbag.py:588} INFO - Filling up the DagBag from /Users/parthmac/Desktop/Projects/Flight Data Engineering/flight-env/lib/python3.12/site-packages/airflow/example_dags/tutorial_dag.py
[2025-09-02T17:48:57.053+0530] {processor.py:925} INFO - DAG(s) 'tutorial_dag' retrieved from /Users/parthmac/Desktop/Projects/Flight Data Engineering/flight-env/lib/python3.12/site-packages/airflow/example_dags/tutorial_dag.py
[2025-09-02T17:48:57.077+0530] {logging_mixin.py:190} INFO - [2025-09-02T17:48:57.077+0530] {dag.py:3239} INFO - Sync 1 DAGs
[2025-09-02T17:48:57.081+0530] {logging_mixin.py:190} INFO - [2025-09-02T17:48:57.081+0530] {dag.py:4180} INFO - Setting next_dagrun for tutorial_dag to None, run_after=None
[2025-09-02T17:48:57.086+0530] {processor.py:208} INFO - Processing /Users/parthmac/Desktop/Projects/Flight Data Engineering/flight-env/lib/python3.12/site-packages/airflow/example_dags/tutorial_dag.py took 0.043 seconds
[2025-09-02T17:49:51.913+0530] {processor.py:186} INFO - Started process (PID=33014) to work on /Users/parthmac/Desktop/Projects/Flight Data Engineering/flight-env/lib/python3.12/site-packages/airflow/example_dags/tutorial_dag.py
[2025-09-02T17:49:51.913+0530] {processor.py:914} INFO - Processing file /Users/parthmac/Desktop/Projects/Flight Data Engineering/flight-env/lib/python3.12/site-packages/airflow/example_dags/tutorial_dag.py for tasks to queue
[2025-09-02T17:49:51.913+0530] {logging_mixin.py:190} INFO - [2025-09-02T17:49:51.913+0530] {dagbag.py:588} INFO - Filling up the DagBag from /Users/parthmac/Desktop/Projects/Flight Data Engineering/flight-env/lib/python3.12/site-packages/airflow/example_dags/tutorial_dag.py
[2025-09-02T17:49:51.922+0530] {processor.py:925} INFO - DAG(s) 'tutorial_dag' retrieved from /Users/parthmac/Desktop/Projects/Flight Data Engineering/flight-env/lib/python3.12/site-packages/airflow/example_dags/tutorial_dag.py
[2025-09-02T17:49:51.946+0530] {logging_mixin.py:190} INFO - [2025-09-02T17:49:51.946+0530] {dag.py:3239} INFO - Sync 1 DAGs
[2025-09-02T17:49:51.949+0530] {logging_mixin.py:190} INFO - [2025-09-02T17:49:51.949+0530] {dag.py:4180} INFO - Setting next_dagrun for tutorial_dag to None, run_after=None
[2025-09-02T17:49:51.954+0530] {processor.py:208} INFO - Processing /Users/parthmac/Desktop/Projects/Flight Data Engineering/flight-env/lib/python3.12/site-packages/airflow/example_dags/tutorial_dag.py took 0.042 seconds
[2025-09-02T17:50:42.768+0530] {processor.py:186} INFO - Started process (PID=33180) to work on /Users/parthmac/Desktop/Projects/Flight Data Engineering/flight-env/lib/python3.12/site-packages/airflow/example_dags/tutorial_dag.py
[2025-09-02T17:50:42.768+0530] {processor.py:914} INFO - Processing file /Users/parthmac/Desktop/Projects/Flight Data Engineering/flight-env/lib/python3.12/site-packages/airflow/example_dags/tutorial_dag.py for tasks to queue
[2025-09-02T17:50:42.768+0530] {logging_mixin.py:190} INFO - [2025-09-02T17:50:42.768+0530] {dagbag.py:588} INFO - Filling up the DagBag from /Users/parthmac/Desktop/Projects/Flight Data Engineering/flight-env/lib/python3.12/site-packages/airflow/example_dags/tutorial_dag.py
[2025-09-02T17:50:42.777+0530] {processor.py:925} INFO - DAG(s) 'tutorial_dag' retrieved from /Users/parthmac/Desktop/Projects/Flight Data Engineering/flight-env/lib/python3.12/site-packages/airflow/example_dags/tutorial_dag.py
[2025-09-02T17:50:42.802+0530] {logging_mixin.py:190} INFO - [2025-09-02T17:50:42.801+0530] {dag.py:3239} INFO - Sync 1 DAGs
[2025-09-02T17:50:42.805+0530] {logging_mixin.py:190} INFO - [2025-09-02T17:50:42.805+0530] {dag.py:4180} INFO - Setting next_dagrun for tutorial_dag to None, run_after=None
[2025-09-02T17:50:42.810+0530] {processor.py:208} INFO - Processing /Users/parthmac/Desktop/Projects/Flight Data Engineering/flight-env/lib/python3.12/site-packages/airflow/example_dags/tutorial_dag.py took 0.043 seconds
[2025-09-02T17:51:34.082+0530] {processor.py:186} INFO - Started process (PID=33227) to work on /Users/parthmac/Desktop/Projects/Flight Data Engineering/flight-env/lib/python3.12/site-packages/airflow/example_dags/tutorial_dag.py
[2025-09-02T17:51:34.082+0530] {processor.py:914} INFO - Processing file /Users/parthmac/Desktop/Projects/Flight Data Engineering/flight-env/lib/python3.12/site-packages/airflow/example_dags/tutorial_dag.py for tasks to queue
[2025-09-02T17:51:34.083+0530] {logging_mixin.py:190} INFO - [2025-09-02T17:51:34.083+0530] {dagbag.py:588} INFO - Filling up the DagBag from /Users/parthmac/Desktop/Projects/Flight Data Engineering/flight-env/lib/python3.12/site-packages/airflow/example_dags/tutorial_dag.py
[2025-09-02T17:51:34.091+0530] {processor.py:925} INFO - DAG(s) 'tutorial_dag' retrieved from /Users/parthmac/Desktop/Projects/Flight Data Engineering/flight-env/lib/python3.12/site-packages/airflow/example_dags/tutorial_dag.py
[2025-09-02T17:51:34.116+0530] {logging_mixin.py:190} INFO - [2025-09-02T17:51:34.115+0530] {dag.py:3239} INFO - Sync 1 DAGs
[2025-09-02T17:51:34.119+0530] {logging_mixin.py:190} INFO - [2025-09-02T17:51:34.119+0530] {dag.py:4180} INFO - Setting next_dagrun for tutorial_dag to None, run_after=None
[2025-09-02T17:51:34.123+0530] {processor.py:208} INFO - Processing /Users/parthmac/Desktop/Projects/Flight Data Engineering/flight-env/lib/python3.12/site-packages/airflow/example_dags/tutorial_dag.py took 0.042 seconds
[2025-09-02T17:54:18.048+0530] {processor.py:186} INFO - Started process (PID=34723) to work on /Users/parthmac/Desktop/Projects/Flight Data Engineering/flight-env/lib/python3.12/site-packages/airflow/example_dags/tutorial_dag.py
[2025-09-02T17:54:18.050+0530] {processor.py:914} INFO - Processing file /Users/parthmac/Desktop/Projects/Flight Data Engineering/flight-env/lib/python3.12/site-packages/airflow/example_dags/tutorial_dag.py for tasks to queue
[2025-09-02T17:54:18.050+0530] {logging_mixin.py:190} INFO - [2025-09-02T17:54:18.050+0530] {dagbag.py:588} INFO - Filling up the DagBag from /Users/parthmac/Desktop/Projects/Flight Data Engineering/flight-env/lib/python3.12/site-packages/airflow/example_dags/tutorial_dag.py
[2025-09-02T17:54:18.058+0530] {processor.py:925} INFO - DAG(s) 'tutorial_dag' retrieved from /Users/parthmac/Desktop/Projects/Flight Data Engineering/flight-env/lib/python3.12/site-packages/airflow/example_dags/tutorial_dag.py
[2025-09-02T17:54:18.082+0530] {logging_mixin.py:190} INFO - [2025-09-02T17:54:18.082+0530] {dag.py:3239} INFO - Sync 1 DAGs
[2025-09-02T17:54:18.085+0530] {logging_mixin.py:190} INFO - [2025-09-02T17:54:18.085+0530] {dag.py:4180} INFO - Setting next_dagrun for tutorial_dag to None, run_after=None
[2025-09-02T17:54:18.090+0530] {processor.py:208} INFO - Processing /Users/parthmac/Desktop/Projects/Flight Data Engineering/flight-env/lib/python3.12/site-packages/airflow/example_dags/tutorial_dag.py took 0.042 seconds
