[2025-09-02T16:57:20.174+0530] {processor.py:186} INFO - Started process (PID=26312) to work on /Users/parthmac/Desktop/Projects/Flight Data Engineering/flight-env/lib/python3.12/site-packages/airflow/example_dags/tutorial_objectstorage.py
[2025-09-02T16:57:20.174+0530] {processor.py:914} INFO - Processing file /Users/parthmac/Desktop/Projects/Flight Data Engineering/flight-env/lib/python3.12/site-packages/airflow/example_dags/tutorial_objectstorage.py for tasks to queue
[2025-09-02T16:57:20.175+0530] {logging_mixin.py:190} INFO - [2025-09-02T16:57:20.175+0530] {dagbag.py:588} INFO - Filling up the DagBag from /Users/parthmac/Desktop/Projects/Flight Data Engineering/flight-env/lib/python3.12/site-packages/airflow/example_dags/tutorial_objectstorage.py
[2025-09-02T16:57:20.186+0530] {processor.py:925} INFO - DAG(s) 'tutorial_objectstorage' retrieved from /Users/parthmac/Desktop/Projects/Flight Data Engineering/flight-env/lib/python3.12/site-packages/airflow/example_dags/tutorial_objectstorage.py
[2025-09-02T16:57:20.253+0530] {logging_mixin.py:190} INFO - [2025-09-02T16:57:20.252+0530] {override.py:1900} INFO - Created Permission View: can read on DAG:tutorial_objectstorage
[2025-09-02T16:57:20.255+0530] {logging_mixin.py:190} INFO - [2025-09-02T16:57:20.255+0530] {override.py:1900} INFO - Created Permission View: can delete on DAG:tutorial_objectstorage
[2025-09-02T16:57:20.256+0530] {logging_mixin.py:190} INFO - [2025-09-02T16:57:20.256+0530] {override.py:1900} INFO - Created Permission View: can edit on DAG:tutorial_objectstorage
[2025-09-02T16:57:20.258+0530] {logging_mixin.py:190} INFO - [2025-09-02T16:57:20.258+0530] {override.py:1900} INFO - Created Permission View: can read on DAG Run:tutorial_objectstorage
[2025-09-02T16:57:20.259+0530] {logging_mixin.py:190} INFO - [2025-09-02T16:57:20.259+0530] {override.py:1900} INFO - Created Permission View: can delete on DAG Run:tutorial_objectstorage
[2025-09-02T16:57:20.260+0530] {logging_mixin.py:190} INFO - [2025-09-02T16:57:20.260+0530] {override.py:1900} INFO - Created Permission View: can create on DAG Run:tutorial_objectstorage
[2025-09-02T16:57:20.262+0530] {logging_mixin.py:190} INFO - [2025-09-02T16:57:20.262+0530] {override.py:1900} INFO - Created Permission View: menu access on DAG Run:tutorial_objectstorage
[2025-09-02T16:57:20.262+0530] {logging_mixin.py:190} INFO - [2025-09-02T16:57:20.262+0530] {dag.py:3239} INFO - Sync 1 DAGs
[2025-09-02T16:57:20.265+0530] {logging_mixin.py:190} INFO - [2025-09-02T16:57:20.265+0530] {dag.py:3262} INFO - Creating ORM DAG for tutorial_objectstorage
[2025-09-02T16:57:20.265+0530] {logging_mixin.py:190} INFO - [2025-09-02T16:57:20.265+0530] {dag.py:4180} INFO - Setting next_dagrun for tutorial_objectstorage to None, run_after=None
[2025-09-02T16:57:20.269+0530] {processor.py:208} INFO - Processing /Users/parthmac/Desktop/Projects/Flight Data Engineering/flight-env/lib/python3.12/site-packages/airflow/example_dags/tutorial_objectstorage.py took 0.096 seconds
[2025-09-02T16:58:51.786+0530] {processor.py:186} INFO - Started process (PID=26397) to work on /Users/parthmac/Desktop/Projects/Flight Data Engineering/flight-env/lib/python3.12/site-packages/airflow/example_dags/tutorial_objectstorage.py
[2025-09-02T16:58:51.787+0530] {processor.py:914} INFO - Processing file /Users/parthmac/Desktop/Projects/Flight Data Engineering/flight-env/lib/python3.12/site-packages/airflow/example_dags/tutorial_objectstorage.py for tasks to queue
[2025-09-02T16:58:51.787+0530] {logging_mixin.py:190} INFO - [2025-09-02T16:58:51.787+0530] {dagbag.py:588} INFO - Filling up the DagBag from /Users/parthmac/Desktop/Projects/Flight Data Engineering/flight-env/lib/python3.12/site-packages/airflow/example_dags/tutorial_objectstorage.py
[2025-09-02T16:58:51.799+0530] {processor.py:925} INFO - DAG(s) 'tutorial_objectstorage' retrieved from /Users/parthmac/Desktop/Projects/Flight Data Engineering/flight-env/lib/python3.12/site-packages/airflow/example_dags/tutorial_objectstorage.py
[2025-09-02T16:58:51.822+0530] {logging_mixin.py:190} INFO - [2025-09-02T16:58:51.822+0530] {dag.py:3239} INFO - Sync 1 DAGs
[2025-09-02T16:58:51.825+0530] {logging_mixin.py:190} INFO - [2025-09-02T16:58:51.825+0530] {dag.py:4180} INFO - Setting next_dagrun for tutorial_objectstorage to None, run_after=None
[2025-09-02T16:58:51.830+0530] {processor.py:208} INFO - Processing /Users/parthmac/Desktop/Projects/Flight Data Engineering/flight-env/lib/python3.12/site-packages/airflow/example_dags/tutorial_objectstorage.py took 0.045 seconds
[2025-09-02T16:59:49.980+0530] {processor.py:186} INFO - Started process (PID=26472) to work on /Users/parthmac/Desktop/Projects/Flight Data Engineering/flight-env/lib/python3.12/site-packages/airflow/example_dags/tutorial_objectstorage.py
[2025-09-02T16:59:49.981+0530] {processor.py:914} INFO - Processing file /Users/parthmac/Desktop/Projects/Flight Data Engineering/flight-env/lib/python3.12/site-packages/airflow/example_dags/tutorial_objectstorage.py for tasks to queue
[2025-09-02T16:59:49.981+0530] {logging_mixin.py:190} INFO - [2025-09-02T16:59:49.981+0530] {dagbag.py:588} INFO - Filling up the DagBag from /Users/parthmac/Desktop/Projects/Flight Data Engineering/flight-env/lib/python3.12/site-packages/airflow/example_dags/tutorial_objectstorage.py
[2025-09-02T16:59:49.993+0530] {processor.py:925} INFO - DAG(s) 'tutorial_objectstorage' retrieved from /Users/parthmac/Desktop/Projects/Flight Data Engineering/flight-env/lib/python3.12/site-packages/airflow/example_dags/tutorial_objectstorage.py
[2025-09-02T16:59:50.017+0530] {logging_mixin.py:190} INFO - [2025-09-02T16:59:50.017+0530] {dag.py:3239} INFO - Sync 1 DAGs
[2025-09-02T16:59:50.020+0530] {logging_mixin.py:190} INFO - [2025-09-02T16:59:50.020+0530] {dag.py:4180} INFO - Setting next_dagrun for tutorial_objectstorage to None, run_after=None
[2025-09-02T16:59:50.025+0530] {processor.py:208} INFO - Processing /Users/parthmac/Desktop/Projects/Flight Data Engineering/flight-env/lib/python3.12/site-packages/airflow/example_dags/tutorial_objectstorage.py took 0.046 seconds
[2025-09-02T17:05:14.943+0530] {processor.py:186} INFO - Started process (PID=27579) to work on /Users/parthmac/Desktop/Projects/Flight Data Engineering/flight-env/lib/python3.12/site-packages/airflow/example_dags/tutorial_objectstorage.py
[2025-09-02T17:05:14.943+0530] {processor.py:914} INFO - Processing file /Users/parthmac/Desktop/Projects/Flight Data Engineering/flight-env/lib/python3.12/site-packages/airflow/example_dags/tutorial_objectstorage.py for tasks to queue
[2025-09-02T17:05:14.943+0530] {logging_mixin.py:190} INFO - [2025-09-02T17:05:14.943+0530] {dagbag.py:588} INFO - Filling up the DagBag from /Users/parthmac/Desktop/Projects/Flight Data Engineering/flight-env/lib/python3.12/site-packages/airflow/example_dags/tutorial_objectstorage.py
[2025-09-02T17:05:14.954+0530] {processor.py:925} INFO - DAG(s) 'tutorial_objectstorage' retrieved from /Users/parthmac/Desktop/Projects/Flight Data Engineering/flight-env/lib/python3.12/site-packages/airflow/example_dags/tutorial_objectstorage.py
[2025-09-02T17:05:14.977+0530] {logging_mixin.py:190} INFO - [2025-09-02T17:05:14.977+0530] {dag.py:3239} INFO - Sync 1 DAGs
[2025-09-02T17:05:14.980+0530] {logging_mixin.py:190} INFO - [2025-09-02T17:05:14.980+0530] {dag.py:4180} INFO - Setting next_dagrun for tutorial_objectstorage to None, run_after=None
[2025-09-02T17:05:14.985+0530] {processor.py:208} INFO - Processing /Users/parthmac/Desktop/Projects/Flight Data Engineering/flight-env/lib/python3.12/site-packages/airflow/example_dags/tutorial_objectstorage.py took 0.043 seconds
[2025-09-02T17:06:39.614+0530] {processor.py:186} INFO - Started process (PID=27658) to work on /Users/parthmac/Desktop/Projects/Flight Data Engineering/flight-env/lib/python3.12/site-packages/airflow/example_dags/tutorial_objectstorage.py
[2025-09-02T17:06:39.615+0530] {processor.py:914} INFO - Processing file /Users/parthmac/Desktop/Projects/Flight Data Engineering/flight-env/lib/python3.12/site-packages/airflow/example_dags/tutorial_objectstorage.py for tasks to queue
[2025-09-02T17:06:39.615+0530] {logging_mixin.py:190} INFO - [2025-09-02T17:06:39.615+0530] {dagbag.py:588} INFO - Filling up the DagBag from /Users/parthmac/Desktop/Projects/Flight Data Engineering/flight-env/lib/python3.12/site-packages/airflow/example_dags/tutorial_objectstorage.py
[2025-09-02T17:06:39.626+0530] {processor.py:925} INFO - DAG(s) 'tutorial_objectstorage' retrieved from /Users/parthmac/Desktop/Projects/Flight Data Engineering/flight-env/lib/python3.12/site-packages/airflow/example_dags/tutorial_objectstorage.py
[2025-09-02T17:06:39.650+0530] {logging_mixin.py:190} INFO - [2025-09-02T17:06:39.649+0530] {dag.py:3239} INFO - Sync 1 DAGs
[2025-09-02T17:06:39.653+0530] {logging_mixin.py:190} INFO - [2025-09-02T17:06:39.653+0530] {dag.py:4180} INFO - Setting next_dagrun for tutorial_objectstorage to None, run_after=None
[2025-09-02T17:06:39.657+0530] {processor.py:208} INFO - Processing /Users/parthmac/Desktop/Projects/Flight Data Engineering/flight-env/lib/python3.12/site-packages/airflow/example_dags/tutorial_objectstorage.py took 0.044 seconds
[2025-09-02T17:07:34.006+0530] {processor.py:186} INFO - Started process (PID=27720) to work on /Users/parthmac/Desktop/Projects/Flight Data Engineering/flight-env/lib/python3.12/site-packages/airflow/example_dags/tutorial_objectstorage.py
[2025-09-02T17:07:34.007+0530] {processor.py:914} INFO - Processing file /Users/parthmac/Desktop/Projects/Flight Data Engineering/flight-env/lib/python3.12/site-packages/airflow/example_dags/tutorial_objectstorage.py for tasks to queue
[2025-09-02T17:07:34.007+0530] {logging_mixin.py:190} INFO - [2025-09-02T17:07:34.007+0530] {dagbag.py:588} INFO - Filling up the DagBag from /Users/parthmac/Desktop/Projects/Flight Data Engineering/flight-env/lib/python3.12/site-packages/airflow/example_dags/tutorial_objectstorage.py
[2025-09-02T17:07:34.019+0530] {processor.py:925} INFO - DAG(s) 'tutorial_objectstorage' retrieved from /Users/parthmac/Desktop/Projects/Flight Data Engineering/flight-env/lib/python3.12/site-packages/airflow/example_dags/tutorial_objectstorage.py
[2025-09-02T17:07:34.043+0530] {logging_mixin.py:190} INFO - [2025-09-02T17:07:34.043+0530] {dag.py:3239} INFO - Sync 1 DAGs
[2025-09-02T17:07:34.046+0530] {logging_mixin.py:190} INFO - [2025-09-02T17:07:34.046+0530] {dag.py:4180} INFO - Setting next_dagrun for tutorial_objectstorage to None, run_after=None
[2025-09-02T17:07:34.050+0530] {processor.py:208} INFO - Processing /Users/parthmac/Desktop/Projects/Flight Data Engineering/flight-env/lib/python3.12/site-packages/airflow/example_dags/tutorial_objectstorage.py took 0.045 seconds
[2025-09-02T17:42:13.096+0530] {processor.py:186} INFO - Started process (PID=31580) to work on /Users/parthmac/Desktop/Projects/Flight Data Engineering/flight-env/lib/python3.12/site-packages/airflow/example_dags/tutorial_objectstorage.py
[2025-09-02T17:42:13.097+0530] {processor.py:914} INFO - Processing file /Users/parthmac/Desktop/Projects/Flight Data Engineering/flight-env/lib/python3.12/site-packages/airflow/example_dags/tutorial_objectstorage.py for tasks to queue
[2025-09-02T17:42:13.097+0530] {logging_mixin.py:190} INFO - [2025-09-02T17:42:13.097+0530] {dagbag.py:588} INFO - Filling up the DagBag from /Users/parthmac/Desktop/Projects/Flight Data Engineering/flight-env/lib/python3.12/site-packages/airflow/example_dags/tutorial_objectstorage.py
[2025-09-02T17:42:13.108+0530] {processor.py:925} INFO - DAG(s) 'tutorial_objectstorage' retrieved from /Users/parthmac/Desktop/Projects/Flight Data Engineering/flight-env/lib/python3.12/site-packages/airflow/example_dags/tutorial_objectstorage.py
[2025-09-02T17:42:13.132+0530] {logging_mixin.py:190} INFO - [2025-09-02T17:42:13.131+0530] {dag.py:3239} INFO - Sync 1 DAGs
[2025-09-02T17:42:13.134+0530] {logging_mixin.py:190} INFO - [2025-09-02T17:42:13.134+0530] {dag.py:4180} INFO - Setting next_dagrun for tutorial_objectstorage to None, run_after=None
[2025-09-02T17:42:13.139+0530] {processor.py:208} INFO - Processing /Users/parthmac/Desktop/Projects/Flight Data Engineering/flight-env/lib/python3.12/site-packages/airflow/example_dags/tutorial_objectstorage.py took 0.043 seconds
[2025-09-02T17:43:36.844+0530] {processor.py:186} INFO - Started process (PID=31733) to work on /Users/parthmac/Desktop/Projects/Flight Data Engineering/flight-env/lib/python3.12/site-packages/airflow/example_dags/tutorial_objectstorage.py
[2025-09-02T17:43:36.844+0530] {processor.py:914} INFO - Processing file /Users/parthmac/Desktop/Projects/Flight Data Engineering/flight-env/lib/python3.12/site-packages/airflow/example_dags/tutorial_objectstorage.py for tasks to queue
[2025-09-02T17:43:36.844+0530] {logging_mixin.py:190} INFO - [2025-09-02T17:43:36.844+0530] {dagbag.py:588} INFO - Filling up the DagBag from /Users/parthmac/Desktop/Projects/Flight Data Engineering/flight-env/lib/python3.12/site-packages/airflow/example_dags/tutorial_objectstorage.py
[2025-09-02T17:43:36.855+0530] {processor.py:925} INFO - DAG(s) 'tutorial_objectstorage' retrieved from /Users/parthmac/Desktop/Projects/Flight Data Engineering/flight-env/lib/python3.12/site-packages/airflow/example_dags/tutorial_objectstorage.py
[2025-09-02T17:43:36.879+0530] {logging_mixin.py:190} INFO - [2025-09-02T17:43:36.879+0530] {dag.py:3239} INFO - Sync 1 DAGs
[2025-09-02T17:43:36.881+0530] {logging_mixin.py:190} INFO - [2025-09-02T17:43:36.881+0530] {dag.py:4180} INFO - Setting next_dagrun for tutorial_objectstorage to None, run_after=None
[2025-09-02T17:43:36.886+0530] {processor.py:208} INFO - Processing /Users/parthmac/Desktop/Projects/Flight Data Engineering/flight-env/lib/python3.12/site-packages/airflow/example_dags/tutorial_objectstorage.py took 0.043 seconds
[2025-09-02T17:46:37.325+0530] {processor.py:186} INFO - Started process (PID=32571) to work on /Users/parthmac/Desktop/Projects/Flight Data Engineering/flight-env/lib/python3.12/site-packages/airflow/example_dags/tutorial_objectstorage.py
[2025-09-02T17:46:37.325+0530] {processor.py:914} INFO - Processing file /Users/parthmac/Desktop/Projects/Flight Data Engineering/flight-env/lib/python3.12/site-packages/airflow/example_dags/tutorial_objectstorage.py for tasks to queue
[2025-09-02T17:46:37.325+0530] {logging_mixin.py:190} INFO - [2025-09-02T17:46:37.325+0530] {dagbag.py:588} INFO - Filling up the DagBag from /Users/parthmac/Desktop/Projects/Flight Data Engineering/flight-env/lib/python3.12/site-packages/airflow/example_dags/tutorial_objectstorage.py
[2025-09-02T17:46:37.336+0530] {processor.py:925} INFO - DAG(s) 'tutorial_objectstorage' retrieved from /Users/parthmac/Desktop/Projects/Flight Data Engineering/flight-env/lib/python3.12/site-packages/airflow/example_dags/tutorial_objectstorage.py
[2025-09-02T17:46:37.359+0530] {logging_mixin.py:190} INFO - [2025-09-02T17:46:37.359+0530] {dag.py:3239} INFO - Sync 1 DAGs
[2025-09-02T17:46:37.362+0530] {logging_mixin.py:190} INFO - [2025-09-02T17:46:37.362+0530] {dag.py:4180} INFO - Setting next_dagrun for tutorial_objectstorage to None, run_after=None
[2025-09-02T17:46:37.366+0530] {processor.py:208} INFO - Processing /Users/parthmac/Desktop/Projects/Flight Data Engineering/flight-env/lib/python3.12/site-packages/airflow/example_dags/tutorial_objectstorage.py took 0.042 seconds
[2025-09-02T17:48:02.566+0530] {processor.py:186} INFO - Started process (PID=32682) to work on /Users/parthmac/Desktop/Projects/Flight Data Engineering/flight-env/lib/python3.12/site-packages/airflow/example_dags/tutorial_objectstorage.py
[2025-09-02T17:48:02.567+0530] {processor.py:914} INFO - Processing file /Users/parthmac/Desktop/Projects/Flight Data Engineering/flight-env/lib/python3.12/site-packages/airflow/example_dags/tutorial_objectstorage.py for tasks to queue
[2025-09-02T17:48:02.567+0530] {logging_mixin.py:190} INFO - [2025-09-02T17:48:02.567+0530] {dagbag.py:588} INFO - Filling up the DagBag from /Users/parthmac/Desktop/Projects/Flight Data Engineering/flight-env/lib/python3.12/site-packages/airflow/example_dags/tutorial_objectstorage.py
[2025-09-02T17:48:02.581+0530] {processor.py:925} INFO - DAG(s) 'tutorial_objectstorage' retrieved from /Users/parthmac/Desktop/Projects/Flight Data Engineering/flight-env/lib/python3.12/site-packages/airflow/example_dags/tutorial_objectstorage.py
[2025-09-02T17:48:02.608+0530] {logging_mixin.py:190} INFO - [2025-09-02T17:48:02.607+0530] {dag.py:3239} INFO - Sync 1 DAGs
[2025-09-02T17:48:02.611+0530] {logging_mixin.py:190} INFO - [2025-09-02T17:48:02.611+0530] {dag.py:4180} INFO - Setting next_dagrun for tutorial_objectstorage to None, run_after=None
[2025-09-02T17:48:02.616+0530] {processor.py:208} INFO - Processing /Users/parthmac/Desktop/Projects/Flight Data Engineering/flight-env/lib/python3.12/site-packages/airflow/example_dags/tutorial_objectstorage.py took 0.050 seconds
[2025-09-02T17:48:55.388+0530] {processor.py:186} INFO - Started process (PID=32738) to work on /Users/parthmac/Desktop/Projects/Flight Data Engineering/flight-env/lib/python3.12/site-packages/airflow/example_dags/tutorial_objectstorage.py
[2025-09-02T17:48:55.389+0530] {processor.py:914} INFO - Processing file /Users/parthmac/Desktop/Projects/Flight Data Engineering/flight-env/lib/python3.12/site-packages/airflow/example_dags/tutorial_objectstorage.py for tasks to queue
[2025-09-02T17:48:55.389+0530] {logging_mixin.py:190} INFO - [2025-09-02T17:48:55.389+0530] {dagbag.py:588} INFO - Filling up the DagBag from /Users/parthmac/Desktop/Projects/Flight Data Engineering/flight-env/lib/python3.12/site-packages/airflow/example_dags/tutorial_objectstorage.py
[2025-09-02T17:48:55.402+0530] {processor.py:925} INFO - DAG(s) 'tutorial_objectstorage' retrieved from /Users/parthmac/Desktop/Projects/Flight Data Engineering/flight-env/lib/python3.12/site-packages/airflow/example_dags/tutorial_objectstorage.py
[2025-09-02T17:48:55.429+0530] {logging_mixin.py:190} INFO - [2025-09-02T17:48:55.429+0530] {dag.py:3239} INFO - Sync 1 DAGs
[2025-09-02T17:48:55.433+0530] {logging_mixin.py:190} INFO - [2025-09-02T17:48:55.433+0530] {dag.py:4180} INFO - Setting next_dagrun for tutorial_objectstorage to None, run_after=None
[2025-09-02T17:48:55.439+0530] {processor.py:208} INFO - Processing /Users/parthmac/Desktop/Projects/Flight Data Engineering/flight-env/lib/python3.12/site-packages/airflow/example_dags/tutorial_objectstorage.py took 0.052 seconds
[2025-09-02T17:49:50.281+0530] {processor.py:186} INFO - Started process (PID=33013) to work on /Users/parthmac/Desktop/Projects/Flight Data Engineering/flight-env/lib/python3.12/site-packages/airflow/example_dags/tutorial_objectstorage.py
[2025-09-02T17:49:50.281+0530] {processor.py:914} INFO - Processing file /Users/parthmac/Desktop/Projects/Flight Data Engineering/flight-env/lib/python3.12/site-packages/airflow/example_dags/tutorial_objectstorage.py for tasks to queue
[2025-09-02T17:49:50.281+0530] {logging_mixin.py:190} INFO - [2025-09-02T17:49:50.281+0530] {dagbag.py:588} INFO - Filling up the DagBag from /Users/parthmac/Desktop/Projects/Flight Data Engineering/flight-env/lib/python3.12/site-packages/airflow/example_dags/tutorial_objectstorage.py
[2025-09-02T17:49:50.293+0530] {processor.py:925} INFO - DAG(s) 'tutorial_objectstorage' retrieved from /Users/parthmac/Desktop/Projects/Flight Data Engineering/flight-env/lib/python3.12/site-packages/airflow/example_dags/tutorial_objectstorage.py
[2025-09-02T17:49:50.317+0530] {logging_mixin.py:190} INFO - [2025-09-02T17:49:50.317+0530] {dag.py:3239} INFO - Sync 1 DAGs
[2025-09-02T17:49:50.320+0530] {logging_mixin.py:190} INFO - [2025-09-02T17:49:50.320+0530] {dag.py:4180} INFO - Setting next_dagrun for tutorial_objectstorage to None, run_after=None
[2025-09-02T17:49:50.325+0530] {processor.py:208} INFO - Processing /Users/parthmac/Desktop/Projects/Flight Data Engineering/flight-env/lib/python3.12/site-packages/airflow/example_dags/tutorial_objectstorage.py took 0.045 seconds
[2025-09-02T17:50:41.122+0530] {processor.py:186} INFO - Started process (PID=33179) to work on /Users/parthmac/Desktop/Projects/Flight Data Engineering/flight-env/lib/python3.12/site-packages/airflow/example_dags/tutorial_objectstorage.py
[2025-09-02T17:50:41.122+0530] {processor.py:914} INFO - Processing file /Users/parthmac/Desktop/Projects/Flight Data Engineering/flight-env/lib/python3.12/site-packages/airflow/example_dags/tutorial_objectstorage.py for tasks to queue
[2025-09-02T17:50:41.122+0530] {logging_mixin.py:190} INFO - [2025-09-02T17:50:41.122+0530] {dagbag.py:588} INFO - Filling up the DagBag from /Users/parthmac/Desktop/Projects/Flight Data Engineering/flight-env/lib/python3.12/site-packages/airflow/example_dags/tutorial_objectstorage.py
[2025-09-02T17:50:41.135+0530] {processor.py:925} INFO - DAG(s) 'tutorial_objectstorage' retrieved from /Users/parthmac/Desktop/Projects/Flight Data Engineering/flight-env/lib/python3.12/site-packages/airflow/example_dags/tutorial_objectstorage.py
[2025-09-02T17:50:41.161+0530] {logging_mixin.py:190} INFO - [2025-09-02T17:50:41.161+0530] {dag.py:3239} INFO - Sync 1 DAGs
[2025-09-02T17:50:41.164+0530] {logging_mixin.py:190} INFO - [2025-09-02T17:50:41.164+0530] {dag.py:4180} INFO - Setting next_dagrun for tutorial_objectstorage to None, run_after=None
[2025-09-02T17:50:41.169+0530] {processor.py:208} INFO - Processing /Users/parthmac/Desktop/Projects/Flight Data Engineering/flight-env/lib/python3.12/site-packages/airflow/example_dags/tutorial_objectstorage.py took 0.048 seconds
[2025-09-02T17:51:32.461+0530] {processor.py:186} INFO - Started process (PID=33225) to work on /Users/parthmac/Desktop/Projects/Flight Data Engineering/flight-env/lib/python3.12/site-packages/airflow/example_dags/tutorial_objectstorage.py
[2025-09-02T17:51:32.462+0530] {processor.py:914} INFO - Processing file /Users/parthmac/Desktop/Projects/Flight Data Engineering/flight-env/lib/python3.12/site-packages/airflow/example_dags/tutorial_objectstorage.py for tasks to queue
[2025-09-02T17:51:32.462+0530] {logging_mixin.py:190} INFO - [2025-09-02T17:51:32.462+0530] {dagbag.py:588} INFO - Filling up the DagBag from /Users/parthmac/Desktop/Projects/Flight Data Engineering/flight-env/lib/python3.12/site-packages/airflow/example_dags/tutorial_objectstorage.py
[2025-09-02T17:51:32.474+0530] {processor.py:925} INFO - DAG(s) 'tutorial_objectstorage' retrieved from /Users/parthmac/Desktop/Projects/Flight Data Engineering/flight-env/lib/python3.12/site-packages/airflow/example_dags/tutorial_objectstorage.py
[2025-09-02T17:51:32.497+0530] {logging_mixin.py:190} INFO - [2025-09-02T17:51:32.497+0530] {dag.py:3239} INFO - Sync 1 DAGs
[2025-09-02T17:51:32.500+0530] {logging_mixin.py:190} INFO - [2025-09-02T17:51:32.500+0530] {dag.py:4180} INFO - Setting next_dagrun for tutorial_objectstorage to None, run_after=None
[2025-09-02T17:51:32.505+0530] {processor.py:208} INFO - Processing /Users/parthmac/Desktop/Projects/Flight Data Engineering/flight-env/lib/python3.12/site-packages/airflow/example_dags/tutorial_objectstorage.py took 0.044 seconds
[2025-09-02T17:54:16.417+0530] {processor.py:186} INFO - Started process (PID=34722) to work on /Users/parthmac/Desktop/Projects/Flight Data Engineering/flight-env/lib/python3.12/site-packages/airflow/example_dags/tutorial_objectstorage.py
[2025-09-02T17:54:16.417+0530] {processor.py:914} INFO - Processing file /Users/parthmac/Desktop/Projects/Flight Data Engineering/flight-env/lib/python3.12/site-packages/airflow/example_dags/tutorial_objectstorage.py for tasks to queue
[2025-09-02T17:54:16.418+0530] {logging_mixin.py:190} INFO - [2025-09-02T17:54:16.418+0530] {dagbag.py:588} INFO - Filling up the DagBag from /Users/parthmac/Desktop/Projects/Flight Data Engineering/flight-env/lib/python3.12/site-packages/airflow/example_dags/tutorial_objectstorage.py
[2025-09-02T17:54:16.430+0530] {processor.py:925} INFO - DAG(s) 'tutorial_objectstorage' retrieved from /Users/parthmac/Desktop/Projects/Flight Data Engineering/flight-env/lib/python3.12/site-packages/airflow/example_dags/tutorial_objectstorage.py
[2025-09-02T17:54:16.454+0530] {logging_mixin.py:190} INFO - [2025-09-02T17:54:16.454+0530] {dag.py:3239} INFO - Sync 1 DAGs
[2025-09-02T17:54:16.457+0530] {logging_mixin.py:190} INFO - [2025-09-02T17:54:16.457+0530] {dag.py:4180} INFO - Setting next_dagrun for tutorial_objectstorage to None, run_after=None
[2025-09-02T17:54:16.462+0530] {processor.py:208} INFO - Processing /Users/parthmac/Desktop/Projects/Flight Data Engineering/flight-env/lib/python3.12/site-packages/airflow/example_dags/tutorial_objectstorage.py took 0.046 seconds
